[35m[1mConsolidate compiler generated dependencies of target slam_msgs__rosidl_generator_c[0m
[  1%] Built target slam_msgs__cpp
[ 12%] Built target slam_msgs__rosidl_generator_c
[ 12%] Built target ament_cmake_python_copy_slam_msgs
[35m[1mConsolidate compiler generated dependencies of target slam_msgs__rosidl_typesupport_cpp[0m
[35m[1mConsolidate compiler generated dependencies of target slam_msgs__rosidl_typesupport_c[0m
[35m[1mConsolidate compiler generated dependencies of target slam_msgs__rosidl_typesupport_introspection_c[0m
[35m[1mConsolidate compiler generated dependencies of target slam_msgs__rosidl_typesupport_introspection_cpp[0m
[35m[1mConsolidate compiler generated dependencies of target slam_msgs__rosidl_typesupport_fastrtps_c[0m
[35m[1mConsolidate compiler generated dependencies of target slam_msgs__rosidl_typesupport_fastrtps_cpp[0m
[ 24%] Built target slam_msgs__rosidl_typesupport_c
[ 35%] Built target slam_msgs__rosidl_typesupport_introspection_c
[ 47%] Built target slam_msgs__rosidl_typesupport_cpp
[ 58%] Built target slam_msgs__rosidl_typesupport_fastrtps_cpp
[ 70%] Built target slam_msgs__rosidl_typesupport_introspection_cpp
[ 82%] Built target slam_msgs__rosidl_typesupport_fastrtps_c
[ 82%] Built target slam_msgs
[ 83%] Built target slam_msgs__py
[35m[1mConsolidate compiler generated dependencies of target slam_msgs__rosidl_generator_py[0m
[ 93%] Built target slam_msgs__rosidl_generator_py
[35m[1mConsolidate compiler generated dependencies of target slam_msgs__rosidl_typesupport_introspection_c__pyext[0m
[35m[1mConsolidate compiler generated dependencies of target slam_msgs__rosidl_typesupport_c__pyext[0m
[35m[1mConsolidate compiler generated dependencies of target slam_msgs__rosidl_typesupport_fastrtps_c__pyext[0m
[ 97%] Built target slam_msgs__rosidl_typesupport_c__pyext
[ 97%] Built target slam_msgs__rosidl_typesupport_fastrtps_c__pyext
[100%] Built target slam_msgs__rosidl_typesupport_introspection_c__pyext
running egg_info
writing slam_msgs.egg-info/PKG-INFO
writing dependency_links to slam_msgs.egg-info/dependency_links.txt
writing top-level names to slam_msgs.egg-info/top_level.txt
reading manifest file 'slam_msgs.egg-info/SOURCES.txt'
writing manifest file 'slam_msgs.egg-info/SOURCES.txt'
[100%] Built target ament_cmake_python_build_slam_msgs_egg
-- Install configuration: ""
-- Up-to-date: /home/sf/workspace/orb_slam3_second_ws/orbslam/orbslam3_ros2_ws/install/slam_msgs/share/ament_index/resource_index/rosidl_interfaces/slam_msgs
-- Up-to-date: /home/sf/workspace/orb_slam3_second_ws/orbslam/orbslam3_ros2_ws/install/slam_msgs/include/slam_msgs/slam_msgs
-- Up-to-date: /home/sf/workspace/orb_slam3_second_ws/orbslam/orbslam3_ros2_ws/install/slam_msgs/include/slam_msgs/slam_msgs/srv
-- Up-to-date: /home/sf/workspace/orb_slam3_second_ws/orbslam/orbslam3_ros2_ws/install/slam_msgs/include/slam_msgs/slam_msgs/srv/get_map.h
-- Up-to-date: /home/sf/workspace/orb_slam3_second_ws/orbslam/orbslam3_ros2_ws/install/slam_msgs/include/slam_msgs/slam_msgs/srv/get_global_point_cloud.h
-- Up-to-date: /home/sf/workspace/orb_slam3_second_ws/orbslam/orbslam3_ros2_ws/install/slam_msgs/include/slam_msgs/slam_msgs/srv/get_landmarks_in_view.h
-- Up-to-date: /home/sf/workspace/orb_slam3_second_ws/orbslam/orbslam3_ros2_ws/install/slam_msgs/include/slam_msgs/slam_msgs/srv/detail
-- Up-to-date: /home/sf/workspace/orb_slam3_second_ws/orbslam/orbslam3_ros2_ws/install/slam_msgs/include/slam_msgs/slam_msgs/srv/detail/get_global_point_cloud__functions.h
-- Up-to-date: /home/sf/workspace/orb_slam3_second_ws/orbslam/orbslam3_ros2_ws/install/slam_msgs/include/slam_msgs/slam_msgs/srv/detail/get_map__struct.h
-- Up-to-date: /home/sf/workspace/orb_slam3_second_ws/orbslam/orbslam3_ros2_ws/install/slam_msgs/include/slam_msgs/slam_msgs/srv/detail/get_landmarks_in_view__functions.h
-- Up-to-date: /home/sf/workspace/orb_slam3_second_ws/orbslam/orbslam3_ros2_ws/install/slam_msgs/include/slam_msgs/slam_msgs/srv/detail/get_all_landmarks_in_map__struct.h
-- Up-to-date: /home/sf/workspace/orb_slam3_second_ws/orbslam/orbslam3_ros2_ws/install/slam_msgs/include/slam_msgs/slam_msgs/srv/detail/get_landmarks_in_view__struct.h
-- Up-to-date: /home/sf/workspace/orb_slam3_second_ws/orbslam/orbslam3_ros2_ws/install/slam_msgs/include/slam_msgs/slam_msgs/srv/detail/get_map__type_support.h
-- Up-to-date: /home/sf/workspace/orb_slam3_second_ws/orbslam/orbslam3_ros2_ws/install/slam_msgs/include/slam_msgs/slam_msgs/srv/detail/get_all_landmarks_in_map__type_support.h
-- Up-to-date: /home/sf/workspace/orb_slam3_second_ws/orbslam/orbslam3_ros2_ws/install/slam_msgs/include/slam_msgs/slam_msgs/srv/detail/get_all_landmarks_in_map__functions.h
-- Up-to-date: /home/sf/workspace/orb_slam3_second_ws/orbslam/orbslam3_ros2_ws/install/slam_msgs/include/slam_msgs/slam_msgs/srv/detail/get_global_point_cloud__type_support.h
-- Up-to-date: /home/sf/workspace/orb_slam3_second_ws/orbslam/orbslam3_ros2_ws/install/slam_msgs/include/slam_msgs/slam_msgs/srv/detail/get_map__functions.h
-- Up-to-date: /home/sf/workspace/orb_slam3_second_ws/orbslam/orbslam3_ros2_ws/install/slam_msgs/include/slam_msgs/slam_msgs/srv/detail/get_global_point_cloud__struct.h
-- Up-to-date: /home/sf/workspace/orb_slam3_second_ws/orbslam/orbslam3_ros2_ws/install/slam_msgs/include/slam_msgs/slam_msgs/srv/detail/get_all_landmarks_in_map__functions.c
-- Up-to-date: /home/sf/workspace/orb_slam3_second_ws/orbslam/orbslam3_ros2_ws/install/slam_msgs/include/slam_msgs/slam_msgs/srv/detail/get_global_point_cloud__functions.c
-- Up-to-date: /home/sf/workspace/orb_slam3_second_ws/orbslam/orbslam3_ros2_ws/install/slam_msgs/include/slam_msgs/slam_msgs/srv/detail/get_landmarks_in_view__type_support.h
-- Up-to-date: /home/sf/workspace/orb_slam3_second_ws/orbslam/orbslam3_ros2_ws/install/slam_msgs/include/slam_msgs/slam_msgs/srv/detail/get_landmarks_in_view__functions.c
-- Up-to-date: /home/sf/workspace/orb_slam3_second_ws/orbslam/orbslam3_ros2_ws/install/slam_msgs/include/slam_msgs/slam_msgs/srv/detail/get_map__functions.c
-- Up-to-date: /home/sf/workspace/orb_slam3_second_ws/orbslam/orbslam3_ros2_ws/install/slam_msgs/include/slam_msgs/slam_msgs/srv/get_all_landmarks_in_map.h
-- Up-to-date: /home/sf/workspace/orb_slam3_second_ws/orbslam/orbslam3_ros2_ws/install/slam_msgs/include/slam_msgs/slam_msgs/msg
-- Up-to-date: /home/sf/workspace/orb_slam3_second_ws/orbslam/orbslam3_ros2_ws/install/slam_msgs/include/slam_msgs/slam_msgs/msg/map_data.h
-- Up-to-date: /home/sf/workspace/orb_slam3_second_ws/orbslam/orbslam3_ros2_ws/install/slam_msgs/include/slam_msgs/slam_msgs/msg/map_graph.h
-- Up-to-date: /home/sf/workspace/orb_slam3_second_ws/orbslam/orbslam3_ros2_ws/install/slam_msgs/include/slam_msgs/slam_msgs/msg/slam_info.h
-- Up-to-date: /home/sf/workspace/orb_slam3_second_ws/orbslam/orbslam3_ros2_ws/install/slam_msgs/include/slam_msgs/slam_msgs/msg/rosidl_generator_c__visibility_control.h
-- Up-to-date: /home/sf/workspace/orb_slam3_second_ws/orbslam/orbslam3_ros2_ws/install/slam_msgs/include/slam_msgs/slam_msgs/msg/detail
-- Up-to-date: /home/sf/workspace/orb_slam3_second_ws/orbslam/orbslam3_ros2_ws/install/slam_msgs/include/slam_msgs/slam_msgs/msg/detail/map_graph__functions.c
-- Up-to-date: /home/sf/workspace/orb_slam3_second_ws/orbslam/orbslam3_ros2_ws/install/slam_msgs/include/slam_msgs/slam_msgs/msg/detail/map_graph__struct.h
-- Up-to-date: /home/sf/workspace/orb_slam3_second_ws/orbslam/orbslam3_ros2_ws/install/slam_msgs/include/slam_msgs/slam_msgs/msg/detail/map_graph__functions.h
-- Up-to-date: /home/sf/workspace/orb_slam3_second_ws/orbslam/orbslam3_ros2_ws/install/slam_msgs/include/slam_msgs/slam_msgs/msg/detail/map_data__functions.h
-- Up-to-date: /home/sf/workspace/orb_slam3_second_ws/orbslam/orbslam3_ros2_ws/install/slam_msgs/include/slam_msgs/slam_msgs/msg/detail/map_data__struct.h
-- Up-to-date: /home/sf/workspace/orb_slam3_second_ws/orbslam/orbslam3_ros2_ws/install/slam_msgs/include/slam_msgs/slam_msgs/msg/detail/slam_info__functions.h
-- Up-to-date: /home/sf/workspace/orb_slam3_second_ws/orbslam/orbslam3_ros2_ws/install/slam_msgs/include/slam_msgs/slam_msgs/msg/detail/slam_info__functions.c
-- Up-to-date: /home/sf/workspace/orb_slam3_second_ws/orbslam/orbslam3_ros2_ws/install/slam_msgs/include/slam_msgs/slam_msgs/msg/detail/map_point__struct.h
-- Up-to-date: /home/sf/workspace/orb_slam3_second_ws/orbslam/orbslam3_ros2_ws/install/slam_msgs/include/slam_msgs/slam_msgs/msg/detail/map_point__type_support.h
-- Up-to-date: /home/sf/workspace/orb_slam3_second_ws/orbslam/orbslam3_ros2_ws/install/slam_msgs/include/slam_msgs/slam_msgs/msg/detail/key_frame__struct.h
-- Up-to-date: /home/sf/workspace/orb_slam3_second_ws/orbslam/orbslam3_ros2_ws/install/slam_msgs/include/slam_msgs/slam_msgs/msg/detail/map_data__functions.c
-- Up-to-date: /home/sf/workspace/orb_slam3_second_ws/orbslam/orbslam3_ros2_ws/install/slam_msgs/include/slam_msgs/slam_msgs/msg/detail/key_frame__type_support.h
-- Up-to-date: /home/sf/workspace/orb_slam3_second_ws/orbslam/orbslam3_ros2_ws/install/slam_msgs/include/slam_msgs/slam_msgs/msg/detail/key_frame__functions.c
-- Up-to-date: /home/sf/workspace/orb_slam3_second_ws/orbslam/orbslam3_ros2_ws/install/slam_msgs/include/slam_msgs/slam_msgs/msg/detail/map_data__type_support.h
-- Up-to-date: /home/sf/workspace/orb_slam3_second_ws/orbslam/orbslam3_ros2_ws/install/slam_msgs/include/slam_msgs/slam_msgs/msg/detail/map_point__functions.h
-- Up-to-date: /home/sf/workspace/orb_slam3_second_ws/orbslam/orbslam3_ros2_ws/install/slam_msgs/include/slam_msgs/slam_msgs/msg/detail/map_graph__type_support.h
-- Up-to-date: /home/sf/workspace/orb_slam3_second_ws/orbslam/orbslam3_ros2_ws/install/slam_msgs/include/slam_msgs/slam_msgs/msg/detail/slam_info__struct.h
-- Up-to-date: /home/sf/workspace/orb_slam3_second_ws/orbslam/orbslam3_ros2_ws/install/slam_msgs/include/slam_msgs/slam_msgs/msg/detail/slam_info__type_support.h
-- Up-to-date: /home/sf/workspace/orb_slam3_second_ws/orbslam/orbslam3_ros2_ws/install/slam_msgs/include/slam_msgs/slam_msgs/msg/detail/map_point__functions.c
-- Up-to-date: /home/sf/workspace/orb_slam3_second_ws/orbslam/orbslam3_ros2_ws/install/slam_msgs/include/slam_msgs/slam_msgs/msg/detail/key_frame__functions.h
-- Up-to-date: /home/sf/workspace/orb_slam3_second_ws/orbslam/orbslam3_ros2_ws/install/slam_msgs/include/slam_msgs/slam_msgs/msg/key_frame.h
-- Up-to-date: /home/sf/workspace/orb_slam3_second_ws/orbslam/orbslam3_ros2_ws/install/slam_msgs/include/slam_msgs/slam_msgs/msg/map_point.h
-- Up-to-date: /home/sf/workspace/orb_slam3_second_ws/orbslam/orbslam3_ros2_ws/install/slam_msgs/share/slam_msgs/environment/library_path.sh
-- Up-to-date: /home/sf/workspace/orb_slam3_second_ws/orbslam/orbslam3_ros2_ws/install/slam_msgs/share/slam_msgs/environment/library_path.dsv
-- Up-to-date: /home/sf/workspace/orb_slam3_second_ws/orbslam/orbslam3_ros2_ws/install/slam_msgs/lib/libslam_msgs__rosidl_generator_c.so
-- Up-to-date: /home/sf/workspace/orb_slam3_second_ws/orbslam/orbslam3_ros2_ws/install/slam_msgs/include/slam_msgs/slam_msgs
-- Up-to-date: /home/sf/workspace/orb_slam3_second_ws/orbslam/orbslam3_ros2_ws/install/slam_msgs/include/slam_msgs/slam_msgs/srv
-- Up-to-date: /home/sf/workspace/orb_slam3_second_ws/orbslam/orbslam3_ros2_ws/install/slam_msgs/include/slam_msgs/slam_msgs/srv/detail
-- Up-to-date: /home/sf/workspace/orb_slam3_second_ws/orbslam/orbslam3_ros2_ws/install/slam_msgs/include/slam_msgs/slam_msgs/srv/detail/get_global_point_cloud__rosidl_typesupport_fastrtps_c.h
-- Up-to-date: /home/sf/workspace/orb_slam3_second_ws/orbslam/orbslam3_ros2_ws/install/slam_msgs/include/slam_msgs/slam_msgs/srv/detail/get_all_landmarks_in_map__rosidl_typesupport_fastrtps_c.h
-- Up-to-date: /home/sf/workspace/orb_slam3_second_ws/orbslam/orbslam3_ros2_ws/install/slam_msgs/include/slam_msgs/slam_msgs/srv/detail/get_landmarks_in_view__rosidl_typesupport_fastrtps_c.h
-- Up-to-date: /home/sf/workspace/orb_slam3_second_ws/orbslam/orbslam3_ros2_ws/install/slam_msgs/include/slam_msgs/slam_msgs/srv/detail/get_map__rosidl_typesupport_fastrtps_c.h
-- Up-to-date: /home/sf/workspace/orb_slam3_second_ws/orbslam/orbslam3_ros2_ws/install/slam_msgs/include/slam_msgs/slam_msgs/msg
-- Up-to-date: /home/sf/workspace/orb_slam3_second_ws/orbslam/orbslam3_ros2_ws/install/slam_msgs/include/slam_msgs/slam_msgs/msg/detail
-- Up-to-date: /home/sf/workspace/orb_slam3_second_ws/orbslam/orbslam3_ros2_ws/install/slam_msgs/include/slam_msgs/slam_msgs/msg/detail/key_frame__rosidl_typesupport_fastrtps_c.h
-- Up-to-date: /home/sf/workspace/orb_slam3_second_ws/orbslam/orbslam3_ros2_ws/install/slam_msgs/include/slam_msgs/slam_msgs/msg/detail/map_graph__rosidl_typesupport_fastrtps_c.h
-- Up-to-date: /home/sf/workspace/orb_slam3_second_ws/orbslam/orbslam3_ros2_ws/install/slam_msgs/include/slam_msgs/slam_msgs/msg/detail/slam_info__rosidl_typesupport_fastrtps_c.h
-- Up-to-date: /home/sf/workspace/orb_slam3_second_ws/orbslam/orbslam3_ros2_ws/install/slam_msgs/include/slam_msgs/slam_msgs/msg/detail/map_data__rosidl_typesupport_fastrtps_c.h
-- Up-to-date: /home/sf/workspace/orb_slam3_second_ws/orbslam/orbslam3_ros2_ws/install/slam_msgs/include/slam_msgs/slam_msgs/msg/detail/map_point__rosidl_typesupport_fastrtps_c.h
-- Up-to-date: /home/sf/workspace/orb_slam3_second_ws/orbslam/orbslam3_ros2_ws/install/slam_msgs/include/slam_msgs/slam_msgs/msg/rosidl_typesupport_fastrtps_c__visibility_control.h
-- Up-to-date: /home/sf/workspace/orb_slam3_second_ws/orbslam/orbslam3_ros2_ws/install/slam_msgs/lib/libslam_msgs__rosidl_typesupport_fastrtps_c.so
-- Up-to-date: /home/sf/workspace/orb_slam3_second_ws/orbslam/orbslam3_ros2_ws/install/slam_msgs/include/slam_msgs/slam_msgs
-- Up-to-date: /home/sf/workspace/orb_slam3_second_ws/orbslam/orbslam3_ros2_ws/install/slam_msgs/include/slam_msgs/slam_msgs/srv
-- Up-to-date: /home/sf/workspace/orb_slam3_second_ws/orbslam/orbslam3_ros2_ws/install/slam_msgs/include/slam_msgs/slam_msgs/srv/get_global_point_cloud.hpp
-- Up-to-date: /home/sf/workspace/orb_slam3_second_ws/orbslam/orbslam3_ros2_ws/install/slam_msgs/include/slam_msgs/slam_msgs/srv/get_map.hpp
-- Up-to-date: /home/sf/workspace/orb_slam3_second_ws/orbslam/orbslam3_ros2_ws/install/slam_msgs/include/slam_msgs/slam_msgs/srv/get_all_landmarks_in_map.hpp
-- Up-to-date: /home/sf/workspace/orb_slam3_second_ws/orbslam/orbslam3_ros2_ws/install/slam_msgs/include/slam_msgs/slam_msgs/srv/detail
-- Up-to-date: /home/sf/workspace/orb_slam3_second_ws/orbslam/orbslam3_ros2_ws/install/slam_msgs/include/slam_msgs/slam_msgs/srv/detail/get_map__type_support.hpp
-- Up-to-date: /home/sf/workspace/orb_slam3_second_ws/orbslam/orbslam3_ros2_ws/install/slam_msgs/include/slam_msgs/slam_msgs/srv/detail/get_global_point_cloud__traits.hpp
-- Up-to-date: /home/sf/workspace/orb_slam3_second_ws/orbslam/orbslam3_ros2_ws/install/slam_msgs/include/slam_msgs/slam_msgs/srv/detail/get_landmarks_in_view__traits.hpp
-- Up-to-date: /home/sf/workspace/orb_slam3_second_ws/orbslam/orbslam3_ros2_ws/install/slam_msgs/include/slam_msgs/slam_msgs/srv/detail/get_all_landmarks_in_map__traits.hpp
-- Up-to-date: /home/sf/workspace/orb_slam3_second_ws/orbslam/orbslam3_ros2_ws/install/slam_msgs/include/slam_msgs/slam_msgs/srv/detail/get_all_landmarks_in_map__builder.hpp
-- Up-to-date: /home/sf/workspace/orb_slam3_second_ws/orbslam/orbslam3_ros2_ws/install/slam_msgs/include/slam_msgs/slam_msgs/srv/detail/get_global_point_cloud__builder.hpp
-- Up-to-date: /home/sf/workspace/orb_slam3_second_ws/orbslam/orbslam3_ros2_ws/install/slam_msgs/include/slam_msgs/slam_msgs/srv/detail/get_map__builder.hpp
-- Up-to-date: /home/sf/workspace/orb_slam3_second_ws/orbslam/orbslam3_ros2_ws/install/slam_msgs/include/slam_msgs/slam_msgs/srv/detail/get_map__struct.hpp
-- Up-to-date: /home/sf/workspace/orb_slam3_second_ws/orbslam/orbslam3_ros2_ws/install/slam_msgs/include/slam_msgs/slam_msgs/srv/detail/get_landmarks_in_view__struct.hpp
-- Up-to-date: /home/sf/workspace/orb_slam3_second_ws/orbslam/orbslam3_ros2_ws/install/slam_msgs/include/slam_msgs/slam_msgs/srv/detail/get_all_landmarks_in_map__type_support.hpp
-- Up-to-date: /home/sf/workspace/orb_slam3_second_ws/orbslam/orbslam3_ros2_ws/install/slam_msgs/include/slam_msgs/slam_msgs/srv/detail/get_map__traits.hpp
-- Up-to-date: /home/sf/workspace/orb_slam3_second_ws/orbslam/orbslam3_ros2_ws/install/slam_msgs/include/slam_msgs/slam_msgs/srv/detail/get_global_point_cloud__type_support.hpp
-- Up-to-date: /home/sf/workspace/orb_slam3_second_ws/orbslam/orbslam3_ros2_ws/install/slam_msgs/include/slam_msgs/slam_msgs/srv/detail/get_landmarks_in_view__builder.hpp
-- Up-to-date: /home/sf/workspace/orb_slam3_second_ws/orbslam/orbslam3_ros2_ws/install/slam_msgs/include/slam_msgs/slam_msgs/srv/detail/get_landmarks_in_view__type_support.hpp
-- Up-to-date: /home/sf/workspace/orb_slam3_second_ws/orbslam/orbslam3_ros2_ws/install/slam_msgs/include/slam_msgs/slam_msgs/srv/detail/get_global_point_cloud__struct.hpp
-- Up-to-date: /home/sf/workspace/orb_slam3_second_ws/orbslam/orbslam3_ros2_ws/install/slam_msgs/include/slam_msgs/slam_msgs/srv/detail/get_all_landmarks_in_map__struct.hpp
-- Up-to-date: /home/sf/workspace/orb_slam3_second_ws/orbslam/orbslam3_ros2_ws/install/slam_msgs/include/slam_msgs/slam_msgs/srv/get_landmarks_in_view.hpp
-- Up-to-date: /home/sf/workspace/orb_slam3_second_ws/orbslam/orbslam3_ros2_ws/install/slam_msgs/include/slam_msgs/slam_msgs/msg
-- Up-to-date: /home/sf/workspace/orb_slam3_second_ws/orbslam/orbslam3_ros2_ws/install/slam_msgs/include/slam_msgs/slam_msgs/msg/map_data.hpp
-- Up-to-date: /home/sf/workspace/orb_slam3_second_ws/orbslam/orbslam3_ros2_ws/install/slam_msgs/include/slam_msgs/slam_msgs/msg/rosidl_generator_cpp__visibility_control.hpp
-- Up-to-date: /home/sf/workspace/orb_slam3_second_ws/orbslam/orbslam3_ros2_ws/install/slam_msgs/include/slam_msgs/slam_msgs/msg/map_point.hpp
-- Up-to-date: /home/sf/workspace/orb_slam3_second_ws/orbslam/orbslam3_ros2_ws/install/slam_msgs/include/slam_msgs/slam_msgs/msg/detail
-- Up-to-date: /home/sf/workspace/orb_slam3_second_ws/orbslam/orbslam3_ros2_ws/install/slam_msgs/include/slam_msgs/slam_msgs/msg/detail/slam_info__struct.hpp
-- Up-to-date: /home/sf/workspace/orb_slam3_second_ws/orbslam/orbslam3_ros2_ws/install/slam_msgs/include/slam_msgs/slam_msgs/msg/detail/key_frame__type_support.hpp
-- Up-to-date: /home/sf/workspace/orb_slam3_second_ws/orbslam/orbslam3_ros2_ws/install/slam_msgs/include/slam_msgs/slam_msgs/msg/detail/map_data__struct.hpp
-- Up-to-date: /home/sf/workspace/orb_slam3_second_ws/orbslam/orbslam3_ros2_ws/install/slam_msgs/include/slam_msgs/slam_msgs/msg/detail/key_frame__builder.hpp
-- Up-to-date: /home/sf/workspace/orb_slam3_second_ws/orbslam/orbslam3_ros2_ws/install/slam_msgs/include/slam_msgs/slam_msgs/msg/detail/map_graph__builder.hpp
-- Up-to-date: /home/sf/workspace/orb_slam3_second_ws/orbslam/orbslam3_ros2_ws/install/slam_msgs/include/slam_msgs/slam_msgs/msg/detail/slam_info__traits.hpp
-- Up-to-date: /home/sf/workspace/orb_slam3_second_ws/orbslam/orbslam3_ros2_ws/install/slam_msgs/include/slam_msgs/slam_msgs/msg/detail/slam_info__type_support.hpp
-- Up-to-date: /home/sf/workspace/orb_slam3_second_ws/orbslam/orbslam3_ros2_ws/install/slam_msgs/include/slam_msgs/slam_msgs/msg/detail/key_frame__struct.hpp
-- Up-to-date: /home/sf/workspace/orb_slam3_second_ws/orbslam/orbslam3_ros2_ws/install/slam_msgs/include/slam_msgs/slam_msgs/msg/detail/slam_info__builder.hpp
-- Up-to-date: /home/sf/workspace/orb_slam3_second_ws/orbslam/orbslam3_ros2_ws/install/slam_msgs/include/slam_msgs/slam_msgs/msg/detail/map_graph__struct.hpp
-- Up-to-date: /home/sf/workspace/orb_slam3_second_ws/orbslam/orbslam3_ros2_ws/install/slam_msgs/include/slam_msgs/slam_msgs/msg/detail/map_graph__type_support.hpp
-- Up-to-date: /home/sf/workspace/orb_slam3_second_ws/orbslam/orbslam3_ros2_ws/install/slam_msgs/include/slam_msgs/slam_msgs/msg/detail/map_data__builder.hpp
-- Up-to-date: /home/sf/workspace/orb_slam3_second_ws/orbslam/orbslam3_ros2_ws/install/slam_msgs/include/slam_msgs/slam_msgs/msg/detail/map_data__type_support.hpp
-- Up-to-date: /home/sf/workspace/orb_slam3_second_ws/orbslam/orbslam3_ros2_ws/install/slam_msgs/include/slam_msgs/slam_msgs/msg/detail/key_frame__traits.hpp
-- Up-to-date: /home/sf/workspace/orb_slam3_second_ws/orbslam/orbslam3_ros2_ws/install/slam_msgs/include/slam_msgs/slam_msgs/msg/detail/map_graph__traits.hpp
-- Up-to-date: /home/sf/workspace/orb_slam3_second_ws/orbslam/orbslam3_ros2_ws/install/slam_msgs/include/slam_msgs/slam_msgs/msg/detail/map_point__builder.hpp
-- Up-to-date: /home/sf/workspace/orb_slam3_second_ws/orbslam/orbslam3_ros2_ws/install/slam_msgs/include/slam_msgs/slam_msgs/msg/detail/map_point__type_support.hpp
-- Up-to-date: /home/sf/workspace/orb_slam3_second_ws/orbslam/orbslam3_ros2_ws/install/slam_msgs/include/slam_msgs/slam_msgs/msg/detail/map_point__traits.hpp
-- Up-to-date: /home/sf/workspace/orb_slam3_second_ws/orbslam/orbslam3_ros2_ws/install/slam_msgs/include/slam_msgs/slam_msgs/msg/detail/map_point__struct.hpp
-- Up-to-date: /home/sf/workspace/orb_slam3_second_ws/orbslam/orbslam3_ros2_ws/install/slam_msgs/include/slam_msgs/slam_msgs/msg/detail/map_data__traits.hpp
-- Up-to-date: /home/sf/workspace/orb_slam3_second_ws/orbslam/orbslam3_ros2_ws/install/slam_msgs/include/slam_msgs/slam_msgs/msg/map_graph.hpp
-- Up-to-date: /home/sf/workspace/orb_slam3_second_ws/orbslam/orbslam3_ros2_ws/install/slam_msgs/include/slam_msgs/slam_msgs/msg/key_frame.hpp
-- Up-to-date: /home/sf/workspace/orb_slam3_second_ws/orbslam/orbslam3_ros2_ws/install/slam_msgs/include/slam_msgs/slam_msgs/msg/slam_info.hpp
-- Up-to-date: /home/sf/workspace/orb_slam3_second_ws/orbslam/orbslam3_ros2_ws/install/slam_msgs/include/slam_msgs/slam_msgs
-- Up-to-date: /home/sf/workspace/orb_slam3_second_ws/orbslam/orbslam3_ros2_ws/install/slam_msgs/include/slam_msgs/slam_msgs/srv
-- Up-to-date: /home/sf/workspace/orb_slam3_second_ws/orbslam/orbslam3_ros2_ws/install/slam_msgs/include/slam_msgs/slam_msgs/srv/detail
-- Up-to-date: /home/sf/workspace/orb_slam3_second_ws/orbslam/orbslam3_ros2_ws/install/slam_msgs/include/slam_msgs/slam_msgs/srv/detail/get_map__rosidl_typesupport_fastrtps_cpp.hpp
-- Up-to-date: /home/sf/workspace/orb_slam3_second_ws/orbslam/orbslam3_ros2_ws/install/slam_msgs/include/slam_msgs/slam_msgs/srv/detail/get_landmarks_in_view__rosidl_typesupport_fastrtps_cpp.hpp
-- Up-to-date: /home/sf/workspace/orb_slam3_second_ws/orbslam/orbslam3_ros2_ws/install/slam_msgs/include/slam_msgs/slam_msgs/srv/detail/get_all_landmarks_in_map__rosidl_typesupport_fastrtps_cpp.hpp
-- Up-to-date: /home/sf/workspace/orb_slam3_second_ws/orbslam/orbslam3_ros2_ws/install/slam_msgs/include/slam_msgs/slam_msgs/srv/detail/get_global_point_cloud__rosidl_typesupport_fastrtps_cpp.hpp
-- Up-to-date: /home/sf/workspace/orb_slam3_second_ws/orbslam/orbslam3_ros2_ws/install/slam_msgs/include/slam_msgs/slam_msgs/srv/detail/dds_fastrtps
-- Up-to-date: /home/sf/workspace/orb_slam3_second_ws/orbslam/orbslam3_ros2_ws/install/slam_msgs/include/slam_msgs/slam_msgs/msg
-- Up-to-date: /home/sf/workspace/orb_slam3_second_ws/orbslam/orbslam3_ros2_ws/install/slam_msgs/include/slam_msgs/slam_msgs/msg/detail
-- Up-to-date: /home/sf/workspace/orb_slam3_second_ws/orbslam/orbslam3_ros2_ws/install/slam_msgs/include/slam_msgs/slam_msgs/msg/detail/map_point__rosidl_typesupport_fastrtps_cpp.hpp
-- Up-to-date: /home/sf/workspace/orb_slam3_second_ws/orbslam/orbslam3_ros2_ws/install/slam_msgs/include/slam_msgs/slam_msgs/msg/detail/map_data__rosidl_typesupport_fastrtps_cpp.hpp
-- Up-to-date: /home/sf/workspace/orb_slam3_second_ws/orbslam/orbslam3_ros2_ws/install/slam_msgs/include/slam_msgs/slam_msgs/msg/detail/key_frame__rosidl_typesupport_fastrtps_cpp.hpp
-- Up-to-date: /home/sf/workspace/orb_slam3_second_ws/orbslam/orbslam3_ros2_ws/install/slam_msgs/include/slam_msgs/slam_msgs/msg/detail/slam_info__rosidl_typesupport_fastrtps_cpp.hpp
-- Up-to-date: /home/sf/workspace/orb_slam3_second_ws/orbslam/orbslam3_ros2_ws/install/slam_msgs/include/slam_msgs/slam_msgs/msg/detail/map_graph__rosidl_typesupport_fastrtps_cpp.hpp
-- Up-to-date: /home/sf/workspace/orb_slam3_second_ws/orbslam/orbslam3_ros2_ws/install/slam_msgs/include/slam_msgs/slam_msgs/msg/detail/dds_fastrtps
-- Up-to-date: /home/sf/workspace/orb_slam3_second_ws/orbslam/orbslam3_ros2_ws/install/slam_msgs/include/slam_msgs/slam_msgs/msg/rosidl_typesupport_fastrtps_cpp__visibility_control.h
-- Up-to-date: /home/sf/workspace/orb_slam3_second_ws/orbslam/orbslam3_ros2_ws/install/slam_msgs/lib/libslam_msgs__rosidl_typesupport_fastrtps_cpp.so
-- Up-to-date: /home/sf/workspace/orb_slam3_second_ws/orbslam/orbslam3_ros2_ws/install/slam_msgs/include/slam_msgs/slam_msgs
-- Up-to-date: /home/sf/workspace/orb_slam3_second_ws/orbslam/orbslam3_ros2_ws/install/slam_msgs/include/slam_msgs/slam_msgs/srv
-- Up-to-date: /home/sf/workspace/orb_slam3_second_ws/orbslam/orbslam3_ros2_ws/install/slam_msgs/include/slam_msgs/slam_msgs/srv/detail
-- Up-to-date: /home/sf/workspace/orb_slam3_second_ws/orbslam/orbslam3_ros2_ws/install/slam_msgs/include/slam_msgs/slam_msgs/srv/detail/get_landmarks_in_view__rosidl_typesupport_introspection_c.h
-- Up-to-date: /home/sf/workspace/orb_slam3_second_ws/orbslam/orbslam3_ros2_ws/install/slam_msgs/include/slam_msgs/slam_msgs/srv/detail/get_global_point_cloud__rosidl_typesupport_introspection_c.h
-- Up-to-date: /home/sf/workspace/orb_slam3_second_ws/orbslam/orbslam3_ros2_ws/install/slam_msgs/include/slam_msgs/slam_msgs/srv/detail/get_map__rosidl_typesupport_introspection_c.h
-- Up-to-date: /home/sf/workspace/orb_slam3_second_ws/orbslam/orbslam3_ros2_ws/install/slam_msgs/include/slam_msgs/slam_msgs/srv/detail/get_landmarks_in_view__type_support.c
-- Up-to-date: /home/sf/workspace/orb_slam3_second_ws/orbslam/orbslam3_ros2_ws/install/slam_msgs/include/slam_msgs/slam_msgs/srv/detail/get_global_point_cloud__type_support.c
-- Up-to-date: /home/sf/workspace/orb_slam3_second_ws/orbslam/orbslam3_ros2_ws/install/slam_msgs/include/slam_msgs/slam_msgs/srv/detail/get_map__type_support.c
-- Up-to-date: /home/sf/workspace/orb_slam3_second_ws/orbslam/orbslam3_ros2_ws/install/slam_msgs/include/slam_msgs/slam_msgs/srv/detail/get_all_landmarks_in_map__rosidl_typesupport_introspection_c.h
-- Up-to-date: /home/sf/workspace/orb_slam3_second_ws/orbslam/orbslam3_ros2_ws/install/slam_msgs/include/slam_msgs/slam_msgs/srv/detail/get_all_landmarks_in_map__type_support.c
-- Up-to-date: /home/sf/workspace/orb_slam3_second_ws/orbslam/orbslam3_ros2_ws/install/slam_msgs/include/slam_msgs/slam_msgs/msg
-- Up-to-date: /home/sf/workspace/orb_slam3_second_ws/orbslam/orbslam3_ros2_ws/install/slam_msgs/include/slam_msgs/slam_msgs/msg/detail
-- Up-to-date: /home/sf/workspace/orb_slam3_second_ws/orbslam/orbslam3_ros2_ws/install/slam_msgs/include/slam_msgs/slam_msgs/msg/detail/map_point__type_support.c
-- Up-to-date: /home/sf/workspace/orb_slam3_second_ws/orbslam/orbslam3_ros2_ws/install/slam_msgs/include/slam_msgs/slam_msgs/msg/detail/key_frame__rosidl_typesupport_introspection_c.h
-- Up-to-date: /home/sf/workspace/orb_slam3_second_ws/orbslam/orbslam3_ros2_ws/install/slam_msgs/include/slam_msgs/slam_msgs/msg/detail/map_graph__type_support.c
-- Up-to-date: /home/sf/workspace/orb_slam3_second_ws/orbslam/orbslam3_ros2_ws/install/slam_msgs/include/slam_msgs/slam_msgs/msg/detail/map_point__rosidl_typesupport_introspection_c.h
-- Up-to-date: /home/sf/workspace/orb_slam3_second_ws/orbslam/orbslam3_ros2_ws/install/slam_msgs/include/slam_msgs/slam_msgs/msg/detail/slam_info__rosidl_typesupport_introspection_c.h
-- Up-to-date: /home/sf/workspace/orb_slam3_second_ws/orbslam/orbslam3_ros2_ws/install/slam_msgs/include/slam_msgs/slam_msgs/msg/detail/slam_info__type_support.c
-- Up-to-date: /home/sf/workspace/orb_slam3_second_ws/orbslam/orbslam3_ros2_ws/install/slam_msgs/include/slam_msgs/slam_msgs/msg/detail/map_data__type_support.c
-- Up-to-date: /home/sf/workspace/orb_slam3_second_ws/orbslam/orbslam3_ros2_ws/install/slam_msgs/include/slam_msgs/slam_msgs/msg/detail/key_frame__type_support.c
-- Up-to-date: /home/sf/workspace/orb_slam3_second_ws/orbslam/orbslam3_ros2_ws/install/slam_msgs/include/slam_msgs/slam_msgs/msg/detail/map_data__rosidl_typesupport_introspection_c.h
-- Up-to-date: /home/sf/workspace/orb_slam3_second_ws/orbslam/orbslam3_ros2_ws/install/slam_msgs/include/slam_msgs/slam_msgs/msg/detail/map_graph__rosidl_typesupport_introspection_c.h
-- Up-to-date: /home/sf/workspace/orb_slam3_second_ws/orbslam/orbslam3_ros2_ws/install/slam_msgs/include/slam_msgs/slam_msgs/msg/rosidl_typesupport_introspection_c__visibility_control.h
-- Up-to-date: /home/sf/workspace/orb_slam3_second_ws/orbslam/orbslam3_ros2_ws/install/slam_msgs/lib/libslam_msgs__rosidl_typesupport_introspection_c.so
-- Up-to-date: /home/sf/workspace/orb_slam3_second_ws/orbslam/orbslam3_ros2_ws/install/slam_msgs/lib/libslam_msgs__rosidl_typesupport_c.so
-- Up-to-date: /home/sf/workspace/orb_slam3_second_ws/orbslam/orbslam3_ros2_ws/install/slam_msgs/include/slam_msgs/slam_msgs
-- Up-to-date: /home/sf/workspace/orb_slam3_second_ws/orbslam/orbslam3_ros2_ws/install/slam_msgs/include/slam_msgs/slam_msgs/srv
-- Up-to-date: /home/sf/workspace/orb_slam3_second_ws/orbslam/orbslam3_ros2_ws/install/slam_msgs/include/slam_msgs/slam_msgs/srv/detail
-- Up-to-date: /home/sf/workspace/orb_slam3_second_ws/orbslam/orbslam3_ros2_ws/install/slam_msgs/include/slam_msgs/slam_msgs/srv/detail/get_map__type_support.cpp
-- Up-to-date: /home/sf/workspace/orb_slam3_second_ws/orbslam/orbslam3_ros2_ws/install/slam_msgs/include/slam_msgs/slam_msgs/srv/detail/get_all_landmarks_in_map__rosidl_typesupport_introspection_cpp.hpp
-- Up-to-date: /home/sf/workspace/orb_slam3_second_ws/orbslam/orbslam3_ros2_ws/install/slam_msgs/include/slam_msgs/slam_msgs/srv/detail/get_landmarks_in_view__type_support.cpp
-- Up-to-date: /home/sf/workspace/orb_slam3_second_ws/orbslam/orbslam3_ros2_ws/install/slam_msgs/include/slam_msgs/slam_msgs/srv/detail/get_global_point_cloud__type_support.cpp
-- Up-to-date: /home/sf/workspace/orb_slam3_second_ws/orbslam/orbslam3_ros2_ws/install/slam_msgs/include/slam_msgs/slam_msgs/srv/detail/get_all_landmarks_in_map__type_support.cpp
-- Up-to-date: /home/sf/workspace/orb_slam3_second_ws/orbslam/orbslam3_ros2_ws/install/slam_msgs/include/slam_msgs/slam_msgs/srv/detail/get_global_point_cloud__rosidl_typesupport_introspection_cpp.hpp
-- Up-to-date: /home/sf/workspace/orb_slam3_second_ws/orbslam/orbslam3_ros2_ws/install/slam_msgs/include/slam_msgs/slam_msgs/srv/detail/get_landmarks_in_view__rosidl_typesupport_introspection_cpp.hpp
-- Up-to-date: /home/sf/workspace/orb_slam3_second_ws/orbslam/orbslam3_ros2_ws/install/slam_msgs/include/slam_msgs/slam_msgs/srv/detail/get_map__rosidl_typesupport_introspection_cpp.hpp
-- Up-to-date: /home/sf/workspace/orb_slam3_second_ws/orbslam/orbslam3_ros2_ws/install/slam_msgs/include/slam_msgs/slam_msgs/msg
-- Up-to-date: /home/sf/workspace/orb_slam3_second_ws/orbslam/orbslam3_ros2_ws/install/slam_msgs/include/slam_msgs/slam_msgs/msg/detail
-- Up-to-date: /home/sf/workspace/orb_slam3_second_ws/orbslam/orbslam3_ros2_ws/install/slam_msgs/include/slam_msgs/slam_msgs/msg/detail/slam_info__type_support.cpp
-- Up-to-date: /home/sf/workspace/orb_slam3_second_ws/orbslam/orbslam3_ros2_ws/install/slam_msgs/include/slam_msgs/slam_msgs/msg/detail/map_point__rosidl_typesupport_introspection_cpp.hpp
-- Up-to-date: /home/sf/workspace/orb_slam3_second_ws/orbslam/orbslam3_ros2_ws/install/slam_msgs/include/slam_msgs/slam_msgs/msg/detail/map_graph__rosidl_typesupport_introspection_cpp.hpp
-- Up-to-date: /home/sf/workspace/orb_slam3_second_ws/orbslam/orbslam3_ros2_ws/install/slam_msgs/include/slam_msgs/slam_msgs/msg/detail/slam_info__rosidl_typesupport_introspection_cpp.hpp
-- Up-to-date: /home/sf/workspace/orb_slam3_second_ws/orbslam/orbslam3_ros2_ws/install/slam_msgs/include/slam_msgs/slam_msgs/msg/detail/key_frame__rosidl_typesupport_introspection_cpp.hpp
-- Up-to-date: /home/sf/workspace/orb_slam3_second_ws/orbslam/orbslam3_ros2_ws/install/slam_msgs/include/slam_msgs/slam_msgs/msg/detail/map_point__type_support.cpp
-- Up-to-date: /home/sf/workspace/orb_slam3_second_ws/orbslam/orbslam3_ros2_ws/install/slam_msgs/include/slam_msgs/slam_msgs/msg/detail/key_frame__type_support.cpp
-- Up-to-date: /home/sf/workspace/orb_slam3_second_ws/orbslam/orbslam3_ros2_ws/install/slam_msgs/include/slam_msgs/slam_msgs/msg/detail/map_data__type_support.cpp
-- Up-to-date: /home/sf/workspace/orb_slam3_second_ws/orbslam/orbslam3_ros2_ws/install/slam_msgs/include/slam_msgs/slam_msgs/msg/detail/map_data__rosidl_typesupport_introspection_cpp.hpp
-- Up-to-date: /home/sf/workspace/orb_slam3_second_ws/orbslam/orbslam3_ros2_ws/install/slam_msgs/include/slam_msgs/slam_msgs/msg/detail/map_graph__type_support.cpp
-- Up-to-date: /home/sf/workspace/orb_slam3_second_ws/orbslam/orbslam3_ros2_ws/install/slam_msgs/lib/libslam_msgs__rosidl_typesupport_introspection_cpp.so
-- Up-to-date: /home/sf/workspace/orb_slam3_second_ws/orbslam/orbslam3_ros2_ws/install/slam_msgs/lib/libslam_msgs__rosidl_typesupport_cpp.so
-- Up-to-date: /home/sf/workspace/orb_slam3_second_ws/orbslam/orbslam3_ros2_ws/install/slam_msgs/share/slam_msgs/environment/pythonpath.sh
-- Up-to-date: /home/sf/workspace/orb_slam3_second_ws/orbslam/orbslam3_ros2_ws/install/slam_msgs/share/slam_msgs/environment/pythonpath.dsv
-- Up-to-date: /home/sf/workspace/orb_slam3_second_ws/orbslam/orbslam3_ros2_ws/install/slam_msgs/local/lib/python3.10/dist-packages/slam_msgs-1.0.0-py3.10.egg-info
-- Installing: /home/sf/workspace/orb_slam3_second_ws/orbslam/orbslam3_ros2_ws/install/slam_msgs/local/lib/python3.10/dist-packages/slam_msgs-1.0.0-py3.10.egg-info/PKG-INFO
-- Installing: /home/sf/workspace/orb_slam3_second_ws/orbslam/orbslam3_ros2_ws/install/slam_msgs/local/lib/python3.10/dist-packages/slam_msgs-1.0.0-py3.10.egg-info/dependency_links.txt
-- Installing: /home/sf/workspace/orb_slam3_second_ws/orbslam/orbslam3_ros2_ws/install/slam_msgs/local/lib/python3.10/dist-packages/slam_msgs-1.0.0-py3.10.egg-info/SOURCES.txt
-- Installing: /home/sf/workspace/orb_slam3_second_ws/orbslam/orbslam3_ros2_ws/install/slam_msgs/local/lib/python3.10/dist-packages/slam_msgs-1.0.0-py3.10.egg-info/top_level.txt
-- Up-to-date: /home/sf/workspace/orb_slam3_second_ws/orbslam/orbslam3_ros2_ws/install/slam_msgs/local/lib/python3.10/dist-packages/slam_msgs
-- Up-to-date: /home/sf/workspace/orb_slam3_second_ws/orbslam/orbslam3_ros2_ws/install/slam_msgs/local/lib/python3.10/dist-packages/slam_msgs/slam_msgs_s__rosidl_typesupport_fastrtps_c.cpython-310-x86_64-linux-gnu.so
-- Up-to-date: /home/sf/workspace/orb_slam3_second_ws/orbslam/orbslam3_ros2_ws/install/slam_msgs/local/lib/python3.10/dist-packages/slam_msgs/slam_msgs_s__rosidl_typesupport_introspection_c.cpython-310-x86_64-linux-gnu.so
-- Up-to-date: /home/sf/workspace/orb_slam3_second_ws/orbslam/orbslam3_ros2_ws/install/slam_msgs/local/lib/python3.10/dist-packages/slam_msgs/slam_msgs_s__rosidl_typesupport_c.cpython-310-x86_64-linux-gnu.so
-- Up-to-date: /home/sf/workspace/orb_slam3_second_ws/orbslam/orbslam3_ros2_ws/install/slam_msgs/local/lib/python3.10/dist-packages/slam_msgs/libslam_msgs__rosidl_generator_py.so
-- Up-to-date: /home/sf/workspace/orb_slam3_second_ws/orbslam/orbslam3_ros2_ws/install/slam_msgs/local/lib/python3.10/dist-packages/slam_msgs/_slam_msgs_s.ep.rosidl_typesupport_introspection_c.c
-- Up-to-date: /home/sf/workspace/orb_slam3_second_ws/orbslam/orbslam3_ros2_ws/install/slam_msgs/local/lib/python3.10/dist-packages/slam_msgs/srv
-- Up-to-date: /home/sf/workspace/orb_slam3_second_ws/orbslam/orbslam3_ros2_ws/install/slam_msgs/local/lib/python3.10/dist-packages/slam_msgs/srv/_get_all_landmarks_in_map_s.c
-- Up-to-date: /home/sf/workspace/orb_slam3_second_ws/orbslam/orbslam3_ros2_ws/install/slam_msgs/local/lib/python3.10/dist-packages/slam_msgs/srv/_get_all_landmarks_in_map.py
-- Up-to-date: /home/sf/workspace/orb_slam3_second_ws/orbslam/orbslam3_ros2_ws/install/slam_msgs/local/lib/python3.10/dist-packages/slam_msgs/srv/_get_global_point_cloud_s.c
-- Up-to-date: /home/sf/workspace/orb_slam3_second_ws/orbslam/orbslam3_ros2_ws/install/slam_msgs/local/lib/python3.10/dist-packages/slam_msgs/srv/_get_map_s.c
-- Up-to-date: /home/sf/workspace/orb_slam3_second_ws/orbslam/orbslam3_ros2_ws/install/slam_msgs/local/lib/python3.10/dist-packages/slam_msgs/srv/_get_map.py
-- Up-to-date: /home/sf/workspace/orb_slam3_second_ws/orbslam/orbslam3_ros2_ws/install/slam_msgs/local/lib/python3.10/dist-packages/slam_msgs/srv/_get_landmarks_in_view_s.c
-- Up-to-date: /home/sf/workspace/orb_slam3_second_ws/orbslam/orbslam3_ros2_ws/install/slam_msgs/local/lib/python3.10/dist-packages/slam_msgs/srv/__init__.py
-- Up-to-date: /home/sf/workspace/orb_slam3_second_ws/orbslam/orbslam3_ros2_ws/install/slam_msgs/local/lib/python3.10/dist-packages/slam_msgs/srv/_get_global_point_cloud.py
-- Up-to-date: /home/sf/workspace/orb_slam3_second_ws/orbslam/orbslam3_ros2_ws/install/slam_msgs/local/lib/python3.10/dist-packages/slam_msgs/srv/_get_landmarks_in_view.py
-- Up-to-date: /home/sf/workspace/orb_slam3_second_ws/orbslam/orbslam3_ros2_ws/install/slam_msgs/local/lib/python3.10/dist-packages/slam_msgs/msg
-- Up-to-date: /home/sf/workspace/orb_slam3_second_ws/orbslam/orbslam3_ros2_ws/install/slam_msgs/local/lib/python3.10/dist-packages/slam_msgs/msg/_map_data_s.c
-- Up-to-date: /home/sf/workspace/orb_slam3_second_ws/orbslam/orbslam3_ros2_ws/install/slam_msgs/local/lib/python3.10/dist-packages/slam_msgs/msg/_map_graph_s.c
-- Up-to-date: /home/sf/workspace/orb_slam3_second_ws/orbslam/orbslam3_ros2_ws/install/slam_msgs/local/lib/python3.10/dist-packages/slam_msgs/msg/_key_frame_s.c
-- Up-to-date: /home/sf/workspace/orb_slam3_second_ws/orbslam/orbslam3_ros2_ws/install/slam_msgs/local/lib/python3.10/dist-packages/slam_msgs/msg/_map_graph.py
-- Up-to-date: /home/sf/workspace/orb_slam3_second_ws/orbslam/orbslam3_ros2_ws/install/slam_msgs/local/lib/python3.10/dist-packages/slam_msgs/msg/_key_frame.py
-- Up-to-date: /home/sf/workspace/orb_slam3_second_ws/orbslam/orbslam3_ros2_ws/install/slam_msgs/local/lib/python3.10/dist-packages/slam_msgs/msg/_map_point_s.c
-- Up-to-date: /home/sf/workspace/orb_slam3_second_ws/orbslam/orbslam3_ros2_ws/install/slam_msgs/local/lib/python3.10/dist-packages/slam_msgs/msg/__init__.py
-- Up-to-date: /home/sf/workspace/orb_slam3_second_ws/orbslam/orbslam3_ros2_ws/install/slam_msgs/local/lib/python3.10/dist-packages/slam_msgs/msg/_map_point.py
-- Up-to-date: /home/sf/workspace/orb_slam3_second_ws/orbslam/orbslam3_ros2_ws/install/slam_msgs/local/lib/python3.10/dist-packages/slam_msgs/msg/_slam_info.py
-- Up-to-date: /home/sf/workspace/orb_slam3_second_ws/orbslam/orbslam3_ros2_ws/install/slam_msgs/local/lib/python3.10/dist-packages/slam_msgs/msg/_map_data.py
-- Up-to-date: /home/sf/workspace/orb_slam3_second_ws/orbslam/orbslam3_ros2_ws/install/slam_msgs/local/lib/python3.10/dist-packages/slam_msgs/msg/_slam_info_s.c
-- Up-to-date: /home/sf/workspace/orb_slam3_second_ws/orbslam/orbslam3_ros2_ws/install/slam_msgs/local/lib/python3.10/dist-packages/slam_msgs/_slam_msgs_s.ep.rosidl_typesupport_c.c
-- Up-to-date: /home/sf/workspace/orb_slam3_second_ws/orbslam/orbslam3_ros2_ws/install/slam_msgs/local/lib/python3.10/dist-packages/slam_msgs/_slam_msgs_s.ep.rosidl_typesupport_fastrtps_c.c
-- Up-to-date: /home/sf/workspace/orb_slam3_second_ws/orbslam/orbslam3_ros2_ws/install/slam_msgs/local/lib/python3.10/dist-packages/slam_msgs/__init__.py
Listing '/home/sf/workspace/orb_slam3_second_ws/orbslam/orbslam3_ros2_ws/install/slam_msgs/local/lib/python3.10/dist-packages/slam_msgs'...
Listing '/home/sf/workspace/orb_slam3_second_ws/orbslam/orbslam3_ros2_ws/install/slam_msgs/local/lib/python3.10/dist-packages/slam_msgs/msg'...
Listing '/home/sf/workspace/orb_slam3_second_ws/orbslam/orbslam3_ros2_ws/install/slam_msgs/local/lib/python3.10/dist-packages/slam_msgs/srv'...
-- Up-to-date: /home/sf/workspace/orb_slam3_second_ws/orbslam/orbslam3_ros2_ws/install/slam_msgs/local/lib/python3.10/dist-packages/slam_msgs/slam_msgs_s__rosidl_typesupport_fastrtps_c.cpython-310-x86_64-linux-gnu.so
-- Up-to-date: /home/sf/workspace/orb_slam3_second_ws/orbslam/orbslam3_ros2_ws/install/slam_msgs/local/lib/python3.10/dist-packages/slam_msgs/slam_msgs_s__rosidl_typesupport_introspection_c.cpython-310-x86_64-linux-gnu.so
-- Up-to-date: /home/sf/workspace/orb_slam3_second_ws/orbslam/orbslam3_ros2_ws/install/slam_msgs/local/lib/python3.10/dist-packages/slam_msgs/slam_msgs_s__rosidl_typesupport_c.cpython-310-x86_64-linux-gnu.so
-- Up-to-date: /home/sf/workspace/orb_slam3_second_ws/orbslam/orbslam3_ros2_ws/install/slam_msgs/lib/libslam_msgs__rosidl_generator_py.so
-- Up-to-date: /home/sf/workspace/orb_slam3_second_ws/orbslam/orbslam3_ros2_ws/install/slam_msgs/share/slam_msgs/msg/MapGraph.idl
-- Up-to-date: /home/sf/workspace/orb_slam3_second_ws/orbslam/orbslam3_ros2_ws/install/slam_msgs/share/slam_msgs/msg/MapData.idl
-- Up-to-date: /home/sf/workspace/orb_slam3_second_ws/orbslam/orbslam3_ros2_ws/install/slam_msgs/share/slam_msgs/msg/KeyFrame.idl
-- Up-to-date: /home/sf/workspace/orb_slam3_second_ws/orbslam/orbslam3_ros2_ws/install/slam_msgs/share/slam_msgs/msg/MapPoint.idl
-- Up-to-date: /home/sf/workspace/orb_slam3_second_ws/orbslam/orbslam3_ros2_ws/install/slam_msgs/share/slam_msgs/msg/SlamInfo.idl
-- Up-to-date: /home/sf/workspace/orb_slam3_second_ws/orbslam/orbslam3_ros2_ws/install/slam_msgs/share/slam_msgs/srv/GetMap.idl
-- Up-to-date: /home/sf/workspace/orb_slam3_second_ws/orbslam/orbslam3_ros2_ws/install/slam_msgs/share/slam_msgs/srv/GetLandmarksInView.idl
-- Up-to-date: /home/sf/workspace/orb_slam3_second_ws/orbslam/orbslam3_ros2_ws/install/slam_msgs/share/slam_msgs/srv/GetAllLandmarksInMap.idl
-- Up-to-date: /home/sf/workspace/orb_slam3_second_ws/orbslam/orbslam3_ros2_ws/install/slam_msgs/share/slam_msgs/srv/GetGlobalPointCloud.idl
-- Up-to-date: /home/sf/workspace/orb_slam3_second_ws/orbslam/orbslam3_ros2_ws/install/slam_msgs/share/slam_msgs/msg/MapGraph.msg
-- Up-to-date: /home/sf/workspace/orb_slam3_second_ws/orbslam/orbslam3_ros2_ws/install/slam_msgs/share/slam_msgs/msg/MapData.msg
-- Up-to-date: /home/sf/workspace/orb_slam3_second_ws/orbslam/orbslam3_ros2_ws/install/slam_msgs/share/slam_msgs/msg/KeyFrame.msg
-- Up-to-date: /home/sf/workspace/orb_slam3_second_ws/orbslam/orbslam3_ros2_ws/install/slam_msgs/share/slam_msgs/msg/MapPoint.msg
-- Up-to-date: /home/sf/workspace/orb_slam3_second_ws/orbslam/orbslam3_ros2_ws/install/slam_msgs/share/slam_msgs/msg/SlamInfo.msg
-- Up-to-date: /home/sf/workspace/orb_slam3_second_ws/orbslam/orbslam3_ros2_ws/install/slam_msgs/share/slam_msgs/srv/GetMap.srv
-- Up-to-date: /home/sf/workspace/orb_slam3_second_ws/orbslam/orbslam3_ros2_ws/install/slam_msgs/share/slam_msgs/srv/GetMap_Request.msg
-- Up-to-date: /home/sf/workspace/orb_slam3_second_ws/orbslam/orbslam3_ros2_ws/install/slam_msgs/share/slam_msgs/srv/GetMap_Response.msg
-- Up-to-date: /home/sf/workspace/orb_slam3_second_ws/orbslam/orbslam3_ros2_ws/install/slam_msgs/share/slam_msgs/srv/GetLandmarksInView.srv
-- Up-to-date: /home/sf/workspace/orb_slam3_second_ws/orbslam/orbslam3_ros2_ws/install/slam_msgs/share/slam_msgs/srv/GetLandmarksInView_Request.msg
-- Up-to-date: /home/sf/workspace/orb_slam3_second_ws/orbslam/orbslam3_ros2_ws/install/slam_msgs/share/slam_msgs/srv/GetLandmarksInView_Response.msg
-- Up-to-date: /home/sf/workspace/orb_slam3_second_ws/orbslam/orbslam3_ros2_ws/install/slam_msgs/share/slam_msgs/srv/GetAllLandmarksInMap.srv
-- Up-to-date: /home/sf/workspace/orb_slam3_second_ws/orbslam/orbslam3_ros2_ws/install/slam_msgs/share/slam_msgs/srv/GetAllLandmarksInMap_Request.msg
-- Up-to-date: /home/sf/workspace/orb_slam3_second_ws/orbslam/orbslam3_ros2_ws/install/slam_msgs/share/slam_msgs/srv/GetAllLandmarksInMap_Response.msg
-- Up-to-date: /home/sf/workspace/orb_slam3_second_ws/orbslam/orbslam3_ros2_ws/install/slam_msgs/share/slam_msgs/srv/GetGlobalPointCloud.srv
-- Up-to-date: /home/sf/workspace/orb_slam3_second_ws/orbslam/orbslam3_ros2_ws/install/slam_msgs/share/slam_msgs/srv/GetGlobalPointCloud_Request.msg
-- Up-to-date: /home/sf/workspace/orb_slam3_second_ws/orbslam/orbslam3_ros2_ws/install/slam_msgs/share/slam_msgs/srv/GetGlobalPointCloud_Response.msg
-- Up-to-date: /home/sf/workspace/orb_slam3_second_ws/orbslam/orbslam3_ros2_ws/install/slam_msgs/share/ament_index/resource_index/package_run_dependencies/slam_msgs
-- Up-to-date: /home/sf/workspace/orb_slam3_second_ws/orbslam/orbslam3_ros2_ws/install/slam_msgs/share/ament_index/resource_index/parent_prefix_path/slam_msgs
-- Up-to-date: /home/sf/workspace/orb_slam3_second_ws/orbslam/orbslam3_ros2_ws/install/slam_msgs/share/slam_msgs/environment/ament_prefix_path.sh
-- Up-to-date: /home/sf/workspace/orb_slam3_second_ws/orbslam/orbslam3_ros2_ws/install/slam_msgs/share/slam_msgs/environment/ament_prefix_path.dsv
-- Up-to-date: /home/sf/workspace/orb_slam3_second_ws/orbslam/orbslam3_ros2_ws/install/slam_msgs/share/slam_msgs/environment/path.sh
-- Up-to-date: /home/sf/workspace/orb_slam3_second_ws/orbslam/orbslam3_ros2_ws/install/slam_msgs/share/slam_msgs/environment/path.dsv
-- Up-to-date: /home/sf/workspace/orb_slam3_second_ws/orbslam/orbslam3_ros2_ws/install/slam_msgs/share/slam_msgs/local_setup.bash
-- Up-to-date: /home/sf/workspace/orb_slam3_second_ws/orbslam/orbslam3_ros2_ws/install/slam_msgs/share/slam_msgs/local_setup.sh
-- Up-to-date: /home/sf/workspace/orb_slam3_second_ws/orbslam/orbslam3_ros2_ws/install/slam_msgs/share/slam_msgs/local_setup.zsh
-- Up-to-date: /home/sf/workspace/orb_slam3_second_ws/orbslam/orbslam3_ros2_ws/install/slam_msgs/share/slam_msgs/local_setup.dsv
-- Installing: /home/sf/workspace/orb_slam3_second_ws/orbslam/orbslam3_ros2_ws/install/slam_msgs/share/slam_msgs/package.dsv
-- Up-to-date: /home/sf/workspace/orb_slam3_second_ws/orbslam/orbslam3_ros2_ws/install/slam_msgs/share/ament_index/resource_index/packages/slam_msgs
-- Up-to-date: /home/sf/workspace/orb_slam3_second_ws/orbslam/orbslam3_ros2_ws/install/slam_msgs/share/slam_msgs/cmake/export_slam_msgs__rosidl_generator_cExport.cmake
-- Up-to-date: /home/sf/workspace/orb_slam3_second_ws/orbslam/orbslam3_ros2_ws/install/slam_msgs/share/slam_msgs/cmake/export_slam_msgs__rosidl_generator_cExport-noconfig.cmake
-- Up-to-date: /home/sf/workspace/orb_slam3_second_ws/orbslam/orbslam3_ros2_ws/install/slam_msgs/share/slam_msgs/cmake/export_slam_msgs__rosidl_typesupport_fastrtps_cExport.cmake
-- Up-to-date: /home/sf/workspace/orb_slam3_second_ws/orbslam/orbslam3_ros2_ws/install/slam_msgs/share/slam_msgs/cmake/export_slam_msgs__rosidl_typesupport_fastrtps_cExport-noconfig.cmake
-- Up-to-date: /home/sf/workspace/orb_slam3_second_ws/orbslam/orbslam3_ros2_ws/install/slam_msgs/share/slam_msgs/cmake/export_slam_msgs__rosidl_generator_cppExport.cmake
-- Up-to-date: /home/sf/workspace/orb_slam3_second_ws/orbslam/orbslam3_ros2_ws/install/slam_msgs/share/slam_msgs/cmake/export_slam_msgs__rosidl_typesupport_fastrtps_cppExport.cmake
-- Up-to-date: /home/sf/workspace/orb_slam3_second_ws/orbslam/orbslam3_ros2_ws/install/slam_msgs/share/slam_msgs/cmake/export_slam_msgs__rosidl_typesupport_fastrtps_cppExport-noconfig.cmake
-- Up-to-date: /home/sf/workspace/orb_slam3_second_ws/orbslam/orbslam3_ros2_ws/install/slam_msgs/share/slam_msgs/cmake/slam_msgs__rosidl_typesupport_introspection_cExport.cmake
-- Up-to-date: /home/sf/workspace/orb_slam3_second_ws/orbslam/orbslam3_ros2_ws/install/slam_msgs/share/slam_msgs/cmake/slam_msgs__rosidl_typesupport_introspection_cExport-noconfig.cmake
-- Up-to-date: /home/sf/workspace/orb_slam3_second_ws/orbslam/orbslam3_ros2_ws/install/slam_msgs/share/slam_msgs/cmake/slam_msgs__rosidl_typesupport_cExport.cmake
-- Up-to-date: /home/sf/workspace/orb_slam3_second_ws/orbslam/orbslam3_ros2_ws/install/slam_msgs/share/slam_msgs/cmake/slam_msgs__rosidl_typesupport_cExport-noconfig.cmake
-- Up-to-date: /home/sf/workspace/orb_slam3_second_ws/orbslam/orbslam3_ros2_ws/install/slam_msgs/share/slam_msgs/cmake/slam_msgs__rosidl_typesupport_introspection_cppExport.cmake
-- Up-to-date: /home/sf/workspace/orb_slam3_second_ws/orbslam/orbslam3_ros2_ws/install/slam_msgs/share/slam_msgs/cmake/slam_msgs__rosidl_typesupport_introspection_cppExport-noconfig.cmake
-- Up-to-date: /home/sf/workspace/orb_slam3_second_ws/orbslam/orbslam3_ros2_ws/install/slam_msgs/share/slam_msgs/cmake/slam_msgs__rosidl_typesupport_cppExport.cmake
-- Up-to-date: /home/sf/workspace/orb_slam3_second_ws/orbslam/orbslam3_ros2_ws/install/slam_msgs/share/slam_msgs/cmake/slam_msgs__rosidl_typesupport_cppExport-noconfig.cmake
-- Up-to-date: /home/sf/workspace/orb_slam3_second_ws/orbslam/orbslam3_ros2_ws/install/slam_msgs/share/slam_msgs/cmake/export_slam_msgs__rosidl_generator_pyExport.cmake
-- Up-to-date: /home/sf/workspace/orb_slam3_second_ws/orbslam/orbslam3_ros2_ws/install/slam_msgs/share/slam_msgs/cmake/export_slam_msgs__rosidl_generator_pyExport-noconfig.cmake
-- Up-to-date: /home/sf/workspace/orb_slam3_second_ws/orbslam/orbslam3_ros2_ws/install/slam_msgs/share/slam_msgs/cmake/rosidl_cmake-extras.cmake
-- Up-to-date: /home/sf/workspace/orb_slam3_second_ws/orbslam/orbslam3_ros2_ws/install/slam_msgs/share/slam_msgs/cmake/ament_cmake_export_dependencies-extras.cmake
-- Up-to-date: /home/sf/workspace/orb_slam3_second_ws/orbslam/orbslam3_ros2_ws/install/slam_msgs/share/slam_msgs/cmake/ament_cmake_export_include_directories-extras.cmake
-- Up-to-date: /home/sf/workspace/orb_slam3_second_ws/orbslam/orbslam3_ros2_ws/install/slam_msgs/share/slam_msgs/cmake/ament_cmake_export_libraries-extras.cmake
-- Up-to-date: /home/sf/workspace/orb_slam3_second_ws/orbslam/orbslam3_ros2_ws/install/slam_msgs/share/slam_msgs/cmake/ament_cmake_export_targets-extras.cmake
-- Up-to-date: /home/sf/workspace/orb_slam3_second_ws/orbslam/orbslam3_ros2_ws/install/slam_msgs/share/slam_msgs/cmake/rosidl_cmake_export_typesupport_targets-extras.cmake
-- Up-to-date: /home/sf/workspace/orb_slam3_second_ws/orbslam/orbslam3_ros2_ws/install/slam_msgs/share/slam_msgs/cmake/rosidl_cmake_export_typesupport_libraries-extras.cmake
-- Up-to-date: /home/sf/workspace/orb_slam3_second_ws/orbslam/orbslam3_ros2_ws/install/slam_msgs/share/slam_msgs/cmake/slam_msgsConfig.cmake
-- Up-to-date: /home/sf/workspace/orb_slam3_second_ws/orbslam/orbslam3_ros2_ws/install/slam_msgs/share/slam_msgs/cmake/slam_msgsConfig-version.cmake
-- Up-to-date: /home/sf/workspace/orb_slam3_second_ws/orbslam/orbslam3_ros2_ws/install/slam_msgs/share/slam_msgs/package.xml
