[0.006s] Invoking command in '/home/sf/workspace/orb_slam3_second_ws/orbslam/orbslam3_ros2_ws/build/slam_msgs': CMAKE_PREFIX_PATH=${CMAKE_PREFIX_PATH}:/opt/ros/humble /usr/bin/cmake --build /home/sf/workspace/orb_slam3_second_ws/orbslam/orbslam3_ros2_ws/build/slam_msgs -- -j24 -l24
[0.052s] [35m[1mConsolidate compiler generated dependencies of target slam_msgs__rosidl_generator_c[0m
[0.067s] [  1%] Built target slam_msgs__cpp
[0.070s] [ 12%] Built target slam_msgs__rosidl_generator_c
[0.072s] [ 12%] Built target ament_cmake_python_copy_slam_msgs
[0.085s] [35m[1mConsolidate compiler generated dependencies of target slam_msgs__rosidl_typesupport_cpp[0m
[0.086s] [35m[1mConsolidate compiler generated dependencies of target slam_msgs__rosidl_typesupport_c[0m
[0.086s] [35m[1mConsolidate compiler generated dependencies of target slam_msgs__rosidl_typesupport_introspection_c[0m
[0.089s] [35m[1mConsolidate compiler generated dependencies of target slam_msgs__rosidl_typesupport_introspection_cpp[0m
[0.090s] [35m[1mConsolidate compiler generated dependencies of target slam_msgs__rosidl_typesupport_fastrtps_c[0m
[0.091s] [35m[1mConsolidate compiler generated dependencies of target slam_msgs__rosidl_typesupport_fastrtps_cpp[0m
[0.108s] [ 24%] Built target slam_msgs__rosidl_typesupport_c
[0.112s] [ 35%] Built target slam_msgs__rosidl_typesupport_introspection_c
[0.114s] [ 47%] Built target slam_msgs__rosidl_typesupport_cpp
[0.118s] [ 58%] Built target slam_msgs__rosidl_typesupport_fastrtps_cpp
[0.119s] [ 70%] Built target slam_msgs__rosidl_typesupport_introspection_cpp
[0.119s] [ 82%] Built target slam_msgs__rosidl_typesupport_fastrtps_c
[0.133s] [ 82%] Built target slam_msgs
[0.145s] [ 83%] Built target slam_msgs__py
[0.154s] [35m[1mConsolidate compiler generated dependencies of target slam_msgs__rosidl_generator_py[0m
[0.167s] [ 93%] Built target slam_msgs__rosidl_generator_py
[0.176s] [35m[1mConsolidate compiler generated dependencies of target slam_msgs__rosidl_typesupport_introspection_c__pyext[0m
[0.176s] [35m[1mConsolidate compiler generated dependencies of target slam_msgs__rosidl_typesupport_c__pyext[0m
[0.176s] [35m[1mConsolidate compiler generated dependencies of target slam_msgs__rosidl_typesupport_fastrtps_c__pyext[0m
[0.185s] [ 97%] Built target slam_msgs__rosidl_typesupport_c__pyext
[0.185s] [ 97%] Built target slam_msgs__rosidl_typesupport_fastrtps_c__pyext
[0.186s] [100%] Built target slam_msgs__rosidl_typesupport_introspection_c__pyext
[0.219s] running egg_info
[0.219s] writing slam_msgs.egg-info/PKG-INFO
[0.219s] writing dependency_links to slam_msgs.egg-info/dependency_links.txt
[0.219s] writing top-level names to slam_msgs.egg-info/top_level.txt
[0.220s] reading manifest file 'slam_msgs.egg-info/SOURCES.txt'
[0.221s] writing manifest file 'slam_msgs.egg-info/SOURCES.txt'
[0.236s] [100%] Built target ament_cmake_python_build_slam_msgs_egg
[0.246s] Invoked command in '/home/sf/workspace/orb_slam3_second_ws/orbslam/orbslam3_ros2_ws/build/slam_msgs' returned '0': CMAKE_PREFIX_PATH=${CMAKE_PREFIX_PATH}:/opt/ros/humble /usr/bin/cmake --build /home/sf/workspace/orb_slam3_second_ws/orbslam/orbslam3_ros2_ws/build/slam_msgs -- -j24 -l24
[0.252s] Invoking command in '/home/sf/workspace/orb_slam3_second_ws/orbslam/orbslam3_ros2_ws/build/slam_msgs': CMAKE_PREFIX_PATH=${CMAKE_PREFIX_PATH}:/opt/ros/humble /usr/bin/cmake --install /home/sf/workspace/orb_slam3_second_ws/orbslam/orbslam3_ros2_ws/build/slam_msgs
[0.257s] -- Install configuration: ""
[0.257s] -- Up-to-date: /home/sf/workspace/orb_slam3_second_ws/orbslam/orbslam3_ros2_ws/install/slam_msgs/share/ament_index/resource_index/rosidl_interfaces/slam_msgs
[0.257s] -- Up-to-date: /home/sf/workspace/orb_slam3_second_ws/orbslam/orbslam3_ros2_ws/install/slam_msgs/include/slam_msgs/slam_msgs
[0.257s] -- Up-to-date: /home/sf/workspace/orb_slam3_second_ws/orbslam/orbslam3_ros2_ws/install/slam_msgs/include/slam_msgs/slam_msgs/srv
[0.257s] -- Up-to-date: /home/sf/workspace/orb_slam3_second_ws/orbslam/orbslam3_ros2_ws/install/slam_msgs/include/slam_msgs/slam_msgs/srv/get_map.h
[0.257s] -- Up-to-date: /home/sf/workspace/orb_slam3_second_ws/orbslam/orbslam3_ros2_ws/install/slam_msgs/include/slam_msgs/slam_msgs/srv/get_global_point_cloud.h
[0.257s] -- Up-to-date: /home/sf/workspace/orb_slam3_second_ws/orbslam/orbslam3_ros2_ws/install/slam_msgs/include/slam_msgs/slam_msgs/srv/get_landmarks_in_view.h
[0.257s] -- Up-to-date: /home/sf/workspace/orb_slam3_second_ws/orbslam/orbslam3_ros2_ws/install/slam_msgs/include/slam_msgs/slam_msgs/srv/detail
[0.257s] -- Up-to-date: /home/sf/workspace/orb_slam3_second_ws/orbslam/orbslam3_ros2_ws/install/slam_msgs/include/slam_msgs/slam_msgs/srv/detail/get_global_point_cloud__functions.h
[0.257s] -- Up-to-date: /home/sf/workspace/orb_slam3_second_ws/orbslam/orbslam3_ros2_ws/install/slam_msgs/include/slam_msgs/slam_msgs/srv/detail/get_map__struct.h
[0.257s] -- Up-to-date: /home/sf/workspace/orb_slam3_second_ws/orbslam/orbslam3_ros2_ws/install/slam_msgs/include/slam_msgs/slam_msgs/srv/detail/get_landmarks_in_view__functions.h
[0.257s] -- Up-to-date: /home/sf/workspace/orb_slam3_second_ws/orbslam/orbslam3_ros2_ws/install/slam_msgs/include/slam_msgs/slam_msgs/srv/detail/get_all_landmarks_in_map__struct.h
[0.257s] -- Up-to-date: /home/sf/workspace/orb_slam3_second_ws/orbslam/orbslam3_ros2_ws/install/slam_msgs/include/slam_msgs/slam_msgs/srv/detail/get_landmarks_in_view__struct.h
[0.257s] -- Up-to-date: /home/sf/workspace/orb_slam3_second_ws/orbslam/orbslam3_ros2_ws/install/slam_msgs/include/slam_msgs/slam_msgs/srv/detail/get_map__type_support.h
[0.257s] -- Up-to-date: /home/sf/workspace/orb_slam3_second_ws/orbslam/orbslam3_ros2_ws/install/slam_msgs/include/slam_msgs/slam_msgs/srv/detail/get_all_landmarks_in_map__type_support.h
[0.257s] -- Up-to-date: /home/sf/workspace/orb_slam3_second_ws/orbslam/orbslam3_ros2_ws/install/slam_msgs/include/slam_msgs/slam_msgs/srv/detail/get_all_landmarks_in_map__functions.h
[0.257s] -- Up-to-date: /home/sf/workspace/orb_slam3_second_ws/orbslam/orbslam3_ros2_ws/install/slam_msgs/include/slam_msgs/slam_msgs/srv/detail/get_global_point_cloud__type_support.h
[0.257s] -- Up-to-date: /home/sf/workspace/orb_slam3_second_ws/orbslam/orbslam3_ros2_ws/install/slam_msgs/include/slam_msgs/slam_msgs/srv/detail/get_map__functions.h
[0.257s] -- Up-to-date: /home/sf/workspace/orb_slam3_second_ws/orbslam/orbslam3_ros2_ws/install/slam_msgs/include/slam_msgs/slam_msgs/srv/detail/get_global_point_cloud__struct.h
[0.257s] -- Up-to-date: /home/sf/workspace/orb_slam3_second_ws/orbslam/orbslam3_ros2_ws/install/slam_msgs/include/slam_msgs/slam_msgs/srv/detail/get_all_landmarks_in_map__functions.c
[0.257s] -- Up-to-date: /home/sf/workspace/orb_slam3_second_ws/orbslam/orbslam3_ros2_ws/install/slam_msgs/include/slam_msgs/slam_msgs/srv/detail/get_global_point_cloud__functions.c
[0.257s] -- Up-to-date: /home/sf/workspace/orb_slam3_second_ws/orbslam/orbslam3_ros2_ws/install/slam_msgs/include/slam_msgs/slam_msgs/srv/detail/get_landmarks_in_view__type_support.h
[0.257s] -- Up-to-date: /home/sf/workspace/orb_slam3_second_ws/orbslam/orbslam3_ros2_ws/install/slam_msgs/include/slam_msgs/slam_msgs/srv/detail/get_landmarks_in_view__functions.c
[0.257s] -- Up-to-date: /home/sf/workspace/orb_slam3_second_ws/orbslam/orbslam3_ros2_ws/install/slam_msgs/include/slam_msgs/slam_msgs/srv/detail/get_map__functions.c
[0.257s] -- Up-to-date: /home/sf/workspace/orb_slam3_second_ws/orbslam/orbslam3_ros2_ws/install/slam_msgs/include/slam_msgs/slam_msgs/srv/get_all_landmarks_in_map.h
[0.257s] -- Up-to-date: /home/sf/workspace/orb_slam3_second_ws/orbslam/orbslam3_ros2_ws/install/slam_msgs/include/slam_msgs/slam_msgs/msg
[0.257s] -- Up-to-date: /home/sf/workspace/orb_slam3_second_ws/orbslam/orbslam3_ros2_ws/install/slam_msgs/include/slam_msgs/slam_msgs/msg/map_data.h
[0.257s] -- Up-to-date: /home/sf/workspace/orb_slam3_second_ws/orbslam/orbslam3_ros2_ws/install/slam_msgs/include/slam_msgs/slam_msgs/msg/map_graph.h
[0.257s] -- Up-to-date: /home/sf/workspace/orb_slam3_second_ws/orbslam/orbslam3_ros2_ws/install/slam_msgs/include/slam_msgs/slam_msgs/msg/slam_info.h
[0.257s] -- Up-to-date: /home/sf/workspace/orb_slam3_second_ws/orbslam/orbslam3_ros2_ws/install/slam_msgs/include/slam_msgs/slam_msgs/msg/rosidl_generator_c__visibility_control.h
[0.257s] -- Up-to-date: /home/sf/workspace/orb_slam3_second_ws/orbslam/orbslam3_ros2_ws/install/slam_msgs/include/slam_msgs/slam_msgs/msg/detail
[0.258s] -- Up-to-date: /home/sf/workspace/orb_slam3_second_ws/orbslam/orbslam3_ros2_ws/install/slam_msgs/include/slam_msgs/slam_msgs/msg/detail/map_graph__functions.c
[0.258s] -- Up-to-date: /home/sf/workspace/orb_slam3_second_ws/orbslam/orbslam3_ros2_ws/install/slam_msgs/include/slam_msgs/slam_msgs/msg/detail/map_graph__struct.h
[0.258s] -- Up-to-date: /home/sf/workspace/orb_slam3_second_ws/orbslam/orbslam3_ros2_ws/install/slam_msgs/include/slam_msgs/slam_msgs/msg/detail/map_graph__functions.h
[0.258s] -- Up-to-date: /home/sf/workspace/orb_slam3_second_ws/orbslam/orbslam3_ros2_ws/install/slam_msgs/include/slam_msgs/slam_msgs/msg/detail/map_data__functions.h
[0.258s] -- Up-to-date: /home/sf/workspace/orb_slam3_second_ws/orbslam/orbslam3_ros2_ws/install/slam_msgs/include/slam_msgs/slam_msgs/msg/detail/map_data__struct.h
[0.258s] -- Up-to-date: /home/sf/workspace/orb_slam3_second_ws/orbslam/orbslam3_ros2_ws/install/slam_msgs/include/slam_msgs/slam_msgs/msg/detail/slam_info__functions.h
[0.258s] -- Up-to-date: /home/sf/workspace/orb_slam3_second_ws/orbslam/orbslam3_ros2_ws/install/slam_msgs/include/slam_msgs/slam_msgs/msg/detail/slam_info__functions.c
[0.258s] -- Up-to-date: /home/sf/workspace/orb_slam3_second_ws/orbslam/orbslam3_ros2_ws/install/slam_msgs/include/slam_msgs/slam_msgs/msg/detail/map_point__struct.h
[0.258s] -- Up-to-date: /home/sf/workspace/orb_slam3_second_ws/orbslam/orbslam3_ros2_ws/install/slam_msgs/include/slam_msgs/slam_msgs/msg/detail/map_point__type_support.h
[0.258s] -- Up-to-date: /home/sf/workspace/orb_slam3_second_ws/orbslam/orbslam3_ros2_ws/install/slam_msgs/include/slam_msgs/slam_msgs/msg/detail/key_frame__struct.h
[0.258s] -- Up-to-date: /home/sf/workspace/orb_slam3_second_ws/orbslam/orbslam3_ros2_ws/install/slam_msgs/include/slam_msgs/slam_msgs/msg/detail/map_data__functions.c
[0.258s] -- Up-to-date: /home/sf/workspace/orb_slam3_second_ws/orbslam/orbslam3_ros2_ws/install/slam_msgs/include/slam_msgs/slam_msgs/msg/detail/key_frame__type_support.h
[0.258s] -- Up-to-date: /home/sf/workspace/orb_slam3_second_ws/orbslam/orbslam3_ros2_ws/install/slam_msgs/include/slam_msgs/slam_msgs/msg/detail/key_frame__functions.c
[0.258s] -- Up-to-date: /home/sf/workspace/orb_slam3_second_ws/orbslam/orbslam3_ros2_ws/install/slam_msgs/include/slam_msgs/slam_msgs/msg/detail/map_data__type_support.h
[0.258s] -- Up-to-date: /home/sf/workspace/orb_slam3_second_ws/orbslam/orbslam3_ros2_ws/install/slam_msgs/include/slam_msgs/slam_msgs/msg/detail/map_point__functions.h
[0.258s] -- Up-to-date: /home/sf/workspace/orb_slam3_second_ws/orbslam/orbslam3_ros2_ws/install/slam_msgs/include/slam_msgs/slam_msgs/msg/detail/map_graph__type_support.h
[0.258s] -- Up-to-date: /home/sf/workspace/orb_slam3_second_ws/orbslam/orbslam3_ros2_ws/install/slam_msgs/include/slam_msgs/slam_msgs/msg/detail/slam_info__struct.h
[0.258s] -- Up-to-date: /home/sf/workspace/orb_slam3_second_ws/orbslam/orbslam3_ros2_ws/install/slam_msgs/include/slam_msgs/slam_msgs/msg/detail/slam_info__type_support.h
[0.258s] -- Up-to-date: /home/sf/workspace/orb_slam3_second_ws/orbslam/orbslam3_ros2_ws/install/slam_msgs/include/slam_msgs/slam_msgs/msg/detail/map_point__functions.c
[0.258s] -- Up-to-date: /home/sf/workspace/orb_slam3_second_ws/orbslam/orbslam3_ros2_ws/install/slam_msgs/include/slam_msgs/slam_msgs/msg/detail/key_frame__functions.h
[0.258s] -- Up-to-date: /home/sf/workspace/orb_slam3_second_ws/orbslam/orbslam3_ros2_ws/install/slam_msgs/include/slam_msgs/slam_msgs/msg/key_frame.h
[0.258s] -- Up-to-date: /home/sf/workspace/orb_slam3_second_ws/orbslam/orbslam3_ros2_ws/install/slam_msgs/include/slam_msgs/slam_msgs/msg/map_point.h
[0.258s] -- Up-to-date: /home/sf/workspace/orb_slam3_second_ws/orbslam/orbslam3_ros2_ws/install/slam_msgs/share/slam_msgs/environment/library_path.sh
[0.258s] -- Up-to-date: /home/sf/workspace/orb_slam3_second_ws/orbslam/orbslam3_ros2_ws/install/slam_msgs/share/slam_msgs/environment/library_path.dsv
[0.258s] -- Up-to-date: /home/sf/workspace/orb_slam3_second_ws/orbslam/orbslam3_ros2_ws/install/slam_msgs/lib/libslam_msgs__rosidl_generator_c.so
[0.258s] -- Up-to-date: /home/sf/workspace/orb_slam3_second_ws/orbslam/orbslam3_ros2_ws/install/slam_msgs/include/slam_msgs/slam_msgs
[0.258s] -- Up-to-date: /home/sf/workspace/orb_slam3_second_ws/orbslam/orbslam3_ros2_ws/install/slam_msgs/include/slam_msgs/slam_msgs/srv
[0.258s] -- Up-to-date: /home/sf/workspace/orb_slam3_second_ws/orbslam/orbslam3_ros2_ws/install/slam_msgs/include/slam_msgs/slam_msgs/srv/detail
[0.258s] -- Up-to-date: /home/sf/workspace/orb_slam3_second_ws/orbslam/orbslam3_ros2_ws/install/slam_msgs/include/slam_msgs/slam_msgs/srv/detail/get_global_point_cloud__rosidl_typesupport_fastrtps_c.h
[0.258s] -- Up-to-date: /home/sf/workspace/orb_slam3_second_ws/orbslam/orbslam3_ros2_ws/install/slam_msgs/include/slam_msgs/slam_msgs/srv/detail/get_all_landmarks_in_map__rosidl_typesupport_fastrtps_c.h
[0.258s] -- Up-to-date: /home/sf/workspace/orb_slam3_second_ws/orbslam/orbslam3_ros2_ws/install/slam_msgs/include/slam_msgs/slam_msgs/srv/detail/get_landmarks_in_view__rosidl_typesupport_fastrtps_c.h
[0.258s] -- Up-to-date: /home/sf/workspace/orb_slam3_second_ws/orbslam/orbslam3_ros2_ws/install/slam_msgs/include/slam_msgs/slam_msgs/srv/detail/get_map__rosidl_typesupport_fastrtps_c.h
[0.258s] -- Up-to-date: /home/sf/workspace/orb_slam3_second_ws/orbslam/orbslam3_ros2_ws/install/slam_msgs/include/slam_msgs/slam_msgs/msg
[0.258s] -- Up-to-date: /home/sf/workspace/orb_slam3_second_ws/orbslam/orbslam3_ros2_ws/install/slam_msgs/include/slam_msgs/slam_msgs/msg/detail
[0.258s] -- Up-to-date: /home/sf/workspace/orb_slam3_second_ws/orbslam/orbslam3_ros2_ws/install/slam_msgs/include/slam_msgs/slam_msgs/msg/detail/key_frame__rosidl_typesupport_fastrtps_c.h
[0.258s] -- Up-to-date: /home/sf/workspace/orb_slam3_second_ws/orbslam/orbslam3_ros2_ws/install/slam_msgs/include/slam_msgs/slam_msgs/msg/detail/map_graph__rosidl_typesupport_fastrtps_c.h
[0.258s] -- Up-to-date: /home/sf/workspace/orb_slam3_second_ws/orbslam/orbslam3_ros2_ws/install/slam_msgs/include/slam_msgs/slam_msgs/msg/detail/slam_info__rosidl_typesupport_fastrtps_c.h
[0.258s] -- Up-to-date: /home/sf/workspace/orb_slam3_second_ws/orbslam/orbslam3_ros2_ws/install/slam_msgs/include/slam_msgs/slam_msgs/msg/detail/map_data__rosidl_typesupport_fastrtps_c.h
[0.259s] -- Up-to-date: /home/sf/workspace/orb_slam3_second_ws/orbslam/orbslam3_ros2_ws/install/slam_msgs/include/slam_msgs/slam_msgs/msg/detail/map_point__rosidl_typesupport_fastrtps_c.h
[0.259s] -- Up-to-date: /home/sf/workspace/orb_slam3_second_ws/orbslam/orbslam3_ros2_ws/install/slam_msgs/include/slam_msgs/slam_msgs/msg/rosidl_typesupport_fastrtps_c__visibility_control.h
[0.259s] -- Up-to-date: /home/sf/workspace/orb_slam3_second_ws/orbslam/orbslam3_ros2_ws/install/slam_msgs/lib/libslam_msgs__rosidl_typesupport_fastrtps_c.so
[0.259s] -- Up-to-date: /home/sf/workspace/orb_slam3_second_ws/orbslam/orbslam3_ros2_ws/install/slam_msgs/include/slam_msgs/slam_msgs
[0.259s] -- Up-to-date: /home/sf/workspace/orb_slam3_second_ws/orbslam/orbslam3_ros2_ws/install/slam_msgs/include/slam_msgs/slam_msgs/srv
[0.259s] -- Up-to-date: /home/sf/workspace/orb_slam3_second_ws/orbslam/orbslam3_ros2_ws/install/slam_msgs/include/slam_msgs/slam_msgs/srv/get_global_point_cloud.hpp
[0.259s] -- Up-to-date: /home/sf/workspace/orb_slam3_second_ws/orbslam/orbslam3_ros2_ws/install/slam_msgs/include/slam_msgs/slam_msgs/srv/get_map.hpp
[0.259s] -- Up-to-date: /home/sf/workspace/orb_slam3_second_ws/orbslam/orbslam3_ros2_ws/install/slam_msgs/include/slam_msgs/slam_msgs/srv/get_all_landmarks_in_map.hpp
[0.259s] -- Up-to-date: /home/sf/workspace/orb_slam3_second_ws/orbslam/orbslam3_ros2_ws/install/slam_msgs/include/slam_msgs/slam_msgs/srv/detail
[0.259s] -- Up-to-date: /home/sf/workspace/orb_slam3_second_ws/orbslam/orbslam3_ros2_ws/install/slam_msgs/include/slam_msgs/slam_msgs/srv/detail/get_map__type_support.hpp
[0.259s] -- Up-to-date: /home/sf/workspace/orb_slam3_second_ws/orbslam/orbslam3_ros2_ws/install/slam_msgs/include/slam_msgs/slam_msgs/srv/detail/get_global_point_cloud__traits.hpp
[0.259s] -- Up-to-date: /home/sf/workspace/orb_slam3_second_ws/orbslam/orbslam3_ros2_ws/install/slam_msgs/include/slam_msgs/slam_msgs/srv/detail/get_landmarks_in_view__traits.hpp
[0.259s] -- Up-to-date: /home/sf/workspace/orb_slam3_second_ws/orbslam/orbslam3_ros2_ws/install/slam_msgs/include/slam_msgs/slam_msgs/srv/detail/get_all_landmarks_in_map__traits.hpp
[0.259s] -- Up-to-date: /home/sf/workspace/orb_slam3_second_ws/orbslam/orbslam3_ros2_ws/install/slam_msgs/include/slam_msgs/slam_msgs/srv/detail/get_all_landmarks_in_map__builder.hpp
[0.259s] -- Up-to-date: /home/sf/workspace/orb_slam3_second_ws/orbslam/orbslam3_ros2_ws/install/slam_msgs/include/slam_msgs/slam_msgs/srv/detail/get_global_point_cloud__builder.hpp
[0.259s] -- Up-to-date: /home/sf/workspace/orb_slam3_second_ws/orbslam/orbslam3_ros2_ws/install/slam_msgs/include/slam_msgs/slam_msgs/srv/detail/get_map__builder.hpp
[0.259s] -- Up-to-date: /home/sf/workspace/orb_slam3_second_ws/orbslam/orbslam3_ros2_ws/install/slam_msgs/include/slam_msgs/slam_msgs/srv/detail/get_map__struct.hpp
[0.259s] -- Up-to-date: /home/sf/workspace/orb_slam3_second_ws/orbslam/orbslam3_ros2_ws/install/slam_msgs/include/slam_msgs/slam_msgs/srv/detail/get_landmarks_in_view__struct.hpp
[0.259s] -- Up-to-date: /home/sf/workspace/orb_slam3_second_ws/orbslam/orbslam3_ros2_ws/install/slam_msgs/include/slam_msgs/slam_msgs/srv/detail/get_all_landmarks_in_map__type_support.hpp
[0.259s] -- Up-to-date: /home/sf/workspace/orb_slam3_second_ws/orbslam/orbslam3_ros2_ws/install/slam_msgs/include/slam_msgs/slam_msgs/srv/detail/get_map__traits.hpp
[0.259s] -- Up-to-date: /home/sf/workspace/orb_slam3_second_ws/orbslam/orbslam3_ros2_ws/install/slam_msgs/include/slam_msgs/slam_msgs/srv/detail/get_global_point_cloud__type_support.hpp
[0.259s] -- Up-to-date: /home/sf/workspace/orb_slam3_second_ws/orbslam/orbslam3_ros2_ws/install/slam_msgs/include/slam_msgs/slam_msgs/srv/detail/get_landmarks_in_view__builder.hpp
[0.259s] -- Up-to-date: /home/sf/workspace/orb_slam3_second_ws/orbslam/orbslam3_ros2_ws/install/slam_msgs/include/slam_msgs/slam_msgs/srv/detail/get_landmarks_in_view__type_support.hpp
[0.259s] -- Up-to-date: /home/sf/workspace/orb_slam3_second_ws/orbslam/orbslam3_ros2_ws/install/slam_msgs/include/slam_msgs/slam_msgs/srv/detail/get_global_point_cloud__struct.hpp
[0.259s] -- Up-to-date: /home/sf/workspace/orb_slam3_second_ws/orbslam/orbslam3_ros2_ws/install/slam_msgs/include/slam_msgs/slam_msgs/srv/detail/get_all_landmarks_in_map__struct.hpp
[0.259s] -- Up-to-date: /home/sf/workspace/orb_slam3_second_ws/orbslam/orbslam3_ros2_ws/install/slam_msgs/include/slam_msgs/slam_msgs/srv/get_landmarks_in_view.hpp
[0.259s] -- Up-to-date: /home/sf/workspace/orb_slam3_second_ws/orbslam/orbslam3_ros2_ws/install/slam_msgs/include/slam_msgs/slam_msgs/msg
[0.259s] -- Up-to-date: /home/sf/workspace/orb_slam3_second_ws/orbslam/orbslam3_ros2_ws/install/slam_msgs/include/slam_msgs/slam_msgs/msg/map_data.hpp
[0.259s] -- Up-to-date: /home/sf/workspace/orb_slam3_second_ws/orbslam/orbslam3_ros2_ws/install/slam_msgs/include/slam_msgs/slam_msgs/msg/rosidl_generator_cpp__visibility_control.hpp
[0.259s] -- Up-to-date: /home/sf/workspace/orb_slam3_second_ws/orbslam/orbslam3_ros2_ws/install/slam_msgs/include/slam_msgs/slam_msgs/msg/map_point.hpp
[0.259s] -- Up-to-date: /home/sf/workspace/orb_slam3_second_ws/orbslam/orbslam3_ros2_ws/install/slam_msgs/include/slam_msgs/slam_msgs/msg/detail
[0.259s] -- Up-to-date: /home/sf/workspace/orb_slam3_second_ws/orbslam/orbslam3_ros2_ws/install/slam_msgs/include/slam_msgs/slam_msgs/msg/detail/slam_info__struct.hpp
[0.259s] -- Up-to-date: /home/sf/workspace/orb_slam3_second_ws/orbslam/orbslam3_ros2_ws/install/slam_msgs/include/slam_msgs/slam_msgs/msg/detail/key_frame__type_support.hpp
[0.259s] -- Up-to-date: /home/sf/workspace/orb_slam3_second_ws/orbslam/orbslam3_ros2_ws/install/slam_msgs/include/slam_msgs/slam_msgs/msg/detail/map_data__struct.hpp
[0.259s] -- Up-to-date: /home/sf/workspace/orb_slam3_second_ws/orbslam/orbslam3_ros2_ws/install/slam_msgs/include/slam_msgs/slam_msgs/msg/detail/key_frame__builder.hpp
[0.260s] -- Up-to-date: /home/sf/workspace/orb_slam3_second_ws/orbslam/orbslam3_ros2_ws/install/slam_msgs/include/slam_msgs/slam_msgs/msg/detail/map_graph__builder.hpp
[0.260s] -- Up-to-date: /home/sf/workspace/orb_slam3_second_ws/orbslam/orbslam3_ros2_ws/install/slam_msgs/include/slam_msgs/slam_msgs/msg/detail/slam_info__traits.hpp
[0.260s] -- Up-to-date: /home/sf/workspace/orb_slam3_second_ws/orbslam/orbslam3_ros2_ws/install/slam_msgs/include/slam_msgs/slam_msgs/msg/detail/slam_info__type_support.hpp
[0.260s] -- Up-to-date: /home/sf/workspace/orb_slam3_second_ws/orbslam/orbslam3_ros2_ws/install/slam_msgs/include/slam_msgs/slam_msgs/msg/detail/key_frame__struct.hpp
[0.260s] -- Up-to-date: /home/sf/workspace/orb_slam3_second_ws/orbslam/orbslam3_ros2_ws/install/slam_msgs/include/slam_msgs/slam_msgs/msg/detail/slam_info__builder.hpp
[0.260s] -- Up-to-date: /home/sf/workspace/orb_slam3_second_ws/orbslam/orbslam3_ros2_ws/install/slam_msgs/include/slam_msgs/slam_msgs/msg/detail/map_graph__struct.hpp
[0.260s] -- Up-to-date: /home/sf/workspace/orb_slam3_second_ws/orbslam/orbslam3_ros2_ws/install/slam_msgs/include/slam_msgs/slam_msgs/msg/detail/map_graph__type_support.hpp
[0.260s] -- Up-to-date: /home/sf/workspace/orb_slam3_second_ws/orbslam/orbslam3_ros2_ws/install/slam_msgs/include/slam_msgs/slam_msgs/msg/detail/map_data__builder.hpp
[0.260s] -- Up-to-date: /home/sf/workspace/orb_slam3_second_ws/orbslam/orbslam3_ros2_ws/install/slam_msgs/include/slam_msgs/slam_msgs/msg/detail/map_data__type_support.hpp
[0.260s] -- Up-to-date: /home/sf/workspace/orb_slam3_second_ws/orbslam/orbslam3_ros2_ws/install/slam_msgs/include/slam_msgs/slam_msgs/msg/detail/key_frame__traits.hpp
[0.260s] -- Up-to-date: /home/sf/workspace/orb_slam3_second_ws/orbslam/orbslam3_ros2_ws/install/slam_msgs/include/slam_msgs/slam_msgs/msg/detail/map_graph__traits.hpp
[0.260s] -- Up-to-date: /home/sf/workspace/orb_slam3_second_ws/orbslam/orbslam3_ros2_ws/install/slam_msgs/include/slam_msgs/slam_msgs/msg/detail/map_point__builder.hpp
[0.260s] -- Up-to-date: /home/sf/workspace/orb_slam3_second_ws/orbslam/orbslam3_ros2_ws/install/slam_msgs/include/slam_msgs/slam_msgs/msg/detail/map_point__type_support.hpp
[0.260s] -- Up-to-date: /home/sf/workspace/orb_slam3_second_ws/orbslam/orbslam3_ros2_ws/install/slam_msgs/include/slam_msgs/slam_msgs/msg/detail/map_point__traits.hpp
[0.260s] -- Up-to-date: /home/sf/workspace/orb_slam3_second_ws/orbslam/orbslam3_ros2_ws/install/slam_msgs/include/slam_msgs/slam_msgs/msg/detail/map_point__struct.hpp
[0.260s] -- Up-to-date: /home/sf/workspace/orb_slam3_second_ws/orbslam/orbslam3_ros2_ws/install/slam_msgs/include/slam_msgs/slam_msgs/msg/detail/map_data__traits.hpp
[0.260s] -- Up-to-date: /home/sf/workspace/orb_slam3_second_ws/orbslam/orbslam3_ros2_ws/install/slam_msgs/include/slam_msgs/slam_msgs/msg/map_graph.hpp
[0.260s] -- Up-to-date: /home/sf/workspace/orb_slam3_second_ws/orbslam/orbslam3_ros2_ws/install/slam_msgs/include/slam_msgs/slam_msgs/msg/key_frame.hpp
[0.260s] -- Up-to-date: /home/sf/workspace/orb_slam3_second_ws/orbslam/orbslam3_ros2_ws/install/slam_msgs/include/slam_msgs/slam_msgs/msg/slam_info.hpp
[0.260s] -- Up-to-date: /home/sf/workspace/orb_slam3_second_ws/orbslam/orbslam3_ros2_ws/install/slam_msgs/include/slam_msgs/slam_msgs
[0.260s] -- Up-to-date: /home/sf/workspace/orb_slam3_second_ws/orbslam/orbslam3_ros2_ws/install/slam_msgs/include/slam_msgs/slam_msgs/srv
[0.260s] -- Up-to-date: /home/sf/workspace/orb_slam3_second_ws/orbslam/orbslam3_ros2_ws/install/slam_msgs/include/slam_msgs/slam_msgs/srv/detail
[0.260s] -- Up-to-date: /home/sf/workspace/orb_slam3_second_ws/orbslam/orbslam3_ros2_ws/install/slam_msgs/include/slam_msgs/slam_msgs/srv/detail/get_map__rosidl_typesupport_fastrtps_cpp.hpp
[0.260s] -- Up-to-date: /home/sf/workspace/orb_slam3_second_ws/orbslam/orbslam3_ros2_ws/install/slam_msgs/include/slam_msgs/slam_msgs/srv/detail/get_landmarks_in_view__rosidl_typesupport_fastrtps_cpp.hpp
[0.260s] -- Up-to-date: /home/sf/workspace/orb_slam3_second_ws/orbslam/orbslam3_ros2_ws/install/slam_msgs/include/slam_msgs/slam_msgs/srv/detail/get_all_landmarks_in_map__rosidl_typesupport_fastrtps_cpp.hpp
[0.260s] -- Up-to-date: /home/sf/workspace/orb_slam3_second_ws/orbslam/orbslam3_ros2_ws/install/slam_msgs/include/slam_msgs/slam_msgs/srv/detail/get_global_point_cloud__rosidl_typesupport_fastrtps_cpp.hpp
[0.260s] -- Up-to-date: /home/sf/workspace/orb_slam3_second_ws/orbslam/orbslam3_ros2_ws/install/slam_msgs/include/slam_msgs/slam_msgs/srv/detail/dds_fastrtps
[0.260s] -- Up-to-date: /home/sf/workspace/orb_slam3_second_ws/orbslam/orbslam3_ros2_ws/install/slam_msgs/include/slam_msgs/slam_msgs/msg
[0.260s] -- Up-to-date: /home/sf/workspace/orb_slam3_second_ws/orbslam/orbslam3_ros2_ws/install/slam_msgs/include/slam_msgs/slam_msgs/msg/detail
[0.260s] -- Up-to-date: /home/sf/workspace/orb_slam3_second_ws/orbslam/orbslam3_ros2_ws/install/slam_msgs/include/slam_msgs/slam_msgs/msg/detail/map_point__rosidl_typesupport_fastrtps_cpp.hpp
[0.260s] -- Up-to-date: /home/sf/workspace/orb_slam3_second_ws/orbslam/orbslam3_ros2_ws/install/slam_msgs/include/slam_msgs/slam_msgs/msg/detail/map_data__rosidl_typesupport_fastrtps_cpp.hpp
[0.260s] -- Up-to-date: /home/sf/workspace/orb_slam3_second_ws/orbslam/orbslam3_ros2_ws/install/slam_msgs/include/slam_msgs/slam_msgs/msg/detail/key_frame__rosidl_typesupport_fastrtps_cpp.hpp
[0.260s] -- Up-to-date: /home/sf/workspace/orb_slam3_second_ws/orbslam/orbslam3_ros2_ws/install/slam_msgs/include/slam_msgs/slam_msgs/msg/detail/slam_info__rosidl_typesupport_fastrtps_cpp.hpp
[0.260s] -- Up-to-date: /home/sf/workspace/orb_slam3_second_ws/orbslam/orbslam3_ros2_ws/install/slam_msgs/include/slam_msgs/slam_msgs/msg/detail/map_graph__rosidl_typesupport_fastrtps_cpp.hpp
[0.260s] -- Up-to-date: /home/sf/workspace/orb_slam3_second_ws/orbslam/orbslam3_ros2_ws/install/slam_msgs/include/slam_msgs/slam_msgs/msg/detail/dds_fastrtps
[0.260s] -- Up-to-date: /home/sf/workspace/orb_slam3_second_ws/orbslam/orbslam3_ros2_ws/install/slam_msgs/include/slam_msgs/slam_msgs/msg/rosidl_typesupport_fastrtps_cpp__visibility_control.h
[0.260s] -- Up-to-date: /home/sf/workspace/orb_slam3_second_ws/orbslam/orbslam3_ros2_ws/install/slam_msgs/lib/libslam_msgs__rosidl_typesupport_fastrtps_cpp.so
[0.260s] -- Up-to-date: /home/sf/workspace/orb_slam3_second_ws/orbslam/orbslam3_ros2_ws/install/slam_msgs/include/slam_msgs/slam_msgs
[0.260s] -- Up-to-date: /home/sf/workspace/orb_slam3_second_ws/orbslam/orbslam3_ros2_ws/install/slam_msgs/include/slam_msgs/slam_msgs/srv
[0.260s] -- Up-to-date: /home/sf/workspace/orb_slam3_second_ws/orbslam/orbslam3_ros2_ws/install/slam_msgs/include/slam_msgs/slam_msgs/srv/detail
[0.261s] -- Up-to-date: /home/sf/workspace/orb_slam3_second_ws/orbslam/orbslam3_ros2_ws/install/slam_msgs/include/slam_msgs/slam_msgs/srv/detail/get_landmarks_in_view__rosidl_typesupport_introspection_c.h
[0.261s] -- Up-to-date: /home/sf/workspace/orb_slam3_second_ws/orbslam/orbslam3_ros2_ws/install/slam_msgs/include/slam_msgs/slam_msgs/srv/detail/get_global_point_cloud__rosidl_typesupport_introspection_c.h
[0.261s] -- Up-to-date: /home/sf/workspace/orb_slam3_second_ws/orbslam/orbslam3_ros2_ws/install/slam_msgs/include/slam_msgs/slam_msgs/srv/detail/get_map__rosidl_typesupport_introspection_c.h
[0.261s] -- Up-to-date: /home/sf/workspace/orb_slam3_second_ws/orbslam/orbslam3_ros2_ws/install/slam_msgs/include/slam_msgs/slam_msgs/srv/detail/get_landmarks_in_view__type_support.c
[0.261s] -- Up-to-date: /home/sf/workspace/orb_slam3_second_ws/orbslam/orbslam3_ros2_ws/install/slam_msgs/include/slam_msgs/slam_msgs/srv/detail/get_global_point_cloud__type_support.c
[0.261s] -- Up-to-date: /home/sf/workspace/orb_slam3_second_ws/orbslam/orbslam3_ros2_ws/install/slam_msgs/include/slam_msgs/slam_msgs/srv/detail/get_map__type_support.c
[0.261s] -- Up-to-date: /home/sf/workspace/orb_slam3_second_ws/orbslam/orbslam3_ros2_ws/install/slam_msgs/include/slam_msgs/slam_msgs/srv/detail/get_all_landmarks_in_map__rosidl_typesupport_introspection_c.h
[0.261s] -- Up-to-date: /home/sf/workspace/orb_slam3_second_ws/orbslam/orbslam3_ros2_ws/install/slam_msgs/include/slam_msgs/slam_msgs/srv/detail/get_all_landmarks_in_map__type_support.c
[0.261s] -- Up-to-date: /home/sf/workspace/orb_slam3_second_ws/orbslam/orbslam3_ros2_ws/install/slam_msgs/include/slam_msgs/slam_msgs/msg
[0.261s] -- Up-to-date: /home/sf/workspace/orb_slam3_second_ws/orbslam/orbslam3_ros2_ws/install/slam_msgs/include/slam_msgs/slam_msgs/msg/detail
[0.261s] -- Up-to-date: /home/sf/workspace/orb_slam3_second_ws/orbslam/orbslam3_ros2_ws/install/slam_msgs/include/slam_msgs/slam_msgs/msg/detail/map_point__type_support.c
[0.261s] -- Up-to-date: /home/sf/workspace/orb_slam3_second_ws/orbslam/orbslam3_ros2_ws/install/slam_msgs/include/slam_msgs/slam_msgs/msg/detail/key_frame__rosidl_typesupport_introspection_c.h
[0.261s] -- Up-to-date: /home/sf/workspace/orb_slam3_second_ws/orbslam/orbslam3_ros2_ws/install/slam_msgs/include/slam_msgs/slam_msgs/msg/detail/map_graph__type_support.c
[0.261s] -- Up-to-date: /home/sf/workspace/orb_slam3_second_ws/orbslam/orbslam3_ros2_ws/install/slam_msgs/include/slam_msgs/slam_msgs/msg/detail/map_point__rosidl_typesupport_introspection_c.h
[0.261s] -- Up-to-date: /home/sf/workspace/orb_slam3_second_ws/orbslam/orbslam3_ros2_ws/install/slam_msgs/include/slam_msgs/slam_msgs/msg/detail/slam_info__rosidl_typesupport_introspection_c.h
[0.261s] -- Up-to-date: /home/sf/workspace/orb_slam3_second_ws/orbslam/orbslam3_ros2_ws/install/slam_msgs/include/slam_msgs/slam_msgs/msg/detail/slam_info__type_support.c
[0.261s] -- Up-to-date: /home/sf/workspace/orb_slam3_second_ws/orbslam/orbslam3_ros2_ws/install/slam_msgs/include/slam_msgs/slam_msgs/msg/detail/map_data__type_support.c
[0.261s] -- Up-to-date: /home/sf/workspace/orb_slam3_second_ws/orbslam/orbslam3_ros2_ws/install/slam_msgs/include/slam_msgs/slam_msgs/msg/detail/key_frame__type_support.c
[0.261s] -- Up-to-date: /home/sf/workspace/orb_slam3_second_ws/orbslam/orbslam3_ros2_ws/install/slam_msgs/include/slam_msgs/slam_msgs/msg/detail/map_data__rosidl_typesupport_introspection_c.h
[0.261s] -- Up-to-date: /home/sf/workspace/orb_slam3_second_ws/orbslam/orbslam3_ros2_ws/install/slam_msgs/include/slam_msgs/slam_msgs/msg/detail/map_graph__rosidl_typesupport_introspection_c.h
[0.261s] -- Up-to-date: /home/sf/workspace/orb_slam3_second_ws/orbslam/orbslam3_ros2_ws/install/slam_msgs/include/slam_msgs/slam_msgs/msg/rosidl_typesupport_introspection_c__visibility_control.h
[0.261s] -- Up-to-date: /home/sf/workspace/orb_slam3_second_ws/orbslam/orbslam3_ros2_ws/install/slam_msgs/lib/libslam_msgs__rosidl_typesupport_introspection_c.so
[0.261s] -- Up-to-date: /home/sf/workspace/orb_slam3_second_ws/orbslam/orbslam3_ros2_ws/install/slam_msgs/lib/libslam_msgs__rosidl_typesupport_c.so
[0.261s] -- Up-to-date: /home/sf/workspace/orb_slam3_second_ws/orbslam/orbslam3_ros2_ws/install/slam_msgs/include/slam_msgs/slam_msgs
[0.261s] -- Up-to-date: /home/sf/workspace/orb_slam3_second_ws/orbslam/orbslam3_ros2_ws/install/slam_msgs/include/slam_msgs/slam_msgs/srv
[0.261s] -- Up-to-date: /home/sf/workspace/orb_slam3_second_ws/orbslam/orbslam3_ros2_ws/install/slam_msgs/include/slam_msgs/slam_msgs/srv/detail
[0.261s] -- Up-to-date: /home/sf/workspace/orb_slam3_second_ws/orbslam/orbslam3_ros2_ws/install/slam_msgs/include/slam_msgs/slam_msgs/srv/detail/get_map__type_support.cpp
[0.261s] -- Up-to-date: /home/sf/workspace/orb_slam3_second_ws/orbslam/orbslam3_ros2_ws/install/slam_msgs/include/slam_msgs/slam_msgs/srv/detail/get_all_landmarks_in_map__rosidl_typesupport_introspection_cpp.hpp
[0.261s] -- Up-to-date: /home/sf/workspace/orb_slam3_second_ws/orbslam/orbslam3_ros2_ws/install/slam_msgs/include/slam_msgs/slam_msgs/srv/detail/get_landmarks_in_view__type_support.cpp
[0.261s] -- Up-to-date: /home/sf/workspace/orb_slam3_second_ws/orbslam/orbslam3_ros2_ws/install/slam_msgs/include/slam_msgs/slam_msgs/srv/detail/get_global_point_cloud__type_support.cpp
[0.261s] -- Up-to-date: /home/sf/workspace/orb_slam3_second_ws/orbslam/orbslam3_ros2_ws/install/slam_msgs/include/slam_msgs/slam_msgs/srv/detail/get_all_landmarks_in_map__type_support.cpp
[0.261s] -- Up-to-date: /home/sf/workspace/orb_slam3_second_ws/orbslam/orbslam3_ros2_ws/install/slam_msgs/include/slam_msgs/slam_msgs/srv/detail/get_global_point_cloud__rosidl_typesupport_introspection_cpp.hpp
[0.261s] -- Up-to-date: /home/sf/workspace/orb_slam3_second_ws/orbslam/orbslam3_ros2_ws/install/slam_msgs/include/slam_msgs/slam_msgs/srv/detail/get_landmarks_in_view__rosidl_typesupport_introspection_cpp.hpp
[0.261s] -- Up-to-date: /home/sf/workspace/orb_slam3_second_ws/orbslam/orbslam3_ros2_ws/install/slam_msgs/include/slam_msgs/slam_msgs/srv/detail/get_map__rosidl_typesupport_introspection_cpp.hpp
[0.261s] -- Up-to-date: /home/sf/workspace/orb_slam3_second_ws/orbslam/orbslam3_ros2_ws/install/slam_msgs/include/slam_msgs/slam_msgs/msg
[0.261s] -- Up-to-date: /home/sf/workspace/orb_slam3_second_ws/orbslam/orbslam3_ros2_ws/install/slam_msgs/include/slam_msgs/slam_msgs/msg/detail
[0.261s] -- Up-to-date: /home/sf/workspace/orb_slam3_second_ws/orbslam/orbslam3_ros2_ws/install/slam_msgs/include/slam_msgs/slam_msgs/msg/detail/slam_info__type_support.cpp
[0.261s] -- Up-to-date: /home/sf/workspace/orb_slam3_second_ws/orbslam/orbslam3_ros2_ws/install/slam_msgs/include/slam_msgs/slam_msgs/msg/detail/map_point__rosidl_typesupport_introspection_cpp.hpp
[0.261s] -- Up-to-date: /home/sf/workspace/orb_slam3_second_ws/orbslam/orbslam3_ros2_ws/install/slam_msgs/include/slam_msgs/slam_msgs/msg/detail/map_graph__rosidl_typesupport_introspection_cpp.hpp
[0.261s] -- Up-to-date: /home/sf/workspace/orb_slam3_second_ws/orbslam/orbslam3_ros2_ws/install/slam_msgs/include/slam_msgs/slam_msgs/msg/detail/slam_info__rosidl_typesupport_introspection_cpp.hpp
[0.261s] -- Up-to-date: /home/sf/workspace/orb_slam3_second_ws/orbslam/orbslam3_ros2_ws/install/slam_msgs/include/slam_msgs/slam_msgs/msg/detail/key_frame__rosidl_typesupport_introspection_cpp.hpp
[0.261s] -- Up-to-date: /home/sf/workspace/orb_slam3_second_ws/orbslam/orbslam3_ros2_ws/install/slam_msgs/include/slam_msgs/slam_msgs/msg/detail/map_point__type_support.cpp
[0.261s] -- Up-to-date: /home/sf/workspace/orb_slam3_second_ws/orbslam/orbslam3_ros2_ws/install/slam_msgs/include/slam_msgs/slam_msgs/msg/detail/key_frame__type_support.cpp
[0.261s] -- Up-to-date: /home/sf/workspace/orb_slam3_second_ws/orbslam/orbslam3_ros2_ws/install/slam_msgs/include/slam_msgs/slam_msgs/msg/detail/map_data__type_support.cpp
[0.261s] -- Up-to-date: /home/sf/workspace/orb_slam3_second_ws/orbslam/orbslam3_ros2_ws/install/slam_msgs/include/slam_msgs/slam_msgs/msg/detail/map_data__rosidl_typesupport_introspection_cpp.hpp
[0.261s] -- Up-to-date: /home/sf/workspace/orb_slam3_second_ws/orbslam/orbslam3_ros2_ws/install/slam_msgs/include/slam_msgs/slam_msgs/msg/detail/map_graph__type_support.cpp
[0.261s] -- Up-to-date: /home/sf/workspace/orb_slam3_second_ws/orbslam/orbslam3_ros2_ws/install/slam_msgs/lib/libslam_msgs__rosidl_typesupport_introspection_cpp.so
[0.262s] -- Up-to-date: /home/sf/workspace/orb_slam3_second_ws/orbslam/orbslam3_ros2_ws/install/slam_msgs/lib/libslam_msgs__rosidl_typesupport_cpp.so
[0.262s] -- Up-to-date: /home/sf/workspace/orb_slam3_second_ws/orbslam/orbslam3_ros2_ws/install/slam_msgs/share/slam_msgs/environment/pythonpath.sh
[0.262s] -- Up-to-date: /home/sf/workspace/orb_slam3_second_ws/orbslam/orbslam3_ros2_ws/install/slam_msgs/share/slam_msgs/environment/pythonpath.dsv
[0.262s] -- Up-to-date: /home/sf/workspace/orb_slam3_second_ws/orbslam/orbslam3_ros2_ws/install/slam_msgs/local/lib/python3.10/dist-packages/slam_msgs-1.0.0-py3.10.egg-info
[0.262s] -- Installing: /home/sf/workspace/orb_slam3_second_ws/orbslam/orbslam3_ros2_ws/install/slam_msgs/local/lib/python3.10/dist-packages/slam_msgs-1.0.0-py3.10.egg-info/PKG-INFO
[0.262s] -- Installing: /home/sf/workspace/orb_slam3_second_ws/orbslam/orbslam3_ros2_ws/install/slam_msgs/local/lib/python3.10/dist-packages/slam_msgs-1.0.0-py3.10.egg-info/dependency_links.txt
[0.262s] -- Installing: /home/sf/workspace/orb_slam3_second_ws/orbslam/orbslam3_ros2_ws/install/slam_msgs/local/lib/python3.10/dist-packages/slam_msgs-1.0.0-py3.10.egg-info/SOURCES.txt
[0.262s] -- Installing: /home/sf/workspace/orb_slam3_second_ws/orbslam/orbslam3_ros2_ws/install/slam_msgs/local/lib/python3.10/dist-packages/slam_msgs-1.0.0-py3.10.egg-info/top_level.txt
[0.262s] -- Up-to-date: /home/sf/workspace/orb_slam3_second_ws/orbslam/orbslam3_ros2_ws/install/slam_msgs/local/lib/python3.10/dist-packages/slam_msgs
[0.262s] -- Up-to-date: /home/sf/workspace/orb_slam3_second_ws/orbslam/orbslam3_ros2_ws/install/slam_msgs/local/lib/python3.10/dist-packages/slam_msgs/slam_msgs_s__rosidl_typesupport_fastrtps_c.cpython-310-x86_64-linux-gnu.so
[0.262s] -- Up-to-date: /home/sf/workspace/orb_slam3_second_ws/orbslam/orbslam3_ros2_ws/install/slam_msgs/local/lib/python3.10/dist-packages/slam_msgs/slam_msgs_s__rosidl_typesupport_introspection_c.cpython-310-x86_64-linux-gnu.so
[0.262s] -- Up-to-date: /home/sf/workspace/orb_slam3_second_ws/orbslam/orbslam3_ros2_ws/install/slam_msgs/local/lib/python3.10/dist-packages/slam_msgs/slam_msgs_s__rosidl_typesupport_c.cpython-310-x86_64-linux-gnu.so
[0.262s] -- Up-to-date: /home/sf/workspace/orb_slam3_second_ws/orbslam/orbslam3_ros2_ws/install/slam_msgs/local/lib/python3.10/dist-packages/slam_msgs/libslam_msgs__rosidl_generator_py.so
[0.262s] -- Up-to-date: /home/sf/workspace/orb_slam3_second_ws/orbslam/orbslam3_ros2_ws/install/slam_msgs/local/lib/python3.10/dist-packages/slam_msgs/_slam_msgs_s.ep.rosidl_typesupport_introspection_c.c
[0.262s] -- Up-to-date: /home/sf/workspace/orb_slam3_second_ws/orbslam/orbslam3_ros2_ws/install/slam_msgs/local/lib/python3.10/dist-packages/slam_msgs/srv
[0.262s] -- Up-to-date: /home/sf/workspace/orb_slam3_second_ws/orbslam/orbslam3_ros2_ws/install/slam_msgs/local/lib/python3.10/dist-packages/slam_msgs/srv/_get_all_landmarks_in_map_s.c
[0.262s] -- Up-to-date: /home/sf/workspace/orb_slam3_second_ws/orbslam/orbslam3_ros2_ws/install/slam_msgs/local/lib/python3.10/dist-packages/slam_msgs/srv/_get_all_landmarks_in_map.py
[0.262s] -- Up-to-date: /home/sf/workspace/orb_slam3_second_ws/orbslam/orbslam3_ros2_ws/install/slam_msgs/local/lib/python3.10/dist-packages/slam_msgs/srv/_get_global_point_cloud_s.c
[0.262s] -- Up-to-date: /home/sf/workspace/orb_slam3_second_ws/orbslam/orbslam3_ros2_ws/install/slam_msgs/local/lib/python3.10/dist-packages/slam_msgs/srv/_get_map_s.c
[0.262s] -- Up-to-date: /home/sf/workspace/orb_slam3_second_ws/orbslam/orbslam3_ros2_ws/install/slam_msgs/local/lib/python3.10/dist-packages/slam_msgs/srv/_get_map.py
[0.262s] -- Up-to-date: /home/sf/workspace/orb_slam3_second_ws/orbslam/orbslam3_ros2_ws/install/slam_msgs/local/lib/python3.10/dist-packages/slam_msgs/srv/_get_landmarks_in_view_s.c
[0.262s] -- Up-to-date: /home/sf/workspace/orb_slam3_second_ws/orbslam/orbslam3_ros2_ws/install/slam_msgs/local/lib/python3.10/dist-packages/slam_msgs/srv/__init__.py
[0.262s] -- Up-to-date: /home/sf/workspace/orb_slam3_second_ws/orbslam/orbslam3_ros2_ws/install/slam_msgs/local/lib/python3.10/dist-packages/slam_msgs/srv/_get_global_point_cloud.py
[0.262s] -- Up-to-date: /home/sf/workspace/orb_slam3_second_ws/orbslam/orbslam3_ros2_ws/install/slam_msgs/local/lib/python3.10/dist-packages/slam_msgs/srv/_get_landmarks_in_view.py
[0.262s] -- Up-to-date: /home/sf/workspace/orb_slam3_second_ws/orbslam/orbslam3_ros2_ws/install/slam_msgs/local/lib/python3.10/dist-packages/slam_msgs/msg
[0.262s] -- Up-to-date: /home/sf/workspace/orb_slam3_second_ws/orbslam/orbslam3_ros2_ws/install/slam_msgs/local/lib/python3.10/dist-packages/slam_msgs/msg/_map_data_s.c
[0.262s] -- Up-to-date: /home/sf/workspace/orb_slam3_second_ws/orbslam/orbslam3_ros2_ws/install/slam_msgs/local/lib/python3.10/dist-packages/slam_msgs/msg/_map_graph_s.c
[0.262s] -- Up-to-date: /home/sf/workspace/orb_slam3_second_ws/orbslam/orbslam3_ros2_ws/install/slam_msgs/local/lib/python3.10/dist-packages/slam_msgs/msg/_key_frame_s.c
[0.262s] -- Up-to-date: /home/sf/workspace/orb_slam3_second_ws/orbslam/orbslam3_ros2_ws/install/slam_msgs/local/lib/python3.10/dist-packages/slam_msgs/msg/_map_graph.py
[0.262s] -- Up-to-date: /home/sf/workspace/orb_slam3_second_ws/orbslam/orbslam3_ros2_ws/install/slam_msgs/local/lib/python3.10/dist-packages/slam_msgs/msg/_key_frame.py
[0.262s] -- Up-to-date: /home/sf/workspace/orb_slam3_second_ws/orbslam/orbslam3_ros2_ws/install/slam_msgs/local/lib/python3.10/dist-packages/slam_msgs/msg/_map_point_s.c
[0.262s] -- Up-to-date: /home/sf/workspace/orb_slam3_second_ws/orbslam/orbslam3_ros2_ws/install/slam_msgs/local/lib/python3.10/dist-packages/slam_msgs/msg/__init__.py
[0.262s] -- Up-to-date: /home/sf/workspace/orb_slam3_second_ws/orbslam/orbslam3_ros2_ws/install/slam_msgs/local/lib/python3.10/dist-packages/slam_msgs/msg/_map_point.py
[0.262s] -- Up-to-date: /home/sf/workspace/orb_slam3_second_ws/orbslam/orbslam3_ros2_ws/install/slam_msgs/local/lib/python3.10/dist-packages/slam_msgs/msg/_slam_info.py
[0.262s] -- Up-to-date: /home/sf/workspace/orb_slam3_second_ws/orbslam/orbslam3_ros2_ws/install/slam_msgs/local/lib/python3.10/dist-packages/slam_msgs/msg/_map_data.py
[0.262s] -- Up-to-date: /home/sf/workspace/orb_slam3_second_ws/orbslam/orbslam3_ros2_ws/install/slam_msgs/local/lib/python3.10/dist-packages/slam_msgs/msg/_slam_info_s.c
[0.262s] -- Up-to-date: /home/sf/workspace/orb_slam3_second_ws/orbslam/orbslam3_ros2_ws/install/slam_msgs/local/lib/python3.10/dist-packages/slam_msgs/_slam_msgs_s.ep.rosidl_typesupport_c.c
[0.262s] -- Up-to-date: /home/sf/workspace/orb_slam3_second_ws/orbslam/orbslam3_ros2_ws/install/slam_msgs/local/lib/python3.10/dist-packages/slam_msgs/_slam_msgs_s.ep.rosidl_typesupport_fastrtps_c.c
[0.262s] -- Up-to-date: /home/sf/workspace/orb_slam3_second_ws/orbslam/orbslam3_ros2_ws/install/slam_msgs/local/lib/python3.10/dist-packages/slam_msgs/__init__.py
[0.281s] Listing '/home/sf/workspace/orb_slam3_second_ws/orbslam/orbslam3_ros2_ws/install/slam_msgs/local/lib/python3.10/dist-packages/slam_msgs'...
[0.281s] Listing '/home/sf/workspace/orb_slam3_second_ws/orbslam/orbslam3_ros2_ws/install/slam_msgs/local/lib/python3.10/dist-packages/slam_msgs/msg'...
[0.281s] Listing '/home/sf/workspace/orb_slam3_second_ws/orbslam/orbslam3_ros2_ws/install/slam_msgs/local/lib/python3.10/dist-packages/slam_msgs/srv'...
[0.284s] -- Up-to-date: /home/sf/workspace/orb_slam3_second_ws/orbslam/orbslam3_ros2_ws/install/slam_msgs/local/lib/python3.10/dist-packages/slam_msgs/slam_msgs_s__rosidl_typesupport_fastrtps_c.cpython-310-x86_64-linux-gnu.so
[0.284s] -- Up-to-date: /home/sf/workspace/orb_slam3_second_ws/orbslam/orbslam3_ros2_ws/install/slam_msgs/local/lib/python3.10/dist-packages/slam_msgs/slam_msgs_s__rosidl_typesupport_introspection_c.cpython-310-x86_64-linux-gnu.so
[0.284s] -- Up-to-date: /home/sf/workspace/orb_slam3_second_ws/orbslam/orbslam3_ros2_ws/install/slam_msgs/local/lib/python3.10/dist-packages/slam_msgs/slam_msgs_s__rosidl_typesupport_c.cpython-310-x86_64-linux-gnu.so
[0.284s] -- Up-to-date: /home/sf/workspace/orb_slam3_second_ws/orbslam/orbslam3_ros2_ws/install/slam_msgs/lib/libslam_msgs__rosidl_generator_py.so
[0.284s] -- Up-to-date: /home/sf/workspace/orb_slam3_second_ws/orbslam/orbslam3_ros2_ws/install/slam_msgs/share/slam_msgs/msg/MapGraph.idl
[0.284s] -- Up-to-date: /home/sf/workspace/orb_slam3_second_ws/orbslam/orbslam3_ros2_ws/install/slam_msgs/share/slam_msgs/msg/MapData.idl
[0.284s] -- Up-to-date: /home/sf/workspace/orb_slam3_second_ws/orbslam/orbslam3_ros2_ws/install/slam_msgs/share/slam_msgs/msg/KeyFrame.idl
[0.284s] -- Up-to-date: /home/sf/workspace/orb_slam3_second_ws/orbslam/orbslam3_ros2_ws/install/slam_msgs/share/slam_msgs/msg/MapPoint.idl
[0.284s] -- Up-to-date: /home/sf/workspace/orb_slam3_second_ws/orbslam/orbslam3_ros2_ws/install/slam_msgs/share/slam_msgs/msg/SlamInfo.idl
[0.284s] -- Up-to-date: /home/sf/workspace/orb_slam3_second_ws/orbslam/orbslam3_ros2_ws/install/slam_msgs/share/slam_msgs/srv/GetMap.idl
[0.284s] -- Up-to-date: /home/sf/workspace/orb_slam3_second_ws/orbslam/orbslam3_ros2_ws/install/slam_msgs/share/slam_msgs/srv/GetLandmarksInView.idl
[0.284s] -- Up-to-date: /home/sf/workspace/orb_slam3_second_ws/orbslam/orbslam3_ros2_ws/install/slam_msgs/share/slam_msgs/srv/GetAllLandmarksInMap.idl
[0.285s] -- Up-to-date: /home/sf/workspace/orb_slam3_second_ws/orbslam/orbslam3_ros2_ws/install/slam_msgs/share/slam_msgs/srv/GetGlobalPointCloud.idl
[0.285s] -- Up-to-date: /home/sf/workspace/orb_slam3_second_ws/orbslam/orbslam3_ros2_ws/install/slam_msgs/share/slam_msgs/msg/MapGraph.msg
[0.285s] -- Up-to-date: /home/sf/workspace/orb_slam3_second_ws/orbslam/orbslam3_ros2_ws/install/slam_msgs/share/slam_msgs/msg/MapData.msg
[0.285s] -- Up-to-date: /home/sf/workspace/orb_slam3_second_ws/orbslam/orbslam3_ros2_ws/install/slam_msgs/share/slam_msgs/msg/KeyFrame.msg
[0.285s] -- Up-to-date: /home/sf/workspace/orb_slam3_second_ws/orbslam/orbslam3_ros2_ws/install/slam_msgs/share/slam_msgs/msg/MapPoint.msg
[0.285s] -- Up-to-date: /home/sf/workspace/orb_slam3_second_ws/orbslam/orbslam3_ros2_ws/install/slam_msgs/share/slam_msgs/msg/SlamInfo.msg
[0.285s] -- Up-to-date: /home/sf/workspace/orb_slam3_second_ws/orbslam/orbslam3_ros2_ws/install/slam_msgs/share/slam_msgs/srv/GetMap.srv
[0.285s] -- Up-to-date: /home/sf/workspace/orb_slam3_second_ws/orbslam/orbslam3_ros2_ws/install/slam_msgs/share/slam_msgs/srv/GetMap_Request.msg
[0.285s] -- Up-to-date: /home/sf/workspace/orb_slam3_second_ws/orbslam/orbslam3_ros2_ws/install/slam_msgs/share/slam_msgs/srv/GetMap_Response.msg
[0.285s] -- Up-to-date: /home/sf/workspace/orb_slam3_second_ws/orbslam/orbslam3_ros2_ws/install/slam_msgs/share/slam_msgs/srv/GetLandmarksInView.srv
[0.285s] -- Up-to-date: /home/sf/workspace/orb_slam3_second_ws/orbslam/orbslam3_ros2_ws/install/slam_msgs/share/slam_msgs/srv/GetLandmarksInView_Request.msg
[0.285s] -- Up-to-date: /home/sf/workspace/orb_slam3_second_ws/orbslam/orbslam3_ros2_ws/install/slam_msgs/share/slam_msgs/srv/GetLandmarksInView_Response.msg
[0.285s] -- Up-to-date: /home/sf/workspace/orb_slam3_second_ws/orbslam/orbslam3_ros2_ws/install/slam_msgs/share/slam_msgs/srv/GetAllLandmarksInMap.srv
[0.285s] -- Up-to-date: /home/sf/workspace/orb_slam3_second_ws/orbslam/orbslam3_ros2_ws/install/slam_msgs/share/slam_msgs/srv/GetAllLandmarksInMap_Request.msg
[0.285s] -- Up-to-date: /home/sf/workspace/orb_slam3_second_ws/orbslam/orbslam3_ros2_ws/install/slam_msgs/share/slam_msgs/srv/GetAllLandmarksInMap_Response.msg
[0.285s] -- Up-to-date: /home/sf/workspace/orb_slam3_second_ws/orbslam/orbslam3_ros2_ws/install/slam_msgs/share/slam_msgs/srv/GetGlobalPointCloud.srv
[0.285s] -- Up-to-date: /home/sf/workspace/orb_slam3_second_ws/orbslam/orbslam3_ros2_ws/install/slam_msgs/share/slam_msgs/srv/GetGlobalPointCloud_Request.msg
[0.285s] -- Up-to-date: /home/sf/workspace/orb_slam3_second_ws/orbslam/orbslam3_ros2_ws/install/slam_msgs/share/slam_msgs/srv/GetGlobalPointCloud_Response.msg
[0.285s] -- Up-to-date: /home/sf/workspace/orb_slam3_second_ws/orbslam/orbslam3_ros2_ws/install/slam_msgs/share/ament_index/resource_index/package_run_dependencies/slam_msgs
[0.285s] -- Up-to-date: /home/sf/workspace/orb_slam3_second_ws/orbslam/orbslam3_ros2_ws/install/slam_msgs/share/ament_index/resource_index/parent_prefix_path/slam_msgs
[0.285s] -- Up-to-date: /home/sf/workspace/orb_slam3_second_ws/orbslam/orbslam3_ros2_ws/install/slam_msgs/share/slam_msgs/environment/ament_prefix_path.sh
[0.285s] -- Up-to-date: /home/sf/workspace/orb_slam3_second_ws/orbslam/orbslam3_ros2_ws/install/slam_msgs/share/slam_msgs/environment/ament_prefix_path.dsv
[0.285s] -- Up-to-date: /home/sf/workspace/orb_slam3_second_ws/orbslam/orbslam3_ros2_ws/install/slam_msgs/share/slam_msgs/environment/path.sh
[0.285s] -- Up-to-date: /home/sf/workspace/orb_slam3_second_ws/orbslam/orbslam3_ros2_ws/install/slam_msgs/share/slam_msgs/environment/path.dsv
[0.285s] -- Up-to-date: /home/sf/workspace/orb_slam3_second_ws/orbslam/orbslam3_ros2_ws/install/slam_msgs/share/slam_msgs/local_setup.bash
[0.285s] -- Up-to-date: /home/sf/workspace/orb_slam3_second_ws/orbslam/orbslam3_ros2_ws/install/slam_msgs/share/slam_msgs/local_setup.sh
[0.285s] -- Up-to-date: /home/sf/workspace/orb_slam3_second_ws/orbslam/orbslam3_ros2_ws/install/slam_msgs/share/slam_msgs/local_setup.zsh
[0.285s] -- Up-to-date: /home/sf/workspace/orb_slam3_second_ws/orbslam/orbslam3_ros2_ws/install/slam_msgs/share/slam_msgs/local_setup.dsv
[0.285s] -- Installing: /home/sf/workspace/orb_slam3_second_ws/orbslam/orbslam3_ros2_ws/install/slam_msgs/share/slam_msgs/package.dsv
[0.285s] -- Up-to-date: /home/sf/workspace/orb_slam3_second_ws/orbslam/orbslam3_ros2_ws/install/slam_msgs/share/ament_index/resource_index/packages/slam_msgs
[0.285s] -- Up-to-date: /home/sf/workspace/orb_slam3_second_ws/orbslam/orbslam3_ros2_ws/install/slam_msgs/share/slam_msgs/cmake/export_slam_msgs__rosidl_generator_cExport.cmake
[0.285s] -- Up-to-date: /home/sf/workspace/orb_slam3_second_ws/orbslam/orbslam3_ros2_ws/install/slam_msgs/share/slam_msgs/cmake/export_slam_msgs__rosidl_generator_cExport-noconfig.cmake
[0.285s] -- Up-to-date: /home/sf/workspace/orb_slam3_second_ws/orbslam/orbslam3_ros2_ws/install/slam_msgs/share/slam_msgs/cmake/export_slam_msgs__rosidl_typesupport_fastrtps_cExport.cmake
[0.285s] -- Up-to-date: /home/sf/workspace/orb_slam3_second_ws/orbslam/orbslam3_ros2_ws/install/slam_msgs/share/slam_msgs/cmake/export_slam_msgs__rosidl_typesupport_fastrtps_cExport-noconfig.cmake
[0.285s] -- Up-to-date: /home/sf/workspace/orb_slam3_second_ws/orbslam/orbslam3_ros2_ws/install/slam_msgs/share/slam_msgs/cmake/export_slam_msgs__rosidl_generator_cppExport.cmake
[0.285s] -- Up-to-date: /home/sf/workspace/orb_slam3_second_ws/orbslam/orbslam3_ros2_ws/install/slam_msgs/share/slam_msgs/cmake/export_slam_msgs__rosidl_typesupport_fastrtps_cppExport.cmake
[0.285s] -- Up-to-date: /home/sf/workspace/orb_slam3_second_ws/orbslam/orbslam3_ros2_ws/install/slam_msgs/share/slam_msgs/cmake/export_slam_msgs__rosidl_typesupport_fastrtps_cppExport-noconfig.cmake
[0.285s] -- Up-to-date: /home/sf/workspace/orb_slam3_second_ws/orbslam/orbslam3_ros2_ws/install/slam_msgs/share/slam_msgs/cmake/slam_msgs__rosidl_typesupport_introspection_cExport.cmake
[0.285s] -- Up-to-date: /home/sf/workspace/orb_slam3_second_ws/orbslam/orbslam3_ros2_ws/install/slam_msgs/share/slam_msgs/cmake/slam_msgs__rosidl_typesupport_introspection_cExport-noconfig.cmake
[0.285s] -- Up-to-date: /home/sf/workspace/orb_slam3_second_ws/orbslam/orbslam3_ros2_ws/install/slam_msgs/share/slam_msgs/cmake/slam_msgs__rosidl_typesupport_cExport.cmake
[0.285s] -- Up-to-date: /home/sf/workspace/orb_slam3_second_ws/orbslam/orbslam3_ros2_ws/install/slam_msgs/share/slam_msgs/cmake/slam_msgs__rosidl_typesupport_cExport-noconfig.cmake
[0.286s] -- Up-to-date: /home/sf/workspace/orb_slam3_second_ws/orbslam/orbslam3_ros2_ws/install/slam_msgs/share/slam_msgs/cmake/slam_msgs__rosidl_typesupport_introspection_cppExport.cmake
[0.286s] -- Up-to-date: /home/sf/workspace/orb_slam3_second_ws/orbslam/orbslam3_ros2_ws/install/slam_msgs/share/slam_msgs/cmake/slam_msgs__rosidl_typesupport_introspection_cppExport-noconfig.cmake
[0.286s] -- Up-to-date: /home/sf/workspace/orb_slam3_second_ws/orbslam/orbslam3_ros2_ws/install/slam_msgs/share/slam_msgs/cmake/slam_msgs__rosidl_typesupport_cppExport.cmake
[0.286s] -- Up-to-date: /home/sf/workspace/orb_slam3_second_ws/orbslam/orbslam3_ros2_ws/install/slam_msgs/share/slam_msgs/cmake/slam_msgs__rosidl_typesupport_cppExport-noconfig.cmake
[0.286s] -- Up-to-date: /home/sf/workspace/orb_slam3_second_ws/orbslam/orbslam3_ros2_ws/install/slam_msgs/share/slam_msgs/cmake/export_slam_msgs__rosidl_generator_pyExport.cmake
[0.286s] -- Up-to-date: /home/sf/workspace/orb_slam3_second_ws/orbslam/orbslam3_ros2_ws/install/slam_msgs/share/slam_msgs/cmake/export_slam_msgs__rosidl_generator_pyExport-noconfig.cmake
[0.286s] -- Up-to-date: /home/sf/workspace/orb_slam3_second_ws/orbslam/orbslam3_ros2_ws/install/slam_msgs/share/slam_msgs/cmake/rosidl_cmake-extras.cmake
[0.286s] -- Up-to-date: /home/sf/workspace/orb_slam3_second_ws/orbslam/orbslam3_ros2_ws/install/slam_msgs/share/slam_msgs/cmake/ament_cmake_export_dependencies-extras.cmake
[0.286s] -- Up-to-date: /home/sf/workspace/orb_slam3_second_ws/orbslam/orbslam3_ros2_ws/install/slam_msgs/share/slam_msgs/cmake/ament_cmake_export_include_directories-extras.cmake
[0.286s] -- Up-to-date: /home/sf/workspace/orb_slam3_second_ws/orbslam/orbslam3_ros2_ws/install/slam_msgs/share/slam_msgs/cmake/ament_cmake_export_libraries-extras.cmake
[0.286s] -- Up-to-date: /home/sf/workspace/orb_slam3_second_ws/orbslam/orbslam3_ros2_ws/install/slam_msgs/share/slam_msgs/cmake/ament_cmake_export_targets-extras.cmake
[0.286s] -- Up-to-date: /home/sf/workspace/orb_slam3_second_ws/orbslam/orbslam3_ros2_ws/install/slam_msgs/share/slam_msgs/cmake/rosidl_cmake_export_typesupport_targets-extras.cmake
[0.286s] -- Up-to-date: /home/sf/workspace/orb_slam3_second_ws/orbslam/orbslam3_ros2_ws/install/slam_msgs/share/slam_msgs/cmake/rosidl_cmake_export_typesupport_libraries-extras.cmake
[0.286s] -- Up-to-date: /home/sf/workspace/orb_slam3_second_ws/orbslam/orbslam3_ros2_ws/install/slam_msgs/share/slam_msgs/cmake/slam_msgsConfig.cmake
[0.286s] -- Up-to-date: /home/sf/workspace/orb_slam3_second_ws/orbslam/orbslam3_ros2_ws/install/slam_msgs/share/slam_msgs/cmake/slam_msgsConfig-version.cmake
[0.286s] -- Up-to-date: /home/sf/workspace/orb_slam3_second_ws/orbslam/orbslam3_ros2_ws/install/slam_msgs/share/slam_msgs/package.xml
[0.287s] Invoked command in '/home/sf/workspace/orb_slam3_second_ws/orbslam/orbslam3_ros2_ws/build/slam_msgs' returned '0': CMAKE_PREFIX_PATH=${CMAKE_PREFIX_PATH}:/opt/ros/humble /usr/bin/cmake --install /home/sf/workspace/orb_slam3_second_ws/orbslam/orbslam3_ros2_ws/build/slam_msgs
