-- The C compiler identification is GNU 11.4.0
-- The CXX compiler identification is GNU 11.4.0
-- Detecting C compiler ABI info
-- Detecting C compiler ABI info - done
-- Check for working C compiler: /usr/bin/cc - skipped
-- Detecting C compile features
-- Detecting C compile features - done
-- Detecting CXX compiler ABI info
-- Detecting CXX compiler ABI info - done
-- Check for working CXX compiler: /usr/bin/c++ - skipped
-- Detecting CXX compile features
-- Detecting CXX compile features - done
-- Found ament_cmake_auto: 1.3.11 (/opt/ros/humble/share/ament_cmake_auto/cmake)
-- Found Python3: /usr/bin/python3 (found version "3.10.12") found components: Interpreter 
-- Found rclcpp: 16.0.12 (/opt/ros/humble/share/rclcpp/cmake)
-- Found rosidl_generator_c: 3.1.6 (/opt/ros/humble/share/rosidl_generator_c/cmake)
-- Found rosidl_adapter: 3.1.6 (/opt/ros/humble/share/rosidl_adapter/cmake)
-- Found rosidl_generator_cpp: 3.1.6 (/opt/ros/humble/share/rosidl_generator_cpp/cmake)
-- Using all available rosidl_typesupport_c: rosidl_typesupport_fastrtps_c;rosidl_typesupport_introspection_c
-- Using all available rosidl_typesupport_cpp: rosidl_typesupport_fastrtps_cpp;rosidl_typesupport_introspection_cpp
-- Found rmw_implementation_cmake: 6.1.2 (/opt/ros/humble/share/rmw_implementation_cmake/cmake)
-- Found rmw_fastrtps_cpp: 6.2.7 (/opt/ros/humble/share/rmw_fastrtps_cpp/cmake)
-- Found OpenSSL: /usr/lib/x86_64-linux-gnu/libcrypto.so (found version "3.0.2")  
-- Found FastRTPS: /opt/ros/humble/include  
-- Using RMW implementation 'rmw_fastrtps_cpp' as default
-- Looking for pthread.h
-- Looking for pthread.h - found
-- Performing Test CMAKE_HAVE_LIBC_PTHREAD
-- Performing Test CMAKE_HAVE_LIBC_PTHREAD - Success
-- Found Threads: TRUE  
-- Found sensor_msgs: 4.8.0 (/opt/ros/humble/share/sensor_msgs/cmake)
-- Found cv_bridge: 3.2.1 (/opt/ros/humble/share/cv_bridge/cmake)
-- Found CUDA: /usr/local/cuda-12.2 (found suitable exact version "12.2") 
-- Found message_filters: 4.3.8 (/opt/ros/humble/share/message_filters/cmake)
-- Found tf2_ros: 0.25.16 (/opt/ros/humble/share/tf2_ros/cmake)
-- Found tf2_eigen: 0.25.12 (/opt/ros/humble/share/tf2_eigen/cmake)
-- Found tf2_geometry_msgs: 0.25.16 (/opt/ros/humble/share/tf2_geometry_msgs/cmake)
-- Found eigen3_cmake_module: 0.1.1 (/opt/ros/humble/share/eigen3_cmake_module/cmake)
-- Found Eigen3: TRUE (found version "3.4.0") 
-- Ensuring Eigen3 include directory is part of orocos-kdl CMake target
-- Found slam_msgs: 1.0.0 (/home/ubuntu/workspaces/orbslam/orbslam3_ros2_ws/install/slam_msgs/share/slam_msgs/cmake)
-- Found nav_msgs: 4.8.0 (/opt/ros/humble/share/nav_msgs/cmake)
-- Found std_srvs: 4.9.0 (/opt/ros/humble/share/std_srvs/cmake)
-- Found image_transport: 3.1.11 (/opt/ros/humble/share/image_transport/cmake)
-- Found tf2_sensor_msgs: 0.25.16 (/opt/ros/humble/share/tf2_sensor_msgs/cmake)
-- Found pcl_ros: 2.4.5 (/opt/ros/humble/share/pcl_ros/cmake)
-- Checking for module 'eigen3'
--   Found eigen3, version 3.4.0
-- Found Eigen: /usr/include/eigen3 (Required is at least version "3.1") 
-- Eigen found (include: /usr/include/eigen3, version: 3.4.0)
-- Checking for module 'flann'
--   Found flann, version 1.9.1
-- Found FLANN: /usr/lib/x86_64-linux-gnu/libflann_cpp.so  
-- FLANN found (include: /usr/include, lib: /usr/lib/x86_64-linux-gnu/libflann_cpp.so)
-- Checking for module 'libusb-1.0'
--   Found libusb-1.0, version 1.0.25
-- Found libusb: /usr/lib/x86_64-linux-gnu/libusb-1.0.so  
-- OpenNI found (version: 1.5.4.0, include: /usr/include/ni, lib: /usr/lib/libOpenNI.so;libusb::libusb)
-- OpenNI2 found (version: 2.2.0.33, include: /usr/include/openni2, lib: /usr/lib/x86_64-linux-gnu/libOpenNI2.so;libusb::libusb)
-- Eigen found (include: /usr/include/eigen3, version: 3.4.0)
-- OpenNI found (version: 1.5.4.0, include: /usr/include/ni, lib: /usr/lib/libOpenNI.so;libusb::libusb)
-- OpenNI2 found (version: 2.2.0.33, include: /usr/include/openni2, lib: /usr/lib/x86_64-linux-gnu/libOpenNI2.so;libusb::libusb)
-- Found Qhull version 8.0.2
-- OpenNI found (version: 1.5.4.0, include: /usr/include/ni, lib: /usr/lib/libOpenNI.so;libusb::libusb)
-- Found PCL_COMMON: /usr/lib/x86_64-linux-gnu/libpcl_common.so  
-- Found PCL_KDTREE: /usr/lib/x86_64-linux-gnu/libpcl_kdtree.so  
-- Found PCL_OCTREE: /usr/lib/x86_64-linux-gnu/libpcl_octree.so  
-- Found PCL_SEARCH: /usr/lib/x86_64-linux-gnu/libpcl_search.so  
-- Found PCL_SAMPLE_CONSENSUS: /usr/lib/x86_64-linux-gnu/libpcl_sample_consensus.so  
-- Found PCL_FILTERS: /usr/lib/x86_64-linux-gnu/libpcl_filters.so  
-- Found PCL_2D: /usr/include/pcl-1.12  
-- Found PCL_GEOMETRY: /usr/include/pcl-1.12  
-- Found PCL_IO: /usr/lib/x86_64-linux-gnu/libpcl_io.so  
-- Found PCL_FEATURES: /usr/lib/x86_64-linux-gnu/libpcl_features.so  
-- Found PCL_ML: /usr/lib/x86_64-linux-gnu/libpcl_ml.so  
-- Found PCL_SEGMENTATION: /usr/lib/x86_64-linux-gnu/libpcl_segmentation.so  
-- Found PCL_VISUALIZATION: /usr/lib/x86_64-linux-gnu/libpcl_visualization.so  
-- Found PCL_SURFACE: /usr/lib/x86_64-linux-gnu/libpcl_surface.so  
-- Found PCL_REGISTRATION: /usr/lib/x86_64-linux-gnu/libpcl_registration.so  
-- Found PCL_KEYPOINTS: /usr/lib/x86_64-linux-gnu/libpcl_keypoints.so  
-- Found PCL_TRACKING: /usr/lib/x86_64-linux-gnu/libpcl_tracking.so  
-- Found PCL_RECOGNITION: /usr/lib/x86_64-linux-gnu/libpcl_recognition.so  
-- Found PCL_STEREO: /usr/lib/x86_64-linux-gnu/libpcl_stereo.so  
-- Found PCL_APPS: /usr/lib/x86_64-linux-gnu/libpcl_apps.so  
-- Found PCL_IN_HAND_SCANNER: /usr/include/pcl-1.12  
-- Found PCL_MODELER: /usr/include/pcl-1.12  
-- Found PCL_POINT_CLOUD_EDITOR: /usr/include/pcl-1.12  
-- Found PCL_OUTOFCORE: /usr/lib/x86_64-linux-gnu/libpcl_outofcore.so  
-- Found PCL_PEOPLE: /usr/lib/x86_64-linux-gnu/libpcl_people.so  
-- Configuring done
-- Generating done
-- Build files have been written to: /home/ubuntu/workspaces/orbslam/orbslam3_ros2_ws/build/orb_slam3_map_generator
[ 16%] [32mBuilding CXX object CMakeFiles/pointcloud_stitcher.dir/src/stitch_pcl.cpp.o[0m
[ 33%] [32mBuilding CXX object CMakeFiles/get_landmarks_simulator.dir/src/get_landmarks_simulator.cpp.o[0m
[ 50%] [32mBuilding CXX object CMakeFiles/depth_image_to_pcl.dir/src/depth_image_to_pcl.cpp.o[0m
[ 66%] [32m[1mLinking CXX executable get_landmarks_simulator[0m
[ 66%] Built target get_landmarks_simulator
[ 83%] [32m[1mLinking CXX executable depth_image_to_pcl[0m
[100%] [32m[1mLinking CXX executable pointcloud_stitcher[0m
[100%] Built target depth_image_to_pcl
[100%] Built target pointcloud_stitcher
-- Install configuration: "Release"
-- Installing: /home/ubuntu/workspaces/orbslam/orbslam3_ros2_ws/install/orb_slam3_map_generator/lib/orb_slam3_map_generator/pointcloud_stitcher
-- Set runtime path of "/home/ubuntu/workspaces/orbslam/orbslam3_ros2_ws/install/orb_slam3_map_generator/lib/orb_slam3_map_generator/pointcloud_stitcher" to ""
-- Installing: /home/ubuntu/workspaces/orbslam/orbslam3_ros2_ws/install/orb_slam3_map_generator/lib/orb_slam3_map_generator/depth_image_to_pcl
-- Set runtime path of "/home/ubuntu/workspaces/orbslam/orbslam3_ros2_ws/install/orb_slam3_map_generator/lib/orb_slam3_map_generator/depth_image_to_pcl" to ""
-- Installing: /home/ubuntu/workspaces/orbslam/orbslam3_ros2_ws/install/orb_slam3_map_generator/lib/orb_slam3_map_generator/get_landmarks_simulator
-- Set runtime path of "/home/ubuntu/workspaces/orbslam/orbslam3_ros2_ws/install/orb_slam3_map_generator/lib/orb_slam3_map_generator/get_landmarks_simulator" to ""
-- Installing: /home/ubuntu/workspaces/orbslam/orbslam3_ros2_ws/install/orb_slam3_map_generator/share/orb_slam3_map_generator/launch
-- Installing: /home/ubuntu/workspaces/orbslam/orbslam3_ros2_ws/install/orb_slam3_map_generator/share/orb_slam3_map_generator/launch/map_generator.launch.py
-- Installing: /home/ubuntu/workspaces/orbslam/orbslam3_ros2_ws/install/orb_slam3_map_generator/share/orb_slam3_map_generator/param
-- Installing: /home/ubuntu/workspaces/orbslam/orbslam3_ros2_ws/install/orb_slam3_map_generator/share/orb_slam3_map_generator/param/map_generator_params.yaml
-- Installing: /home/ubuntu/workspaces/orbslam/orbslam3_ros2_ws/install/orb_slam3_map_generator/share/ament_index/resource_index/package_run_dependencies/orb_slam3_map_generator
-- Installing: /home/ubuntu/workspaces/orbslam/orbslam3_ros2_ws/install/orb_slam3_map_generator/share/ament_index/resource_index/parent_prefix_path/orb_slam3_map_generator
-- Installing: /home/ubuntu/workspaces/orbslam/orbslam3_ros2_ws/install/orb_slam3_map_generator/share/orb_slam3_map_generator/environment/ament_prefix_path.sh
-- Installing: /home/ubuntu/workspaces/orbslam/orbslam3_ros2_ws/install/orb_slam3_map_generator/share/orb_slam3_map_generator/environment/ament_prefix_path.dsv
-- Installing: /home/ubuntu/workspaces/orbslam/orbslam3_ros2_ws/install/orb_slam3_map_generator/share/orb_slam3_map_generator/environment/path.sh
-- Installing: /home/ubuntu/workspaces/orbslam/orbslam3_ros2_ws/install/orb_slam3_map_generator/share/orb_slam3_map_generator/environment/path.dsv
-- Installing: /home/ubuntu/workspaces/orbslam/orbslam3_ros2_ws/install/orb_slam3_map_generator/share/orb_slam3_map_generator/local_setup.bash
-- Installing: /home/ubuntu/workspaces/orbslam/orbslam3_ros2_ws/install/orb_slam3_map_generator/share/orb_slam3_map_generator/local_setup.sh
-- Installing: /home/ubuntu/workspaces/orbslam/orbslam3_ros2_ws/install/orb_slam3_map_generator/share/orb_slam3_map_generator/local_setup.zsh
-- Installing: /home/ubuntu/workspaces/orbslam/orbslam3_ros2_ws/install/orb_slam3_map_generator/share/orb_slam3_map_generator/local_setup.dsv
-- Installing: /home/ubuntu/workspaces/orbslam/orbslam3_ros2_ws/install/orb_slam3_map_generator/share/orb_slam3_map_generator/package.dsv
-- Installing: /home/ubuntu/workspaces/orbslam/orbslam3_ros2_ws/install/orb_slam3_map_generator/share/ament_index/resource_index/packages/orb_slam3_map_generator
-- Installing: /home/ubuntu/workspaces/orbslam/orbslam3_ros2_ws/install/orb_slam3_map_generator/share/orb_slam3_map_generator/cmake/orb_slam3_map_generatorConfig.cmake
-- Installing: /home/ubuntu/workspaces/orbslam/orbslam3_ros2_ws/install/orb_slam3_map_generator/share/orb_slam3_map_generator/cmake/orb_slam3_map_generatorConfig-version.cmake
-- Installing: /home/ubuntu/workspaces/orbslam/orbslam3_ros2_ws/install/orb_slam3_map_generator/share/orb_slam3_map_generator/package.xml
