[0.007s] Invoking command in '/home/sf/workspace/orb_slam3_second_ws/orbslam/orbslam3_ros2_ws/build/orb_slam3_map_generator': CMAKE_PREFIX_PATH=/home/sf/workspace/orb_slam3_second_ws/orbslam/orbslam3_ros2_ws/install/slam_msgs:/home/sf/workspace/orb_slam3_second_ws/orbslam/orbslam3_ros2_ws/install/orb_slam3_ros2_wrapper:/home/sf/workspace/orb_slam3_second_ws/orbslam/orbslam3_ros2_ws/install/orb_slam3_map_generator:/home/sf/Sensor_Drive/CyperStereo/CyperstereoSDK/CyperStereo_ROS2_ws/install/data_cap:/opt/ros/humble /usr/bin/cmake --build /home/sf/workspace/orb_slam3_second_ws/orbslam/orbslam3_ros2_ws/build/orb_slam3_map_generator -- -j24 -l24
[0.037s] [35m[1mConsolidate compiler generated dependencies of target get_landmarks_simulator[0m
[0.037s] [35m[1mConsolidate compiler generated dependencies of target depth_image_to_pcl[0m
[0.037s] [35m[1mConsolidate compiler generated dependencies of target pointcloud_stitcher[0m
[0.048s] [ 33%] Built target get_landmarks_simulator
[0.052s] [ 66%] Built target depth_image_to_pcl
[0.056s] [100%] Built target pointcloud_stitcher
[0.062s] Invoked command in '/home/sf/workspace/orb_slam3_second_ws/orbslam/orbslam3_ros2_ws/build/orb_slam3_map_generator' returned '0': CMAKE_PREFIX_PATH=/home/sf/workspace/orb_slam3_second_ws/orbslam/orbslam3_ros2_ws/install/slam_msgs:/home/sf/workspace/orb_slam3_second_ws/orbslam/orbslam3_ros2_ws/install/orb_slam3_ros2_wrapper:/home/sf/workspace/orb_slam3_second_ws/orbslam/orbslam3_ros2_ws/install/orb_slam3_map_generator:/home/sf/Sensor_Drive/CyperStereo/CyperstereoSDK/CyperStereo_ROS2_ws/install/data_cap:/opt/ros/humble /usr/bin/cmake --build /home/sf/workspace/orb_slam3_second_ws/orbslam/orbslam3_ros2_ws/build/orb_slam3_map_generator -- -j24 -l24
[0.064s] Invoking command in '/home/sf/workspace/orb_slam3_second_ws/orbslam/orbslam3_ros2_ws/build/orb_slam3_map_generator': CMAKE_PREFIX_PATH=/home/sf/workspace/orb_slam3_second_ws/orbslam/orbslam3_ros2_ws/install/slam_msgs:/home/sf/workspace/orb_slam3_second_ws/orbslam/orbslam3_ros2_ws/install/orb_slam3_ros2_wrapper:/home/sf/workspace/orb_slam3_second_ws/orbslam/orbslam3_ros2_ws/install/orb_slam3_map_generator:/home/sf/Sensor_Drive/CyperStereo/CyperstereoSDK/CyperStereo_ROS2_ws/install/data_cap:/opt/ros/humble /usr/bin/cmake --install /home/sf/workspace/orb_slam3_second_ws/orbslam/orbslam3_ros2_ws/build/orb_slam3_map_generator
[0.067s] -- Install configuration: "Release"
[0.067s] -- Up-to-date: /home/sf/workspace/orb_slam3_second_ws/orbslam/orbslam3_ros2_ws/install/orb_slam3_map_generator/lib/orb_slam3_map_generator/pointcloud_stitcher
[0.067s] -- Up-to-date: /home/sf/workspace/orb_slam3_second_ws/orbslam/orbslam3_ros2_ws/install/orb_slam3_map_generator/lib/orb_slam3_map_generator/depth_image_to_pcl
[0.067s] -- Up-to-date: /home/sf/workspace/orb_slam3_second_ws/orbslam/orbslam3_ros2_ws/install/orb_slam3_map_generator/lib/orb_slam3_map_generator/get_landmarks_simulator
[0.067s] -- Up-to-date: /home/sf/workspace/orb_slam3_second_ws/orbslam/orbslam3_ros2_ws/install/orb_slam3_map_generator/share/orb_slam3_map_generator/launch
[0.067s] -- Up-to-date: /home/sf/workspace/orb_slam3_second_ws/orbslam/orbslam3_ros2_ws/install/orb_slam3_map_generator/share/orb_slam3_map_generator/launch/map_generator.launch.py
[0.067s] -- Up-to-date: /home/sf/workspace/orb_slam3_second_ws/orbslam/orbslam3_ros2_ws/install/orb_slam3_map_generator/share/orb_slam3_map_generator/param
[0.067s] -- Up-to-date: /home/sf/workspace/orb_slam3_second_ws/orbslam/orbslam3_ros2_ws/install/orb_slam3_map_generator/share/orb_slam3_map_generator/param/map_generator_params.yaml
[0.067s] -- Up-to-date: /home/sf/workspace/orb_slam3_second_ws/orbslam/orbslam3_ros2_ws/install/orb_slam3_map_generator/share/ament_index/resource_index/package_run_dependencies/orb_slam3_map_generator
[0.067s] -- Up-to-date: /home/sf/workspace/orb_slam3_second_ws/orbslam/orbslam3_ros2_ws/install/orb_slam3_map_generator/share/ament_index/resource_index/parent_prefix_path/orb_slam3_map_generator
[0.067s] -- Up-to-date: /home/sf/workspace/orb_slam3_second_ws/orbslam/orbslam3_ros2_ws/install/orb_slam3_map_generator/share/orb_slam3_map_generator/environment/ament_prefix_path.sh
[0.068s] -- Up-to-date: /home/sf/workspace/orb_slam3_second_ws/orbslam/orbslam3_ros2_ws/install/orb_slam3_map_generator/share/orb_slam3_map_generator/environment/ament_prefix_path.dsv
[0.068s] -- Up-to-date: /home/sf/workspace/orb_slam3_second_ws/orbslam/orbslam3_ros2_ws/install/orb_slam3_map_generator/share/orb_slam3_map_generator/environment/path.sh
[0.068s] -- Up-to-date: /home/sf/workspace/orb_slam3_second_ws/orbslam/orbslam3_ros2_ws/install/orb_slam3_map_generator/share/orb_slam3_map_generator/environment/path.dsv
[0.068s] -- Up-to-date: /home/sf/workspace/orb_slam3_second_ws/orbslam/orbslam3_ros2_ws/install/orb_slam3_map_generator/share/orb_slam3_map_generator/local_setup.bash
[0.068s] -- Up-to-date: /home/sf/workspace/orb_slam3_second_ws/orbslam/orbslam3_ros2_ws/install/orb_slam3_map_generator/share/orb_slam3_map_generator/local_setup.sh
[0.068s] -- Up-to-date: /home/sf/workspace/orb_slam3_second_ws/orbslam/orbslam3_ros2_ws/install/orb_slam3_map_generator/share/orb_slam3_map_generator/local_setup.zsh
[0.068s] -- Up-to-date: /home/sf/workspace/orb_slam3_second_ws/orbslam/orbslam3_ros2_ws/install/orb_slam3_map_generator/share/orb_slam3_map_generator/local_setup.dsv
[0.068s] -- Installing: /home/sf/workspace/orb_slam3_second_ws/orbslam/orbslam3_ros2_ws/install/orb_slam3_map_generator/share/orb_slam3_map_generator/package.dsv
[0.068s] -- Up-to-date: /home/sf/workspace/orb_slam3_second_ws/orbslam/orbslam3_ros2_ws/install/orb_slam3_map_generator/share/ament_index/resource_index/packages/orb_slam3_map_generator
[0.068s] -- Up-to-date: /home/sf/workspace/orb_slam3_second_ws/orbslam/orbslam3_ros2_ws/install/orb_slam3_map_generator/share/orb_slam3_map_generator/cmake/orb_slam3_map_generatorConfig.cmake
[0.068s] -- Up-to-date: /home/sf/workspace/orb_slam3_second_ws/orbslam/orbslam3_ros2_ws/install/orb_slam3_map_generator/share/orb_slam3_map_generator/cmake/orb_slam3_map_generatorConfig-version.cmake
[0.068s] -- Up-to-date: /home/sf/workspace/orb_slam3_second_ws/orbslam/orbslam3_ros2_ws/install/orb_slam3_map_generator/share/orb_slam3_map_generator/package.xml
[0.069s] Invoked command in '/home/sf/workspace/orb_slam3_second_ws/orbslam/orbslam3_ros2_ws/build/orb_slam3_map_generator' returned '0': CMAKE_PREFIX_PATH=/home/sf/workspace/orb_slam3_second_ws/orbslam/orbslam3_ros2_ws/install/slam_msgs:/home/sf/workspace/orb_slam3_second_ws/orbslam/orbslam3_ros2_ws/install/orb_slam3_ros2_wrapper:/home/sf/workspace/orb_slam3_second_ws/orbslam/orbslam3_ros2_ws/install/orb_slam3_map_generator:/home/sf/Sensor_Drive/CyperStereo/CyperstereoSDK/CyperStereo_ROS2_ws/install/data_cap:/opt/ros/humble /usr/bin/cmake --install /home/sf/workspace/orb_slam3_second_ws/orbslam/orbslam3_ros2_ws/build/orb_slam3_map_generator
