[0.050s] DEBUG:colcon:Command line arguments: ['/usr/bin/colcon', 'build']
[0.050s] DEBUG:colcon:Parsed command line arguments: Namespace(log_base=None, log_level=None, verb_name='build', build_base='build', install_base='install', merge_install=False, symlink_install=False, test_result_base=None, continue_on_error=False, executor='parallel', parallel_workers=24, event_handlers=None, ignore_user_meta=False, metas=['./colcon.meta'], base_paths=['.'], packages_ignore=None, packages_ignore_regex=None, paths=None, packages_up_to=None, packages_up_to_regex=None, packages_above=None, packages_above_and_dependencies=None, packages_above_depth=None, packages_select_by_dep=None, packages_skip_by_dep=None, packages_skip_up_to=None, packages_select_build_failed=False, packages_skip_build_finished=False, packages_select_test_failures=False, packages_skip_test_passed=False, packages_select=None, packages_skip=None, packages_select_regex=None, packages_skip_regex=None, packages_start=None, packages_end=None, allow_overriding=[], cmake_args=None, cmake_target=None, cmake_target_skip_unavailable=False, cmake_clean_cache=False, cmake_clean_first=False, cmake_force_configure=False, ament_cmake_args=None, catkin_cmake_args=None, catkin_skip_building_tests=False, verb_parser=<colcon_defaults.argument_parser.defaults.DefaultArgumentsDecorator object at 0x743708b54640>, verb_extension=<colcon_core.verb.build.BuildVerb object at 0x743708b54070>, main=<bound method BuildVerb.main of <colcon_core.verb.build.BuildVerb object at 0x743708b54070>>)
[0.122s] Level 1:colcon.colcon_core.package_discovery:discover_packages(colcon_meta) check parameters
[0.122s] Level 1:colcon.colcon_core.package_discovery:discover_packages(recursive) check parameters
[0.122s] Level 1:colcon.colcon_core.package_discovery:discover_packages(ignore) check parameters
[0.122s] Level 1:colcon.colcon_core.package_discovery:discover_packages(path) check parameters
[0.122s] Level 1:colcon.colcon_core.package_discovery:discover_packages(colcon_meta) discover
[0.122s] Level 1:colcon.colcon_core.package_discovery:discover_packages(recursive) discover
[0.122s] INFO:colcon.colcon_core.package_discovery:Crawling recursively for packages in '/home/sf/workspace/orb_slam3_second_ws/orbslam/orbslam3_ros2_ws'
[0.122s] Level 1:colcon.colcon_core.package_identification:_identify(.) by extensions ['ignore', 'ignore_ament_install']
[0.122s] Level 1:colcon.colcon_core.package_identification:_identify(.) by extension 'ignore'
[0.122s] Level 1:colcon.colcon_core.package_identification:_identify(.) by extension 'ignore_ament_install'
[0.122s] Level 1:colcon.colcon_core.package_identification:_identify(.) by extensions ['colcon_pkg']
[0.122s] Level 1:colcon.colcon_core.package_identification:_identify(.) by extension 'colcon_pkg'
[0.122s] Level 1:colcon.colcon_core.package_identification:_identify(.) by extensions ['colcon_meta']
[0.122s] Level 1:colcon.colcon_core.package_identification:_identify(.) by extension 'colcon_meta'
[0.122s] Level 1:colcon.colcon_core.package_identification:_identify(.) by extensions ['ros']
[0.122s] Level 1:colcon.colcon_core.package_identification:_identify(.) by extension 'ros'
[0.128s] Level 1:colcon.colcon_core.package_identification:_identify(.) by extensions ['cmake', 'python']
[0.128s] Level 1:colcon.colcon_core.package_identification:_identify(.) by extension 'cmake'
[0.128s] Level 1:colcon.colcon_core.package_identification:_identify(.) by extension 'python'
[0.128s] Level 1:colcon.colcon_core.package_identification:_identify(.) by extensions ['python_setup_py']
[0.128s] Level 1:colcon.colcon_core.package_identification:_identify(.) by extension 'python_setup_py'
[0.128s] Level 1:colcon.colcon_core.package_identification:_identify(build) by extensions ['ignore', 'ignore_ament_install']
[0.128s] Level 1:colcon.colcon_core.package_identification:_identify(build) by extension 'ignore'
[0.128s] Level 1:colcon.colcon_core.package_identification:_identify(build) ignored
[0.128s] Level 1:colcon.colcon_core.package_identification:_identify(install) by extensions ['ignore', 'ignore_ament_install']
[0.128s] Level 1:colcon.colcon_core.package_identification:_identify(install) by extension 'ignore'
[0.128s] Level 1:colcon.colcon_core.package_identification:_identify(install) ignored
[0.128s] Level 1:colcon.colcon_core.package_identification:_identify(log) by extensions ['ignore', 'ignore_ament_install']
[0.128s] Level 1:colcon.colcon_core.package_identification:_identify(log) by extension 'ignore'
[0.128s] Level 1:colcon.colcon_core.package_identification:_identify(log) ignored
[0.128s] Level 1:colcon.colcon_core.package_identification:_identify(src) by extensions ['ignore', 'ignore_ament_install']
[0.128s] Level 1:colcon.colcon_core.package_identification:_identify(src) by extension 'ignore'
[0.128s] Level 1:colcon.colcon_core.package_identification:_identify(src) by extension 'ignore_ament_install'
[0.128s] Level 1:colcon.colcon_core.package_identification:_identify(src) by extensions ['colcon_pkg']
[0.128s] Level 1:colcon.colcon_core.package_identification:_identify(src) by extension 'colcon_pkg'
[0.128s] Level 1:colcon.colcon_core.package_identification:_identify(src) by extensions ['colcon_meta']
[0.128s] Level 1:colcon.colcon_core.package_identification:_identify(src) by extension 'colcon_meta'
[0.128s] Level 1:colcon.colcon_core.package_identification:_identify(src) by extensions ['ros']
[0.128s] Level 1:colcon.colcon_core.package_identification:_identify(src) by extension 'ros'
[0.128s] Level 1:colcon.colcon_core.package_identification:_identify(src) by extensions ['cmake', 'python']
[0.128s] Level 1:colcon.colcon_core.package_identification:_identify(src) by extension 'cmake'
[0.129s] Level 1:colcon.colcon_core.package_identification:_identify(src) by extension 'python'
[0.129s] Level 1:colcon.colcon_core.package_identification:_identify(src) by extensions ['python_setup_py']
[0.129s] Level 1:colcon.colcon_core.package_identification:_identify(src) by extension 'python_setup_py'
[0.129s] Level 1:colcon.colcon_core.package_identification:_identify(src/orb_slam3_map_generator) by extensions ['ignore', 'ignore_ament_install']
[0.129s] Level 1:colcon.colcon_core.package_identification:_identify(src/orb_slam3_map_generator) by extension 'ignore'
[0.129s] Level 1:colcon.colcon_core.package_identification:_identify(src/orb_slam3_map_generator) by extension 'ignore_ament_install'
[0.129s] Level 1:colcon.colcon_core.package_identification:_identify(src/orb_slam3_map_generator) by extensions ['colcon_pkg']
[0.129s] Level 1:colcon.colcon_core.package_identification:_identify(src/orb_slam3_map_generator) by extension 'colcon_pkg'
[0.129s] Level 1:colcon.colcon_core.package_identification:_identify(src/orb_slam3_map_generator) by extensions ['colcon_meta']
[0.129s] Level 1:colcon.colcon_core.package_identification:_identify(src/orb_slam3_map_generator) by extension 'colcon_meta'
[0.129s] Level 1:colcon.colcon_core.package_identification:_identify(src/orb_slam3_map_generator) by extensions ['ros']
[0.129s] Level 1:colcon.colcon_core.package_identification:_identify(src/orb_slam3_map_generator) by extension 'ros'
[0.130s] DEBUG:colcon.colcon_core.package_identification:Package 'src/orb_slam3_map_generator' with type 'ros.ament_cmake' and name 'orb_slam3_map_generator'
[0.130s] Level 1:colcon.colcon_core.package_identification:_identify(src/orb_slam3_ros2_wrapper) by extensions ['ignore', 'ignore_ament_install']
[0.131s] Level 1:colcon.colcon_core.package_identification:_identify(src/orb_slam3_ros2_wrapper) by extension 'ignore'
[0.131s] Level 1:colcon.colcon_core.package_identification:_identify(src/orb_slam3_ros2_wrapper) by extension 'ignore_ament_install'
[0.131s] Level 1:colcon.colcon_core.package_identification:_identify(src/orb_slam3_ros2_wrapper) by extensions ['colcon_pkg']
[0.131s] Level 1:colcon.colcon_core.package_identification:_identify(src/orb_slam3_ros2_wrapper) by extension 'colcon_pkg'
[0.131s] Level 1:colcon.colcon_core.package_identification:_identify(src/orb_slam3_ros2_wrapper) by extensions ['colcon_meta']
[0.131s] Level 1:colcon.colcon_core.package_identification:_identify(src/orb_slam3_ros2_wrapper) by extension 'colcon_meta'
[0.131s] Level 1:colcon.colcon_core.package_identification:_identify(src/orb_slam3_ros2_wrapper) by extensions ['ros']
[0.131s] Level 1:colcon.colcon_core.package_identification:_identify(src/orb_slam3_ros2_wrapper) by extension 'ros'
[0.131s] DEBUG:colcon.colcon_core.package_identification:Package 'src/orb_slam3_ros2_wrapper' with type 'ros.ament_cmake' and name 'orb_slam3_ros2_wrapper'
[0.131s] Level 1:colcon.colcon_core.package_identification:_identify(src/slam_msgs) by extensions ['ignore', 'ignore_ament_install']
[0.131s] Level 1:colcon.colcon_core.package_identification:_identify(src/slam_msgs) by extension 'ignore'
[0.131s] Level 1:colcon.colcon_core.package_identification:_identify(src/slam_msgs) by extension 'ignore_ament_install'
[0.131s] Level 1:colcon.colcon_core.package_identification:_identify(src/slam_msgs) by extensions ['colcon_pkg']
[0.131s] Level 1:colcon.colcon_core.package_identification:_identify(src/slam_msgs) by extension 'colcon_pkg'
[0.131s] Level 1:colcon.colcon_core.package_identification:_identify(src/slam_msgs) by extensions ['colcon_meta']
[0.131s] Level 1:colcon.colcon_core.package_identification:_identify(src/slam_msgs) by extension 'colcon_meta'
[0.132s] Level 1:colcon.colcon_core.package_identification:_identify(src/slam_msgs) by extensions ['ros']
[0.132s] Level 1:colcon.colcon_core.package_identification:_identify(src/slam_msgs) by extension 'ros'
[0.132s] DEBUG:colcon.colcon_core.package_identification:Package 'src/slam_msgs' with type 'ros.ament_cmake' and name 'slam_msgs'
[0.132s] Level 1:colcon.colcon_core.package_discovery:discover_packages(recursive) using defaults
[0.132s] Level 1:colcon.colcon_core.package_discovery:discover_packages(ignore) discover
[0.132s] Level 1:colcon.colcon_core.package_discovery:discover_packages(ignore) using defaults
[0.132s] Level 1:colcon.colcon_core.package_discovery:discover_packages(path) discover
[0.132s] Level 1:colcon.colcon_core.package_discovery:discover_packages(path) using defaults
[0.147s] Level 1:colcon.colcon_core.package_discovery:discover_packages(prefix_path) check parameters
[0.147s] Level 1:colcon.colcon_core.package_discovery:discover_packages(prefix_path) discover
[0.147s] WARNING:colcon.colcon_ros.prefix_path.ament:The path '/home/sf/workspace/orb_slam3_second_ws/orbslam/orbslam3_ros2_ws/install/orb_slam3_ros2_wrapper' in the environment variable AMENT_PREFIX_PATH doesn't exist
[0.147s] WARNING:colcon.colcon_ros.prefix_path.ament:The path '/home/sf/workspace/orb_slam3_second_ws/orbslam/orbslam3_ros2_ws/install/orb_slam3_map_generator' in the environment variable AMENT_PREFIX_PATH doesn't exist
[0.147s] WARNING:colcon.colcon_ros.prefix_path.ament:The path '/home/sf/workspace/orb_slam3_second_ws/orbslam/orbslam3_ros2_ws/install/slam_msgs' in the environment variable AMENT_PREFIX_PATH doesn't exist
[0.147s] WARNING:colcon.colcon_ros.prefix_path.catkin:The path '/home/sf/workspace/orb_slam3_second_ws/orbslam/orbslam3_ros2_ws/install/orb_slam3_ros2_wrapper' in the environment variable CMAKE_PREFIX_PATH doesn't exist
[0.147s] WARNING:colcon.colcon_ros.prefix_path.catkin:The path '/home/sf/workspace/orb_slam3_second_ws/orbslam/orbslam3_ros2_ws/install/orb_slam3_map_generator' in the environment variable CMAKE_PREFIX_PATH doesn't exist
[0.147s] WARNING:colcon.colcon_ros.prefix_path.catkin:The path '/home/sf/workspace/orb_slam3_second_ws/orbslam/orbslam3_ros2_ws/install/slam_msgs' in the environment variable CMAKE_PREFIX_PATH doesn't exist
[0.148s] DEBUG:colcon.colcon_installed_package_information.package_discovery:Found 0 installed packages in /home/sf/workspace/orb_slam3_second_ws/orbslam/orbslam3_ros2_ws/install
[0.148s] DEBUG:colcon.colcon_installed_package_information.package_discovery:Found 1 installed packages in /home/sf/Sensor_Drive/CyperStereo/CyperstereoSDK/CyperStereo_ROS2_ws/install
[0.149s] DEBUG:colcon.colcon_installed_package_information.package_discovery:Found 338 installed packages in /opt/ros/humble
[0.149s] Level 1:colcon.colcon_core.package_discovery:discover_packages(prefix_path) using defaults
[0.167s] Level 5:colcon.colcon_core.verb:set package 'slam_msgs' build argument 'cmake_args' from command line to 'None'
[0.167s] Level 5:colcon.colcon_core.verb:set package 'slam_msgs' build argument 'cmake_target' from command line to 'None'
[0.167s] Level 5:colcon.colcon_core.verb:set package 'slam_msgs' build argument 'cmake_target_skip_unavailable' from command line to 'False'
[0.167s] Level 5:colcon.colcon_core.verb:set package 'slam_msgs' build argument 'cmake_clean_cache' from command line to 'False'
[0.168s] Level 5:colcon.colcon_core.verb:set package 'slam_msgs' build argument 'cmake_clean_first' from command line to 'False'
[0.168s] Level 5:colcon.colcon_core.verb:set package 'slam_msgs' build argument 'cmake_force_configure' from command line to 'False'
[0.168s] Level 5:colcon.colcon_core.verb:set package 'slam_msgs' build argument 'ament_cmake_args' from command line to 'None'
[0.168s] Level 5:colcon.colcon_core.verb:set package 'slam_msgs' build argument 'catkin_cmake_args' from command line to 'None'
[0.168s] Level 5:colcon.colcon_core.verb:set package 'slam_msgs' build argument 'catkin_skip_building_tests' from command line to 'False'
[0.168s] DEBUG:colcon.colcon_core.verb:Building package 'slam_msgs' with the following arguments: {'ament_cmake_args': None, 'build_base': '/home/sf/workspace/orb_slam3_second_ws/orbslam/orbslam3_ros2_ws/build/slam_msgs', 'catkin_cmake_args': None, 'catkin_skip_building_tests': False, 'cmake_args': None, 'cmake_clean_cache': False, 'cmake_clean_first': False, 'cmake_force_configure': False, 'cmake_target': None, 'cmake_target_skip_unavailable': False, 'install_base': '/home/sf/workspace/orb_slam3_second_ws/orbslam/orbslam3_ros2_ws/install/slam_msgs', 'merge_install': False, 'path': '/home/sf/workspace/orb_slam3_second_ws/orbslam/orbslam3_ros2_ws/src/slam_msgs', 'symlink_install': False, 'test_result_base': None}
[0.168s] Level 5:colcon.colcon_core.verb:set package 'orb_slam3_map_generator' build argument 'cmake_args' from command line to 'None'
[0.168s] Level 5:colcon.colcon_core.verb:set package 'orb_slam3_map_generator' build argument 'cmake_target' from command line to 'None'
[0.168s] Level 5:colcon.colcon_core.verb:set package 'orb_slam3_map_generator' build argument 'cmake_target_skip_unavailable' from command line to 'False'
[0.168s] Level 5:colcon.colcon_core.verb:set package 'orb_slam3_map_generator' build argument 'cmake_clean_cache' from command line to 'False'
[0.168s] Level 5:colcon.colcon_core.verb:set package 'orb_slam3_map_generator' build argument 'cmake_clean_first' from command line to 'False'
[0.168s] Level 5:colcon.colcon_core.verb:set package 'orb_slam3_map_generator' build argument 'cmake_force_configure' from command line to 'False'
[0.168s] Level 5:colcon.colcon_core.verb:set package 'orb_slam3_map_generator' build argument 'ament_cmake_args' from command line to 'None'
[0.168s] Level 5:colcon.colcon_core.verb:set package 'orb_slam3_map_generator' build argument 'catkin_cmake_args' from command line to 'None'
[0.168s] Level 5:colcon.colcon_core.verb:set package 'orb_slam3_map_generator' build argument 'catkin_skip_building_tests' from command line to 'False'
[0.168s] DEBUG:colcon.colcon_core.verb:Building package 'orb_slam3_map_generator' with the following arguments: {'ament_cmake_args': None, 'build_base': '/home/sf/workspace/orb_slam3_second_ws/orbslam/orbslam3_ros2_ws/build/orb_slam3_map_generator', 'catkin_cmake_args': None, 'catkin_skip_building_tests': False, 'cmake_args': None, 'cmake_clean_cache': False, 'cmake_clean_first': False, 'cmake_force_configure': False, 'cmake_target': None, 'cmake_target_skip_unavailable': False, 'install_base': '/home/sf/workspace/orb_slam3_second_ws/orbslam/orbslam3_ros2_ws/install/orb_slam3_map_generator', 'merge_install': False, 'path': '/home/sf/workspace/orb_slam3_second_ws/orbslam/orbslam3_ros2_ws/src/orb_slam3_map_generator', 'symlink_install': False, 'test_result_base': None}
[0.168s] Level 5:colcon.colcon_core.verb:set package 'orb_slam3_ros2_wrapper' build argument 'cmake_args' from command line to 'None'
[0.168s] Level 5:colcon.colcon_core.verb:set package 'orb_slam3_ros2_wrapper' build argument 'cmake_target' from command line to 'None'
[0.168s] Level 5:colcon.colcon_core.verb:set package 'orb_slam3_ros2_wrapper' build argument 'cmake_target_skip_unavailable' from command line to 'False'
[0.168s] Level 5:colcon.colcon_core.verb:set package 'orb_slam3_ros2_wrapper' build argument 'cmake_clean_cache' from command line to 'False'
[0.168s] Level 5:colcon.colcon_core.verb:set package 'orb_slam3_ros2_wrapper' build argument 'cmake_clean_first' from command line to 'False'
[0.168s] Level 5:colcon.colcon_core.verb:set package 'orb_slam3_ros2_wrapper' build argument 'cmake_force_configure' from command line to 'False'
[0.168s] Level 5:colcon.colcon_core.verb:set package 'orb_slam3_ros2_wrapper' build argument 'ament_cmake_args' from command line to 'None'
[0.168s] Level 5:colcon.colcon_core.verb:set package 'orb_slam3_ros2_wrapper' build argument 'catkin_cmake_args' from command line to 'None'
[0.168s] Level 5:colcon.colcon_core.verb:set package 'orb_slam3_ros2_wrapper' build argument 'catkin_skip_building_tests' from command line to 'False'
[0.168s] DEBUG:colcon.colcon_core.verb:Building package 'orb_slam3_ros2_wrapper' with the following arguments: {'ament_cmake_args': None, 'build_base': '/home/sf/workspace/orb_slam3_second_ws/orbslam/orbslam3_ros2_ws/build/orb_slam3_ros2_wrapper', 'catkin_cmake_args': None, 'catkin_skip_building_tests': False, 'cmake_args': None, 'cmake_clean_cache': False, 'cmake_clean_first': False, 'cmake_force_configure': False, 'cmake_target': None, 'cmake_target_skip_unavailable': False, 'install_base': '/home/sf/workspace/orb_slam3_second_ws/orbslam/orbslam3_ros2_ws/install/orb_slam3_ros2_wrapper', 'merge_install': False, 'path': '/home/sf/workspace/orb_slam3_second_ws/orbslam/orbslam3_ros2_ws/src/orb_slam3_ros2_wrapper', 'symlink_install': False, 'test_result_base': None}
[0.168s] INFO:colcon.colcon_core.executor:Executing jobs using 'parallel' executor
[0.169s] DEBUG:colcon.colcon_parallel_executor.executor.parallel:run_until_complete
[0.169s] INFO:colcon.colcon_ros.task.ament_cmake.build:Building ROS package in '/home/sf/workspace/orb_slam3_second_ws/orbslam/orbslam3_ros2_ws/src/slam_msgs' with build type 'ament_cmake'
[0.169s] INFO:colcon.colcon_cmake.task.cmake.build:Building CMake package in '/home/sf/workspace/orb_slam3_second_ws/orbslam/orbslam3_ros2_ws/src/slam_msgs'
[0.170s] INFO:colcon.colcon_core.plugin_system:Skipping extension 'colcon_core.shell.bat': Not used on non-Windows systems
[0.170s] INFO:colcon.colcon_core.shell:Skip shell extension 'powershell' for command environment: Not usable outside of PowerShell
[0.170s] DEBUG:colcon.colcon_core.shell:Skip shell extension 'dsv' for command environment
[0.175s] DEBUG:colcon.colcon_core.event_handler.log_command:Invoking command in '/home/sf/workspace/orb_slam3_second_ws/orbslam/orbslam3_ros2_ws/build/slam_msgs': CMAKE_PREFIX_PATH=${CMAKE_PREFIX_PATH}:/opt/ros/humble /usr/bin/cmake /home/sf/workspace/orb_slam3_second_ws/orbslam/orbslam3_ros2_ws/src/slam_msgs -DCMAKE_INSTALL_PREFIX=/home/sf/workspace/orb_slam3_second_ws/orbslam/orbslam3_ros2_ws/install/slam_msgs
[1.806s] DEBUG:colcon.colcon_core.event_handler.log_command:Invoked command in '/home/sf/workspace/orb_slam3_second_ws/orbslam/orbslam3_ros2_ws/build/slam_msgs' returned '0': CMAKE_PREFIX_PATH=${CMAKE_PREFIX_PATH}:/opt/ros/humble /usr/bin/cmake /home/sf/workspace/orb_slam3_second_ws/orbslam/orbslam3_ros2_ws/src/slam_msgs -DCMAKE_INSTALL_PREFIX=/home/sf/workspace/orb_slam3_second_ws/orbslam/orbslam3_ros2_ws/install/slam_msgs
[1.808s] DEBUG:colcon.colcon_core.event_handler.log_command:Invoking command in '/home/sf/workspace/orb_slam3_second_ws/orbslam/orbslam3_ros2_ws/build/slam_msgs': CMAKE_PREFIX_PATH=${CMAKE_PREFIX_PATH}:/opt/ros/humble /usr/bin/cmake --build /home/sf/workspace/orb_slam3_second_ws/orbslam/orbslam3_ros2_ws/build/slam_msgs -- -j24 -l24
[4.519s] DEBUG:colcon.colcon_core.event_handler.log_command:Invoked command in '/home/sf/workspace/orb_slam3_second_ws/orbslam/orbslam3_ros2_ws/build/slam_msgs' returned '0': CMAKE_PREFIX_PATH=${CMAKE_PREFIX_PATH}:/opt/ros/humble /usr/bin/cmake --build /home/sf/workspace/orb_slam3_second_ws/orbslam/orbslam3_ros2_ws/build/slam_msgs -- -j24 -l24
[4.527s] DEBUG:colcon.colcon_core.event_handler.log_command:Invoking command in '/home/sf/workspace/orb_slam3_second_ws/orbslam/orbslam3_ros2_ws/build/slam_msgs': CMAKE_PREFIX_PATH=${CMAKE_PREFIX_PATH}:/opt/ros/humble /usr/bin/cmake --install /home/sf/workspace/orb_slam3_second_ws/orbslam/orbslam3_ros2_ws/build/slam_msgs
[4.583s] Level 1:colcon.colcon_core.environment:create_environment_scripts_only(slam_msgs)
[4.583s] DEBUG:colcon.colcon_core.event_handler.log_command:Invoked command in '/home/sf/workspace/orb_slam3_second_ws/orbslam/orbslam3_ros2_ws/build/slam_msgs' returned '0': CMAKE_PREFIX_PATH=${CMAKE_PREFIX_PATH}:/opt/ros/humble /usr/bin/cmake --install /home/sf/workspace/orb_slam3_second_ws/orbslam/orbslam3_ros2_ws/build/slam_msgs
[4.584s] Level 1:colcon.colcon_core.environment:checking '/home/sf/workspace/orb_slam3_second_ws/orbslam/orbslam3_ros2_ws/install/slam_msgs' for CMake module files
[4.584s] Level 1:colcon.colcon_core.environment:checking '/home/sf/workspace/orb_slam3_second_ws/orbslam/orbslam3_ros2_ws/install/slam_msgs' for CMake config files
[4.585s] Level 1:colcon.colcon_core.shell:create_environment_hook('slam_msgs', 'cmake_prefix_path')
[4.585s] INFO:colcon.colcon_core.shell:Creating environment hook '/home/sf/workspace/orb_slam3_second_ws/orbslam/orbslam3_ros2_ws/install/slam_msgs/share/slam_msgs/hook/cmake_prefix_path.ps1'
[4.585s] INFO:colcon.colcon_core.shell:Creating environment descriptor '/home/sf/workspace/orb_slam3_second_ws/orbslam/orbslam3_ros2_ws/install/slam_msgs/share/slam_msgs/hook/cmake_prefix_path.dsv'
[4.585s] INFO:colcon.colcon_core.shell:Creating environment hook '/home/sf/workspace/orb_slam3_second_ws/orbslam/orbslam3_ros2_ws/install/slam_msgs/share/slam_msgs/hook/cmake_prefix_path.sh'
[4.585s] Level 1:colcon.colcon_core.environment:checking '/home/sf/workspace/orb_slam3_second_ws/orbslam/orbslam3_ros2_ws/install/slam_msgs/lib'
[4.586s] Level 1:colcon.colcon_core.shell:create_environment_hook('slam_msgs', 'ld_library_path_lib')
[4.586s] INFO:colcon.colcon_core.shell:Creating environment hook '/home/sf/workspace/orb_slam3_second_ws/orbslam/orbslam3_ros2_ws/install/slam_msgs/share/slam_msgs/hook/ld_library_path_lib.ps1'
[4.586s] INFO:colcon.colcon_core.shell:Creating environment descriptor '/home/sf/workspace/orb_slam3_second_ws/orbslam/orbslam3_ros2_ws/install/slam_msgs/share/slam_msgs/hook/ld_library_path_lib.dsv'
[4.586s] INFO:colcon.colcon_core.shell:Creating environment hook '/home/sf/workspace/orb_slam3_second_ws/orbslam/orbslam3_ros2_ws/install/slam_msgs/share/slam_msgs/hook/ld_library_path_lib.sh'
[4.586s] Level 1:colcon.colcon_core.environment:checking '/home/sf/workspace/orb_slam3_second_ws/orbslam/orbslam3_ros2_ws/install/slam_msgs/bin'
[4.586s] Level 1:colcon.colcon_core.environment:checking '/home/sf/workspace/orb_slam3_second_ws/orbslam/orbslam3_ros2_ws/install/slam_msgs/lib/pkgconfig/slam_msgs.pc'
[4.586s] Level 1:colcon.colcon_core.environment:checking '/home/sf/workspace/orb_slam3_second_ws/orbslam/orbslam3_ros2_ws/install/slam_msgs/lib/python3.10/site-packages'
[4.586s] Level 1:colcon.colcon_core.environment:checking '/home/sf/workspace/orb_slam3_second_ws/orbslam/orbslam3_ros2_ws/install/slam_msgs/bin'
[4.587s] INFO:colcon.colcon_core.shell:Creating package script '/home/sf/workspace/orb_slam3_second_ws/orbslam/orbslam3_ros2_ws/install/slam_msgs/share/slam_msgs/package.ps1'
[4.587s] INFO:colcon.colcon_core.shell:Creating package descriptor '/home/sf/workspace/orb_slam3_second_ws/orbslam/orbslam3_ros2_ws/install/slam_msgs/share/slam_msgs/package.dsv'
[4.587s] INFO:colcon.colcon_core.shell:Creating package script '/home/sf/workspace/orb_slam3_second_ws/orbslam/orbslam3_ros2_ws/install/slam_msgs/share/slam_msgs/package.sh'
[4.587s] INFO:colcon.colcon_core.shell:Creating package script '/home/sf/workspace/orb_slam3_second_ws/orbslam/orbslam3_ros2_ws/install/slam_msgs/share/slam_msgs/package.bash'
[4.588s] INFO:colcon.colcon_core.shell:Creating package script '/home/sf/workspace/orb_slam3_second_ws/orbslam/orbslam3_ros2_ws/install/slam_msgs/share/slam_msgs/package.zsh'
[4.588s] Level 1:colcon.colcon_core.environment:create_file_with_runtime_dependencies(/home/sf/workspace/orb_slam3_second_ws/orbslam/orbslam3_ros2_ws/install/slam_msgs/share/colcon-core/packages/slam_msgs)
[4.588s] Level 1:colcon.colcon_core.environment:create_environment_scripts_only(slam_msgs)
[4.588s] Level 1:colcon.colcon_core.environment:checking '/home/sf/workspace/orb_slam3_second_ws/orbslam/orbslam3_ros2_ws/install/slam_msgs' for CMake module files
[4.589s] Level 1:colcon.colcon_core.environment:checking '/home/sf/workspace/orb_slam3_second_ws/orbslam/orbslam3_ros2_ws/install/slam_msgs' for CMake config files
[4.589s] Level 1:colcon.colcon_core.shell:create_environment_hook('slam_msgs', 'cmake_prefix_path')
[4.589s] INFO:colcon.colcon_core.shell:Creating environment hook '/home/sf/workspace/orb_slam3_second_ws/orbslam/orbslam3_ros2_ws/install/slam_msgs/share/slam_msgs/hook/cmake_prefix_path.ps1'
[4.589s] INFO:colcon.colcon_core.shell:Creating environment descriptor '/home/sf/workspace/orb_slam3_second_ws/orbslam/orbslam3_ros2_ws/install/slam_msgs/share/slam_msgs/hook/cmake_prefix_path.dsv'
[4.589s] INFO:colcon.colcon_core.shell:Creating environment hook '/home/sf/workspace/orb_slam3_second_ws/orbslam/orbslam3_ros2_ws/install/slam_msgs/share/slam_msgs/hook/cmake_prefix_path.sh'
[4.590s] Level 1:colcon.colcon_core.environment:checking '/home/sf/workspace/orb_slam3_second_ws/orbslam/orbslam3_ros2_ws/install/slam_msgs/lib'
[4.590s] Level 1:colcon.colcon_core.shell:create_environment_hook('slam_msgs', 'ld_library_path_lib')
[4.590s] INFO:colcon.colcon_core.shell:Creating environment hook '/home/sf/workspace/orb_slam3_second_ws/orbslam/orbslam3_ros2_ws/install/slam_msgs/share/slam_msgs/hook/ld_library_path_lib.ps1'
[4.590s] INFO:colcon.colcon_core.shell:Creating environment descriptor '/home/sf/workspace/orb_slam3_second_ws/orbslam/orbslam3_ros2_ws/install/slam_msgs/share/slam_msgs/hook/ld_library_path_lib.dsv'
[4.590s] INFO:colcon.colcon_core.shell:Creating environment hook '/home/sf/workspace/orb_slam3_second_ws/orbslam/orbslam3_ros2_ws/install/slam_msgs/share/slam_msgs/hook/ld_library_path_lib.sh'
[4.590s] Level 1:colcon.colcon_core.environment:checking '/home/sf/workspace/orb_slam3_second_ws/orbslam/orbslam3_ros2_ws/install/slam_msgs/bin'
[4.590s] Level 1:colcon.colcon_core.environment:checking '/home/sf/workspace/orb_slam3_second_ws/orbslam/orbslam3_ros2_ws/install/slam_msgs/lib/pkgconfig/slam_msgs.pc'
[4.590s] Level 1:colcon.colcon_core.environment:checking '/home/sf/workspace/orb_slam3_second_ws/orbslam/orbslam3_ros2_ws/install/slam_msgs/lib/python3.10/site-packages'
[4.591s] Level 1:colcon.colcon_core.environment:checking '/home/sf/workspace/orb_slam3_second_ws/orbslam/orbslam3_ros2_ws/install/slam_msgs/bin'
[4.591s] INFO:colcon.colcon_core.shell:Creating package script '/home/sf/workspace/orb_slam3_second_ws/orbslam/orbslam3_ros2_ws/install/slam_msgs/share/slam_msgs/package.ps1'
[4.591s] INFO:colcon.colcon_core.shell:Creating package descriptor '/home/sf/workspace/orb_slam3_second_ws/orbslam/orbslam3_ros2_ws/install/slam_msgs/share/slam_msgs/package.dsv'
[4.591s] INFO:colcon.colcon_core.shell:Creating package script '/home/sf/workspace/orb_slam3_second_ws/orbslam/orbslam3_ros2_ws/install/slam_msgs/share/slam_msgs/package.sh'
[4.591s] INFO:colcon.colcon_core.shell:Creating package script '/home/sf/workspace/orb_slam3_second_ws/orbslam/orbslam3_ros2_ws/install/slam_msgs/share/slam_msgs/package.bash'
[4.592s] INFO:colcon.colcon_core.shell:Creating package script '/home/sf/workspace/orb_slam3_second_ws/orbslam/orbslam3_ros2_ws/install/slam_msgs/share/slam_msgs/package.zsh'
[4.592s] Level 1:colcon.colcon_core.environment:create_file_with_runtime_dependencies(/home/sf/workspace/orb_slam3_second_ws/orbslam/orbslam3_ros2_ws/install/slam_msgs/share/colcon-core/packages/slam_msgs)
[4.592s] INFO:colcon.colcon_ros.task.ament_cmake.build:Building ROS package in '/home/sf/workspace/orb_slam3_second_ws/orbslam/orbslam3_ros2_ws/src/orb_slam3_map_generator' with build type 'ament_cmake'
[4.592s] INFO:colcon.colcon_cmake.task.cmake.build:Building CMake package in '/home/sf/workspace/orb_slam3_second_ws/orbslam/orbslam3_ros2_ws/src/orb_slam3_map_generator'
[4.592s] INFO:colcon.colcon_core.shell:Skip shell extension 'powershell' for command environment: Not usable outside of PowerShell
[4.592s] DEBUG:colcon.colcon_core.shell:Skip shell extension 'dsv' for command environment
[4.594s] INFO:colcon.colcon_ros.task.ament_cmake.build:Building ROS package in '/home/sf/workspace/orb_slam3_second_ws/orbslam/orbslam3_ros2_ws/src/orb_slam3_ros2_wrapper' with build type 'ament_cmake'
[4.594s] INFO:colcon.colcon_cmake.task.cmake.build:Building CMake package in '/home/sf/workspace/orb_slam3_second_ws/orbslam/orbslam3_ros2_ws/src/orb_slam3_ros2_wrapper'
[4.594s] INFO:colcon.colcon_core.shell:Skip shell extension 'powershell' for command environment: Not usable outside of PowerShell
[4.594s] DEBUG:colcon.colcon_core.shell:Skip shell extension 'dsv' for command environment
[4.598s] DEBUG:colcon.colcon_core.event_handler.log_command:Invoking command in '/home/sf/workspace/orb_slam3_second_ws/orbslam/orbslam3_ros2_ws/build/orb_slam3_map_generator': CMAKE_PREFIX_PATH=/home/sf/workspace/orb_slam3_second_ws/orbslam/orbslam3_ros2_ws/install/slam_msgs:/home/sf/workspace/orb_slam3_second_ws/orbslam/orbslam3_ros2_ws/install/orb_slam3_ros2_wrapper:/home/sf/workspace/orb_slam3_second_ws/orbslam/orbslam3_ros2_ws/install/orb_slam3_map_generator:/home/sf/Sensor_Drive/CyperStereo/CyperstereoSDK/CyperStereo_ROS2_ws/install/data_cap:/opt/ros/humble /usr/bin/cmake /home/sf/workspace/orb_slam3_second_ws/orbslam/orbslam3_ros2_ws/src/orb_slam3_map_generator -DCMAKE_INSTALL_PREFIX=/home/sf/workspace/orb_slam3_second_ws/orbslam/orbslam3_ros2_ws/install/orb_slam3_map_generator
[4.601s] DEBUG:colcon.colcon_core.event_handler.log_command:Invoking command in '/home/sf/workspace/orb_slam3_second_ws/orbslam/orbslam3_ros2_ws/build/orb_slam3_ros2_wrapper': CMAKE_PREFIX_PATH=/home/sf/workspace/orb_slam3_second_ws/orbslam/orbslam3_ros2_ws/install/slam_msgs:/home/sf/workspace/orb_slam3_second_ws/orbslam/orbslam3_ros2_ws/install/orb_slam3_ros2_wrapper:/home/sf/workspace/orb_slam3_second_ws/orbslam/orbslam3_ros2_ws/install/orb_slam3_map_generator:/home/sf/Sensor_Drive/CyperStereo/CyperstereoSDK/CyperStereo_ROS2_ws/install/data_cap:/opt/ros/humble /usr/bin/cmake /home/sf/workspace/orb_slam3_second_ws/orbslam/orbslam3_ros2_ws/src/orb_slam3_ros2_wrapper -DCMAKE_INSTALL_PREFIX=/home/sf/workspace/orb_slam3_second_ws/orbslam/orbslam3_ros2_ws/install/orb_slam3_ros2_wrapper
[6.883s] DEBUG:colcon.colcon_core.event_handler.log_command:Invoked command in '/home/sf/workspace/orb_slam3_second_ws/orbslam/orbslam3_ros2_ws/build/orb_slam3_map_generator' returned '0': CMAKE_PREFIX_PATH=/home/sf/workspace/orb_slam3_second_ws/orbslam/orbslam3_ros2_ws/install/slam_msgs:/home/sf/workspace/orb_slam3_second_ws/orbslam/orbslam3_ros2_ws/install/orb_slam3_ros2_wrapper:/home/sf/workspace/orb_slam3_second_ws/orbslam/orbslam3_ros2_ws/install/orb_slam3_map_generator:/home/sf/Sensor_Drive/CyperStereo/CyperstereoSDK/CyperStereo_ROS2_ws/install/data_cap:/opt/ros/humble /usr/bin/cmake /home/sf/workspace/orb_slam3_second_ws/orbslam/orbslam3_ros2_ws/src/orb_slam3_map_generator -DCMAKE_INSTALL_PREFIX=/home/sf/workspace/orb_slam3_second_ws/orbslam/orbslam3_ros2_ws/install/orb_slam3_map_generator
[6.885s] DEBUG:colcon.colcon_core.event_handler.log_command:Invoking command in '/home/sf/workspace/orb_slam3_second_ws/orbslam/orbslam3_ros2_ws/build/orb_slam3_map_generator': CMAKE_PREFIX_PATH=/home/sf/workspace/orb_slam3_second_ws/orbslam/orbslam3_ros2_ws/install/slam_msgs:/home/sf/workspace/orb_slam3_second_ws/orbslam/orbslam3_ros2_ws/install/orb_slam3_ros2_wrapper:/home/sf/workspace/orb_slam3_second_ws/orbslam/orbslam3_ros2_ws/install/orb_slam3_map_generator:/home/sf/Sensor_Drive/CyperStereo/CyperstereoSDK/CyperStereo_ROS2_ws/install/data_cap:/opt/ros/humble /usr/bin/cmake --build /home/sf/workspace/orb_slam3_second_ws/orbslam/orbslam3_ros2_ws/build/orb_slam3_map_generator -- -j24 -l24
[6.901s] DEBUG:colcon.colcon_core.event_handler.log_command:Invoked command in '/home/sf/workspace/orb_slam3_second_ws/orbslam/orbslam3_ros2_ws/build/orb_slam3_ros2_wrapper' returned '0': CMAKE_PREFIX_PATH=/home/sf/workspace/orb_slam3_second_ws/orbslam/orbslam3_ros2_ws/install/slam_msgs:/home/sf/workspace/orb_slam3_second_ws/orbslam/orbslam3_ros2_ws/install/orb_slam3_ros2_wrapper:/home/sf/workspace/orb_slam3_second_ws/orbslam/orbslam3_ros2_ws/install/orb_slam3_map_generator:/home/sf/Sensor_Drive/CyperStereo/CyperstereoSDK/CyperStereo_ROS2_ws/install/data_cap:/opt/ros/humble /usr/bin/cmake /home/sf/workspace/orb_slam3_second_ws/orbslam/orbslam3_ros2_ws/src/orb_slam3_ros2_wrapper -DCMAKE_INSTALL_PREFIX=/home/sf/workspace/orb_slam3_second_ws/orbslam/orbslam3_ros2_ws/install/orb_slam3_ros2_wrapper
[6.901s] DEBUG:colcon.colcon_core.event_handler.log_command:Invoking command in '/home/sf/workspace/orb_slam3_second_ws/orbslam/orbslam3_ros2_ws/build/orb_slam3_ros2_wrapper': CMAKE_PREFIX_PATH=/home/sf/workspace/orb_slam3_second_ws/orbslam/orbslam3_ros2_ws/install/slam_msgs:/home/sf/workspace/orb_slam3_second_ws/orbslam/orbslam3_ros2_ws/install/orb_slam3_ros2_wrapper:/home/sf/workspace/orb_slam3_second_ws/orbslam/orbslam3_ros2_ws/install/orb_slam3_map_generator:/home/sf/Sensor_Drive/CyperStereo/CyperstereoSDK/CyperStereo_ROS2_ws/install/data_cap:/opt/ros/humble /usr/bin/cmake --build /home/sf/workspace/orb_slam3_second_ws/orbslam/orbslam3_ros2_ws/build/orb_slam3_ros2_wrapper -- -j24 -l24
[20.240s] DEBUG:colcon.colcon_core.event_handler.log_command:Invoked command in '/home/sf/workspace/orb_slam3_second_ws/orbslam/orbslam3_ros2_ws/build/orb_slam3_map_generator' returned '0': CMAKE_PREFIX_PATH=/home/sf/workspace/orb_slam3_second_ws/orbslam/orbslam3_ros2_ws/install/slam_msgs:/home/sf/workspace/orb_slam3_second_ws/orbslam/orbslam3_ros2_ws/install/orb_slam3_ros2_wrapper:/home/sf/workspace/orb_slam3_second_ws/orbslam/orbslam3_ros2_ws/install/orb_slam3_map_generator:/home/sf/Sensor_Drive/CyperStereo/CyperstereoSDK/CyperStereo_ROS2_ws/install/data_cap:/opt/ros/humble /usr/bin/cmake --build /home/sf/workspace/orb_slam3_second_ws/orbslam/orbslam3_ros2_ws/build/orb_slam3_map_generator -- -j24 -l24
[20.241s] DEBUG:colcon.colcon_core.event_handler.log_command:Invoking command in '/home/sf/workspace/orb_slam3_second_ws/orbslam/orbslam3_ros2_ws/build/orb_slam3_map_generator': CMAKE_PREFIX_PATH=/home/sf/workspace/orb_slam3_second_ws/orbslam/orbslam3_ros2_ws/install/slam_msgs:/home/sf/workspace/orb_slam3_second_ws/orbslam/orbslam3_ros2_ws/install/orb_slam3_ros2_wrapper:/home/sf/workspace/orb_slam3_second_ws/orbslam/orbslam3_ros2_ws/install/orb_slam3_map_generator:/home/sf/Sensor_Drive/CyperStereo/CyperstereoSDK/CyperStereo_ROS2_ws/install/data_cap:/opt/ros/humble /usr/bin/cmake --install /home/sf/workspace/orb_slam3_second_ws/orbslam/orbslam3_ros2_ws/build/orb_slam3_map_generator
[20.252s] Level 1:colcon.colcon_core.environment:create_environment_scripts_only(orb_slam3_map_generator)
[20.252s] Level 1:colcon.colcon_core.environment:checking '/home/sf/workspace/orb_slam3_second_ws/orbslam/orbslam3_ros2_ws/install/orb_slam3_map_generator' for CMake module files
[20.252s] DEBUG:colcon.colcon_core.event_handler.log_command:Invoked command in '/home/sf/workspace/orb_slam3_second_ws/orbslam/orbslam3_ros2_ws/build/orb_slam3_map_generator' returned '0': CMAKE_PREFIX_PATH=/home/sf/workspace/orb_slam3_second_ws/orbslam/orbslam3_ros2_ws/install/slam_msgs:/home/sf/workspace/orb_slam3_second_ws/orbslam/orbslam3_ros2_ws/install/orb_slam3_ros2_wrapper:/home/sf/workspace/orb_slam3_second_ws/orbslam/orbslam3_ros2_ws/install/orb_slam3_map_generator:/home/sf/Sensor_Drive/CyperStereo/CyperstereoSDK/CyperStereo_ROS2_ws/install/data_cap:/opt/ros/humble /usr/bin/cmake --install /home/sf/workspace/orb_slam3_second_ws/orbslam/orbslam3_ros2_ws/build/orb_slam3_map_generator
[20.253s] Level 1:colcon.colcon_core.environment:checking '/home/sf/workspace/orb_slam3_second_ws/orbslam/orbslam3_ros2_ws/install/orb_slam3_map_generator' for CMake config files
[20.253s] Level 1:colcon.colcon_core.shell:create_environment_hook('orb_slam3_map_generator', 'cmake_prefix_path')
[20.253s] INFO:colcon.colcon_core.shell:Creating environment hook '/home/sf/workspace/orb_slam3_second_ws/orbslam/orbslam3_ros2_ws/install/orb_slam3_map_generator/share/orb_slam3_map_generator/hook/cmake_prefix_path.ps1'
[20.253s] INFO:colcon.colcon_core.shell:Creating environment descriptor '/home/sf/workspace/orb_slam3_second_ws/orbslam/orbslam3_ros2_ws/install/orb_slam3_map_generator/share/orb_slam3_map_generator/hook/cmake_prefix_path.dsv'
[20.254s] INFO:colcon.colcon_core.shell:Creating environment hook '/home/sf/workspace/orb_slam3_second_ws/orbslam/orbslam3_ros2_ws/install/orb_slam3_map_generator/share/orb_slam3_map_generator/hook/cmake_prefix_path.sh'
[20.254s] Level 1:colcon.colcon_core.environment:checking '/home/sf/workspace/orb_slam3_second_ws/orbslam/orbslam3_ros2_ws/install/orb_slam3_map_generator/lib'
[20.254s] Level 1:colcon.colcon_core.environment:checking '/home/sf/workspace/orb_slam3_second_ws/orbslam/orbslam3_ros2_ws/install/orb_slam3_map_generator/bin'
[20.254s] Level 1:colcon.colcon_core.environment:checking '/home/sf/workspace/orb_slam3_second_ws/orbslam/orbslam3_ros2_ws/install/orb_slam3_map_generator/lib/pkgconfig/orb_slam3_map_generator.pc'
[20.254s] Level 1:colcon.colcon_core.environment:checking '/home/sf/workspace/orb_slam3_second_ws/orbslam/orbslam3_ros2_ws/install/orb_slam3_map_generator/lib/python3.10/site-packages'
[20.255s] Level 1:colcon.colcon_core.environment:checking '/home/sf/workspace/orb_slam3_second_ws/orbslam/orbslam3_ros2_ws/install/orb_slam3_map_generator/bin'
[20.255s] INFO:colcon.colcon_core.shell:Creating package script '/home/sf/workspace/orb_slam3_second_ws/orbslam/orbslam3_ros2_ws/install/orb_slam3_map_generator/share/orb_slam3_map_generator/package.ps1'
[20.255s] INFO:colcon.colcon_core.shell:Creating package descriptor '/home/sf/workspace/orb_slam3_second_ws/orbslam/orbslam3_ros2_ws/install/orb_slam3_map_generator/share/orb_slam3_map_generator/package.dsv'
[20.256s] INFO:colcon.colcon_core.shell:Creating package script '/home/sf/workspace/orb_slam3_second_ws/orbslam/orbslam3_ros2_ws/install/orb_slam3_map_generator/share/orb_slam3_map_generator/package.sh'
[20.256s] INFO:colcon.colcon_core.shell:Creating package script '/home/sf/workspace/orb_slam3_second_ws/orbslam/orbslam3_ros2_ws/install/orb_slam3_map_generator/share/orb_slam3_map_generator/package.bash'
[20.256s] INFO:colcon.colcon_core.shell:Creating package script '/home/sf/workspace/orb_slam3_second_ws/orbslam/orbslam3_ros2_ws/install/orb_slam3_map_generator/share/orb_slam3_map_generator/package.zsh'
[20.256s] Level 1:colcon.colcon_core.environment:create_file_with_runtime_dependencies(/home/sf/workspace/orb_slam3_second_ws/orbslam/orbslam3_ros2_ws/install/orb_slam3_map_generator/share/colcon-core/packages/orb_slam3_map_generator)
[20.257s] Level 1:colcon.colcon_core.environment:create_environment_scripts_only(orb_slam3_map_generator)
[20.257s] Level 1:colcon.colcon_core.environment:checking '/home/sf/workspace/orb_slam3_second_ws/orbslam/orbslam3_ros2_ws/install/orb_slam3_map_generator' for CMake module files
[20.257s] Level 1:colcon.colcon_core.environment:checking '/home/sf/workspace/orb_slam3_second_ws/orbslam/orbslam3_ros2_ws/install/orb_slam3_map_generator' for CMake config files
[20.258s] Level 1:colcon.colcon_core.shell:create_environment_hook('orb_slam3_map_generator', 'cmake_prefix_path')
[20.258s] INFO:colcon.colcon_core.shell:Creating environment hook '/home/sf/workspace/orb_slam3_second_ws/orbslam/orbslam3_ros2_ws/install/orb_slam3_map_generator/share/orb_slam3_map_generator/hook/cmake_prefix_path.ps1'
[20.258s] INFO:colcon.colcon_core.shell:Creating environment descriptor '/home/sf/workspace/orb_slam3_second_ws/orbslam/orbslam3_ros2_ws/install/orb_slam3_map_generator/share/orb_slam3_map_generator/hook/cmake_prefix_path.dsv'
[20.258s] INFO:colcon.colcon_core.shell:Creating environment hook '/home/sf/workspace/orb_slam3_second_ws/orbslam/orbslam3_ros2_ws/install/orb_slam3_map_generator/share/orb_slam3_map_generator/hook/cmake_prefix_path.sh'
[20.259s] Level 1:colcon.colcon_core.environment:checking '/home/sf/workspace/orb_slam3_second_ws/orbslam/orbslam3_ros2_ws/install/orb_slam3_map_generator/lib'
[20.259s] Level 1:colcon.colcon_core.environment:checking '/home/sf/workspace/orb_slam3_second_ws/orbslam/orbslam3_ros2_ws/install/orb_slam3_map_generator/bin'
[20.259s] Level 1:colcon.colcon_core.environment:checking '/home/sf/workspace/orb_slam3_second_ws/orbslam/orbslam3_ros2_ws/install/orb_slam3_map_generator/lib/pkgconfig/orb_slam3_map_generator.pc'
[20.259s] Level 1:colcon.colcon_core.environment:checking '/home/sf/workspace/orb_slam3_second_ws/orbslam/orbslam3_ros2_ws/install/orb_slam3_map_generator/lib/python3.10/site-packages'
[20.259s] Level 1:colcon.colcon_core.environment:checking '/home/sf/workspace/orb_slam3_second_ws/orbslam/orbslam3_ros2_ws/install/orb_slam3_map_generator/bin'
[20.260s] INFO:colcon.colcon_core.shell:Creating package script '/home/sf/workspace/orb_slam3_second_ws/orbslam/orbslam3_ros2_ws/install/orb_slam3_map_generator/share/orb_slam3_map_generator/package.ps1'
[20.260s] INFO:colcon.colcon_core.shell:Creating package descriptor '/home/sf/workspace/orb_slam3_second_ws/orbslam/orbslam3_ros2_ws/install/orb_slam3_map_generator/share/orb_slam3_map_generator/package.dsv'
[20.261s] INFO:colcon.colcon_core.shell:Creating package script '/home/sf/workspace/orb_slam3_second_ws/orbslam/orbslam3_ros2_ws/install/orb_slam3_map_generator/share/orb_slam3_map_generator/package.sh'
[20.261s] INFO:colcon.colcon_core.shell:Creating package script '/home/sf/workspace/orb_slam3_second_ws/orbslam/orbslam3_ros2_ws/install/orb_slam3_map_generator/share/orb_slam3_map_generator/package.bash'
[20.261s] INFO:colcon.colcon_core.shell:Creating package script '/home/sf/workspace/orb_slam3_second_ws/orbslam/orbslam3_ros2_ws/install/orb_slam3_map_generator/share/orb_slam3_map_generator/package.zsh'
[20.262s] Level 1:colcon.colcon_core.environment:create_file_with_runtime_dependencies(/home/sf/workspace/orb_slam3_second_ws/orbslam/orbslam3_ros2_ws/install/orb_slam3_map_generator/share/colcon-core/packages/orb_slam3_map_generator)
[42.112s] DEBUG:colcon.colcon_core.event_handler.log_command:Invoked command in '/home/sf/workspace/orb_slam3_second_ws/orbslam/orbslam3_ros2_ws/build/orb_slam3_ros2_wrapper' returned '0': CMAKE_PREFIX_PATH=/home/sf/workspace/orb_slam3_second_ws/orbslam/orbslam3_ros2_ws/install/slam_msgs:/home/sf/workspace/orb_slam3_second_ws/orbslam/orbslam3_ros2_ws/install/orb_slam3_ros2_wrapper:/home/sf/workspace/orb_slam3_second_ws/orbslam/orbslam3_ros2_ws/install/orb_slam3_map_generator:/home/sf/Sensor_Drive/CyperStereo/CyperstereoSDK/CyperStereo_ROS2_ws/install/data_cap:/opt/ros/humble /usr/bin/cmake --build /home/sf/workspace/orb_slam3_second_ws/orbslam/orbslam3_ros2_ws/build/orb_slam3_ros2_wrapper -- -j24 -l24
[42.113s] DEBUG:colcon.colcon_core.event_handler.log_command:Invoking command in '/home/sf/workspace/orb_slam3_second_ws/orbslam/orbslam3_ros2_ws/build/orb_slam3_ros2_wrapper': CMAKE_PREFIX_PATH=/home/sf/workspace/orb_slam3_second_ws/orbslam/orbslam3_ros2_ws/install/slam_msgs:/home/sf/workspace/orb_slam3_second_ws/orbslam/orbslam3_ros2_ws/install/orb_slam3_ros2_wrapper:/home/sf/workspace/orb_slam3_second_ws/orbslam/orbslam3_ros2_ws/install/orb_slam3_map_generator:/home/sf/Sensor_Drive/CyperStereo/CyperstereoSDK/CyperStereo_ROS2_ws/install/data_cap:/opt/ros/humble /usr/bin/cmake --install /home/sf/workspace/orb_slam3_second_ws/orbslam/orbslam3_ros2_ws/build/orb_slam3_ros2_wrapper
[42.127s] Level 1:colcon.colcon_core.environment:create_environment_scripts_only(orb_slam3_ros2_wrapper)
[42.128s] Level 1:colcon.colcon_core.environment:checking '/home/sf/workspace/orb_slam3_second_ws/orbslam/orbslam3_ros2_ws/install/orb_slam3_ros2_wrapper' for CMake module files
[42.128s] DEBUG:colcon.colcon_core.event_handler.log_command:Invoked command in '/home/sf/workspace/orb_slam3_second_ws/orbslam/orbslam3_ros2_ws/build/orb_slam3_ros2_wrapper' returned '0': CMAKE_PREFIX_PATH=/home/sf/workspace/orb_slam3_second_ws/orbslam/orbslam3_ros2_ws/install/slam_msgs:/home/sf/workspace/orb_slam3_second_ws/orbslam/orbslam3_ros2_ws/install/orb_slam3_ros2_wrapper:/home/sf/workspace/orb_slam3_second_ws/orbslam/orbslam3_ros2_ws/install/orb_slam3_map_generator:/home/sf/Sensor_Drive/CyperStereo/CyperstereoSDK/CyperStereo_ROS2_ws/install/data_cap:/opt/ros/humble /usr/bin/cmake --install /home/sf/workspace/orb_slam3_second_ws/orbslam/orbslam3_ros2_ws/build/orb_slam3_ros2_wrapper
[42.129s] Level 1:colcon.colcon_core.environment:checking '/home/sf/workspace/orb_slam3_second_ws/orbslam/orbslam3_ros2_ws/install/orb_slam3_ros2_wrapper' for CMake config files
[42.129s] Level 1:colcon.colcon_core.shell:create_environment_hook('orb_slam3_ros2_wrapper', 'cmake_prefix_path')
[42.130s] INFO:colcon.colcon_core.shell:Creating environment hook '/home/sf/workspace/orb_slam3_second_ws/orbslam/orbslam3_ros2_ws/install/orb_slam3_ros2_wrapper/share/orb_slam3_ros2_wrapper/hook/cmake_prefix_path.ps1'
[42.130s] INFO:colcon.colcon_core.shell:Creating environment descriptor '/home/sf/workspace/orb_slam3_second_ws/orbslam/orbslam3_ros2_ws/install/orb_slam3_ros2_wrapper/share/orb_slam3_ros2_wrapper/hook/cmake_prefix_path.dsv'
[42.131s] INFO:colcon.colcon_core.shell:Creating environment hook '/home/sf/workspace/orb_slam3_second_ws/orbslam/orbslam3_ros2_ws/install/orb_slam3_ros2_wrapper/share/orb_slam3_ros2_wrapper/hook/cmake_prefix_path.sh'
[42.131s] Level 1:colcon.colcon_core.environment:checking '/home/sf/workspace/orb_slam3_second_ws/orbslam/orbslam3_ros2_ws/install/orb_slam3_ros2_wrapper/lib'
[42.131s] Level 1:colcon.colcon_core.environment:checking '/home/sf/workspace/orb_slam3_second_ws/orbslam/orbslam3_ros2_ws/install/orb_slam3_ros2_wrapper/bin'
[42.131s] Level 1:colcon.colcon_core.environment:checking '/home/sf/workspace/orb_slam3_second_ws/orbslam/orbslam3_ros2_ws/install/orb_slam3_ros2_wrapper/lib/pkgconfig/orb_slam3_ros2_wrapper.pc'
[42.132s] Level 1:colcon.colcon_core.environment:checking '/home/sf/workspace/orb_slam3_second_ws/orbslam/orbslam3_ros2_ws/install/orb_slam3_ros2_wrapper/lib/python3.10/site-packages'
[42.132s] Level 1:colcon.colcon_core.environment:checking '/home/sf/workspace/orb_slam3_second_ws/orbslam/orbslam3_ros2_ws/install/orb_slam3_ros2_wrapper/bin'
[42.132s] INFO:colcon.colcon_core.shell:Creating package script '/home/sf/workspace/orb_slam3_second_ws/orbslam/orbslam3_ros2_ws/install/orb_slam3_ros2_wrapper/share/orb_slam3_ros2_wrapper/package.ps1'
[42.133s] INFO:colcon.colcon_core.shell:Creating package descriptor '/home/sf/workspace/orb_slam3_second_ws/orbslam/orbslam3_ros2_ws/install/orb_slam3_ros2_wrapper/share/orb_slam3_ros2_wrapper/package.dsv'
[42.133s] INFO:colcon.colcon_core.shell:Creating package script '/home/sf/workspace/orb_slam3_second_ws/orbslam/orbslam3_ros2_ws/install/orb_slam3_ros2_wrapper/share/orb_slam3_ros2_wrapper/package.sh'
[42.134s] INFO:colcon.colcon_core.shell:Creating package script '/home/sf/workspace/orb_slam3_second_ws/orbslam/orbslam3_ros2_ws/install/orb_slam3_ros2_wrapper/share/orb_slam3_ros2_wrapper/package.bash'
[42.134s] INFO:colcon.colcon_core.shell:Creating package script '/home/sf/workspace/orb_slam3_second_ws/orbslam/orbslam3_ros2_ws/install/orb_slam3_ros2_wrapper/share/orb_slam3_ros2_wrapper/package.zsh'
[42.134s] Level 1:colcon.colcon_core.environment:create_file_with_runtime_dependencies(/home/sf/workspace/orb_slam3_second_ws/orbslam/orbslam3_ros2_ws/install/orb_slam3_ros2_wrapper/share/colcon-core/packages/orb_slam3_ros2_wrapper)
[42.135s] Level 1:colcon.colcon_core.environment:create_environment_scripts_only(orb_slam3_ros2_wrapper)
[42.135s] Level 1:colcon.colcon_core.environment:checking '/home/sf/workspace/orb_slam3_second_ws/orbslam/orbslam3_ros2_ws/install/orb_slam3_ros2_wrapper' for CMake module files
[42.136s] Level 1:colcon.colcon_core.environment:checking '/home/sf/workspace/orb_slam3_second_ws/orbslam/orbslam3_ros2_ws/install/orb_slam3_ros2_wrapper' for CMake config files
[42.136s] Level 1:colcon.colcon_core.shell:create_environment_hook('orb_slam3_ros2_wrapper', 'cmake_prefix_path')
[42.136s] INFO:colcon.colcon_core.shell:Creating environment hook '/home/sf/workspace/orb_slam3_second_ws/orbslam/orbslam3_ros2_ws/install/orb_slam3_ros2_wrapper/share/orb_slam3_ros2_wrapper/hook/cmake_prefix_path.ps1'
[42.136s] INFO:colcon.colcon_core.shell:Creating environment descriptor '/home/sf/workspace/orb_slam3_second_ws/orbslam/orbslam3_ros2_ws/install/orb_slam3_ros2_wrapper/share/orb_slam3_ros2_wrapper/hook/cmake_prefix_path.dsv'
[42.137s] INFO:colcon.colcon_core.shell:Creating environment hook '/home/sf/workspace/orb_slam3_second_ws/orbslam/orbslam3_ros2_ws/install/orb_slam3_ros2_wrapper/share/orb_slam3_ros2_wrapper/hook/cmake_prefix_path.sh'
[42.137s] Level 1:colcon.colcon_core.environment:checking '/home/sf/workspace/orb_slam3_second_ws/orbslam/orbslam3_ros2_ws/install/orb_slam3_ros2_wrapper/lib'
[42.137s] Level 1:colcon.colcon_core.environment:checking '/home/sf/workspace/orb_slam3_second_ws/orbslam/orbslam3_ros2_ws/install/orb_slam3_ros2_wrapper/bin'
[42.138s] Level 1:colcon.colcon_core.environment:checking '/home/sf/workspace/orb_slam3_second_ws/orbslam/orbslam3_ros2_ws/install/orb_slam3_ros2_wrapper/lib/pkgconfig/orb_slam3_ros2_wrapper.pc'
[42.138s] Level 1:colcon.colcon_core.environment:checking '/home/sf/workspace/orb_slam3_second_ws/orbslam/orbslam3_ros2_ws/install/orb_slam3_ros2_wrapper/lib/python3.10/site-packages'
[42.138s] Level 1:colcon.colcon_core.environment:checking '/home/sf/workspace/orb_slam3_second_ws/orbslam/orbslam3_ros2_ws/install/orb_slam3_ros2_wrapper/bin'
[42.139s] INFO:colcon.colcon_core.shell:Creating package script '/home/sf/workspace/orb_slam3_second_ws/orbslam/orbslam3_ros2_ws/install/orb_slam3_ros2_wrapper/share/orb_slam3_ros2_wrapper/package.ps1'
[42.139s] INFO:colcon.colcon_core.shell:Creating package descriptor '/home/sf/workspace/orb_slam3_second_ws/orbslam/orbslam3_ros2_ws/install/orb_slam3_ros2_wrapper/share/orb_slam3_ros2_wrapper/package.dsv'
[42.139s] INFO:colcon.colcon_core.shell:Creating package script '/home/sf/workspace/orb_slam3_second_ws/orbslam/orbslam3_ros2_ws/install/orb_slam3_ros2_wrapper/share/orb_slam3_ros2_wrapper/package.sh'
[42.140s] INFO:colcon.colcon_core.shell:Creating package script '/home/sf/workspace/orb_slam3_second_ws/orbslam/orbslam3_ros2_ws/install/orb_slam3_ros2_wrapper/share/orb_slam3_ros2_wrapper/package.bash'
[42.140s] INFO:colcon.colcon_core.shell:Creating package script '/home/sf/workspace/orb_slam3_second_ws/orbslam/orbslam3_ros2_ws/install/orb_slam3_ros2_wrapper/share/orb_slam3_ros2_wrapper/package.zsh'
[42.141s] Level 1:colcon.colcon_core.environment:create_file_with_runtime_dependencies(/home/sf/workspace/orb_slam3_second_ws/orbslam/orbslam3_ros2_ws/install/orb_slam3_ros2_wrapper/share/colcon-core/packages/orb_slam3_ros2_wrapper)
[42.141s] DEBUG:colcon.colcon_parallel_executor.executor.parallel:closing loop
[42.145s] DEBUG:colcon.colcon_parallel_executor.executor.parallel:loop closed
[42.146s] DEBUG:colcon.colcon_parallel_executor.executor.parallel:run_until_complete finished with '0'
[42.146s] DEBUG:colcon.colcon_core.event_reactor:joining thread
[42.281s] INFO:colcon.colcon_core.plugin_system:Skipping extension 'colcon_notification.desktop_notification.terminal_notifier': Not used on non-Darwin systems
[42.281s] INFO:colcon.colcon_core.plugin_system:Skipping extension 'colcon_notification.desktop_notification.win32': Not used on non-Windows systems
[42.281s] INFO:colcon.colcon_notification.desktop_notification:Sending desktop notification using 'notify2'
[42.293s] DEBUG:colcon.colcon_core.event_reactor:joined thread
[42.293s] INFO:colcon.colcon_core.shell:Creating prefix script '/home/sf/workspace/orb_slam3_second_ws/orbslam/orbslam3_ros2_ws/install/local_setup.ps1'
[42.294s] INFO:colcon.colcon_core.shell:Creating prefix util module '/home/sf/workspace/orb_slam3_second_ws/orbslam/orbslam3_ros2_ws/install/_local_setup_util_ps1.py'
[42.295s] INFO:colcon.colcon_core.shell:Creating prefix chain script '/home/sf/workspace/orb_slam3_second_ws/orbslam/orbslam3_ros2_ws/install/setup.ps1'
[42.296s] INFO:colcon.colcon_core.shell:Creating prefix script '/home/sf/workspace/orb_slam3_second_ws/orbslam/orbslam3_ros2_ws/install/local_setup.sh'
[42.296s] INFO:colcon.colcon_core.shell:Creating prefix util module '/home/sf/workspace/orb_slam3_second_ws/orbslam/orbslam3_ros2_ws/install/_local_setup_util_sh.py'
[42.297s] INFO:colcon.colcon_core.shell:Creating prefix chain script '/home/sf/workspace/orb_slam3_second_ws/orbslam/orbslam3_ros2_ws/install/setup.sh'
[42.297s] INFO:colcon.colcon_core.shell:Creating prefix script '/home/sf/workspace/orb_slam3_second_ws/orbslam/orbslam3_ros2_ws/install/local_setup.bash'
[42.298s] INFO:colcon.colcon_core.shell:Creating prefix chain script '/home/sf/workspace/orb_slam3_second_ws/orbslam/orbslam3_ros2_ws/install/setup.bash'
[42.298s] INFO:colcon.colcon_core.shell:Creating prefix script '/home/sf/workspace/orb_slam3_second_ws/orbslam/orbslam3_ros2_ws/install/local_setup.zsh'
[42.298s] INFO:colcon.colcon_core.shell:Creating prefix chain script '/home/sf/workspace/orb_slam3_second_ws/orbslam/orbslam3_ros2_ws/install/setup.zsh'
