[0.054s] DEBUG:colcon:Command line arguments: ['/usr/bin/colcon', 'build']
[0.054s] DEBUG:colcon:Parsed command line arguments: Namespace(log_base=None, log_level=None, verb_name='build', build_base='build', install_base='install', merge_install=False, symlink_install=False, test_result_base=None, continue_on_error=False, executor='parallel', parallel_workers=24, event_handlers=None, ignore_user_meta=False, metas=['./colcon.meta'], base_paths=['.'], packages_ignore=None, packages_ignore_regex=None, paths=None, packages_up_to=None, packages_up_to_regex=None, packages_above=None, packages_above_and_dependencies=None, packages_above_depth=None, packages_select_by_dep=None, packages_skip_by_dep=None, packages_skip_up_to=None, packages_select_build_failed=False, packages_skip_build_finished=False, packages_select_test_failures=False, packages_skip_test_passed=False, packages_select=None, packages_skip=None, packages_select_regex=None, packages_skip_regex=None, packages_start=None, packages_end=None, allow_overriding=[], cmake_args=None, cmake_target=None, cmake_target_skip_unavailable=False, cmake_clean_cache=False, cmake_clean_first=False, cmake_force_configure=False, ament_cmake_args=None, catkin_cmake_args=None, catkin_skip_building_tests=False, verb_parser=<colcon_defaults.argument_parser.defaults.DefaultArgumentsDecorator object at 0x76517545c580>, verb_extension=<colcon_core.verb.build.BuildVerb object at 0x76517545c100>, main=<bound method BuildVerb.main of <colcon_core.verb.build.BuildVerb object at 0x76517545c100>>)
[0.128s] Level 1:colcon.colcon_core.package_discovery:discover_packages(colcon_meta) check parameters
[0.128s] Level 1:colcon.colcon_core.package_discovery:discover_packages(recursive) check parameters
[0.128s] Level 1:colcon.colcon_core.package_discovery:discover_packages(ignore) check parameters
[0.128s] Level 1:colcon.colcon_core.package_discovery:discover_packages(path) check parameters
[0.128s] Level 1:colcon.colcon_core.package_discovery:discover_packages(colcon_meta) discover
[0.128s] Level 1:colcon.colcon_core.package_discovery:discover_packages(recursive) discover
[0.128s] INFO:colcon.colcon_core.package_discovery:Crawling recursively for packages in '/home/sf/workspace/orb_slam3_second_ws/orbslam/orbslam3_ros2_ws'
[0.128s] Level 1:colcon.colcon_core.package_identification:_identify(.) by extensions ['ignore', 'ignore_ament_install']
[0.128s] Level 1:colcon.colcon_core.package_identification:_identify(.) by extension 'ignore'
[0.128s] Level 1:colcon.colcon_core.package_identification:_identify(.) by extension 'ignore_ament_install'
[0.128s] Level 1:colcon.colcon_core.package_identification:_identify(.) by extensions ['colcon_pkg']
[0.128s] Level 1:colcon.colcon_core.package_identification:_identify(.) by extension 'colcon_pkg'
[0.128s] Level 1:colcon.colcon_core.package_identification:_identify(.) by extensions ['colcon_meta']
[0.128s] Level 1:colcon.colcon_core.package_identification:_identify(.) by extension 'colcon_meta'
[0.128s] Level 1:colcon.colcon_core.package_identification:_identify(.) by extensions ['ros']
[0.128s] Level 1:colcon.colcon_core.package_identification:_identify(.) by extension 'ros'
[0.133s] Level 1:colcon.colcon_core.package_identification:_identify(.) by extensions ['cmake', 'python']
[0.133s] Level 1:colcon.colcon_core.package_identification:_identify(.) by extension 'cmake'
[0.133s] Level 1:colcon.colcon_core.package_identification:_identify(.) by extension 'python'
[0.133s] Level 1:colcon.colcon_core.package_identification:_identify(.) by extensions ['python_setup_py']
[0.133s] Level 1:colcon.colcon_core.package_identification:_identify(.) by extension 'python_setup_py'
[0.134s] Level 1:colcon.colcon_core.package_identification:_identify(build) by extensions ['ignore', 'ignore_ament_install']
[0.134s] Level 1:colcon.colcon_core.package_identification:_identify(build) by extension 'ignore'
[0.134s] Level 1:colcon.colcon_core.package_identification:_identify(build) ignored
[0.134s] Level 1:colcon.colcon_core.package_identification:_identify(install) by extensions ['ignore', 'ignore_ament_install']
[0.134s] Level 1:colcon.colcon_core.package_identification:_identify(install) by extension 'ignore'
[0.134s] Level 1:colcon.colcon_core.package_identification:_identify(install) ignored
[0.134s] Level 1:colcon.colcon_core.package_identification:_identify(log) by extensions ['ignore', 'ignore_ament_install']
[0.134s] Level 1:colcon.colcon_core.package_identification:_identify(log) by extension 'ignore'
[0.134s] Level 1:colcon.colcon_core.package_identification:_identify(log) ignored
[0.134s] Level 1:colcon.colcon_core.package_identification:_identify(src) by extensions ['ignore', 'ignore_ament_install']
[0.134s] Level 1:colcon.colcon_core.package_identification:_identify(src) by extension 'ignore'
[0.134s] Level 1:colcon.colcon_core.package_identification:_identify(src) by extension 'ignore_ament_install'
[0.134s] Level 1:colcon.colcon_core.package_identification:_identify(src) by extensions ['colcon_pkg']
[0.134s] Level 1:colcon.colcon_core.package_identification:_identify(src) by extension 'colcon_pkg'
[0.134s] Level 1:colcon.colcon_core.package_identification:_identify(src) by extensions ['colcon_meta']
[0.134s] Level 1:colcon.colcon_core.package_identification:_identify(src) by extension 'colcon_meta'
[0.134s] Level 1:colcon.colcon_core.package_identification:_identify(src) by extensions ['ros']
[0.134s] Level 1:colcon.colcon_core.package_identification:_identify(src) by extension 'ros'
[0.134s] Level 1:colcon.colcon_core.package_identification:_identify(src) by extensions ['cmake', 'python']
[0.134s] Level 1:colcon.colcon_core.package_identification:_identify(src) by extension 'cmake'
[0.134s] Level 1:colcon.colcon_core.package_identification:_identify(src) by extension 'python'
[0.134s] Level 1:colcon.colcon_core.package_identification:_identify(src) by extensions ['python_setup_py']
[0.134s] Level 1:colcon.colcon_core.package_identification:_identify(src) by extension 'python_setup_py'
[0.134s] Level 1:colcon.colcon_core.package_identification:_identify(src/orb_slam3_map_generator) by extensions ['ignore', 'ignore_ament_install']
[0.134s] Level 1:colcon.colcon_core.package_identification:_identify(src/orb_slam3_map_generator) by extension 'ignore'
[0.134s] Level 1:colcon.colcon_core.package_identification:_identify(src/orb_slam3_map_generator) by extension 'ignore_ament_install'
[0.134s] Level 1:colcon.colcon_core.package_identification:_identify(src/orb_slam3_map_generator) by extensions ['colcon_pkg']
[0.134s] Level 1:colcon.colcon_core.package_identification:_identify(src/orb_slam3_map_generator) by extension 'colcon_pkg'
[0.134s] Level 1:colcon.colcon_core.package_identification:_identify(src/orb_slam3_map_generator) by extensions ['colcon_meta']
[0.134s] Level 1:colcon.colcon_core.package_identification:_identify(src/orb_slam3_map_generator) by extension 'colcon_meta'
[0.134s] Level 1:colcon.colcon_core.package_identification:_identify(src/orb_slam3_map_generator) by extensions ['ros']
[0.134s] Level 1:colcon.colcon_core.package_identification:_identify(src/orb_slam3_map_generator) by extension 'ros'
[0.136s] DEBUG:colcon.colcon_core.package_identification:Package 'src/orb_slam3_map_generator' with type 'ros.ament_cmake' and name 'orb_slam3_map_generator'
[0.136s] Level 1:colcon.colcon_core.package_identification:_identify(src/orb_slam3_ros2_wrapper) by extensions ['ignore', 'ignore_ament_install']
[0.136s] Level 1:colcon.colcon_core.package_identification:_identify(src/orb_slam3_ros2_wrapper) by extension 'ignore'
[0.136s] Level 1:colcon.colcon_core.package_identification:_identify(src/orb_slam3_ros2_wrapper) by extension 'ignore_ament_install'
[0.136s] Level 1:colcon.colcon_core.package_identification:_identify(src/orb_slam3_ros2_wrapper) by extensions ['colcon_pkg']
[0.136s] Level 1:colcon.colcon_core.package_identification:_identify(src/orb_slam3_ros2_wrapper) by extension 'colcon_pkg'
[0.136s] Level 1:colcon.colcon_core.package_identification:_identify(src/orb_slam3_ros2_wrapper) by extensions ['colcon_meta']
[0.136s] Level 1:colcon.colcon_core.package_identification:_identify(src/orb_slam3_ros2_wrapper) by extension 'colcon_meta'
[0.136s] Level 1:colcon.colcon_core.package_identification:_identify(src/orb_slam3_ros2_wrapper) by extensions ['ros']
[0.136s] Level 1:colcon.colcon_core.package_identification:_identify(src/orb_slam3_ros2_wrapper) by extension 'ros'
[0.137s] DEBUG:colcon.colcon_core.package_identification:Package 'src/orb_slam3_ros2_wrapper' with type 'ros.ament_cmake' and name 'orb_slam3_ros2_wrapper'
[0.137s] Level 1:colcon.colcon_core.package_identification:_identify(src/slam_msgs) by extensions ['ignore', 'ignore_ament_install']
[0.137s] Level 1:colcon.colcon_core.package_identification:_identify(src/slam_msgs) by extension 'ignore'
[0.137s] Level 1:colcon.colcon_core.package_identification:_identify(src/slam_msgs) by extension 'ignore_ament_install'
[0.137s] Level 1:colcon.colcon_core.package_identification:_identify(src/slam_msgs) by extensions ['colcon_pkg']
[0.137s] Level 1:colcon.colcon_core.package_identification:_identify(src/slam_msgs) by extension 'colcon_pkg'
[0.137s] Level 1:colcon.colcon_core.package_identification:_identify(src/slam_msgs) by extensions ['colcon_meta']
[0.137s] Level 1:colcon.colcon_core.package_identification:_identify(src/slam_msgs) by extension 'colcon_meta'
[0.137s] Level 1:colcon.colcon_core.package_identification:_identify(src/slam_msgs) by extensions ['ros']
[0.137s] Level 1:colcon.colcon_core.package_identification:_identify(src/slam_msgs) by extension 'ros'
[0.137s] DEBUG:colcon.colcon_core.package_identification:Package 'src/slam_msgs' with type 'ros.ament_cmake' and name 'slam_msgs'
[0.137s] Level 1:colcon.colcon_core.package_discovery:discover_packages(recursive) using defaults
[0.137s] Level 1:colcon.colcon_core.package_discovery:discover_packages(ignore) discover
[0.137s] Level 1:colcon.colcon_core.package_discovery:discover_packages(ignore) using defaults
[0.137s] Level 1:colcon.colcon_core.package_discovery:discover_packages(path) discover
[0.137s] Level 1:colcon.colcon_core.package_discovery:discover_packages(path) using defaults
[0.151s] Level 1:colcon.colcon_core.package_discovery:discover_packages(prefix_path) check parameters
[0.151s] Level 1:colcon.colcon_core.package_discovery:discover_packages(prefix_path) discover
[0.152s] DEBUG:colcon.colcon_installed_package_information.package_discovery:Found 3 installed packages in /home/sf/workspace/orb_slam3_second_ws/orbslam/orbslam3_ros2_ws/install
[0.152s] DEBUG:colcon.colcon_installed_package_information.package_discovery:Found 1 installed packages in /home/sf/Sensor_Drive/CyperStereo/CyperstereoSDK/CyperStereo_ROS2_ws/install
[0.153s] DEBUG:colcon.colcon_installed_package_information.package_discovery:Found 338 installed packages in /opt/ros/humble
[0.154s] Level 1:colcon.colcon_core.package_discovery:discover_packages(prefix_path) using defaults
[0.172s] Level 5:colcon.colcon_core.verb:set package 'slam_msgs' build argument 'cmake_args' from command line to 'None'
[0.172s] Level 5:colcon.colcon_core.verb:set package 'slam_msgs' build argument 'cmake_target' from command line to 'None'
[0.172s] Level 5:colcon.colcon_core.verb:set package 'slam_msgs' build argument 'cmake_target_skip_unavailable' from command line to 'False'
[0.172s] Level 5:colcon.colcon_core.verb:set package 'slam_msgs' build argument 'cmake_clean_cache' from command line to 'False'
[0.172s] Level 5:colcon.colcon_core.verb:set package 'slam_msgs' build argument 'cmake_clean_first' from command line to 'False'
[0.172s] Level 5:colcon.colcon_core.verb:set package 'slam_msgs' build argument 'cmake_force_configure' from command line to 'False'
[0.172s] Level 5:colcon.colcon_core.verb:set package 'slam_msgs' build argument 'ament_cmake_args' from command line to 'None'
[0.172s] Level 5:colcon.colcon_core.verb:set package 'slam_msgs' build argument 'catkin_cmake_args' from command line to 'None'
[0.172s] Level 5:colcon.colcon_core.verb:set package 'slam_msgs' build argument 'catkin_skip_building_tests' from command line to 'False'
[0.172s] DEBUG:colcon.colcon_core.verb:Building package 'slam_msgs' with the following arguments: {'ament_cmake_args': None, 'build_base': '/home/sf/workspace/orb_slam3_second_ws/orbslam/orbslam3_ros2_ws/build/slam_msgs', 'catkin_cmake_args': None, 'catkin_skip_building_tests': False, 'cmake_args': None, 'cmake_clean_cache': False, 'cmake_clean_first': False, 'cmake_force_configure': False, 'cmake_target': None, 'cmake_target_skip_unavailable': False, 'install_base': '/home/sf/workspace/orb_slam3_second_ws/orbslam/orbslam3_ros2_ws/install/slam_msgs', 'merge_install': False, 'path': '/home/sf/workspace/orb_slam3_second_ws/orbslam/orbslam3_ros2_ws/src/slam_msgs', 'symlink_install': False, 'test_result_base': None}
[0.172s] Level 5:colcon.colcon_core.verb:set package 'orb_slam3_map_generator' build argument 'cmake_args' from command line to 'None'
[0.172s] Level 5:colcon.colcon_core.verb:set package 'orb_slam3_map_generator' build argument 'cmake_target' from command line to 'None'
[0.172s] Level 5:colcon.colcon_core.verb:set package 'orb_slam3_map_generator' build argument 'cmake_target_skip_unavailable' from command line to 'False'
[0.172s] Level 5:colcon.colcon_core.verb:set package 'orb_slam3_map_generator' build argument 'cmake_clean_cache' from command line to 'False'
[0.172s] Level 5:colcon.colcon_core.verb:set package 'orb_slam3_map_generator' build argument 'cmake_clean_first' from command line to 'False'
[0.172s] Level 5:colcon.colcon_core.verb:set package 'orb_slam3_map_generator' build argument 'cmake_force_configure' from command line to 'False'
[0.172s] Level 5:colcon.colcon_core.verb:set package 'orb_slam3_map_generator' build argument 'ament_cmake_args' from command line to 'None'
[0.172s] Level 5:colcon.colcon_core.verb:set package 'orb_slam3_map_generator' build argument 'catkin_cmake_args' from command line to 'None'
[0.172s] Level 5:colcon.colcon_core.verb:set package 'orb_slam3_map_generator' build argument 'catkin_skip_building_tests' from command line to 'False'
[0.172s] DEBUG:colcon.colcon_core.verb:Building package 'orb_slam3_map_generator' with the following arguments: {'ament_cmake_args': None, 'build_base': '/home/sf/workspace/orb_slam3_second_ws/orbslam/orbslam3_ros2_ws/build/orb_slam3_map_generator', 'catkin_cmake_args': None, 'catkin_skip_building_tests': False, 'cmake_args': None, 'cmake_clean_cache': False, 'cmake_clean_first': False, 'cmake_force_configure': False, 'cmake_target': None, 'cmake_target_skip_unavailable': False, 'install_base': '/home/sf/workspace/orb_slam3_second_ws/orbslam/orbslam3_ros2_ws/install/orb_slam3_map_generator', 'merge_install': False, 'path': '/home/sf/workspace/orb_slam3_second_ws/orbslam/orbslam3_ros2_ws/src/orb_slam3_map_generator', 'symlink_install': False, 'test_result_base': None}
[0.173s] Level 5:colcon.colcon_core.verb:set package 'orb_slam3_ros2_wrapper' build argument 'cmake_args' from command line to 'None'
[0.173s] Level 5:colcon.colcon_core.verb:set package 'orb_slam3_ros2_wrapper' build argument 'cmake_target' from command line to 'None'
[0.173s] Level 5:colcon.colcon_core.verb:set package 'orb_slam3_ros2_wrapper' build argument 'cmake_target_skip_unavailable' from command line to 'False'
[0.173s] Level 5:colcon.colcon_core.verb:set package 'orb_slam3_ros2_wrapper' build argument 'cmake_clean_cache' from command line to 'False'
[0.173s] Level 5:colcon.colcon_core.verb:set package 'orb_slam3_ros2_wrapper' build argument 'cmake_clean_first' from command line to 'False'
[0.173s] Level 5:colcon.colcon_core.verb:set package 'orb_slam3_ros2_wrapper' build argument 'cmake_force_configure' from command line to 'False'
[0.173s] Level 5:colcon.colcon_core.verb:set package 'orb_slam3_ros2_wrapper' build argument 'ament_cmake_args' from command line to 'None'
[0.173s] Level 5:colcon.colcon_core.verb:set package 'orb_slam3_ros2_wrapper' build argument 'catkin_cmake_args' from command line to 'None'
[0.173s] Level 5:colcon.colcon_core.verb:set package 'orb_slam3_ros2_wrapper' build argument 'catkin_skip_building_tests' from command line to 'False'
[0.173s] DEBUG:colcon.colcon_core.verb:Building package 'orb_slam3_ros2_wrapper' with the following arguments: {'ament_cmake_args': None, 'build_base': '/home/sf/workspace/orb_slam3_second_ws/orbslam/orbslam3_ros2_ws/build/orb_slam3_ros2_wrapper', 'catkin_cmake_args': None, 'catkin_skip_building_tests': False, 'cmake_args': None, 'cmake_clean_cache': False, 'cmake_clean_first': False, 'cmake_force_configure': False, 'cmake_target': None, 'cmake_target_skip_unavailable': False, 'install_base': '/home/sf/workspace/orb_slam3_second_ws/orbslam/orbslam3_ros2_ws/install/orb_slam3_ros2_wrapper', 'merge_install': False, 'path': '/home/sf/workspace/orb_slam3_second_ws/orbslam/orbslam3_ros2_ws/src/orb_slam3_ros2_wrapper', 'symlink_install': False, 'test_result_base': None}
[0.173s] INFO:colcon.colcon_core.executor:Executing jobs using 'parallel' executor
[0.173s] DEBUG:colcon.colcon_parallel_executor.executor.parallel:run_until_complete
[0.174s] INFO:colcon.colcon_ros.task.ament_cmake.build:Building ROS package in '/home/sf/workspace/orb_slam3_second_ws/orbslam/orbslam3_ros2_ws/src/slam_msgs' with build type 'ament_cmake'
[0.174s] INFO:colcon.colcon_cmake.task.cmake.build:Building CMake package in '/home/sf/workspace/orb_slam3_second_ws/orbslam/orbslam3_ros2_ws/src/slam_msgs'
[0.174s] INFO:colcon.colcon_core.plugin_system:Skipping extension 'colcon_core.shell.bat': Not used on non-Windows systems
[0.175s] INFO:colcon.colcon_core.shell:Skip shell extension 'powershell' for command environment: Not usable outside of PowerShell
[0.175s] DEBUG:colcon.colcon_core.shell:Skip shell extension 'dsv' for command environment
[0.180s] DEBUG:colcon.colcon_core.event_handler.log_command:Invoking command in '/home/sf/workspace/orb_slam3_second_ws/orbslam/orbslam3_ros2_ws/build/slam_msgs': CMAKE_PREFIX_PATH=${CMAKE_PREFIX_PATH}:/opt/ros/humble /usr/bin/cmake --build /home/sf/workspace/orb_slam3_second_ws/orbslam/orbslam3_ros2_ws/build/slam_msgs -- -j24 -l24
[0.419s] DEBUG:colcon.colcon_core.event_handler.log_command:Invoked command in '/home/sf/workspace/orb_slam3_second_ws/orbslam/orbslam3_ros2_ws/build/slam_msgs' returned '0': CMAKE_PREFIX_PATH=${CMAKE_PREFIX_PATH}:/opt/ros/humble /usr/bin/cmake --build /home/sf/workspace/orb_slam3_second_ws/orbslam/orbslam3_ros2_ws/build/slam_msgs -- -j24 -l24
[0.425s] DEBUG:colcon.colcon_core.event_handler.log_command:Invoking command in '/home/sf/workspace/orb_slam3_second_ws/orbslam/orbslam3_ros2_ws/build/slam_msgs': CMAKE_PREFIX_PATH=${CMAKE_PREFIX_PATH}:/opt/ros/humble /usr/bin/cmake --install /home/sf/workspace/orb_slam3_second_ws/orbslam/orbslam3_ros2_ws/build/slam_msgs
[0.461s] Level 1:colcon.colcon_core.environment:create_environment_scripts_only(slam_msgs)
[0.461s] DEBUG:colcon.colcon_core.event_handler.log_command:Invoked command in '/home/sf/workspace/orb_slam3_second_ws/orbslam/orbslam3_ros2_ws/build/slam_msgs' returned '0': CMAKE_PREFIX_PATH=${CMAKE_PREFIX_PATH}:/opt/ros/humble /usr/bin/cmake --install /home/sf/workspace/orb_slam3_second_ws/orbslam/orbslam3_ros2_ws/build/slam_msgs
[0.463s] Level 1:colcon.colcon_core.environment:checking '/home/sf/workspace/orb_slam3_second_ws/orbslam/orbslam3_ros2_ws/install/slam_msgs' for CMake module files
[0.463s] Level 1:colcon.colcon_core.environment:checking '/home/sf/workspace/orb_slam3_second_ws/orbslam/orbslam3_ros2_ws/install/slam_msgs' for CMake config files
[0.464s] Level 1:colcon.colcon_core.shell:create_environment_hook('slam_msgs', 'cmake_prefix_path')
[0.464s] INFO:colcon.colcon_core.shell:Creating environment hook '/home/sf/workspace/orb_slam3_second_ws/orbslam/orbslam3_ros2_ws/install/slam_msgs/share/slam_msgs/hook/cmake_prefix_path.ps1'
[0.465s] INFO:colcon.colcon_core.shell:Creating environment descriptor '/home/sf/workspace/orb_slam3_second_ws/orbslam/orbslam3_ros2_ws/install/slam_msgs/share/slam_msgs/hook/cmake_prefix_path.dsv'
[0.465s] INFO:colcon.colcon_core.shell:Creating environment hook '/home/sf/workspace/orb_slam3_second_ws/orbslam/orbslam3_ros2_ws/install/slam_msgs/share/slam_msgs/hook/cmake_prefix_path.sh'
[0.466s] Level 1:colcon.colcon_core.environment:checking '/home/sf/workspace/orb_slam3_second_ws/orbslam/orbslam3_ros2_ws/install/slam_msgs/lib'
[0.466s] Level 1:colcon.colcon_core.shell:create_environment_hook('slam_msgs', 'ld_library_path_lib')
[0.466s] INFO:colcon.colcon_core.shell:Creating environment hook '/home/sf/workspace/orb_slam3_second_ws/orbslam/orbslam3_ros2_ws/install/slam_msgs/share/slam_msgs/hook/ld_library_path_lib.ps1'
[0.466s] INFO:colcon.colcon_core.shell:Creating environment descriptor '/home/sf/workspace/orb_slam3_second_ws/orbslam/orbslam3_ros2_ws/install/slam_msgs/share/slam_msgs/hook/ld_library_path_lib.dsv'
[0.467s] INFO:colcon.colcon_core.shell:Creating environment hook '/home/sf/workspace/orb_slam3_second_ws/orbslam/orbslam3_ros2_ws/install/slam_msgs/share/slam_msgs/hook/ld_library_path_lib.sh'
[0.467s] Level 1:colcon.colcon_core.environment:checking '/home/sf/workspace/orb_slam3_second_ws/orbslam/orbslam3_ros2_ws/install/slam_msgs/bin'
[0.467s] Level 1:colcon.colcon_core.environment:checking '/home/sf/workspace/orb_slam3_second_ws/orbslam/orbslam3_ros2_ws/install/slam_msgs/lib/pkgconfig/slam_msgs.pc'
[0.467s] Level 1:colcon.colcon_core.environment:checking '/home/sf/workspace/orb_slam3_second_ws/orbslam/orbslam3_ros2_ws/install/slam_msgs/lib/python3.10/site-packages'
[0.468s] Level 1:colcon.colcon_core.environment:checking '/home/sf/workspace/orb_slam3_second_ws/orbslam/orbslam3_ros2_ws/install/slam_msgs/bin'
[0.468s] INFO:colcon.colcon_core.shell:Creating package script '/home/sf/workspace/orb_slam3_second_ws/orbslam/orbslam3_ros2_ws/install/slam_msgs/share/slam_msgs/package.ps1'
[0.468s] INFO:colcon.colcon_core.shell:Creating package descriptor '/home/sf/workspace/orb_slam3_second_ws/orbslam/orbslam3_ros2_ws/install/slam_msgs/share/slam_msgs/package.dsv'
[0.469s] INFO:colcon.colcon_core.shell:Creating package script '/home/sf/workspace/orb_slam3_second_ws/orbslam/orbslam3_ros2_ws/install/slam_msgs/share/slam_msgs/package.sh'
[0.469s] INFO:colcon.colcon_core.shell:Creating package script '/home/sf/workspace/orb_slam3_second_ws/orbslam/orbslam3_ros2_ws/install/slam_msgs/share/slam_msgs/package.bash'
[0.470s] INFO:colcon.colcon_core.shell:Creating package script '/home/sf/workspace/orb_slam3_second_ws/orbslam/orbslam3_ros2_ws/install/slam_msgs/share/slam_msgs/package.zsh'
[0.471s] Level 1:colcon.colcon_core.environment:create_file_with_runtime_dependencies(/home/sf/workspace/orb_slam3_second_ws/orbslam/orbslam3_ros2_ws/install/slam_msgs/share/colcon-core/packages/slam_msgs)
[0.471s] Level 1:colcon.colcon_core.environment:create_environment_scripts_only(slam_msgs)
[0.471s] Level 1:colcon.colcon_core.environment:checking '/home/sf/workspace/orb_slam3_second_ws/orbslam/orbslam3_ros2_ws/install/slam_msgs' for CMake module files
[0.472s] Level 1:colcon.colcon_core.environment:checking '/home/sf/workspace/orb_slam3_second_ws/orbslam/orbslam3_ros2_ws/install/slam_msgs' for CMake config files
[0.472s] Level 1:colcon.colcon_core.shell:create_environment_hook('slam_msgs', 'cmake_prefix_path')
[0.472s] INFO:colcon.colcon_core.shell:Creating environment hook '/home/sf/workspace/orb_slam3_second_ws/orbslam/orbslam3_ros2_ws/install/slam_msgs/share/slam_msgs/hook/cmake_prefix_path.ps1'
[0.472s] INFO:colcon.colcon_core.shell:Creating environment descriptor '/home/sf/workspace/orb_slam3_second_ws/orbslam/orbslam3_ros2_ws/install/slam_msgs/share/slam_msgs/hook/cmake_prefix_path.dsv'
[0.473s] INFO:colcon.colcon_core.shell:Creating environment hook '/home/sf/workspace/orb_slam3_second_ws/orbslam/orbslam3_ros2_ws/install/slam_msgs/share/slam_msgs/hook/cmake_prefix_path.sh'
[0.473s] Level 1:colcon.colcon_core.environment:checking '/home/sf/workspace/orb_slam3_second_ws/orbslam/orbslam3_ros2_ws/install/slam_msgs/lib'
[0.473s] Level 1:colcon.colcon_core.shell:create_environment_hook('slam_msgs', 'ld_library_path_lib')
[0.473s] INFO:colcon.colcon_core.shell:Creating environment hook '/home/sf/workspace/orb_slam3_second_ws/orbslam/orbslam3_ros2_ws/install/slam_msgs/share/slam_msgs/hook/ld_library_path_lib.ps1'
[0.473s] INFO:colcon.colcon_core.shell:Creating environment descriptor '/home/sf/workspace/orb_slam3_second_ws/orbslam/orbslam3_ros2_ws/install/slam_msgs/share/slam_msgs/hook/ld_library_path_lib.dsv'
[0.473s] INFO:colcon.colcon_core.shell:Creating environment hook '/home/sf/workspace/orb_slam3_second_ws/orbslam/orbslam3_ros2_ws/install/slam_msgs/share/slam_msgs/hook/ld_library_path_lib.sh'
[0.473s] Level 1:colcon.colcon_core.environment:checking '/home/sf/workspace/orb_slam3_second_ws/orbslam/orbslam3_ros2_ws/install/slam_msgs/bin'
[0.473s] Level 1:colcon.colcon_core.environment:checking '/home/sf/workspace/orb_slam3_second_ws/orbslam/orbslam3_ros2_ws/install/slam_msgs/lib/pkgconfig/slam_msgs.pc'
[0.473s] Level 1:colcon.colcon_core.environment:checking '/home/sf/workspace/orb_slam3_second_ws/orbslam/orbslam3_ros2_ws/install/slam_msgs/lib/python3.10/site-packages'
[0.474s] Level 1:colcon.colcon_core.environment:checking '/home/sf/workspace/orb_slam3_second_ws/orbslam/orbslam3_ros2_ws/install/slam_msgs/bin'
[0.474s] INFO:colcon.colcon_core.shell:Creating package script '/home/sf/workspace/orb_slam3_second_ws/orbslam/orbslam3_ros2_ws/install/slam_msgs/share/slam_msgs/package.ps1'
[0.474s] INFO:colcon.colcon_core.shell:Creating package descriptor '/home/sf/workspace/orb_slam3_second_ws/orbslam/orbslam3_ros2_ws/install/slam_msgs/share/slam_msgs/package.dsv'
[0.474s] INFO:colcon.colcon_core.shell:Creating package script '/home/sf/workspace/orb_slam3_second_ws/orbslam/orbslam3_ros2_ws/install/slam_msgs/share/slam_msgs/package.sh'
[0.474s] INFO:colcon.colcon_core.shell:Creating package script '/home/sf/workspace/orb_slam3_second_ws/orbslam/orbslam3_ros2_ws/install/slam_msgs/share/slam_msgs/package.bash'
[0.475s] INFO:colcon.colcon_core.shell:Creating package script '/home/sf/workspace/orb_slam3_second_ws/orbslam/orbslam3_ros2_ws/install/slam_msgs/share/slam_msgs/package.zsh'
[0.475s] Level 1:colcon.colcon_core.environment:create_file_with_runtime_dependencies(/home/sf/workspace/orb_slam3_second_ws/orbslam/orbslam3_ros2_ws/install/slam_msgs/share/colcon-core/packages/slam_msgs)
[0.475s] INFO:colcon.colcon_ros.task.ament_cmake.build:Building ROS package in '/home/sf/workspace/orb_slam3_second_ws/orbslam/orbslam3_ros2_ws/src/orb_slam3_map_generator' with build type 'ament_cmake'
[0.475s] INFO:colcon.colcon_cmake.task.cmake.build:Building CMake package in '/home/sf/workspace/orb_slam3_second_ws/orbslam/orbslam3_ros2_ws/src/orb_slam3_map_generator'
[0.475s] INFO:colcon.colcon_core.shell:Skip shell extension 'powershell' for command environment: Not usable outside of PowerShell
[0.475s] DEBUG:colcon.colcon_core.shell:Skip shell extension 'dsv' for command environment
[0.477s] INFO:colcon.colcon_ros.task.ament_cmake.build:Building ROS package in '/home/sf/workspace/orb_slam3_second_ws/orbslam/orbslam3_ros2_ws/src/orb_slam3_ros2_wrapper' with build type 'ament_cmake'
[0.477s] INFO:colcon.colcon_cmake.task.cmake.build:Building CMake package in '/home/sf/workspace/orb_slam3_second_ws/orbslam/orbslam3_ros2_ws/src/orb_slam3_ros2_wrapper'
[0.477s] INFO:colcon.colcon_core.shell:Skip shell extension 'powershell' for command environment: Not usable outside of PowerShell
[0.477s] DEBUG:colcon.colcon_core.shell:Skip shell extension 'dsv' for command environment
[0.483s] DEBUG:colcon.colcon_core.event_handler.log_command:Invoking command in '/home/sf/workspace/orb_slam3_second_ws/orbslam/orbslam3_ros2_ws/build/orb_slam3_map_generator': CMAKE_PREFIX_PATH=/home/sf/workspace/orb_slam3_second_ws/orbslam/orbslam3_ros2_ws/install/slam_msgs:/home/sf/workspace/orb_slam3_second_ws/orbslam/orbslam3_ros2_ws/install/orb_slam3_ros2_wrapper:/home/sf/workspace/orb_slam3_second_ws/orbslam/orbslam3_ros2_ws/install/orb_slam3_map_generator:/home/sf/Sensor_Drive/CyperStereo/CyperstereoSDK/CyperStereo_ROS2_ws/install/data_cap:/opt/ros/humble /usr/bin/cmake --build /home/sf/workspace/orb_slam3_second_ws/orbslam/orbslam3_ros2_ws/build/orb_slam3_map_generator -- -j24 -l24
[0.486s] DEBUG:colcon.colcon_core.event_handler.log_command:Invoking command in '/home/sf/workspace/orb_slam3_second_ws/orbslam/orbslam3_ros2_ws/build/orb_slam3_ros2_wrapper': CMAKE_PREFIX_PATH=/home/sf/workspace/orb_slam3_second_ws/orbslam/orbslam3_ros2_ws/install/slam_msgs:/home/sf/workspace/orb_slam3_second_ws/orbslam/orbslam3_ros2_ws/install/orb_slam3_ros2_wrapper:/home/sf/workspace/orb_slam3_second_ws/orbslam/orbslam3_ros2_ws/install/orb_slam3_map_generator:/home/sf/Sensor_Drive/CyperStereo/CyperstereoSDK/CyperStereo_ROS2_ws/install/data_cap:/opt/ros/humble /usr/bin/cmake --build /home/sf/workspace/orb_slam3_second_ws/orbslam/orbslam3_ros2_ws/build/orb_slam3_ros2_wrapper -- -j24 -l24
[0.538s] DEBUG:colcon.colcon_core.event_handler.log_command:Invoked command in '/home/sf/workspace/orb_slam3_second_ws/orbslam/orbslam3_ros2_ws/build/orb_slam3_map_generator' returned '0': CMAKE_PREFIX_PATH=/home/sf/workspace/orb_slam3_second_ws/orbslam/orbslam3_ros2_ws/install/slam_msgs:/home/sf/workspace/orb_slam3_second_ws/orbslam/orbslam3_ros2_ws/install/orb_slam3_ros2_wrapper:/home/sf/workspace/orb_slam3_second_ws/orbslam/orbslam3_ros2_ws/install/orb_slam3_map_generator:/home/sf/Sensor_Drive/CyperStereo/CyperstereoSDK/CyperStereo_ROS2_ws/install/data_cap:/opt/ros/humble /usr/bin/cmake --build /home/sf/workspace/orb_slam3_second_ws/orbslam/orbslam3_ros2_ws/build/orb_slam3_map_generator -- -j24 -l24
[0.539s] DEBUG:colcon.colcon_core.event_handler.log_command:Invoking command in '/home/sf/workspace/orb_slam3_second_ws/orbslam/orbslam3_ros2_ws/build/orb_slam3_map_generator': CMAKE_PREFIX_PATH=/home/sf/workspace/orb_slam3_second_ws/orbslam/orbslam3_ros2_ws/install/slam_msgs:/home/sf/workspace/orb_slam3_second_ws/orbslam/orbslam3_ros2_ws/install/orb_slam3_ros2_wrapper:/home/sf/workspace/orb_slam3_second_ws/orbslam/orbslam3_ros2_ws/install/orb_slam3_map_generator:/home/sf/Sensor_Drive/CyperStereo/CyperstereoSDK/CyperStereo_ROS2_ws/install/data_cap:/opt/ros/humble /usr/bin/cmake --install /home/sf/workspace/orb_slam3_second_ws/orbslam/orbslam3_ros2_ws/build/orb_slam3_map_generator
[0.544s] Level 1:colcon.colcon_core.environment:create_environment_scripts_only(orb_slam3_map_generator)
[0.545s] Level 1:colcon.colcon_core.environment:checking '/home/sf/workspace/orb_slam3_second_ws/orbslam/orbslam3_ros2_ws/install/orb_slam3_map_generator' for CMake module files
[0.545s] DEBUG:colcon.colcon_core.event_handler.log_command:Invoked command in '/home/sf/workspace/orb_slam3_second_ws/orbslam/orbslam3_ros2_ws/build/orb_slam3_map_generator' returned '0': CMAKE_PREFIX_PATH=/home/sf/workspace/orb_slam3_second_ws/orbslam/orbslam3_ros2_ws/install/slam_msgs:/home/sf/workspace/orb_slam3_second_ws/orbslam/orbslam3_ros2_ws/install/orb_slam3_ros2_wrapper:/home/sf/workspace/orb_slam3_second_ws/orbslam/orbslam3_ros2_ws/install/orb_slam3_map_generator:/home/sf/Sensor_Drive/CyperStereo/CyperstereoSDK/CyperStereo_ROS2_ws/install/data_cap:/opt/ros/humble /usr/bin/cmake --install /home/sf/workspace/orb_slam3_second_ws/orbslam/orbslam3_ros2_ws/build/orb_slam3_map_generator
[0.545s] Level 1:colcon.colcon_core.environment:checking '/home/sf/workspace/orb_slam3_second_ws/orbslam/orbslam3_ros2_ws/install/orb_slam3_map_generator' for CMake config files
[0.546s] Level 1:colcon.colcon_core.shell:create_environment_hook('orb_slam3_map_generator', 'cmake_prefix_path')
[0.546s] INFO:colcon.colcon_core.shell:Creating environment hook '/home/sf/workspace/orb_slam3_second_ws/orbslam/orbslam3_ros2_ws/install/orb_slam3_map_generator/share/orb_slam3_map_generator/hook/cmake_prefix_path.ps1'
[0.546s] INFO:colcon.colcon_core.shell:Creating environment descriptor '/home/sf/workspace/orb_slam3_second_ws/orbslam/orbslam3_ros2_ws/install/orb_slam3_map_generator/share/orb_slam3_map_generator/hook/cmake_prefix_path.dsv'
[0.547s] INFO:colcon.colcon_core.shell:Creating environment hook '/home/sf/workspace/orb_slam3_second_ws/orbslam/orbslam3_ros2_ws/install/orb_slam3_map_generator/share/orb_slam3_map_generator/hook/cmake_prefix_path.sh'
[0.547s] Level 1:colcon.colcon_core.environment:checking '/home/sf/workspace/orb_slam3_second_ws/orbslam/orbslam3_ros2_ws/install/orb_slam3_map_generator/lib'
[0.547s] Level 1:colcon.colcon_core.environment:checking '/home/sf/workspace/orb_slam3_second_ws/orbslam/orbslam3_ros2_ws/install/orb_slam3_map_generator/bin'
[0.547s] Level 1:colcon.colcon_core.environment:checking '/home/sf/workspace/orb_slam3_second_ws/orbslam/orbslam3_ros2_ws/install/orb_slam3_map_generator/lib/pkgconfig/orb_slam3_map_generator.pc'
[0.547s] Level 1:colcon.colcon_core.environment:checking '/home/sf/workspace/orb_slam3_second_ws/orbslam/orbslam3_ros2_ws/install/orb_slam3_map_generator/lib/python3.10/site-packages'
[0.547s] Level 1:colcon.colcon_core.environment:checking '/home/sf/workspace/orb_slam3_second_ws/orbslam/orbslam3_ros2_ws/install/orb_slam3_map_generator/bin'
[0.547s] INFO:colcon.colcon_core.shell:Creating package script '/home/sf/workspace/orb_slam3_second_ws/orbslam/orbslam3_ros2_ws/install/orb_slam3_map_generator/share/orb_slam3_map_generator/package.ps1'
[0.548s] INFO:colcon.colcon_core.shell:Creating package descriptor '/home/sf/workspace/orb_slam3_second_ws/orbslam/orbslam3_ros2_ws/install/orb_slam3_map_generator/share/orb_slam3_map_generator/package.dsv'
[0.548s] INFO:colcon.colcon_core.shell:Creating package script '/home/sf/workspace/orb_slam3_second_ws/orbslam/orbslam3_ros2_ws/install/orb_slam3_map_generator/share/orb_slam3_map_generator/package.sh'
[0.548s] INFO:colcon.colcon_core.shell:Creating package script '/home/sf/workspace/orb_slam3_second_ws/orbslam/orbslam3_ros2_ws/install/orb_slam3_map_generator/share/orb_slam3_map_generator/package.bash'
[0.548s] INFO:colcon.colcon_core.shell:Creating package script '/home/sf/workspace/orb_slam3_second_ws/orbslam/orbslam3_ros2_ws/install/orb_slam3_map_generator/share/orb_slam3_map_generator/package.zsh'
[0.548s] Level 1:colcon.colcon_core.environment:create_file_with_runtime_dependencies(/home/sf/workspace/orb_slam3_second_ws/orbslam/orbslam3_ros2_ws/install/orb_slam3_map_generator/share/colcon-core/packages/orb_slam3_map_generator)
[0.549s] Level 1:colcon.colcon_core.environment:create_environment_scripts_only(orb_slam3_map_generator)
[0.549s] Level 1:colcon.colcon_core.environment:checking '/home/sf/workspace/orb_slam3_second_ws/orbslam/orbslam3_ros2_ws/install/orb_slam3_map_generator' for CMake module files
[0.549s] Level 1:colcon.colcon_core.environment:checking '/home/sf/workspace/orb_slam3_second_ws/orbslam/orbslam3_ros2_ws/install/orb_slam3_map_generator' for CMake config files
[0.550s] Level 1:colcon.colcon_core.shell:create_environment_hook('orb_slam3_map_generator', 'cmake_prefix_path')
[0.550s] INFO:colcon.colcon_core.shell:Creating environment hook '/home/sf/workspace/orb_slam3_second_ws/orbslam/orbslam3_ros2_ws/install/orb_slam3_map_generator/share/orb_slam3_map_generator/hook/cmake_prefix_path.ps1'
[0.550s] INFO:colcon.colcon_core.shell:Creating environment descriptor '/home/sf/workspace/orb_slam3_second_ws/orbslam/orbslam3_ros2_ws/install/orb_slam3_map_generator/share/orb_slam3_map_generator/hook/cmake_prefix_path.dsv'
[0.550s] INFO:colcon.colcon_core.shell:Creating environment hook '/home/sf/workspace/orb_slam3_second_ws/orbslam/orbslam3_ros2_ws/install/orb_slam3_map_generator/share/orb_slam3_map_generator/hook/cmake_prefix_path.sh'
[0.551s] Level 1:colcon.colcon_core.environment:checking '/home/sf/workspace/orb_slam3_second_ws/orbslam/orbslam3_ros2_ws/install/orb_slam3_map_generator/lib'
[0.551s] Level 1:colcon.colcon_core.environment:checking '/home/sf/workspace/orb_slam3_second_ws/orbslam/orbslam3_ros2_ws/install/orb_slam3_map_generator/bin'
[0.551s] Level 1:colcon.colcon_core.environment:checking '/home/sf/workspace/orb_slam3_second_ws/orbslam/orbslam3_ros2_ws/install/orb_slam3_map_generator/lib/pkgconfig/orb_slam3_map_generator.pc'
[0.551s] Level 1:colcon.colcon_core.environment:checking '/home/sf/workspace/orb_slam3_second_ws/orbslam/orbslam3_ros2_ws/install/orb_slam3_map_generator/lib/python3.10/site-packages'
[0.552s] Level 1:colcon.colcon_core.environment:checking '/home/sf/workspace/orb_slam3_second_ws/orbslam/orbslam3_ros2_ws/install/orb_slam3_map_generator/bin'
[0.552s] INFO:colcon.colcon_core.shell:Creating package script '/home/sf/workspace/orb_slam3_second_ws/orbslam/orbslam3_ros2_ws/install/orb_slam3_map_generator/share/orb_slam3_map_generator/package.ps1'
[0.552s] INFO:colcon.colcon_core.shell:Creating package descriptor '/home/sf/workspace/orb_slam3_second_ws/orbslam/orbslam3_ros2_ws/install/orb_slam3_map_generator/share/orb_slam3_map_generator/package.dsv'
[0.552s] INFO:colcon.colcon_core.shell:Creating package script '/home/sf/workspace/orb_slam3_second_ws/orbslam/orbslam3_ros2_ws/install/orb_slam3_map_generator/share/orb_slam3_map_generator/package.sh'
[0.552s] INFO:colcon.colcon_core.shell:Creating package script '/home/sf/workspace/orb_slam3_second_ws/orbslam/orbslam3_ros2_ws/install/orb_slam3_map_generator/share/orb_slam3_map_generator/package.bash'
[0.553s] INFO:colcon.colcon_core.shell:Creating package script '/home/sf/workspace/orb_slam3_second_ws/orbslam/orbslam3_ros2_ws/install/orb_slam3_map_generator/share/orb_slam3_map_generator/package.zsh'
[0.553s] Level 1:colcon.colcon_core.environment:create_file_with_runtime_dependencies(/home/sf/workspace/orb_slam3_second_ws/orbslam/orbslam3_ros2_ws/install/orb_slam3_map_generator/share/colcon-core/packages/orb_slam3_map_generator)
[0.576s] DEBUG:colcon.colcon_core.event_handler.log_command:Invoked command in '/home/sf/workspace/orb_slam3_second_ws/orbslam/orbslam3_ros2_ws/build/orb_slam3_ros2_wrapper' returned '0': CMAKE_PREFIX_PATH=/home/sf/workspace/orb_slam3_second_ws/orbslam/orbslam3_ros2_ws/install/slam_msgs:/home/sf/workspace/orb_slam3_second_ws/orbslam/orbslam3_ros2_ws/install/orb_slam3_ros2_wrapper:/home/sf/workspace/orb_slam3_second_ws/orbslam/orbslam3_ros2_ws/install/orb_slam3_map_generator:/home/sf/Sensor_Drive/CyperStereo/CyperstereoSDK/CyperStereo_ROS2_ws/install/data_cap:/opt/ros/humble /usr/bin/cmake --build /home/sf/workspace/orb_slam3_second_ws/orbslam/orbslam3_ros2_ws/build/orb_slam3_ros2_wrapper -- -j24 -l24
[0.578s] DEBUG:colcon.colcon_core.event_handler.log_command:Invoking command in '/home/sf/workspace/orb_slam3_second_ws/orbslam/orbslam3_ros2_ws/build/orb_slam3_ros2_wrapper': CMAKE_PREFIX_PATH=/home/sf/workspace/orb_slam3_second_ws/orbslam/orbslam3_ros2_ws/install/slam_msgs:/home/sf/workspace/orb_slam3_second_ws/orbslam/orbslam3_ros2_ws/install/orb_slam3_ros2_wrapper:/home/sf/workspace/orb_slam3_second_ws/orbslam/orbslam3_ros2_ws/install/orb_slam3_map_generator:/home/sf/Sensor_Drive/CyperStereo/CyperstereoSDK/CyperStereo_ROS2_ws/install/data_cap:/opt/ros/humble /usr/bin/cmake --install /home/sf/workspace/orb_slam3_second_ws/orbslam/orbslam3_ros2_ws/build/orb_slam3_ros2_wrapper
[0.584s] Level 1:colcon.colcon_core.environment:create_environment_scripts_only(orb_slam3_ros2_wrapper)
[0.584s] Level 1:colcon.colcon_core.environment:checking '/home/sf/workspace/orb_slam3_second_ws/orbslam/orbslam3_ros2_ws/install/orb_slam3_ros2_wrapper' for CMake module files
[0.585s] DEBUG:colcon.colcon_core.event_handler.log_command:Invoked command in '/home/sf/workspace/orb_slam3_second_ws/orbslam/orbslam3_ros2_ws/build/orb_slam3_ros2_wrapper' returned '0': CMAKE_PREFIX_PATH=/home/sf/workspace/orb_slam3_second_ws/orbslam/orbslam3_ros2_ws/install/slam_msgs:/home/sf/workspace/orb_slam3_second_ws/orbslam/orbslam3_ros2_ws/install/orb_slam3_ros2_wrapper:/home/sf/workspace/orb_slam3_second_ws/orbslam/orbslam3_ros2_ws/install/orb_slam3_map_generator:/home/sf/Sensor_Drive/CyperStereo/CyperstereoSDK/CyperStereo_ROS2_ws/install/data_cap:/opt/ros/humble /usr/bin/cmake --install /home/sf/workspace/orb_slam3_second_ws/orbslam/orbslam3_ros2_ws/build/orb_slam3_ros2_wrapper
[0.585s] Level 1:colcon.colcon_core.environment:checking '/home/sf/workspace/orb_slam3_second_ws/orbslam/orbslam3_ros2_ws/install/orb_slam3_ros2_wrapper' for CMake config files
[0.585s] Level 1:colcon.colcon_core.shell:create_environment_hook('orb_slam3_ros2_wrapper', 'cmake_prefix_path')
[0.585s] INFO:colcon.colcon_core.shell:Creating environment hook '/home/sf/workspace/orb_slam3_second_ws/orbslam/orbslam3_ros2_ws/install/orb_slam3_ros2_wrapper/share/orb_slam3_ros2_wrapper/hook/cmake_prefix_path.ps1'
[0.586s] INFO:colcon.colcon_core.shell:Creating environment descriptor '/home/sf/workspace/orb_slam3_second_ws/orbslam/orbslam3_ros2_ws/install/orb_slam3_ros2_wrapper/share/orb_slam3_ros2_wrapper/hook/cmake_prefix_path.dsv'
[0.586s] INFO:colcon.colcon_core.shell:Creating environment hook '/home/sf/workspace/orb_slam3_second_ws/orbslam/orbslam3_ros2_ws/install/orb_slam3_ros2_wrapper/share/orb_slam3_ros2_wrapper/hook/cmake_prefix_path.sh'
[0.586s] Level 1:colcon.colcon_core.environment:checking '/home/sf/workspace/orb_slam3_second_ws/orbslam/orbslam3_ros2_ws/install/orb_slam3_ros2_wrapper/lib'
[0.586s] Level 1:colcon.colcon_core.environment:checking '/home/sf/workspace/orb_slam3_second_ws/orbslam/orbslam3_ros2_ws/install/orb_slam3_ros2_wrapper/bin'
[0.586s] Level 1:colcon.colcon_core.environment:checking '/home/sf/workspace/orb_slam3_second_ws/orbslam/orbslam3_ros2_ws/install/orb_slam3_ros2_wrapper/lib/pkgconfig/orb_slam3_ros2_wrapper.pc'
[0.586s] Level 1:colcon.colcon_core.environment:checking '/home/sf/workspace/orb_slam3_second_ws/orbslam/orbslam3_ros2_ws/install/orb_slam3_ros2_wrapper/lib/python3.10/site-packages'
[0.586s] Level 1:colcon.colcon_core.environment:checking '/home/sf/workspace/orb_slam3_second_ws/orbslam/orbslam3_ros2_ws/install/orb_slam3_ros2_wrapper/bin'
[0.586s] INFO:colcon.colcon_core.shell:Creating package script '/home/sf/workspace/orb_slam3_second_ws/orbslam/orbslam3_ros2_ws/install/orb_slam3_ros2_wrapper/share/orb_slam3_ros2_wrapper/package.ps1'
[0.587s] INFO:colcon.colcon_core.shell:Creating package descriptor '/home/sf/workspace/orb_slam3_second_ws/orbslam/orbslam3_ros2_ws/install/orb_slam3_ros2_wrapper/share/orb_slam3_ros2_wrapper/package.dsv'
[0.587s] INFO:colcon.colcon_core.shell:Creating package script '/home/sf/workspace/orb_slam3_second_ws/orbslam/orbslam3_ros2_ws/install/orb_slam3_ros2_wrapper/share/orb_slam3_ros2_wrapper/package.sh'
[0.587s] INFO:colcon.colcon_core.shell:Creating package script '/home/sf/workspace/orb_slam3_second_ws/orbslam/orbslam3_ros2_ws/install/orb_slam3_ros2_wrapper/share/orb_slam3_ros2_wrapper/package.bash'
[0.587s] INFO:colcon.colcon_core.shell:Creating package script '/home/sf/workspace/orb_slam3_second_ws/orbslam/orbslam3_ros2_ws/install/orb_slam3_ros2_wrapper/share/orb_slam3_ros2_wrapper/package.zsh'
[0.587s] Level 1:colcon.colcon_core.environment:create_file_with_runtime_dependencies(/home/sf/workspace/orb_slam3_second_ws/orbslam/orbslam3_ros2_ws/install/orb_slam3_ros2_wrapper/share/colcon-core/packages/orb_slam3_ros2_wrapper)
[0.588s] Level 1:colcon.colcon_core.environment:create_environment_scripts_only(orb_slam3_ros2_wrapper)
[0.588s] Level 1:colcon.colcon_core.environment:checking '/home/sf/workspace/orb_slam3_second_ws/orbslam/orbslam3_ros2_ws/install/orb_slam3_ros2_wrapper' for CMake module files
[0.588s] Level 1:colcon.colcon_core.environment:checking '/home/sf/workspace/orb_slam3_second_ws/orbslam/orbslam3_ros2_ws/install/orb_slam3_ros2_wrapper' for CMake config files
[0.588s] Level 1:colcon.colcon_core.shell:create_environment_hook('orb_slam3_ros2_wrapper', 'cmake_prefix_path')
[0.588s] INFO:colcon.colcon_core.shell:Creating environment hook '/home/sf/workspace/orb_slam3_second_ws/orbslam/orbslam3_ros2_ws/install/orb_slam3_ros2_wrapper/share/orb_slam3_ros2_wrapper/hook/cmake_prefix_path.ps1'
[0.588s] INFO:colcon.colcon_core.shell:Creating environment descriptor '/home/sf/workspace/orb_slam3_second_ws/orbslam/orbslam3_ros2_ws/install/orb_slam3_ros2_wrapper/share/orb_slam3_ros2_wrapper/hook/cmake_prefix_path.dsv'
[0.588s] INFO:colcon.colcon_core.shell:Creating environment hook '/home/sf/workspace/orb_slam3_second_ws/orbslam/orbslam3_ros2_ws/install/orb_slam3_ros2_wrapper/share/orb_slam3_ros2_wrapper/hook/cmake_prefix_path.sh'
[0.589s] Level 1:colcon.colcon_core.environment:checking '/home/sf/workspace/orb_slam3_second_ws/orbslam/orbslam3_ros2_ws/install/orb_slam3_ros2_wrapper/lib'
[0.589s] Level 1:colcon.colcon_core.environment:checking '/home/sf/workspace/orb_slam3_second_ws/orbslam/orbslam3_ros2_ws/install/orb_slam3_ros2_wrapper/bin'
[0.589s] Level 1:colcon.colcon_core.environment:checking '/home/sf/workspace/orb_slam3_second_ws/orbslam/orbslam3_ros2_ws/install/orb_slam3_ros2_wrapper/lib/pkgconfig/orb_slam3_ros2_wrapper.pc'
[0.589s] Level 1:colcon.colcon_core.environment:checking '/home/sf/workspace/orb_slam3_second_ws/orbslam/orbslam3_ros2_ws/install/orb_slam3_ros2_wrapper/lib/python3.10/site-packages'
[0.589s] Level 1:colcon.colcon_core.environment:checking '/home/sf/workspace/orb_slam3_second_ws/orbslam/orbslam3_ros2_ws/install/orb_slam3_ros2_wrapper/bin'
[0.589s] INFO:colcon.colcon_core.shell:Creating package script '/home/sf/workspace/orb_slam3_second_ws/orbslam/orbslam3_ros2_ws/install/orb_slam3_ros2_wrapper/share/orb_slam3_ros2_wrapper/package.ps1'
[0.589s] INFO:colcon.colcon_core.shell:Creating package descriptor '/home/sf/workspace/orb_slam3_second_ws/orbslam/orbslam3_ros2_ws/install/orb_slam3_ros2_wrapper/share/orb_slam3_ros2_wrapper/package.dsv'
[0.589s] INFO:colcon.colcon_core.shell:Creating package script '/home/sf/workspace/orb_slam3_second_ws/orbslam/orbslam3_ros2_ws/install/orb_slam3_ros2_wrapper/share/orb_slam3_ros2_wrapper/package.sh'
[0.590s] INFO:colcon.colcon_core.shell:Creating package script '/home/sf/workspace/orb_slam3_second_ws/orbslam/orbslam3_ros2_ws/install/orb_slam3_ros2_wrapper/share/orb_slam3_ros2_wrapper/package.bash'
[0.590s] INFO:colcon.colcon_core.shell:Creating package script '/home/sf/workspace/orb_slam3_second_ws/orbslam/orbslam3_ros2_ws/install/orb_slam3_ros2_wrapper/share/orb_slam3_ros2_wrapper/package.zsh'
[0.590s] Level 1:colcon.colcon_core.environment:create_file_with_runtime_dependencies(/home/sf/workspace/orb_slam3_second_ws/orbslam/orbslam3_ros2_ws/install/orb_slam3_ros2_wrapper/share/colcon-core/packages/orb_slam3_ros2_wrapper)
[0.590s] DEBUG:colcon.colcon_parallel_executor.executor.parallel:closing loop
[0.590s] DEBUG:colcon.colcon_parallel_executor.executor.parallel:loop closed
[0.590s] DEBUG:colcon.colcon_parallel_executor.executor.parallel:run_until_complete finished with '0'
[0.590s] DEBUG:colcon.colcon_core.event_reactor:joining thread
[0.593s] INFO:colcon.colcon_core.plugin_system:Skipping extension 'colcon_notification.desktop_notification.terminal_notifier': Not used on non-Darwin systems
[0.593s] INFO:colcon.colcon_core.plugin_system:Skipping extension 'colcon_notification.desktop_notification.win32': Not used on non-Windows systems
[0.593s] INFO:colcon.colcon_notification.desktop_notification:Sending desktop notification using 'notify2'
[0.602s] DEBUG:colcon.colcon_core.event_reactor:joined thread
[0.602s] INFO:colcon.colcon_core.shell:Creating prefix script '/home/sf/workspace/orb_slam3_second_ws/orbslam/orbslam3_ros2_ws/install/local_setup.ps1'
[0.603s] INFO:colcon.colcon_core.shell:Creating prefix util module '/home/sf/workspace/orb_slam3_second_ws/orbslam/orbslam3_ros2_ws/install/_local_setup_util_ps1.py'
[0.603s] INFO:colcon.colcon_core.shell:Creating prefix chain script '/home/sf/workspace/orb_slam3_second_ws/orbslam/orbslam3_ros2_ws/install/setup.ps1'
[0.604s] INFO:colcon.colcon_core.shell:Creating prefix script '/home/sf/workspace/orb_slam3_second_ws/orbslam/orbslam3_ros2_ws/install/local_setup.sh'
[0.604s] INFO:colcon.colcon_core.shell:Creating prefix util module '/home/sf/workspace/orb_slam3_second_ws/orbslam/orbslam3_ros2_ws/install/_local_setup_util_sh.py'
[0.604s] INFO:colcon.colcon_core.shell:Creating prefix chain script '/home/sf/workspace/orb_slam3_second_ws/orbslam/orbslam3_ros2_ws/install/setup.sh'
[0.605s] INFO:colcon.colcon_core.shell:Creating prefix script '/home/sf/workspace/orb_slam3_second_ws/orbslam/orbslam3_ros2_ws/install/local_setup.bash'
[0.605s] INFO:colcon.colcon_core.shell:Creating prefix chain script '/home/sf/workspace/orb_slam3_second_ws/orbslam/orbslam3_ros2_ws/install/setup.bash'
[0.605s] INFO:colcon.colcon_core.shell:Creating prefix script '/home/sf/workspace/orb_slam3_second_ws/orbslam/orbslam3_ros2_ws/install/local_setup.zsh'
[0.606s] INFO:colcon.colcon_core.shell:Creating prefix chain script '/home/sf/workspace/orb_slam3_second_ws/orbslam/orbslam3_ros2_ws/install/setup.zsh'
