-- The C compiler identification is GNU 11.4.0
-- The CXX compiler identification is GNU 11.4.0
-- Detecting C compiler ABI info
-- Detecting C compiler ABI info - done
-- Check for working C compiler: /usr/bin/cc - skipped
-- Detecting C compile features
-- Detecting C compile features - done
-- Detecting CXX compiler ABI info
-- Detecting CXX compiler ABI info - done
-- Check for working CXX compiler: /usr/bin/c++ - skipped
-- Detecting CXX compile features
-- Detecting CXX compile features - done
-- Found ament_cmake: 1.3.11 (/opt/ros/humble/share/ament_cmake/cmake)
-- Found Python3: /usr/bin/python3 (found version "3.10.12") found components: Interpreter 
-- Found rclcpp: 16.0.12 (/opt/ros/humble/share/rclcpp/cmake)
-- Found rosidl_generator_c: 3.1.6 (/opt/ros/humble/share/rosidl_generator_c/cmake)
-- Found rosidl_adapter: 3.1.6 (/opt/ros/humble/share/rosidl_adapter/cmake)
-- Found rosidl_generator_cpp: 3.1.6 (/opt/ros/humble/share/rosidl_generator_cpp/cmake)
-- Using all available rosidl_typesupport_c: rosidl_typesupport_fastrtps_c;rosidl_typesupport_introspection_c
-- Using all available rosidl_typesupport_cpp: rosidl_typesupport_fastrtps_cpp;rosidl_typesupport_introspection_cpp
-- Found rmw_implementation_cmake: 6.1.2 (/opt/ros/humble/share/rmw_implementation_cmake/cmake)
-- Found rmw_fastrtps_cpp: 6.2.7 (/opt/ros/humble/share/rmw_fastrtps_cpp/cmake)
-- Found OpenSSL: /usr/lib/x86_64-linux-gnu/libcrypto.so (found version "3.0.2")  
-- Found FastRTPS: /opt/ros/humble/include  
-- Using RMW implementation 'rmw_fastrtps_cpp' as default
-- Looking for pthread.h
-- Looking for pthread.h - found
-- Performing Test CMAKE_HAVE_LIBC_PTHREAD
-- Performing Test CMAKE_HAVE_LIBC_PTHREAD - Success
-- Found Threads: TRUE  
-- Found geometry_msgs: 4.8.0 (/opt/ros/humble/share/geometry_msgs/cmake)
-- Found sensor_msgs: 4.8.0 (/opt/ros/humble/share/sensor_msgs/cmake)
-- Found rosidl_default_generators: 1.2.0 (/opt/ros/humble/share/rosidl_default_generators/cmake)
-- Found ament_cmake_ros: 0.10.0 (/opt/ros/humble/share/ament_cmake_ros/cmake)
-- Using all available rosidl_typesupport_c: rosidl_typesupport_fastrtps_c;rosidl_typesupport_introspection_c
-- Using all available rosidl_typesupport_cpp: rosidl_typesupport_fastrtps_cpp;rosidl_typesupport_introspection_cpp
-- Found PythonInterp: /usr/bin/python3 (found suitable version "3.10.12", minimum required is "3.6") 
-- Found python_cmake_module: 0.10.0 (/opt/ros/humble/share/python_cmake_module/cmake)
-- Found PythonLibs: /usr/lib/x86_64-linux-gnu/libpython3.10.so (found suitable version "3.10.12", minimum required is "3.5") 
-- Using PYTHON_EXECUTABLE: /usr/bin/python3
-- Using PYTHON_INCLUDE_DIRS: /usr/include/python3.10
-- Using PYTHON_LIBRARIES: /usr/lib/x86_64-linux-gnu/libpython3.10.so
-- Found PythonExtra: .so  
-- Configuring done
-- Generating done
-- Build files have been written to: /home/ubuntu/workspaces/orbslam/orbslam3_ros2_ws/build/slam_msgs
[  1%] [34m[1mGenerating C code for ROS interfaces[0m
[  2%] [34m[1mGenerating C++ code for ROS interfaces[0m
[  2%] Built target ament_cmake_python_copy_slam_msgs
running egg_info
creating slam_msgs.egg-info
writing slam_msgs.egg-info/PKG-INFO
writing dependency_links to slam_msgs.egg-info/dependency_links.txt
writing top-level names to slam_msgs.egg-info/top_level.txt
writing manifest file 'slam_msgs.egg-info/SOURCES.txt'
reading manifest file 'slam_msgs.egg-info/SOURCES.txt'
writing manifest file 'slam_msgs.egg-info/SOURCES.txt'
[  2%] Built target ament_cmake_python_build_slam_msgs_egg
[  2%] Built target slam_msgs__cpp
[  3%] [34m[1mGenerating C++ type support dispatch for ROS interfaces[0m
[  4%] [34m[1mGenerating C++ type support for eProsima Fast-RTPS[0m
[  5%] [34m[1mGenerating C++ introspection for ROS interfaces[0m
[  9%] [32mBuilding C object CMakeFiles/slam_msgs__rosidl_generator_c.dir/rosidl_generator_c/slam_msgs/srv/detail/get_landmarks_in_view__functions.c.o[0m
[  9%] [32mBuilding C object CMakeFiles/slam_msgs__rosidl_generator_c.dir/rosidl_generator_c/slam_msgs/msg/detail/slam_info__functions.c.o[0m
[  9%] [32mBuilding C object CMakeFiles/slam_msgs__rosidl_generator_c.dir/rosidl_generator_c/slam_msgs/msg/detail/map_point__functions.c.o[0m
[  9%] [32mBuilding C object CMakeFiles/slam_msgs__rosidl_generator_c.dir/rosidl_generator_c/slam_msgs/msg/detail/map_data__functions.c.o[0m
[ 10%] [32mBuilding C object CMakeFiles/slam_msgs__rosidl_generator_c.dir/rosidl_generator_c/slam_msgs/srv/detail/get_all_landmarks_in_map__functions.c.o[0m
[ 11%] [32mBuilding C object CMakeFiles/slam_msgs__rosidl_generator_c.dir/rosidl_generator_c/slam_msgs/msg/detail/key_frame__functions.c.o[0m
[ 12%] [32mBuilding C object CMakeFiles/slam_msgs__rosidl_generator_c.dir/rosidl_generator_c/slam_msgs/srv/detail/get_map__functions.c.o[0m
[ 13%] [32mBuilding C object CMakeFiles/slam_msgs__rosidl_generator_c.dir/rosidl_generator_c/slam_msgs/srv/detail/get_global_point_cloud__functions.c.o[0m
[ 14%] [32mBuilding C object CMakeFiles/slam_msgs__rosidl_generator_c.dir/rosidl_generator_c/slam_msgs/msg/detail/map_graph__functions.c.o[0m
[ 15%] [32m[1mLinking C shared library libslam_msgs__rosidl_generator_c.so[0m
[ 15%] Built target slam_msgs__rosidl_generator_c
[ 16%] [34m[1mGenerating C type support for eProsima Fast-RTPS[0m
[ 17%] [34m[1mGenerating C type support dispatch for ROS interfaces[0m
[ 18%] [34m[1mGenerating C introspection for ROS interfaces[0m
[ 21%] [32mBuilding CXX object CMakeFiles/slam_msgs__rosidl_typesupport_cpp.dir/rosidl_typesupport_cpp/slam_msgs/msg/key_frame__type_support.cpp.o[0m
[ 21%] [32mBuilding CXX object CMakeFiles/slam_msgs__rosidl_typesupport_cpp.dir/rosidl_typesupport_cpp/slam_msgs/srv/get_landmarks_in_view__type_support.cpp.o[0m
[ 22%] [32mBuilding CXX object CMakeFiles/slam_msgs__rosidl_typesupport_cpp.dir/rosidl_typesupport_cpp/slam_msgs/msg/map_point__type_support.cpp.o[0m
[ 23%] [32mBuilding CXX object CMakeFiles/slam_msgs__rosidl_typesupport_cpp.dir/rosidl_typesupport_cpp/slam_msgs/srv/get_map__type_support.cpp.o[0m
[ 26%] [32mBuilding CXX object CMakeFiles/slam_msgs__rosidl_typesupport_cpp.dir/rosidl_typesupport_cpp/slam_msgs/msg/slam_info__type_support.cpp.o[0m
[ 26%] [32mBuilding CXX object CMakeFiles/slam_msgs__rosidl_typesupport_cpp.dir/rosidl_typesupport_cpp/slam_msgs/msg/map_data__type_support.cpp.o[0m
[ 26%] [32mBuilding CXX object CMakeFiles/slam_msgs__rosidl_typesupport_cpp.dir/rosidl_typesupport_cpp/slam_msgs/msg/map_graph__type_support.cpp.o[0m
[ 28%] [32mBuilding CXX object CMakeFiles/slam_msgs__rosidl_typesupport_cpp.dir/rosidl_typesupport_cpp/slam_msgs/srv/get_global_point_cloud__type_support.cpp.o[0m
[ 28%] [32mBuilding CXX object CMakeFiles/slam_msgs__rosidl_typesupport_cpp.dir/rosidl_typesupport_cpp/slam_msgs/srv/get_all_landmarks_in_map__type_support.cpp.o[0m
[ 30%] [32mBuilding CXX object CMakeFiles/slam_msgs__rosidl_typesupport_introspection_cpp.dir/rosidl_typesupport_introspection_cpp/slam_msgs/msg/detail/map_data__type_support.cpp.o[0m
[ 29%] [32mBuilding CXX object CMakeFiles/slam_msgs__rosidl_typesupport_introspection_cpp.dir/rosidl_typesupport_introspection_cpp/slam_msgs/msg/detail/map_graph__type_support.cpp.o[0m
[ 32%] [32mBuilding CXX object CMakeFiles/slam_msgs__rosidl_typesupport_introspection_cpp.dir/rosidl_typesupport_introspection_cpp/slam_msgs/msg/detail/key_frame__type_support.cpp.o[0m
[ 32%] [32mBuilding CXX object CMakeFiles/slam_msgs__rosidl_typesupport_introspection_cpp.dir/rosidl_typesupport_introspection_cpp/slam_msgs/msg/detail/map_point__type_support.cpp.o[0m
[ 33%] [32mBuilding CXX object CMakeFiles/slam_msgs__rosidl_typesupport_introspection_cpp.dir/rosidl_typesupport_introspection_cpp/slam_msgs/msg/detail/slam_info__type_support.cpp.o[0m
[ 34%] [32mBuilding CXX object CMakeFiles/slam_msgs__rosidl_typesupport_introspection_cpp.dir/rosidl_typesupport_introspection_cpp/slam_msgs/srv/detail/get_map__type_support.cpp.o[0m
[ 35%] [32mBuilding CXX object CMakeFiles/slam_msgs__rosidl_typesupport_introspection_cpp.dir/rosidl_typesupport_introspection_cpp/slam_msgs/srv/detail/get_landmarks_in_view__type_support.cpp.o[0m
[ 36%] [32mBuilding CXX object CMakeFiles/slam_msgs__rosidl_typesupport_introspection_cpp.dir/rosidl_typesupport_introspection_cpp/slam_msgs/srv/detail/get_all_landmarks_in_map__type_support.cpp.o[0m
[ 37%] [32mBuilding CXX object CMakeFiles/slam_msgs__rosidl_typesupport_introspection_cpp.dir/rosidl_typesupport_introspection_cpp/slam_msgs/srv/detail/get_global_point_cloud__type_support.cpp.o[0m
[ 38%] [32mBuilding CXX object CMakeFiles/slam_msgs__rosidl_typesupport_c.dir/rosidl_typesupport_c/slam_msgs/msg/map_graph__type_support.cpp.o[0m
[ 40%] [32mBuilding CXX object CMakeFiles/slam_msgs__rosidl_typesupport_c.dir/rosidl_typesupport_c/slam_msgs/msg/map_data__type_support.cpp.o[0m
[ 41%] [32mBuilding CXX object CMakeFiles/slam_msgs__rosidl_typesupport_c.dir/rosidl_typesupport_c/slam_msgs/msg/key_frame__type_support.cpp.o[0m
[ 42%] [32mBuilding CXX object CMakeFiles/slam_msgs__rosidl_typesupport_c.dir/rosidl_typesupport_c/slam_msgs/msg/map_point__type_support.cpp.o[0m
[ 44%] [32mBuilding CXX object CMakeFiles/slam_msgs__rosidl_typesupport_c.dir/rosidl_typesupport_c/slam_msgs/msg/slam_info__type_support.cpp.o[0m
[ 44%] [32mBuilding CXX object CMakeFiles/slam_msgs__rosidl_typesupport_c.dir/rosidl_typesupport_c/slam_msgs/srv/get_map__type_support.cpp.o[0m
[ 45%] [32m[1mLinking CXX shared library libslam_msgs__rosidl_typesupport_cpp.so[0m
[ 46%] [32mBuilding CXX object CMakeFiles/slam_msgs__rosidl_typesupport_fastrtps_cpp.dir/rosidl_typesupport_fastrtps_cpp/slam_msgs/msg/detail/dds_fastrtps/map_graph__type_support.cpp.o[0m
[ 47%] [32mBuilding CXX object CMakeFiles/slam_msgs__rosidl_typesupport_fastrtps_cpp.dir/rosidl_typesupport_fastrtps_cpp/slam_msgs/msg/detail/dds_fastrtps/map_data__type_support.cpp.o[0m
[ 50%] [32mBuilding CXX object CMakeFiles/slam_msgs__rosidl_typesupport_fastrtps_cpp.dir/rosidl_typesupport_fastrtps_cpp/slam_msgs/msg/detail/dds_fastrtps/key_frame__type_support.cpp.o[0m
[ 50%] [32mBuilding CXX object CMakeFiles/slam_msgs__rosidl_typesupport_c.dir/rosidl_typesupport_c/slam_msgs/srv/get_landmarks_in_view__type_support.cpp.o[0m
[ 50%] [32mBuilding CXX object CMakeFiles/slam_msgs__rosidl_typesupport_c.dir/rosidl_typesupport_c/slam_msgs/srv/get_all_landmarks_in_map__type_support.cpp.o[0m
[ 51%] [32mBuilding CXX object CMakeFiles/slam_msgs__rosidl_typesupport_c.dir/rosidl_typesupport_c/slam_msgs/srv/get_global_point_cloud__type_support.cpp.o[0m
[ 52%] [32mBuilding CXX object CMakeFiles/slam_msgs__rosidl_typesupport_fastrtps_cpp.dir/rosidl_typesupport_fastrtps_cpp/slam_msgs/msg/detail/dds_fastrtps/map_point__type_support.cpp.o[0m
[ 53%] [32mBuilding CXX object CMakeFiles/slam_msgs__rosidl_typesupport_fastrtps_cpp.dir/rosidl_typesupport_fastrtps_cpp/slam_msgs/msg/detail/dds_fastrtps/slam_info__type_support.cpp.o[0m
[ 53%] Built target slam_msgs__rosidl_typesupport_cpp
[ 54%] [32mBuilding CXX object CMakeFiles/slam_msgs__rosidl_typesupport_fastrtps_cpp.dir/rosidl_typesupport_fastrtps_cpp/slam_msgs/srv/detail/dds_fastrtps/get_map__type_support.cpp.o[0m
[ 56%] [32mBuilding CXX object CMakeFiles/slam_msgs__rosidl_typesupport_fastrtps_cpp.dir/rosidl_typesupport_fastrtps_cpp/slam_msgs/srv/detail/dds_fastrtps/get_landmarks_in_view__type_support.cpp.o[0m
[ 56%] [32m[1mLinking CXX shared library libslam_msgs__rosidl_typesupport_c.so[0m
[ 57%] [32mBuilding CXX object CMakeFiles/slam_msgs__rosidl_typesupport_fastrtps_cpp.dir/rosidl_typesupport_fastrtps_cpp/slam_msgs/srv/detail/dds_fastrtps/get_all_landmarks_in_map__type_support.cpp.o[0m
[ 58%] [32mBuilding C object CMakeFiles/slam_msgs__rosidl_typesupport_introspection_c.dir/rosidl_typesupport_introspection_c/slam_msgs/msg/detail/map_graph__type_support.c.o[0m
[ 58%] Built target slam_msgs__rosidl_typesupport_c
[ 60%] [32mBuilding CXX object CMakeFiles/slam_msgs__rosidl_typesupport_fastrtps_cpp.dir/rosidl_typesupport_fastrtps_cpp/slam_msgs/srv/detail/dds_fastrtps/get_global_point_cloud__type_support.cpp.o[0m
[ 61%] [32mBuilding C object CMakeFiles/slam_msgs__rosidl_typesupport_introspection_c.dir/rosidl_typesupport_introspection_c/slam_msgs/msg/detail/map_data__type_support.c.o[0m
[ 62%] [32mBuilding C object CMakeFiles/slam_msgs__rosidl_typesupport_introspection_c.dir/rosidl_typesupport_introspection_c/slam_msgs/msg/detail/key_frame__type_support.c.o[0m
[ 63%] [32mBuilding C object CMakeFiles/slam_msgs__rosidl_typesupport_introspection_c.dir/rosidl_typesupport_introspection_c/slam_msgs/msg/detail/map_point__type_support.c.o[0m
[ 64%] [32mBuilding C object CMakeFiles/slam_msgs__rosidl_typesupport_introspection_c.dir/rosidl_typesupport_introspection_c/slam_msgs/msg/detail/slam_info__type_support.c.o[0m
[ 65%] [32mBuilding CXX object CMakeFiles/slam_msgs__rosidl_typesupport_fastrtps_c.dir/rosidl_typesupport_fastrtps_c/slam_msgs/msg/detail/map_graph__type_support_c.cpp.o[0m
[ 66%] [32mBuilding C object CMakeFiles/slam_msgs__rosidl_typesupport_introspection_c.dir/rosidl_typesupport_introspection_c/slam_msgs/srv/detail/get_landmarks_in_view__type_support.c.o[0m
[ 67%] [32mBuilding C object CMakeFiles/slam_msgs__rosidl_typesupport_introspection_c.dir/rosidl_typesupport_introspection_c/slam_msgs/srv/detail/get_map__type_support.c.o[0m
[ 68%] [32mBuilding C object CMakeFiles/slam_msgs__rosidl_typesupport_introspection_c.dir/rosidl_typesupport_introspection_c/slam_msgs/srv/detail/get_all_landmarks_in_map__type_support.c.o[0m
[ 69%] [32mBuilding CXX object CMakeFiles/slam_msgs__rosidl_typesupport_fastrtps_c.dir/rosidl_typesupport_fastrtps_c/slam_msgs/msg/detail/map_data__type_support_c.cpp.o[0m
[ 70%] [32mBuilding C object CMakeFiles/slam_msgs__rosidl_typesupport_introspection_c.dir/rosidl_typesupport_introspection_c/slam_msgs/srv/detail/get_global_point_cloud__type_support.c.o[0m
[ 71%] [32mBuilding CXX object CMakeFiles/slam_msgs__rosidl_typesupport_fastrtps_c.dir/rosidl_typesupport_fastrtps_c/slam_msgs/msg/detail/key_frame__type_support_c.cpp.o[0m
[ 72%] [32mBuilding CXX object CMakeFiles/slam_msgs__rosidl_typesupport_fastrtps_c.dir/rosidl_typesupport_fastrtps_c/slam_msgs/msg/detail/map_point__type_support_c.cpp.o[0m
[ 73%] [32mBuilding CXX object CMakeFiles/slam_msgs__rosidl_typesupport_fastrtps_c.dir/rosidl_typesupport_fastrtps_c/slam_msgs/msg/detail/slam_info__type_support_c.cpp.o[0m
[ 74%] [32mBuilding CXX object CMakeFiles/slam_msgs__rosidl_typesupport_fastrtps_c.dir/rosidl_typesupport_fastrtps_c/slam_msgs/srv/detail/get_map__type_support_c.cpp.o[0m
[ 76%] [32mBuilding CXX object CMakeFiles/slam_msgs__rosidl_typesupport_fastrtps_c.dir/rosidl_typesupport_fastrtps_c/slam_msgs/srv/detail/get_landmarks_in_view__type_support_c.cpp.o[0m
[ 76%] [32m[1mLinking C shared library libslam_msgs__rosidl_typesupport_introspection_c.so[0m
[ 77%] [32mBuilding CXX object CMakeFiles/slam_msgs__rosidl_typesupport_fastrtps_c.dir/rosidl_typesupport_fastrtps_c/slam_msgs/srv/detail/get_all_landmarks_in_map__type_support_c.cpp.o[0m
[ 78%] [32mBuilding CXX object CMakeFiles/slam_msgs__rosidl_typesupport_fastrtps_c.dir/rosidl_typesupport_fastrtps_c/slam_msgs/srv/detail/get_global_point_cloud__type_support_c.cpp.o[0m
[ 78%] Built target slam_msgs__rosidl_typesupport_introspection_c
[ 80%] [32m[1mLinking CXX shared library libslam_msgs__rosidl_typesupport_introspection_cpp.so[0m
[ 81%] [32m[1mLinking CXX shared library libslam_msgs__rosidl_typesupport_fastrtps_cpp.so[0m
[ 81%] Built target slam_msgs__rosidl_typesupport_introspection_cpp
[ 81%] Built target slam_msgs__rosidl_typesupport_fastrtps_cpp
[ 82%] [32m[1mLinking CXX shared library libslam_msgs__rosidl_typesupport_fastrtps_c.so[0m
[ 82%] Built target slam_msgs__rosidl_typesupport_fastrtps_c
[ 82%] Built target slam_msgs
[ 83%] [34m[1mGenerating Python code for ROS interfaces[0m
[ 83%] Built target slam_msgs__py
[ 86%] [32mBuilding C object CMakeFiles/slam_msgs__rosidl_generator_py.dir/rosidl_generator_py/slam_msgs/msg/_slam_info_s.c.o[0m
[ 86%] [32mBuilding C object CMakeFiles/slam_msgs__rosidl_generator_py.dir/rosidl_generator_py/slam_msgs/srv/_get_landmarks_in_view_s.c.o[0m
[ 89%] [32mBuilding C object CMakeFiles/slam_msgs__rosidl_generator_py.dir/rosidl_generator_py/slam_msgs/srv/_get_all_landmarks_in_map_s.c.o[0m
[ 89%] [32mBuilding C object CMakeFiles/slam_msgs__rosidl_generator_py.dir/rosidl_generator_py/slam_msgs/msg/_map_data_s.c.o[0m
[ 89%] [32mBuilding C object CMakeFiles/slam_msgs__rosidl_generator_py.dir/rosidl_generator_py/slam_msgs/msg/_map_point_s.c.o[0m
[ 89%] [32mBuilding C object CMakeFiles/slam_msgs__rosidl_generator_py.dir/rosidl_generator_py/slam_msgs/srv/_get_global_point_cloud_s.c.o[0m
[ 90%] [32mBuilding C object CMakeFiles/slam_msgs__rosidl_generator_py.dir/rosidl_generator_py/slam_msgs/srv/_get_map_s.c.o[0m
[ 92%] [32mBuilding C object CMakeFiles/slam_msgs__rosidl_generator_py.dir/rosidl_generator_py/slam_msgs/msg/_map_graph_s.c.o[0m
[ 92%] [32mBuilding C object CMakeFiles/slam_msgs__rosidl_generator_py.dir/rosidl_generator_py/slam_msgs/msg/_key_frame_s.c.o[0m
[ 93%] [32m[1mLinking C shared library rosidl_generator_py/slam_msgs/libslam_msgs__rosidl_generator_py.so[0m
[ 93%] Built target slam_msgs__rosidl_generator_py
[ 94%] [32mBuilding C object CMakeFiles/slam_msgs__rosidl_typesupport_introspection_c__pyext.dir/rosidl_generator_py/slam_msgs/_slam_msgs_s.ep.rosidl_typesupport_introspection_c.c.o[0m
[ 95%] [32mBuilding C object CMakeFiles/slam_msgs__rosidl_typesupport_c__pyext.dir/rosidl_generator_py/slam_msgs/_slam_msgs_s.ep.rosidl_typesupport_c.c.o[0m
[ 96%] [32mBuilding C object CMakeFiles/slam_msgs__rosidl_typesupport_fastrtps_c__pyext.dir/rosidl_generator_py/slam_msgs/_slam_msgs_s.ep.rosidl_typesupport_fastrtps_c.c.o[0m
[ 97%] [32m[1mLinking C shared library rosidl_generator_py/slam_msgs/slam_msgs_s__rosidl_typesupport_fastrtps_c.cpython-310-x86_64-linux-gnu.so[0m
[100%] [32m[1mLinking C shared library rosidl_generator_py/slam_msgs/slam_msgs_s__rosidl_typesupport_c.cpython-310-x86_64-linux-gnu.so[0m
[100%] [32m[1mLinking C shared library rosidl_generator_py/slam_msgs/slam_msgs_s__rosidl_typesupport_introspection_c.cpython-310-x86_64-linux-gnu.so[0m
[100%] Built target slam_msgs__rosidl_typesupport_fastrtps_c__pyext
[100%] Built target slam_msgs__rosidl_typesupport_introspection_c__pyext
[100%] Built target slam_msgs__rosidl_typesupport_c__pyext
-- Install configuration: ""
-- Installing: /home/ubuntu/workspaces/orbslam/orbslam3_ros2_ws/install/slam_msgs/share/ament_index/resource_index/rosidl_interfaces/slam_msgs
-- Installing: /home/ubuntu/workspaces/orbslam/orbslam3_ros2_ws/install/slam_msgs/include/slam_msgs/slam_msgs
-- Installing: /home/ubuntu/workspaces/orbslam/orbslam3_ros2_ws/install/slam_msgs/include/slam_msgs/slam_msgs/msg
-- Installing: /home/ubuntu/workspaces/orbslam/orbslam3_ros2_ws/install/slam_msgs/include/slam_msgs/slam_msgs/msg/map_graph.h
-- Installing: /home/ubuntu/workspaces/orbslam/orbslam3_ros2_ws/install/slam_msgs/include/slam_msgs/slam_msgs/msg/slam_info.h
-- Installing: /home/ubuntu/workspaces/orbslam/orbslam3_ros2_ws/install/slam_msgs/include/slam_msgs/slam_msgs/msg/detail
-- Installing: /home/ubuntu/workspaces/orbslam/orbslam3_ros2_ws/install/slam_msgs/include/slam_msgs/slam_msgs/msg/detail/key_frame__type_support.h
-- Installing: /home/ubuntu/workspaces/orbslam/orbslam3_ros2_ws/install/slam_msgs/include/slam_msgs/slam_msgs/msg/detail/map_point__functions.c
-- Installing: /home/ubuntu/workspaces/orbslam/orbslam3_ros2_ws/install/slam_msgs/include/slam_msgs/slam_msgs/msg/detail/map_graph__functions.h
-- Installing: /home/ubuntu/workspaces/orbslam/orbslam3_ros2_ws/install/slam_msgs/include/slam_msgs/slam_msgs/msg/detail/key_frame__functions.h
-- Installing: /home/ubuntu/workspaces/orbslam/orbslam3_ros2_ws/install/slam_msgs/include/slam_msgs/slam_msgs/msg/detail/map_data__functions.h
-- Installing: /home/ubuntu/workspaces/orbslam/orbslam3_ros2_ws/install/slam_msgs/include/slam_msgs/slam_msgs/msg/detail/map_data__struct.h
-- Installing: /home/ubuntu/workspaces/orbslam/orbslam3_ros2_ws/install/slam_msgs/include/slam_msgs/slam_msgs/msg/detail/map_point__functions.h
-- Installing: /home/ubuntu/workspaces/orbslam/orbslam3_ros2_ws/install/slam_msgs/include/slam_msgs/slam_msgs/msg/detail/map_point__type_support.h
-- Installing: /home/ubuntu/workspaces/orbslam/orbslam3_ros2_ws/install/slam_msgs/include/slam_msgs/slam_msgs/msg/detail/key_frame__struct.h
-- Installing: /home/ubuntu/workspaces/orbslam/orbslam3_ros2_ws/install/slam_msgs/include/slam_msgs/slam_msgs/msg/detail/slam_info__functions.h
-- Installing: /home/ubuntu/workspaces/orbslam/orbslam3_ros2_ws/install/slam_msgs/include/slam_msgs/slam_msgs/msg/detail/map_graph__type_support.h
-- Installing: /home/ubuntu/workspaces/orbslam/orbslam3_ros2_ws/install/slam_msgs/include/slam_msgs/slam_msgs/msg/detail/map_point__struct.h
-- Installing: /home/ubuntu/workspaces/orbslam/orbslam3_ros2_ws/install/slam_msgs/include/slam_msgs/slam_msgs/msg/detail/map_data__functions.c
-- Installing: /home/ubuntu/workspaces/orbslam/orbslam3_ros2_ws/install/slam_msgs/include/slam_msgs/slam_msgs/msg/detail/map_graph__struct.h
-- Installing: /home/ubuntu/workspaces/orbslam/orbslam3_ros2_ws/install/slam_msgs/include/slam_msgs/slam_msgs/msg/detail/slam_info__struct.h
-- Installing: /home/ubuntu/workspaces/orbslam/orbslam3_ros2_ws/install/slam_msgs/include/slam_msgs/slam_msgs/msg/detail/map_graph__functions.c
-- Installing: /home/ubuntu/workspaces/orbslam/orbslam3_ros2_ws/install/slam_msgs/include/slam_msgs/slam_msgs/msg/detail/key_frame__functions.c
-- Installing: /home/ubuntu/workspaces/orbslam/orbslam3_ros2_ws/install/slam_msgs/include/slam_msgs/slam_msgs/msg/detail/map_data__type_support.h
-- Installing: /home/ubuntu/workspaces/orbslam/orbslam3_ros2_ws/install/slam_msgs/include/slam_msgs/slam_msgs/msg/detail/slam_info__type_support.h
-- Installing: /home/ubuntu/workspaces/orbslam/orbslam3_ros2_ws/install/slam_msgs/include/slam_msgs/slam_msgs/msg/detail/slam_info__functions.c
-- Installing: /home/ubuntu/workspaces/orbslam/orbslam3_ros2_ws/install/slam_msgs/include/slam_msgs/slam_msgs/msg/key_frame.h
-- Installing: /home/ubuntu/workspaces/orbslam/orbslam3_ros2_ws/install/slam_msgs/include/slam_msgs/slam_msgs/msg/rosidl_generator_c__visibility_control.h
-- Installing: /home/ubuntu/workspaces/orbslam/orbslam3_ros2_ws/install/slam_msgs/include/slam_msgs/slam_msgs/msg/map_point.h
-- Installing: /home/ubuntu/workspaces/orbslam/orbslam3_ros2_ws/install/slam_msgs/include/slam_msgs/slam_msgs/msg/map_data.h
-- Installing: /home/ubuntu/workspaces/orbslam/orbslam3_ros2_ws/install/slam_msgs/include/slam_msgs/slam_msgs/srv
-- Installing: /home/ubuntu/workspaces/orbslam/orbslam3_ros2_ws/install/slam_msgs/include/slam_msgs/slam_msgs/srv/get_all_landmarks_in_map.h
-- Installing: /home/ubuntu/workspaces/orbslam/orbslam3_ros2_ws/install/slam_msgs/include/slam_msgs/slam_msgs/srv/get_landmarks_in_view.h
-- Installing: /home/ubuntu/workspaces/orbslam/orbslam3_ros2_ws/install/slam_msgs/include/slam_msgs/slam_msgs/srv/detail
-- Installing: /home/ubuntu/workspaces/orbslam/orbslam3_ros2_ws/install/slam_msgs/include/slam_msgs/slam_msgs/srv/detail/get_map__struct.h
-- Installing: /home/ubuntu/workspaces/orbslam/orbslam3_ros2_ws/install/slam_msgs/include/slam_msgs/slam_msgs/srv/detail/get_map__type_support.h
-- Installing: /home/ubuntu/workspaces/orbslam/orbslam3_ros2_ws/install/slam_msgs/include/slam_msgs/slam_msgs/srv/detail/get_global_point_cloud__functions.c
-- Installing: /home/ubuntu/workspaces/orbslam/orbslam3_ros2_ws/install/slam_msgs/include/slam_msgs/slam_msgs/srv/detail/get_landmarks_in_view__struct.h
-- Installing: /home/ubuntu/workspaces/orbslam/orbslam3_ros2_ws/install/slam_msgs/include/slam_msgs/slam_msgs/srv/detail/get_all_landmarks_in_map__type_support.h
-- Installing: /home/ubuntu/workspaces/orbslam/orbslam3_ros2_ws/install/slam_msgs/include/slam_msgs/slam_msgs/srv/detail/get_landmarks_in_view__functions.c
-- Installing: /home/ubuntu/workspaces/orbslam/orbslam3_ros2_ws/install/slam_msgs/include/slam_msgs/slam_msgs/srv/detail/get_all_landmarks_in_map__functions.c
-- Installing: /home/ubuntu/workspaces/orbslam/orbslam3_ros2_ws/install/slam_msgs/include/slam_msgs/slam_msgs/srv/detail/get_global_point_cloud__struct.h
-- Installing: /home/ubuntu/workspaces/orbslam/orbslam3_ros2_ws/install/slam_msgs/include/slam_msgs/slam_msgs/srv/detail/get_landmarks_in_view__functions.h
-- Installing: /home/ubuntu/workspaces/orbslam/orbslam3_ros2_ws/install/slam_msgs/include/slam_msgs/slam_msgs/srv/detail/get_map__functions.c
-- Installing: /home/ubuntu/workspaces/orbslam/orbslam3_ros2_ws/install/slam_msgs/include/slam_msgs/slam_msgs/srv/detail/get_map__functions.h
-- Installing: /home/ubuntu/workspaces/orbslam/orbslam3_ros2_ws/install/slam_msgs/include/slam_msgs/slam_msgs/srv/detail/get_all_landmarks_in_map__struct.h
-- Installing: /home/ubuntu/workspaces/orbslam/orbslam3_ros2_ws/install/slam_msgs/include/slam_msgs/slam_msgs/srv/detail/get_landmarks_in_view__type_support.h
-- Installing: /home/ubuntu/workspaces/orbslam/orbslam3_ros2_ws/install/slam_msgs/include/slam_msgs/slam_msgs/srv/detail/get_global_point_cloud__type_support.h
-- Installing: /home/ubuntu/workspaces/orbslam/orbslam3_ros2_ws/install/slam_msgs/include/slam_msgs/slam_msgs/srv/detail/get_all_landmarks_in_map__functions.h
-- Installing: /home/ubuntu/workspaces/orbslam/orbslam3_ros2_ws/install/slam_msgs/include/slam_msgs/slam_msgs/srv/detail/get_global_point_cloud__functions.h
-- Installing: /home/ubuntu/workspaces/orbslam/orbslam3_ros2_ws/install/slam_msgs/include/slam_msgs/slam_msgs/srv/get_global_point_cloud.h
-- Installing: /home/ubuntu/workspaces/orbslam/orbslam3_ros2_ws/install/slam_msgs/include/slam_msgs/slam_msgs/srv/get_map.h
-- Installing: /home/ubuntu/workspaces/orbslam/orbslam3_ros2_ws/install/slam_msgs/share/slam_msgs/environment/library_path.sh
-- Installing: /home/ubuntu/workspaces/orbslam/orbslam3_ros2_ws/install/slam_msgs/share/slam_msgs/environment/library_path.dsv
-- Installing: /home/ubuntu/workspaces/orbslam/orbslam3_ros2_ws/install/slam_msgs/lib/libslam_msgs__rosidl_generator_c.so
-- Set runtime path of "/home/ubuntu/workspaces/orbslam/orbslam3_ros2_ws/install/slam_msgs/lib/libslam_msgs__rosidl_generator_c.so" to ""
-- Up-to-date: /home/ubuntu/workspaces/orbslam/orbslam3_ros2_ws/install/slam_msgs/include/slam_msgs/slam_msgs
-- Up-to-date: /home/ubuntu/workspaces/orbslam/orbslam3_ros2_ws/install/slam_msgs/include/slam_msgs/slam_msgs/msg
-- Installing: /home/ubuntu/workspaces/orbslam/orbslam3_ros2_ws/install/slam_msgs/include/slam_msgs/slam_msgs/msg/rosidl_typesupport_fastrtps_c__visibility_control.h
-- Up-to-date: /home/ubuntu/workspaces/orbslam/orbslam3_ros2_ws/install/slam_msgs/include/slam_msgs/slam_msgs/msg/detail
-- Installing: /home/ubuntu/workspaces/orbslam/orbslam3_ros2_ws/install/slam_msgs/include/slam_msgs/slam_msgs/msg/detail/map_graph__rosidl_typesupport_fastrtps_c.h
-- Installing: /home/ubuntu/workspaces/orbslam/orbslam3_ros2_ws/install/slam_msgs/include/slam_msgs/slam_msgs/msg/detail/key_frame__rosidl_typesupport_fastrtps_c.h
-- Installing: /home/ubuntu/workspaces/orbslam/orbslam3_ros2_ws/install/slam_msgs/include/slam_msgs/slam_msgs/msg/detail/map_data__rosidl_typesupport_fastrtps_c.h
-- Installing: /home/ubuntu/workspaces/orbslam/orbslam3_ros2_ws/install/slam_msgs/include/slam_msgs/slam_msgs/msg/detail/map_point__rosidl_typesupport_fastrtps_c.h
-- Installing: /home/ubuntu/workspaces/orbslam/orbslam3_ros2_ws/install/slam_msgs/include/slam_msgs/slam_msgs/msg/detail/slam_info__rosidl_typesupport_fastrtps_c.h
-- Up-to-date: /home/ubuntu/workspaces/orbslam/orbslam3_ros2_ws/install/slam_msgs/include/slam_msgs/slam_msgs/srv
-- Up-to-date: /home/ubuntu/workspaces/orbslam/orbslam3_ros2_ws/install/slam_msgs/include/slam_msgs/slam_msgs/srv/detail
-- Installing: /home/ubuntu/workspaces/orbslam/orbslam3_ros2_ws/install/slam_msgs/include/slam_msgs/slam_msgs/srv/detail/get_global_point_cloud__rosidl_typesupport_fastrtps_c.h
-- Installing: /home/ubuntu/workspaces/orbslam/orbslam3_ros2_ws/install/slam_msgs/include/slam_msgs/slam_msgs/srv/detail/get_landmarks_in_view__rosidl_typesupport_fastrtps_c.h
-- Installing: /home/ubuntu/workspaces/orbslam/orbslam3_ros2_ws/install/slam_msgs/include/slam_msgs/slam_msgs/srv/detail/get_all_landmarks_in_map__rosidl_typesupport_fastrtps_c.h
-- Installing: /home/ubuntu/workspaces/orbslam/orbslam3_ros2_ws/install/slam_msgs/include/slam_msgs/slam_msgs/srv/detail/get_map__rosidl_typesupport_fastrtps_c.h
-- Installing: /home/ubuntu/workspaces/orbslam/orbslam3_ros2_ws/install/slam_msgs/lib/libslam_msgs__rosidl_typesupport_fastrtps_c.so
-- Set runtime path of "/home/ubuntu/workspaces/orbslam/orbslam3_ros2_ws/install/slam_msgs/lib/libslam_msgs__rosidl_typesupport_fastrtps_c.so" to ""
-- Up-to-date: /home/ubuntu/workspaces/orbslam/orbslam3_ros2_ws/install/slam_msgs/include/slam_msgs/slam_msgs
-- Up-to-date: /home/ubuntu/workspaces/orbslam/orbslam3_ros2_ws/install/slam_msgs/include/slam_msgs/slam_msgs/msg
-- Installing: /home/ubuntu/workspaces/orbslam/orbslam3_ros2_ws/install/slam_msgs/include/slam_msgs/slam_msgs/msg/map_data.hpp
-- Installing: /home/ubuntu/workspaces/orbslam/orbslam3_ros2_ws/install/slam_msgs/include/slam_msgs/slam_msgs/msg/map_point.hpp
-- Installing: /home/ubuntu/workspaces/orbslam/orbslam3_ros2_ws/install/slam_msgs/include/slam_msgs/slam_msgs/msg/key_frame.hpp
-- Installing: /home/ubuntu/workspaces/orbslam/orbslam3_ros2_ws/install/slam_msgs/include/slam_msgs/slam_msgs/msg/slam_info.hpp
-- Up-to-date: /home/ubuntu/workspaces/orbslam/orbslam3_ros2_ws/install/slam_msgs/include/slam_msgs/slam_msgs/msg/detail
-- Installing: /home/ubuntu/workspaces/orbslam/orbslam3_ros2_ws/install/slam_msgs/include/slam_msgs/slam_msgs/msg/detail/map_point__builder.hpp
-- Installing: /home/ubuntu/workspaces/orbslam/orbslam3_ros2_ws/install/slam_msgs/include/slam_msgs/slam_msgs/msg/detail/map_point__traits.hpp
-- Installing: /home/ubuntu/workspaces/orbslam/orbslam3_ros2_ws/install/slam_msgs/include/slam_msgs/slam_msgs/msg/detail/map_data__type_support.hpp
-- Installing: /home/ubuntu/workspaces/orbslam/orbslam3_ros2_ws/install/slam_msgs/include/slam_msgs/slam_msgs/msg/detail/slam_info__struct.hpp
-- Installing: /home/ubuntu/workspaces/orbslam/orbslam3_ros2_ws/install/slam_msgs/include/slam_msgs/slam_msgs/msg/detail/map_data__builder.hpp
-- Installing: /home/ubuntu/workspaces/orbslam/orbslam3_ros2_ws/install/slam_msgs/include/slam_msgs/slam_msgs/msg/detail/map_point__struct.hpp
-- Installing: /home/ubuntu/workspaces/orbslam/orbslam3_ros2_ws/install/slam_msgs/include/slam_msgs/slam_msgs/msg/detail/map_point__type_support.hpp
-- Installing: /home/ubuntu/workspaces/orbslam/orbslam3_ros2_ws/install/slam_msgs/include/slam_msgs/slam_msgs/msg/detail/map_graph__traits.hpp
-- Installing: /home/ubuntu/workspaces/orbslam/orbslam3_ros2_ws/install/slam_msgs/include/slam_msgs/slam_msgs/msg/detail/map_graph__builder.hpp
-- Installing: /home/ubuntu/workspaces/orbslam/orbslam3_ros2_ws/install/slam_msgs/include/slam_msgs/slam_msgs/msg/detail/key_frame__type_support.hpp
-- Installing: /home/ubuntu/workspaces/orbslam/orbslam3_ros2_ws/install/slam_msgs/include/slam_msgs/slam_msgs/msg/detail/slam_info__builder.hpp
-- Installing: /home/ubuntu/workspaces/orbslam/orbslam3_ros2_ws/install/slam_msgs/include/slam_msgs/slam_msgs/msg/detail/key_frame__traits.hpp
-- Installing: /home/ubuntu/workspaces/orbslam/orbslam3_ros2_ws/install/slam_msgs/include/slam_msgs/slam_msgs/msg/detail/slam_info__traits.hpp
-- Installing: /home/ubuntu/workspaces/orbslam/orbslam3_ros2_ws/install/slam_msgs/include/slam_msgs/slam_msgs/msg/detail/key_frame__struct.hpp
-- Installing: /home/ubuntu/workspaces/orbslam/orbslam3_ros2_ws/install/slam_msgs/include/slam_msgs/slam_msgs/msg/detail/slam_info__type_support.hpp
-- Installing: /home/ubuntu/workspaces/orbslam/orbslam3_ros2_ws/install/slam_msgs/include/slam_msgs/slam_msgs/msg/detail/key_frame__builder.hpp
-- Installing: /home/ubuntu/workspaces/orbslam/orbslam3_ros2_ws/install/slam_msgs/include/slam_msgs/slam_msgs/msg/detail/map_data__traits.hpp
-- Installing: /home/ubuntu/workspaces/orbslam/orbslam3_ros2_ws/install/slam_msgs/include/slam_msgs/slam_msgs/msg/detail/map_data__struct.hpp
-- Installing: /home/ubuntu/workspaces/orbslam/orbslam3_ros2_ws/install/slam_msgs/include/slam_msgs/slam_msgs/msg/detail/map_graph__struct.hpp
-- Installing: /home/ubuntu/workspaces/orbslam/orbslam3_ros2_ws/install/slam_msgs/include/slam_msgs/slam_msgs/msg/detail/map_graph__type_support.hpp
-- Installing: /home/ubuntu/workspaces/orbslam/orbslam3_ros2_ws/install/slam_msgs/include/slam_msgs/slam_msgs/msg/map_graph.hpp
-- Installing: /home/ubuntu/workspaces/orbslam/orbslam3_ros2_ws/install/slam_msgs/include/slam_msgs/slam_msgs/msg/rosidl_generator_cpp__visibility_control.hpp
-- Up-to-date: /home/ubuntu/workspaces/orbslam/orbslam3_ros2_ws/install/slam_msgs/include/slam_msgs/slam_msgs/srv
-- Installing: /home/ubuntu/workspaces/orbslam/orbslam3_ros2_ws/install/slam_msgs/include/slam_msgs/slam_msgs/srv/get_map.hpp
-- Installing: /home/ubuntu/workspaces/orbslam/orbslam3_ros2_ws/install/slam_msgs/include/slam_msgs/slam_msgs/srv/get_global_point_cloud.hpp
-- Installing: /home/ubuntu/workspaces/orbslam/orbslam3_ros2_ws/install/slam_msgs/include/slam_msgs/slam_msgs/srv/get_landmarks_in_view.hpp
-- Up-to-date: /home/ubuntu/workspaces/orbslam/orbslam3_ros2_ws/install/slam_msgs/include/slam_msgs/slam_msgs/srv/detail
-- Installing: /home/ubuntu/workspaces/orbslam/orbslam3_ros2_ws/install/slam_msgs/include/slam_msgs/slam_msgs/srv/detail/get_all_landmarks_in_map__struct.hpp
-- Installing: /home/ubuntu/workspaces/orbslam/orbslam3_ros2_ws/install/slam_msgs/include/slam_msgs/slam_msgs/srv/detail/get_global_point_cloud__traits.hpp
-- Installing: /home/ubuntu/workspaces/orbslam/orbslam3_ros2_ws/install/slam_msgs/include/slam_msgs/slam_msgs/srv/detail/get_global_point_cloud__struct.hpp
-- Installing: /home/ubuntu/workspaces/orbslam/orbslam3_ros2_ws/install/slam_msgs/include/slam_msgs/slam_msgs/srv/detail/get_landmarks_in_view__struct.hpp
-- Installing: /home/ubuntu/workspaces/orbslam/orbslam3_ros2_ws/install/slam_msgs/include/slam_msgs/slam_msgs/srv/detail/get_all_landmarks_in_map__builder.hpp
-- Installing: /home/ubuntu/workspaces/orbslam/orbslam3_ros2_ws/install/slam_msgs/include/slam_msgs/slam_msgs/srv/detail/get_map__traits.hpp
-- Installing: /home/ubuntu/workspaces/orbslam/orbslam3_ros2_ws/install/slam_msgs/include/slam_msgs/slam_msgs/srv/detail/get_map__struct.hpp
-- Installing: /home/ubuntu/workspaces/orbslam/orbslam3_ros2_ws/install/slam_msgs/include/slam_msgs/slam_msgs/srv/detail/get_all_landmarks_in_map__type_support.hpp
-- Installing: /home/ubuntu/workspaces/orbslam/orbslam3_ros2_ws/install/slam_msgs/include/slam_msgs/slam_msgs/srv/detail/get_global_point_cloud__builder.hpp
-- Installing: /home/ubuntu/workspaces/orbslam/orbslam3_ros2_ws/install/slam_msgs/include/slam_msgs/slam_msgs/srv/detail/get_landmarks_in_view__builder.hpp
-- Installing: /home/ubuntu/workspaces/orbslam/orbslam3_ros2_ws/install/slam_msgs/include/slam_msgs/slam_msgs/srv/detail/get_all_landmarks_in_map__traits.hpp
-- Installing: /home/ubuntu/workspaces/orbslam/orbslam3_ros2_ws/install/slam_msgs/include/slam_msgs/slam_msgs/srv/detail/get_landmarks_in_view__traits.hpp
-- Installing: /home/ubuntu/workspaces/orbslam/orbslam3_ros2_ws/install/slam_msgs/include/slam_msgs/slam_msgs/srv/detail/get_map__type_support.hpp
-- Installing: /home/ubuntu/workspaces/orbslam/orbslam3_ros2_ws/install/slam_msgs/include/slam_msgs/slam_msgs/srv/detail/get_global_point_cloud__type_support.hpp
-- Installing: /home/ubuntu/workspaces/orbslam/orbslam3_ros2_ws/install/slam_msgs/include/slam_msgs/slam_msgs/srv/detail/get_landmarks_in_view__type_support.hpp
-- Installing: /home/ubuntu/workspaces/orbslam/orbslam3_ros2_ws/install/slam_msgs/include/slam_msgs/slam_msgs/srv/detail/get_map__builder.hpp
-- Installing: /home/ubuntu/workspaces/orbslam/orbslam3_ros2_ws/install/slam_msgs/include/slam_msgs/slam_msgs/srv/get_all_landmarks_in_map.hpp
-- Up-to-date: /home/ubuntu/workspaces/orbslam/orbslam3_ros2_ws/install/slam_msgs/include/slam_msgs/slam_msgs
-- Up-to-date: /home/ubuntu/workspaces/orbslam/orbslam3_ros2_ws/install/slam_msgs/include/slam_msgs/slam_msgs/msg
-- Installing: /home/ubuntu/workspaces/orbslam/orbslam3_ros2_ws/install/slam_msgs/include/slam_msgs/slam_msgs/msg/rosidl_typesupport_fastrtps_cpp__visibility_control.h
-- Up-to-date: /home/ubuntu/workspaces/orbslam/orbslam3_ros2_ws/install/slam_msgs/include/slam_msgs/slam_msgs/msg/detail
-- Installing: /home/ubuntu/workspaces/orbslam/orbslam3_ros2_ws/install/slam_msgs/include/slam_msgs/slam_msgs/msg/detail/map_data__rosidl_typesupport_fastrtps_cpp.hpp
-- Installing: /home/ubuntu/workspaces/orbslam/orbslam3_ros2_ws/install/slam_msgs/include/slam_msgs/slam_msgs/msg/detail/dds_fastrtps
-- Installing: /home/ubuntu/workspaces/orbslam/orbslam3_ros2_ws/install/slam_msgs/include/slam_msgs/slam_msgs/msg/detail/map_point__rosidl_typesupport_fastrtps_cpp.hpp
-- Installing: /home/ubuntu/workspaces/orbslam/orbslam3_ros2_ws/install/slam_msgs/include/slam_msgs/slam_msgs/msg/detail/key_frame__rosidl_typesupport_fastrtps_cpp.hpp
-- Installing: /home/ubuntu/workspaces/orbslam/orbslam3_ros2_ws/install/slam_msgs/include/slam_msgs/slam_msgs/msg/detail/map_graph__rosidl_typesupport_fastrtps_cpp.hpp
-- Installing: /home/ubuntu/workspaces/orbslam/orbslam3_ros2_ws/install/slam_msgs/include/slam_msgs/slam_msgs/msg/detail/slam_info__rosidl_typesupport_fastrtps_cpp.hpp
-- Up-to-date: /home/ubuntu/workspaces/orbslam/orbslam3_ros2_ws/install/slam_msgs/include/slam_msgs/slam_msgs/srv
-- Up-to-date: /home/ubuntu/workspaces/orbslam/orbslam3_ros2_ws/install/slam_msgs/include/slam_msgs/slam_msgs/srv/detail
-- Installing: /home/ubuntu/workspaces/orbslam/orbslam3_ros2_ws/install/slam_msgs/include/slam_msgs/slam_msgs/srv/detail/dds_fastrtps
-- Installing: /home/ubuntu/workspaces/orbslam/orbslam3_ros2_ws/install/slam_msgs/include/slam_msgs/slam_msgs/srv/detail/get_map__rosidl_typesupport_fastrtps_cpp.hpp
-- Installing: /home/ubuntu/workspaces/orbslam/orbslam3_ros2_ws/install/slam_msgs/include/slam_msgs/slam_msgs/srv/detail/get_all_landmarks_in_map__rosidl_typesupport_fastrtps_cpp.hpp
-- Installing: /home/ubuntu/workspaces/orbslam/orbslam3_ros2_ws/install/slam_msgs/include/slam_msgs/slam_msgs/srv/detail/get_landmarks_in_view__rosidl_typesupport_fastrtps_cpp.hpp
-- Installing: /home/ubuntu/workspaces/orbslam/orbslam3_ros2_ws/install/slam_msgs/include/slam_msgs/slam_msgs/srv/detail/get_global_point_cloud__rosidl_typesupport_fastrtps_cpp.hpp
-- Installing: /home/ubuntu/workspaces/orbslam/orbslam3_ros2_ws/install/slam_msgs/lib/libslam_msgs__rosidl_typesupport_fastrtps_cpp.so
-- Set runtime path of "/home/ubuntu/workspaces/orbslam/orbslam3_ros2_ws/install/slam_msgs/lib/libslam_msgs__rosidl_typesupport_fastrtps_cpp.so" to ""
-- Up-to-date: /home/ubuntu/workspaces/orbslam/orbslam3_ros2_ws/install/slam_msgs/include/slam_msgs/slam_msgs
-- Up-to-date: /home/ubuntu/workspaces/orbslam/orbslam3_ros2_ws/install/slam_msgs/include/slam_msgs/slam_msgs/msg
-- Up-to-date: /home/ubuntu/workspaces/orbslam/orbslam3_ros2_ws/install/slam_msgs/include/slam_msgs/slam_msgs/msg/detail
-- Installing: /home/ubuntu/workspaces/orbslam/orbslam3_ros2_ws/install/slam_msgs/include/slam_msgs/slam_msgs/msg/detail/key_frame__rosidl_typesupport_introspection_c.h
-- Installing: /home/ubuntu/workspaces/orbslam/orbslam3_ros2_ws/install/slam_msgs/include/slam_msgs/slam_msgs/msg/detail/slam_info__type_support.c
-- Installing: /home/ubuntu/workspaces/orbslam/orbslam3_ros2_ws/install/slam_msgs/include/slam_msgs/slam_msgs/msg/detail/map_graph__rosidl_typesupport_introspection_c.h
-- Installing: /home/ubuntu/workspaces/orbslam/orbslam3_ros2_ws/install/slam_msgs/include/slam_msgs/slam_msgs/msg/detail/map_point__type_support.c
-- Installing: /home/ubuntu/workspaces/orbslam/orbslam3_ros2_ws/install/slam_msgs/include/slam_msgs/slam_msgs/msg/detail/map_point__rosidl_typesupport_introspection_c.h
-- Installing: /home/ubuntu/workspaces/orbslam/orbslam3_ros2_ws/install/slam_msgs/include/slam_msgs/slam_msgs/msg/detail/slam_info__rosidl_typesupport_introspection_c.h
-- Installing: /home/ubuntu/workspaces/orbslam/orbslam3_ros2_ws/install/slam_msgs/include/slam_msgs/slam_msgs/msg/detail/map_data__type_support.c
-- Installing: /home/ubuntu/workspaces/orbslam/orbslam3_ros2_ws/install/slam_msgs/include/slam_msgs/slam_msgs/msg/detail/key_frame__type_support.c
-- Installing: /home/ubuntu/workspaces/orbslam/orbslam3_ros2_ws/install/slam_msgs/include/slam_msgs/slam_msgs/msg/detail/map_graph__type_support.c
-- Installing: /home/ubuntu/workspaces/orbslam/orbslam3_ros2_ws/install/slam_msgs/include/slam_msgs/slam_msgs/msg/detail/map_data__rosidl_typesupport_introspection_c.h
-- Installing: /home/ubuntu/workspaces/orbslam/orbslam3_ros2_ws/install/slam_msgs/include/slam_msgs/slam_msgs/msg/rosidl_typesupport_introspection_c__visibility_control.h
-- Up-to-date: /home/ubuntu/workspaces/orbslam/orbslam3_ros2_ws/install/slam_msgs/include/slam_msgs/slam_msgs/srv
-- Up-to-date: /home/ubuntu/workspaces/orbslam/orbslam3_ros2_ws/install/slam_msgs/include/slam_msgs/slam_msgs/srv/detail
-- Installing: /home/ubuntu/workspaces/orbslam/orbslam3_ros2_ws/install/slam_msgs/include/slam_msgs/slam_msgs/srv/detail/get_all_landmarks_in_map__type_support.c
-- Installing: /home/ubuntu/workspaces/orbslam/orbslam3_ros2_ws/install/slam_msgs/include/slam_msgs/slam_msgs/srv/detail/get_map__type_support.c
-- Installing: /home/ubuntu/workspaces/orbslam/orbslam3_ros2_ws/install/slam_msgs/include/slam_msgs/slam_msgs/srv/detail/get_global_point_cloud__type_support.c
-- Installing: /home/ubuntu/workspaces/orbslam/orbslam3_ros2_ws/install/slam_msgs/include/slam_msgs/slam_msgs/srv/detail/get_global_point_cloud__rosidl_typesupport_introspection_c.h
-- Installing: /home/ubuntu/workspaces/orbslam/orbslam3_ros2_ws/install/slam_msgs/include/slam_msgs/slam_msgs/srv/detail/get_all_landmarks_in_map__rosidl_typesupport_introspection_c.h
-- Installing: /home/ubuntu/workspaces/orbslam/orbslam3_ros2_ws/install/slam_msgs/include/slam_msgs/slam_msgs/srv/detail/get_landmarks_in_view__type_support.c
-- Installing: /home/ubuntu/workspaces/orbslam/orbslam3_ros2_ws/install/slam_msgs/include/slam_msgs/slam_msgs/srv/detail/get_landmarks_in_view__rosidl_typesupport_introspection_c.h
-- Installing: /home/ubuntu/workspaces/orbslam/orbslam3_ros2_ws/install/slam_msgs/include/slam_msgs/slam_msgs/srv/detail/get_map__rosidl_typesupport_introspection_c.h
-- Installing: /home/ubuntu/workspaces/orbslam/orbslam3_ros2_ws/install/slam_msgs/lib/libslam_msgs__rosidl_typesupport_introspection_c.so
-- Set runtime path of "/home/ubuntu/workspaces/orbslam/orbslam3_ros2_ws/install/slam_msgs/lib/libslam_msgs__rosidl_typesupport_introspection_c.so" to ""
-- Installing: /home/ubuntu/workspaces/orbslam/orbslam3_ros2_ws/install/slam_msgs/lib/libslam_msgs__rosidl_typesupport_c.so
-- Set runtime path of "/home/ubuntu/workspaces/orbslam/orbslam3_ros2_ws/install/slam_msgs/lib/libslam_msgs__rosidl_typesupport_c.so" to ""
-- Up-to-date: /home/ubuntu/workspaces/orbslam/orbslam3_ros2_ws/install/slam_msgs/include/slam_msgs/slam_msgs
-- Up-to-date: /home/ubuntu/workspaces/orbslam/orbslam3_ros2_ws/install/slam_msgs/include/slam_msgs/slam_msgs/msg
-- Up-to-date: /home/ubuntu/workspaces/orbslam/orbslam3_ros2_ws/install/slam_msgs/include/slam_msgs/slam_msgs/msg/detail
-- Installing: /home/ubuntu/workspaces/orbslam/orbslam3_ros2_ws/install/slam_msgs/include/slam_msgs/slam_msgs/msg/detail/map_graph__type_support.cpp
-- Installing: /home/ubuntu/workspaces/orbslam/orbslam3_ros2_ws/install/slam_msgs/include/slam_msgs/slam_msgs/msg/detail/slam_info__rosidl_typesupport_introspection_cpp.hpp
-- Installing: /home/ubuntu/workspaces/orbslam/orbslam3_ros2_ws/install/slam_msgs/include/slam_msgs/slam_msgs/msg/detail/map_point__rosidl_typesupport_introspection_cpp.hpp
-- Installing: /home/ubuntu/workspaces/orbslam/orbslam3_ros2_ws/install/slam_msgs/include/slam_msgs/slam_msgs/msg/detail/map_data__rosidl_typesupport_introspection_cpp.hpp
-- Installing: /home/ubuntu/workspaces/orbslam/orbslam3_ros2_ws/install/slam_msgs/include/slam_msgs/slam_msgs/msg/detail/map_point__type_support.cpp
-- Installing: /home/ubuntu/workspaces/orbslam/orbslam3_ros2_ws/install/slam_msgs/include/slam_msgs/slam_msgs/msg/detail/key_frame__rosidl_typesupport_introspection_cpp.hpp
-- Installing: /home/ubuntu/workspaces/orbslam/orbslam3_ros2_ws/install/slam_msgs/include/slam_msgs/slam_msgs/msg/detail/key_frame__type_support.cpp
-- Installing: /home/ubuntu/workspaces/orbslam/orbslam3_ros2_ws/install/slam_msgs/include/slam_msgs/slam_msgs/msg/detail/map_graph__rosidl_typesupport_introspection_cpp.hpp
-- Installing: /home/ubuntu/workspaces/orbslam/orbslam3_ros2_ws/install/slam_msgs/include/slam_msgs/slam_msgs/msg/detail/map_data__type_support.cpp
-- Installing: /home/ubuntu/workspaces/orbslam/orbslam3_ros2_ws/install/slam_msgs/include/slam_msgs/slam_msgs/msg/detail/slam_info__type_support.cpp
-- Up-to-date: /home/ubuntu/workspaces/orbslam/orbslam3_ros2_ws/install/slam_msgs/include/slam_msgs/slam_msgs/srv
-- Up-to-date: /home/ubuntu/workspaces/orbslam/orbslam3_ros2_ws/install/slam_msgs/include/slam_msgs/slam_msgs/srv/detail
-- Installing: /home/ubuntu/workspaces/orbslam/orbslam3_ros2_ws/install/slam_msgs/include/slam_msgs/slam_msgs/srv/detail/get_landmarks_in_view__rosidl_typesupport_introspection_cpp.hpp
-- Installing: /home/ubuntu/workspaces/orbslam/orbslam3_ros2_ws/install/slam_msgs/include/slam_msgs/slam_msgs/srv/detail/get_all_landmarks_in_map__type_support.cpp
-- Installing: /home/ubuntu/workspaces/orbslam/orbslam3_ros2_ws/install/slam_msgs/include/slam_msgs/slam_msgs/srv/detail/get_landmarks_in_view__type_support.cpp
-- Installing: /home/ubuntu/workspaces/orbslam/orbslam3_ros2_ws/install/slam_msgs/include/slam_msgs/slam_msgs/srv/detail/get_map__rosidl_typesupport_introspection_cpp.hpp
-- Installing: /home/ubuntu/workspaces/orbslam/orbslam3_ros2_ws/install/slam_msgs/include/slam_msgs/slam_msgs/srv/detail/get_global_point_cloud__type_support.cpp
-- Installing: /home/ubuntu/workspaces/orbslam/orbslam3_ros2_ws/install/slam_msgs/include/slam_msgs/slam_msgs/srv/detail/get_global_point_cloud__rosidl_typesupport_introspection_cpp.hpp
-- Installing: /home/ubuntu/workspaces/orbslam/orbslam3_ros2_ws/install/slam_msgs/include/slam_msgs/slam_msgs/srv/detail/get_map__type_support.cpp
-- Installing: /home/ubuntu/workspaces/orbslam/orbslam3_ros2_ws/install/slam_msgs/include/slam_msgs/slam_msgs/srv/detail/get_all_landmarks_in_map__rosidl_typesupport_introspection_cpp.hpp
-- Installing: /home/ubuntu/workspaces/orbslam/orbslam3_ros2_ws/install/slam_msgs/lib/libslam_msgs__rosidl_typesupport_introspection_cpp.so
-- Set runtime path of "/home/ubuntu/workspaces/orbslam/orbslam3_ros2_ws/install/slam_msgs/lib/libslam_msgs__rosidl_typesupport_introspection_cpp.so" to ""
-- Installing: /home/ubuntu/workspaces/orbslam/orbslam3_ros2_ws/install/slam_msgs/lib/libslam_msgs__rosidl_typesupport_cpp.so
-- Set runtime path of "/home/ubuntu/workspaces/orbslam/orbslam3_ros2_ws/install/slam_msgs/lib/libslam_msgs__rosidl_typesupport_cpp.so" to ""
-- Installing: /home/ubuntu/workspaces/orbslam/orbslam3_ros2_ws/install/slam_msgs/share/slam_msgs/environment/pythonpath.sh
-- Installing: /home/ubuntu/workspaces/orbslam/orbslam3_ros2_ws/install/slam_msgs/share/slam_msgs/environment/pythonpath.dsv
-- Installing: /home/ubuntu/workspaces/orbslam/orbslam3_ros2_ws/install/slam_msgs/local/lib/python3.10/dist-packages/slam_msgs-1.0.0-py3.10.egg-info
-- Installing: /home/ubuntu/workspaces/orbslam/orbslam3_ros2_ws/install/slam_msgs/local/lib/python3.10/dist-packages/slam_msgs-1.0.0-py3.10.egg-info/dependency_links.txt
-- Installing: /home/ubuntu/workspaces/orbslam/orbslam3_ros2_ws/install/slam_msgs/local/lib/python3.10/dist-packages/slam_msgs-1.0.0-py3.10.egg-info/SOURCES.txt
-- Installing: /home/ubuntu/workspaces/orbslam/orbslam3_ros2_ws/install/slam_msgs/local/lib/python3.10/dist-packages/slam_msgs-1.0.0-py3.10.egg-info/top_level.txt
-- Installing: /home/ubuntu/workspaces/orbslam/orbslam3_ros2_ws/install/slam_msgs/local/lib/python3.10/dist-packages/slam_msgs-1.0.0-py3.10.egg-info/PKG-INFO
-- Installing: /home/ubuntu/workspaces/orbslam/orbslam3_ros2_ws/install/slam_msgs/local/lib/python3.10/dist-packages/slam_msgs
-- Installing: /home/ubuntu/workspaces/orbslam/orbslam3_ros2_ws/install/slam_msgs/local/lib/python3.10/dist-packages/slam_msgs/_slam_msgs_s.ep.rosidl_typesupport_fastrtps_c.c
-- Installing: /home/ubuntu/workspaces/orbslam/orbslam3_ros2_ws/install/slam_msgs/local/lib/python3.10/dist-packages/slam_msgs/msg
-- Installing: /home/ubuntu/workspaces/orbslam/orbslam3_ros2_ws/install/slam_msgs/local/lib/python3.10/dist-packages/slam_msgs/msg/_map_data.py
-- Installing: /home/ubuntu/workspaces/orbslam/orbslam3_ros2_ws/install/slam_msgs/local/lib/python3.10/dist-packages/slam_msgs/msg/_key_frame.py
-- Installing: /home/ubuntu/workspaces/orbslam/orbslam3_ros2_ws/install/slam_msgs/local/lib/python3.10/dist-packages/slam_msgs/msg/_key_frame_s.c
-- Installing: /home/ubuntu/workspaces/orbslam/orbslam3_ros2_ws/install/slam_msgs/local/lib/python3.10/dist-packages/slam_msgs/msg/_map_graph.py
-- Installing: /home/ubuntu/workspaces/orbslam/orbslam3_ros2_ws/install/slam_msgs/local/lib/python3.10/dist-packages/slam_msgs/msg/_slam_info_s.c
-- Installing: /home/ubuntu/workspaces/orbslam/orbslam3_ros2_ws/install/slam_msgs/local/lib/python3.10/dist-packages/slam_msgs/msg/_map_graph_s.c
-- Installing: /home/ubuntu/workspaces/orbslam/orbslam3_ros2_ws/install/slam_msgs/local/lib/python3.10/dist-packages/slam_msgs/msg/_map_data_s.c
-- Installing: /home/ubuntu/workspaces/orbslam/orbslam3_ros2_ws/install/slam_msgs/local/lib/python3.10/dist-packages/slam_msgs/msg/_slam_info.py
-- Installing: /home/ubuntu/workspaces/orbslam/orbslam3_ros2_ws/install/slam_msgs/local/lib/python3.10/dist-packages/slam_msgs/msg/__init__.py
-- Installing: /home/ubuntu/workspaces/orbslam/orbslam3_ros2_ws/install/slam_msgs/local/lib/python3.10/dist-packages/slam_msgs/msg/_map_point.py
-- Installing: /home/ubuntu/workspaces/orbslam/orbslam3_ros2_ws/install/slam_msgs/local/lib/python3.10/dist-packages/slam_msgs/msg/_map_point_s.c
-- Installing: /home/ubuntu/workspaces/orbslam/orbslam3_ros2_ws/install/slam_msgs/local/lib/python3.10/dist-packages/slam_msgs/libslam_msgs__rosidl_generator_py.so
-- Installing: /home/ubuntu/workspaces/orbslam/orbslam3_ros2_ws/install/slam_msgs/local/lib/python3.10/dist-packages/slam_msgs/slam_msgs_s__rosidl_typesupport_c.cpython-310-x86_64-linux-gnu.so
-- Installing: /home/ubuntu/workspaces/orbslam/orbslam3_ros2_ws/install/slam_msgs/local/lib/python3.10/dist-packages/slam_msgs/slam_msgs_s__rosidl_typesupport_introspection_c.cpython-310-x86_64-linux-gnu.so
-- Installing: /home/ubuntu/workspaces/orbslam/orbslam3_ros2_ws/install/slam_msgs/local/lib/python3.10/dist-packages/slam_msgs/_slam_msgs_s.ep.rosidl_typesupport_introspection_c.c
-- Installing: /home/ubuntu/workspaces/orbslam/orbslam3_ros2_ws/install/slam_msgs/local/lib/python3.10/dist-packages/slam_msgs/srv
-- Installing: /home/ubuntu/workspaces/orbslam/orbslam3_ros2_ws/install/slam_msgs/local/lib/python3.10/dist-packages/slam_msgs/srv/_get_all_landmarks_in_map_s.c
-- Installing: /home/ubuntu/workspaces/orbslam/orbslam3_ros2_ws/install/slam_msgs/local/lib/python3.10/dist-packages/slam_msgs/srv/_get_landmarks_in_view.py
-- Installing: /home/ubuntu/workspaces/orbslam/orbslam3_ros2_ws/install/slam_msgs/local/lib/python3.10/dist-packages/slam_msgs/srv/_get_landmarks_in_view_s.c
-- Installing: /home/ubuntu/workspaces/orbslam/orbslam3_ros2_ws/install/slam_msgs/local/lib/python3.10/dist-packages/slam_msgs/srv/_get_map.py
-- Installing: /home/ubuntu/workspaces/orbslam/orbslam3_ros2_ws/install/slam_msgs/local/lib/python3.10/dist-packages/slam_msgs/srv/_get_all_landmarks_in_map.py
-- Installing: /home/ubuntu/workspaces/orbslam/orbslam3_ros2_ws/install/slam_msgs/local/lib/python3.10/dist-packages/slam_msgs/srv/_get_global_point_cloud_s.c
-- Installing: /home/ubuntu/workspaces/orbslam/orbslam3_ros2_ws/install/slam_msgs/local/lib/python3.10/dist-packages/slam_msgs/srv/_get_global_point_cloud.py
-- Installing: /home/ubuntu/workspaces/orbslam/orbslam3_ros2_ws/install/slam_msgs/local/lib/python3.10/dist-packages/slam_msgs/srv/__init__.py
-- Installing: /home/ubuntu/workspaces/orbslam/orbslam3_ros2_ws/install/slam_msgs/local/lib/python3.10/dist-packages/slam_msgs/srv/_get_map_s.c
-- Installing: /home/ubuntu/workspaces/orbslam/orbslam3_ros2_ws/install/slam_msgs/local/lib/python3.10/dist-packages/slam_msgs/__init__.py
-- Installing: /home/ubuntu/workspaces/orbslam/orbslam3_ros2_ws/install/slam_msgs/local/lib/python3.10/dist-packages/slam_msgs/slam_msgs_s__rosidl_typesupport_fastrtps_c.cpython-310-x86_64-linux-gnu.so
-- Installing: /home/ubuntu/workspaces/orbslam/orbslam3_ros2_ws/install/slam_msgs/local/lib/python3.10/dist-packages/slam_msgs/_slam_msgs_s.ep.rosidl_typesupport_c.c
Listing '/home/ubuntu/workspaces/orbslam/orbslam3_ros2_ws/install/slam_msgs/local/lib/python3.10/dist-packages/slam_msgs'...
Compiling '/home/ubuntu/workspaces/orbslam/orbslam3_ros2_ws/install/slam_msgs/local/lib/python3.10/dist-packages/slam_msgs/__init__.py'...
Listing '/home/ubuntu/workspaces/orbslam/orbslam3_ros2_ws/install/slam_msgs/local/lib/python3.10/dist-packages/slam_msgs/msg'...
Compiling '/home/ubuntu/workspaces/orbslam/orbslam3_ros2_ws/install/slam_msgs/local/lib/python3.10/dist-packages/slam_msgs/msg/__init__.py'...
Compiling '/home/ubuntu/workspaces/orbslam/orbslam3_ros2_ws/install/slam_msgs/local/lib/python3.10/dist-packages/slam_msgs/msg/_key_frame.py'...
Compiling '/home/ubuntu/workspaces/orbslam/orbslam3_ros2_ws/install/slam_msgs/local/lib/python3.10/dist-packages/slam_msgs/msg/_map_data.py'...
Compiling '/home/ubuntu/workspaces/orbslam/orbslam3_ros2_ws/install/slam_msgs/local/lib/python3.10/dist-packages/slam_msgs/msg/_map_graph.py'...
Compiling '/home/ubuntu/workspaces/orbslam/orbslam3_ros2_ws/install/slam_msgs/local/lib/python3.10/dist-packages/slam_msgs/msg/_map_point.py'...
Compiling '/home/ubuntu/workspaces/orbslam/orbslam3_ros2_ws/install/slam_msgs/local/lib/python3.10/dist-packages/slam_msgs/msg/_slam_info.py'...
Listing '/home/ubuntu/workspaces/orbslam/orbslam3_ros2_ws/install/slam_msgs/local/lib/python3.10/dist-packages/slam_msgs/srv'...
Compiling '/home/ubuntu/workspaces/orbslam/orbslam3_ros2_ws/install/slam_msgs/local/lib/python3.10/dist-packages/slam_msgs/srv/__init__.py'...
Compiling '/home/ubuntu/workspaces/orbslam/orbslam3_ros2_ws/install/slam_msgs/local/lib/python3.10/dist-packages/slam_msgs/srv/_get_all_landmarks_in_map.py'...
Compiling '/home/ubuntu/workspaces/orbslam/orbslam3_ros2_ws/install/slam_msgs/local/lib/python3.10/dist-packages/slam_msgs/srv/_get_global_point_cloud.py'...
Compiling '/home/ubuntu/workspaces/orbslam/orbslam3_ros2_ws/install/slam_msgs/local/lib/python3.10/dist-packages/slam_msgs/srv/_get_landmarks_in_view.py'...
Compiling '/home/ubuntu/workspaces/orbslam/orbslam3_ros2_ws/install/slam_msgs/local/lib/python3.10/dist-packages/slam_msgs/srv/_get_map.py'...
-- Installing: /home/ubuntu/workspaces/orbslam/orbslam3_ros2_ws/install/slam_msgs/local/lib/python3.10/dist-packages/slam_msgs/slam_msgs_s__rosidl_typesupport_fastrtps_c.cpython-310-x86_64-linux-gnu.so
-- Set runtime path of "/home/ubuntu/workspaces/orbslam/orbslam3_ros2_ws/install/slam_msgs/local/lib/python3.10/dist-packages/slam_msgs/slam_msgs_s__rosidl_typesupport_fastrtps_c.cpython-310-x86_64-linux-gnu.so" to ""
-- Installing: /home/ubuntu/workspaces/orbslam/orbslam3_ros2_ws/install/slam_msgs/local/lib/python3.10/dist-packages/slam_msgs/slam_msgs_s__rosidl_typesupport_introspection_c.cpython-310-x86_64-linux-gnu.so
-- Set runtime path of "/home/ubuntu/workspaces/orbslam/orbslam3_ros2_ws/install/slam_msgs/local/lib/python3.10/dist-packages/slam_msgs/slam_msgs_s__rosidl_typesupport_introspection_c.cpython-310-x86_64-linux-gnu.so" to ""
-- Installing: /home/ubuntu/workspaces/orbslam/orbslam3_ros2_ws/install/slam_msgs/local/lib/python3.10/dist-packages/slam_msgs/slam_msgs_s__rosidl_typesupport_c.cpython-310-x86_64-linux-gnu.so
-- Set runtime path of "/home/ubuntu/workspaces/orbslam/orbslam3_ros2_ws/install/slam_msgs/local/lib/python3.10/dist-packages/slam_msgs/slam_msgs_s__rosidl_typesupport_c.cpython-310-x86_64-linux-gnu.so" to ""
-- Installing: /home/ubuntu/workspaces/orbslam/orbslam3_ros2_ws/install/slam_msgs/lib/libslam_msgs__rosidl_generator_py.so
-- Set runtime path of "/home/ubuntu/workspaces/orbslam/orbslam3_ros2_ws/install/slam_msgs/lib/libslam_msgs__rosidl_generator_py.so" to ""
-- Installing: /home/ubuntu/workspaces/orbslam/orbslam3_ros2_ws/install/slam_msgs/share/slam_msgs/msg/MapGraph.idl
-- Installing: /home/ubuntu/workspaces/orbslam/orbslam3_ros2_ws/install/slam_msgs/share/slam_msgs/msg/MapData.idl
-- Installing: /home/ubuntu/workspaces/orbslam/orbslam3_ros2_ws/install/slam_msgs/share/slam_msgs/msg/KeyFrame.idl
-- Installing: /home/ubuntu/workspaces/orbslam/orbslam3_ros2_ws/install/slam_msgs/share/slam_msgs/msg/MapPoint.idl
-- Installing: /home/ubuntu/workspaces/orbslam/orbslam3_ros2_ws/install/slam_msgs/share/slam_msgs/msg/SlamInfo.idl
-- Installing: /home/ubuntu/workspaces/orbslam/orbslam3_ros2_ws/install/slam_msgs/share/slam_msgs/srv/GetMap.idl
-- Installing: /home/ubuntu/workspaces/orbslam/orbslam3_ros2_ws/install/slam_msgs/share/slam_msgs/srv/GetLandmarksInView.idl
-- Installing: /home/ubuntu/workspaces/orbslam/orbslam3_ros2_ws/install/slam_msgs/share/slam_msgs/srv/GetAllLandmarksInMap.idl
-- Installing: /home/ubuntu/workspaces/orbslam/orbslam3_ros2_ws/install/slam_msgs/share/slam_msgs/srv/GetGlobalPointCloud.idl
-- Installing: /home/ubuntu/workspaces/orbslam/orbslam3_ros2_ws/install/slam_msgs/share/slam_msgs/msg/MapGraph.msg
-- Installing: /home/ubuntu/workspaces/orbslam/orbslam3_ros2_ws/install/slam_msgs/share/slam_msgs/msg/MapData.msg
-- Installing: /home/ubuntu/workspaces/orbslam/orbslam3_ros2_ws/install/slam_msgs/share/slam_msgs/msg/KeyFrame.msg
-- Installing: /home/ubuntu/workspaces/orbslam/orbslam3_ros2_ws/install/slam_msgs/share/slam_msgs/msg/MapPoint.msg
-- Installing: /home/ubuntu/workspaces/orbslam/orbslam3_ros2_ws/install/slam_msgs/share/slam_msgs/msg/SlamInfo.msg
-- Installing: /home/ubuntu/workspaces/orbslam/orbslam3_ros2_ws/install/slam_msgs/share/slam_msgs/srv/GetMap.srv
-- Installing: /home/ubuntu/workspaces/orbslam/orbslam3_ros2_ws/install/slam_msgs/share/slam_msgs/srv/GetMap_Request.msg
-- Installing: /home/ubuntu/workspaces/orbslam/orbslam3_ros2_ws/install/slam_msgs/share/slam_msgs/srv/GetMap_Response.msg
-- Installing: /home/ubuntu/workspaces/orbslam/orbslam3_ros2_ws/install/slam_msgs/share/slam_msgs/srv/GetLandmarksInView.srv
-- Installing: /home/ubuntu/workspaces/orbslam/orbslam3_ros2_ws/install/slam_msgs/share/slam_msgs/srv/GetLandmarksInView_Request.msg
-- Installing: /home/ubuntu/workspaces/orbslam/orbslam3_ros2_ws/install/slam_msgs/share/slam_msgs/srv/GetLandmarksInView_Response.msg
-- Installing: /home/ubuntu/workspaces/orbslam/orbslam3_ros2_ws/install/slam_msgs/share/slam_msgs/srv/GetAllLandmarksInMap.srv
-- Installing: /home/ubuntu/workspaces/orbslam/orbslam3_ros2_ws/install/slam_msgs/share/slam_msgs/srv/GetAllLandmarksInMap_Request.msg
-- Installing: /home/ubuntu/workspaces/orbslam/orbslam3_ros2_ws/install/slam_msgs/share/slam_msgs/srv/GetAllLandmarksInMap_Response.msg
-- Installing: /home/ubuntu/workspaces/orbslam/orbslam3_ros2_ws/install/slam_msgs/share/slam_msgs/srv/GetGlobalPointCloud.srv
-- Installing: /home/ubuntu/workspaces/orbslam/orbslam3_ros2_ws/install/slam_msgs/share/slam_msgs/srv/GetGlobalPointCloud_Request.msg
-- Installing: /home/ubuntu/workspaces/orbslam/orbslam3_ros2_ws/install/slam_msgs/share/slam_msgs/srv/GetGlobalPointCloud_Response.msg
-- Installing: /home/ubuntu/workspaces/orbslam/orbslam3_ros2_ws/install/slam_msgs/share/ament_index/resource_index/package_run_dependencies/slam_msgs
-- Installing: /home/ubuntu/workspaces/orbslam/orbslam3_ros2_ws/install/slam_msgs/share/ament_index/resource_index/parent_prefix_path/slam_msgs
-- Installing: /home/ubuntu/workspaces/orbslam/orbslam3_ros2_ws/install/slam_msgs/share/slam_msgs/environment/ament_prefix_path.sh
-- Installing: /home/ubuntu/workspaces/orbslam/orbslam3_ros2_ws/install/slam_msgs/share/slam_msgs/environment/ament_prefix_path.dsv
-- Installing: /home/ubuntu/workspaces/orbslam/orbslam3_ros2_ws/install/slam_msgs/share/slam_msgs/environment/path.sh
-- Installing: /home/ubuntu/workspaces/orbslam/orbslam3_ros2_ws/install/slam_msgs/share/slam_msgs/environment/path.dsv
-- Installing: /home/ubuntu/workspaces/orbslam/orbslam3_ros2_ws/install/slam_msgs/share/slam_msgs/local_setup.bash
-- Installing: /home/ubuntu/workspaces/orbslam/orbslam3_ros2_ws/install/slam_msgs/share/slam_msgs/local_setup.sh
-- Installing: /home/ubuntu/workspaces/orbslam/orbslam3_ros2_ws/install/slam_msgs/share/slam_msgs/local_setup.zsh
-- Installing: /home/ubuntu/workspaces/orbslam/orbslam3_ros2_ws/install/slam_msgs/share/slam_msgs/local_setup.dsv
-- Installing: /home/ubuntu/workspaces/orbslam/orbslam3_ros2_ws/install/slam_msgs/share/slam_msgs/package.dsv
-- Installing: /home/ubuntu/workspaces/orbslam/orbslam3_ros2_ws/install/slam_msgs/share/ament_index/resource_index/packages/slam_msgs
-- Installing: /home/ubuntu/workspaces/orbslam/orbslam3_ros2_ws/install/slam_msgs/share/slam_msgs/cmake/export_slam_msgs__rosidl_generator_cExport.cmake
-- Installing: /home/ubuntu/workspaces/orbslam/orbslam3_ros2_ws/install/slam_msgs/share/slam_msgs/cmake/export_slam_msgs__rosidl_generator_cExport-noconfig.cmake
-- Installing: /home/ubuntu/workspaces/orbslam/orbslam3_ros2_ws/install/slam_msgs/share/slam_msgs/cmake/export_slam_msgs__rosidl_typesupport_fastrtps_cExport.cmake
-- Installing: /home/ubuntu/workspaces/orbslam/orbslam3_ros2_ws/install/slam_msgs/share/slam_msgs/cmake/export_slam_msgs__rosidl_typesupport_fastrtps_cExport-noconfig.cmake
-- Installing: /home/ubuntu/workspaces/orbslam/orbslam3_ros2_ws/install/slam_msgs/share/slam_msgs/cmake/export_slam_msgs__rosidl_generator_cppExport.cmake
-- Installing: /home/ubuntu/workspaces/orbslam/orbslam3_ros2_ws/install/slam_msgs/share/slam_msgs/cmake/export_slam_msgs__rosidl_typesupport_fastrtps_cppExport.cmake
-- Installing: /home/ubuntu/workspaces/orbslam/orbslam3_ros2_ws/install/slam_msgs/share/slam_msgs/cmake/export_slam_msgs__rosidl_typesupport_fastrtps_cppExport-noconfig.cmake
-- Installing: /home/ubuntu/workspaces/orbslam/orbslam3_ros2_ws/install/slam_msgs/share/slam_msgs/cmake/slam_msgs__rosidl_typesupport_introspection_cExport.cmake
-- Installing: /home/ubuntu/workspaces/orbslam/orbslam3_ros2_ws/install/slam_msgs/share/slam_msgs/cmake/slam_msgs__rosidl_typesupport_introspection_cExport-noconfig.cmake
-- Installing: /home/ubuntu/workspaces/orbslam/orbslam3_ros2_ws/install/slam_msgs/share/slam_msgs/cmake/slam_msgs__rosidl_typesupport_cExport.cmake
-- Installing: /home/ubuntu/workspaces/orbslam/orbslam3_ros2_ws/install/slam_msgs/share/slam_msgs/cmake/slam_msgs__rosidl_typesupport_cExport-noconfig.cmake
-- Installing: /home/ubuntu/workspaces/orbslam/orbslam3_ros2_ws/install/slam_msgs/share/slam_msgs/cmake/slam_msgs__rosidl_typesupport_introspection_cppExport.cmake
-- Installing: /home/ubuntu/workspaces/orbslam/orbslam3_ros2_ws/install/slam_msgs/share/slam_msgs/cmake/slam_msgs__rosidl_typesupport_introspection_cppExport-noconfig.cmake
-- Installing: /home/ubuntu/workspaces/orbslam/orbslam3_ros2_ws/install/slam_msgs/share/slam_msgs/cmake/slam_msgs__rosidl_typesupport_cppExport.cmake
-- Installing: /home/ubuntu/workspaces/orbslam/orbslam3_ros2_ws/install/slam_msgs/share/slam_msgs/cmake/slam_msgs__rosidl_typesupport_cppExport-noconfig.cmake
-- Installing: /home/ubuntu/workspaces/orbslam/orbslam3_ros2_ws/install/slam_msgs/share/slam_msgs/cmake/export_slam_msgs__rosidl_generator_pyExport.cmake
-- Installing: /home/ubuntu/workspaces/orbslam/orbslam3_ros2_ws/install/slam_msgs/share/slam_msgs/cmake/export_slam_msgs__rosidl_generator_pyExport-noconfig.cmake
-- Installing: /home/ubuntu/workspaces/orbslam/orbslam3_ros2_ws/install/slam_msgs/share/slam_msgs/cmake/rosidl_cmake-extras.cmake
-- Installing: /home/ubuntu/workspaces/orbslam/orbslam3_ros2_ws/install/slam_msgs/share/slam_msgs/cmake/ament_cmake_export_dependencies-extras.cmake
-- Installing: /home/ubuntu/workspaces/orbslam/orbslam3_ros2_ws/install/slam_msgs/share/slam_msgs/cmake/ament_cmake_export_include_directories-extras.cmake
-- Installing: /home/ubuntu/workspaces/orbslam/orbslam3_ros2_ws/install/slam_msgs/share/slam_msgs/cmake/ament_cmake_export_libraries-extras.cmake
-- Installing: /home/ubuntu/workspaces/orbslam/orbslam3_ros2_ws/install/slam_msgs/share/slam_msgs/cmake/ament_cmake_export_targets-extras.cmake
-- Installing: /home/ubuntu/workspaces/orbslam/orbslam3_ros2_ws/install/slam_msgs/share/slam_msgs/cmake/rosidl_cmake_export_typesupport_targets-extras.cmake
-- Installing: /home/ubuntu/workspaces/orbslam/orbslam3_ros2_ws/install/slam_msgs/share/slam_msgs/cmake/rosidl_cmake_export_typesupport_libraries-extras.cmake
-- Installing: /home/ubuntu/workspaces/orbslam/orbslam3_ros2_ws/install/slam_msgs/share/slam_msgs/cmake/slam_msgsConfig.cmake
-- Installing: /home/ubuntu/workspaces/orbslam/orbslam3_ros2_ws/install/slam_msgs/share/slam_msgs/cmake/slam_msgsConfig-version.cmake
-- Installing: /home/ubuntu/workspaces/orbslam/orbslam3_ros2_ws/install/slam_msgs/share/slam_msgs/package.xml
