[0.005s] Invoking command in '/home/sf/workspace/orb_slam3_second_ws/orbslam/orbslam3_ros2_ws/build/slam_msgs': CMAKE_PREFIX_PATH=${CMAKE_PREFIX_PATH}:/opt/ros/humble /usr/bin/cmake /home/sf/workspace/orb_slam3_second_ws/orbslam/orbslam3_ros2_ws/src/slam_msgs -DCMAKE_INSTALL_PREFIX=/home/sf/workspace/orb_slam3_second_ws/orbslam/orbslam3_ros2_ws/install/slam_msgs
[0.055s] -- The C compiler identification is GNU 11.4.0
[0.124s] -- The CXX compiler identification is GNU 11.4.0
[0.131s] -- Detecting C compiler ABI info
[0.185s] -- Detecting C compiler ABI info - done
[0.192s] -- Check for working C compiler: /usr/bin/cc - skipped
[0.192s] -- Detecting C compile features
[0.192s] -- Detecting C compile features - done
[0.195s] -- Detecting CXX compiler ABI info
[0.289s] -- Detecting CXX compiler ABI info - done
[0.299s] -- Check for working CXX compiler: /usr/bin/c++ - skipped
[0.299s] -- Detecting CXX compile features
[0.300s] -- Detecting CXX compile features - done
[0.301s] -- Found ament_cmake: 1.3.12 (/opt/ros/humble/share/ament_cmake/cmake)
[0.413s] -- Found Python3: /usr/bin/python3 (found version "3.10.12") found components: Interpreter 
[0.480s] -- Found rclcpp: 16.0.15 (/opt/ros/humble/share/rclcpp/cmake)
[0.519s] -- Found rosidl_generator_c: 3.1.7 (/opt/ros/humble/share/rosidl_generator_c/cmake)
[0.521s] -- Found rosidl_adapter: 3.1.7 (/opt/ros/humble/share/rosidl_adapter/cmake)
[0.525s] -- Found rosidl_generator_cpp: 3.1.7 (/opt/ros/humble/share/rosidl_generator_cpp/cmake)
[0.531s] -- Using all available rosidl_typesupport_c: rosidl_typesupport_fastrtps_c;rosidl_typesupport_introspection_c
[0.538s] -- Using all available rosidl_typesupport_cpp: rosidl_typesupport_fastrtps_cpp;rosidl_typesupport_introspection_cpp
[0.559s] -- Found rmw_implementation_cmake: 6.1.2 (/opt/ros/humble/share/rmw_implementation_cmake/cmake)
[0.560s] -- Found rmw_fastrtps_cpp: 6.2.9 (/opt/ros/humble/share/rmw_fastrtps_cpp/cmake)
[0.640s] -- Found OpenSSL: /usr/lib/x86_64-linux-gnu/libcrypto.so (found version "3.0.2")  
[0.679s] -- Found FastRTPS: /opt/ros/humble/include  
[0.706s] -- Using RMW implementation 'rmw_fastrtps_cpp' as default
[0.710s] -- Looking for pthread.h
[0.776s] -- Looking for pthread.h - found
[0.777s] -- Performing Test CMAKE_HAVE_LIBC_PTHREAD
[0.863s] -- Performing Test CMAKE_HAVE_LIBC_PTHREAD - Success
[0.865s] -- Found Threads: TRUE  
[0.897s] -- Found geometry_msgs: 4.9.0 (/opt/ros/humble/share/geometry_msgs/cmake)
[0.903s] -- Found sensor_msgs: 4.9.0 (/opt/ros/humble/share/sensor_msgs/cmake)
[0.913s] -- Found rosidl_default_generators: 1.2.0 (/opt/ros/humble/share/rosidl_default_generators/cmake)
[1.129s] -- Found ament_cmake_ros: 0.10.0 (/opt/ros/humble/share/ament_cmake_ros/cmake)
[1.395s] -- Using all available rosidl_typesupport_c: rosidl_typesupport_fastrtps_c;rosidl_typesupport_introspection_c
[1.497s] -- Using all available rosidl_typesupport_cpp: rosidl_typesupport_fastrtps_cpp;rosidl_typesupport_introspection_cpp
[1.514s] -- Found PythonInterp: /usr/bin/python3 (found suitable version "3.10.12", minimum required is "3.6") 
[1.515s] -- Found python_cmake_module: 0.10.0 (/opt/ros/humble/share/python_cmake_module/cmake)
[1.535s] -- Found PythonLibs: /usr/lib/x86_64-linux-gnu/libpython3.10.so (found suitable version "3.10.12", minimum required is "3.5") 
[1.535s] -- Using PYTHON_EXECUTABLE: /usr/bin/python3
[1.535s] -- Using PYTHON_INCLUDE_DIRS: /usr/include/python3.10
[1.535s] -- Using PYTHON_LIBRARIES: /usr/lib/x86_64-linux-gnu/libpython3.10.so
[1.550s] -- Found PythonExtra: .so  
[1.599s] -- Configuring done
[1.624s] -- Generating done
[1.630s] -- Build files have been written to: /home/sf/workspace/orb_slam3_second_ws/orbslam/orbslam3_ros2_ws/build/slam_msgs
[1.637s] Invoked command in '/home/sf/workspace/orb_slam3_second_ws/orbslam/orbslam3_ros2_ws/build/slam_msgs' returned '0': CMAKE_PREFIX_PATH=${CMAKE_PREFIX_PATH}:/opt/ros/humble /usr/bin/cmake /home/sf/workspace/orb_slam3_second_ws/orbslam/orbslam3_ros2_ws/src/slam_msgs -DCMAKE_INSTALL_PREFIX=/home/sf/workspace/orb_slam3_second_ws/orbslam/orbslam3_ros2_ws/install/slam_msgs
[1.638s] Invoking command in '/home/sf/workspace/orb_slam3_second_ws/orbslam/orbslam3_ros2_ws/build/slam_msgs': CMAKE_PREFIX_PATH=${CMAKE_PREFIX_PATH}:/opt/ros/humble /usr/bin/cmake --build /home/sf/workspace/orb_slam3_second_ws/orbslam/orbslam3_ros2_ws/build/slam_msgs -- -j24 -l24
[1.674s] [  1%] [34m[1mGenerating C code for ROS interfaces[0m
[1.688s] [  2%] [34m[1mGenerating C++ code for ROS interfaces[0m
[1.696s] [  2%] Built target ament_cmake_python_copy_slam_msgs
[1.809s] running egg_info
[1.809s] creating slam_msgs.egg-info
[1.809s] writing slam_msgs.egg-info/PKG-INFO
[1.810s] writing dependency_links to slam_msgs.egg-info/dependency_links.txt
[1.810s] writing top-level names to slam_msgs.egg-info/top_level.txt
[1.810s] writing manifest file 'slam_msgs.egg-info/SOURCES.txt'
[1.811s] reading manifest file 'slam_msgs.egg-info/SOURCES.txt'
[1.811s] writing manifest file 'slam_msgs.egg-info/SOURCES.txt'
[1.827s] [  2%] Built target ament_cmake_python_build_slam_msgs_egg
[2.108s] [  3%] [32mBuilding C object CMakeFiles/slam_msgs__rosidl_generator_c.dir/rosidl_generator_c/slam_msgs/msg/detail/map_data__functions.c.o[0m
[2.108s] [  4%] [32mBuilding C object CMakeFiles/slam_msgs__rosidl_generator_c.dir/rosidl_generator_c/slam_msgs/msg/detail/map_graph__functions.c.o[0m
[2.109s] [  5%] [32mBuilding C object CMakeFiles/slam_msgs__rosidl_generator_c.dir/rosidl_generator_c/slam_msgs/srv/detail/get_map__functions.c.o[0m
[2.110s] [  6%] [32mBuilding C object CMakeFiles/slam_msgs__rosidl_generator_c.dir/rosidl_generator_c/slam_msgs/msg/detail/key_frame__functions.c.o[0m
[2.110s] [  7%] [32mBuilding C object CMakeFiles/slam_msgs__rosidl_generator_c.dir/rosidl_generator_c/slam_msgs/msg/detail/map_point__functions.c.o[0m
[2.110s] [  8%] [32mBuilding C object CMakeFiles/slam_msgs__rosidl_generator_c.dir/rosidl_generator_c/slam_msgs/msg/detail/slam_info__functions.c.o[0m
[2.111s] [  9%] [32mBuilding C object CMakeFiles/slam_msgs__rosidl_generator_c.dir/rosidl_generator_c/slam_msgs/srv/detail/get_global_point_cloud__functions.c.o[0m
[2.111s] [ 10%] [32mBuilding C object CMakeFiles/slam_msgs__rosidl_generator_c.dir/rosidl_generator_c/slam_msgs/srv/detail/get_all_landmarks_in_map__functions.c.o[0m
[2.111s] [ 11%] [32mBuilding C object CMakeFiles/slam_msgs__rosidl_generator_c.dir/rosidl_generator_c/slam_msgs/srv/detail/get_landmarks_in_view__functions.c.o[0m
[2.120s] [ 11%] Built target slam_msgs__cpp
[2.127s] [ 13%] [34m[1mGenerating C++ introspection for ROS interfaces[0m
[2.127s] [ 13%] [34m[1mGenerating C++ type support dispatch for ROS interfaces[0m
[2.130s] [ 14%] [34m[1mGenerating C++ type support for eProsima Fast-RTPS[0m
[2.160s] [ 15%] [32m[1mLinking C shared library libslam_msgs__rosidl_generator_c.so[0m
[2.186s] [ 15%] Built target slam_msgs__rosidl_generator_c
[2.195s] [ 18%] [34m[1mGenerating C introspection for ROS interfaces[0m
[2.195s] [ 18%] [34m[1mGenerating C type support for eProsima Fast-RTPS[0m
[2.195s] [ 18%] [34m[1mGenerating C type support dispatch for ROS interfaces[0m
[2.445s] [ 21%] [32mBuilding CXX object CMakeFiles/slam_msgs__rosidl_typesupport_cpp.dir/rosidl_typesupport_cpp/slam_msgs/srv/get_landmarks_in_view__type_support.cpp.o[0m
[2.445s] [ 21%] [32mBuilding CXX object CMakeFiles/slam_msgs__rosidl_typesupport_cpp.dir/rosidl_typesupport_cpp/slam_msgs/srv/get_all_landmarks_in_map__type_support.cpp.o[0m
[2.445s] [ 22%] [32mBuilding CXX object CMakeFiles/slam_msgs__rosidl_typesupport_cpp.dir/rosidl_typesupport_cpp/slam_msgs/srv/get_global_point_cloud__type_support.cpp.o[0m
[2.446s] [ 24%] [32mBuilding CXX object CMakeFiles/slam_msgs__rosidl_typesupport_cpp.dir/rosidl_typesupport_cpp/slam_msgs/msg/key_frame__type_support.cpp.o[0m
[2.446s] [ 24%] [32mBuilding CXX object CMakeFiles/slam_msgs__rosidl_typesupport_cpp.dir/rosidl_typesupport_cpp/slam_msgs/msg/map_graph__type_support.cpp.o[0m
[2.446s] [ 25%] [32mBuilding CXX object CMakeFiles/slam_msgs__rosidl_typesupport_cpp.dir/rosidl_typesupport_cpp/slam_msgs/msg/map_point__type_support.cpp.o[0m
[2.446s] [ 26%] [32mBuilding CXX object CMakeFiles/slam_msgs__rosidl_typesupport_cpp.dir/rosidl_typesupport_cpp/slam_msgs/msg/map_data__type_support.cpp.o[0m
[2.446s] [ 27%] [32mBuilding CXX object CMakeFiles/slam_msgs__rosidl_typesupport_cpp.dir/rosidl_typesupport_cpp/slam_msgs/msg/slam_info__type_support.cpp.o[0m
[2.447s] [ 28%] [32mBuilding CXX object CMakeFiles/slam_msgs__rosidl_typesupport_cpp.dir/rosidl_typesupport_cpp/slam_msgs/srv/get_map__type_support.cpp.o[0m
[2.520s] [ 29%] [32mBuilding CXX object CMakeFiles/slam_msgs__rosidl_typesupport_introspection_cpp.dir/rosidl_typesupport_introspection_cpp/slam_msgs/msg/detail/map_graph__type_support.cpp.o[0m
[2.520s] [ 31%] [32mBuilding CXX object CMakeFiles/slam_msgs__rosidl_typesupport_introspection_cpp.dir/rosidl_typesupport_introspection_cpp/slam_msgs/srv/detail/get_map__type_support.cpp.o[0m
[2.520s] [ 31%] [32mBuilding CXX object CMakeFiles/slam_msgs__rosidl_typesupport_introspection_cpp.dir/rosidl_typesupport_introspection_cpp/slam_msgs/msg/detail/map_point__type_support.cpp.o[0m
[2.520s] [ 32%] [32mBuilding CXX object CMakeFiles/slam_msgs__rosidl_typesupport_introspection_cpp.dir/rosidl_typesupport_introspection_cpp/slam_msgs/srv/detail/get_landmarks_in_view__type_support.cpp.o[0m
[2.520s] [ 33%] [32mBuilding CXX object CMakeFiles/slam_msgs__rosidl_typesupport_introspection_cpp.dir/rosidl_typesupport_introspection_cpp/slam_msgs/msg/detail/map_data__type_support.cpp.o[0m
[2.521s] [ 34%] [32mBuilding CXX object CMakeFiles/slam_msgs__rosidl_typesupport_introspection_cpp.dir/rosidl_typesupport_introspection_cpp/slam_msgs/srv/detail/get_all_landmarks_in_map__type_support.cpp.o[0m
[2.522s] [ 35%] [32mBuilding CXX object CMakeFiles/slam_msgs__rosidl_typesupport_introspection_cpp.dir/rosidl_typesupport_introspection_cpp/slam_msgs/msg/detail/key_frame__type_support.cpp.o[0m
[2.524s] [ 36%] [32mBuilding CXX object CMakeFiles/slam_msgs__rosidl_typesupport_introspection_cpp.dir/rosidl_typesupport_introspection_cpp/slam_msgs/msg/detail/slam_info__type_support.cpp.o[0m
[2.526s] [ 37%] [32mBuilding CXX object CMakeFiles/slam_msgs__rosidl_typesupport_introspection_cpp.dir/rosidl_typesupport_introspection_cpp/slam_msgs/srv/detail/get_global_point_cloud__type_support.cpp.o[0m
[2.590s] [ 38%] [32mBuilding CXX object CMakeFiles/slam_msgs__rosidl_typesupport_c.dir/rosidl_typesupport_c/slam_msgs/msg/map_graph__type_support.cpp.o[0m
[2.591s] [ 41%] [32mBuilding CXX object CMakeFiles/slam_msgs__rosidl_typesupport_c.dir/rosidl_typesupport_c/slam_msgs/msg/key_frame__type_support.cpp.o[0m
[2.592s] [ 41%] [32mBuilding CXX object CMakeFiles/slam_msgs__rosidl_typesupport_c.dir/rosidl_typesupport_c/slam_msgs/msg/map_data__type_support.cpp.o[0m
[2.628s] [ 42%] [32mBuilding CXX object CMakeFiles/slam_msgs__rosidl_typesupport_c.dir/rosidl_typesupport_c/slam_msgs/msg/map_point__type_support.cpp.o[0m
[2.634s] [ 43%] [32mBuilding CXX object CMakeFiles/slam_msgs__rosidl_typesupport_c.dir/rosidl_typesupport_c/slam_msgs/srv/get_map__type_support.cpp.o[0m
[2.648s] [ 44%] [32mBuilding CXX object CMakeFiles/slam_msgs__rosidl_typesupport_c.dir/rosidl_typesupport_c/slam_msgs/msg/slam_info__type_support.cpp.o[0m
[2.690s] [ 45%] [32mBuilding CXX object CMakeFiles/slam_msgs__rosidl_typesupport_c.dir/rosidl_typesupport_c/slam_msgs/srv/get_landmarks_in_view__type_support.cpp.o[0m
[2.698s] [ 46%] [32mBuilding CXX object CMakeFiles/slam_msgs__rosidl_typesupport_c.dir/rosidl_typesupport_c/slam_msgs/srv/get_all_landmarks_in_map__type_support.cpp.o[0m
[2.698s] [ 47%] [32mBuilding CXX object CMakeFiles/slam_msgs__rosidl_typesupport_c.dir/rosidl_typesupport_c/slam_msgs/srv/get_global_point_cloud__type_support.cpp.o[0m
[2.746s] [ 48%] [32m[1mLinking CXX shared library libslam_msgs__rosidl_typesupport_c.so[0m
[2.753s] [ 49%] [32mBuilding CXX object CMakeFiles/slam_msgs__rosidl_typesupport_fastrtps_cpp.dir/rosidl_typesupport_fastrtps_cpp/slam_msgs/msg/detail/dds_fastrtps/map_graph__type_support.cpp.o[0m
[2.754s] [ 50%] [32mBuilding CXX object CMakeFiles/slam_msgs__rosidl_typesupport_fastrtps_cpp.dir/rosidl_typesupport_fastrtps_cpp/slam_msgs/msg/detail/dds_fastrtps/map_data__type_support.cpp.o[0m
[2.758s] [ 51%] [32mBuilding CXX object CMakeFiles/slam_msgs__rosidl_typesupport_fastrtps_cpp.dir/rosidl_typesupport_fastrtps_cpp/slam_msgs/msg/detail/dds_fastrtps/key_frame__type_support.cpp.o[0m
[2.765s] [ 52%] [32mBuilding CXX object CMakeFiles/slam_msgs__rosidl_typesupport_fastrtps_cpp.dir/rosidl_typesupport_fastrtps_cpp/slam_msgs/msg/detail/dds_fastrtps/slam_info__type_support.cpp.o[0m
[2.766s] [ 53%] [32mBuilding CXX object CMakeFiles/slam_msgs__rosidl_typesupport_fastrtps_cpp.dir/rosidl_typesupport_fastrtps_cpp/slam_msgs/msg/detail/dds_fastrtps/map_point__type_support.cpp.o[0m
[2.771s] [ 54%] [32mBuilding CXX object CMakeFiles/slam_msgs__rosidl_typesupport_fastrtps_cpp.dir/rosidl_typesupport_fastrtps_cpp/slam_msgs/srv/detail/dds_fastrtps/get_map__type_support.cpp.o[0m
[2.776s] [ 55%] [32mBuilding CXX object CMakeFiles/slam_msgs__rosidl_typesupport_fastrtps_cpp.dir/rosidl_typesupport_fastrtps_cpp/slam_msgs/srv/detail/dds_fastrtps/get_landmarks_in_view__type_support.cpp.o[0m
[2.778s] [ 56%] [32mBuilding CXX object CMakeFiles/slam_msgs__rosidl_typesupport_fastrtps_cpp.dir/rosidl_typesupport_fastrtps_cpp/slam_msgs/srv/detail/dds_fastrtps/get_all_landmarks_in_map__type_support.cpp.o[0m
[2.780s] [ 57%] [32mBuilding CXX object CMakeFiles/slam_msgs__rosidl_typesupport_fastrtps_cpp.dir/rosidl_typesupport_fastrtps_cpp/slam_msgs/srv/detail/dds_fastrtps/get_global_point_cloud__type_support.cpp.o[0m
[2.791s] [ 58%] [32mBuilding C object CMakeFiles/slam_msgs__rosidl_typesupport_introspection_c.dir/rosidl_typesupport_introspection_c/slam_msgs/msg/detail/map_graph__type_support.c.o[0m
[2.796s] [ 60%] [32mBuilding C object CMakeFiles/slam_msgs__rosidl_typesupport_introspection_c.dir/rosidl_typesupport_introspection_c/slam_msgs/msg/detail/map_data__type_support.c.o[0m
[2.799s] [ 60%] Built target slam_msgs__rosidl_typesupport_c
[2.804s] [ 61%] [32mBuilding CXX object CMakeFiles/slam_msgs__rosidl_typesupport_fastrtps_c.dir/rosidl_typesupport_fastrtps_c/slam_msgs/msg/detail/map_graph__type_support_c.cpp.o[0m
[2.815s] [ 62%] [32mBuilding C object CMakeFiles/slam_msgs__rosidl_typesupport_introspection_c.dir/rosidl_typesupport_introspection_c/slam_msgs/msg/detail/key_frame__type_support.c.o[0m
[2.826s] [ 63%] [32mBuilding CXX object CMakeFiles/slam_msgs__rosidl_typesupport_fastrtps_c.dir/rosidl_typesupport_fastrtps_c/slam_msgs/msg/detail/map_data__type_support_c.cpp.o[0m
[2.844s] [ 64%] [32mBuilding CXX object CMakeFiles/slam_msgs__rosidl_typesupport_fastrtps_c.dir/rosidl_typesupport_fastrtps_c/slam_msgs/msg/detail/key_frame__type_support_c.cpp.o[0m
[2.854s] [ 65%] [32m[1mLinking CXX shared library libslam_msgs__rosidl_typesupport_cpp.so[0m
[2.860s] [ 66%] [32mBuilding C object CMakeFiles/slam_msgs__rosidl_typesupport_introspection_c.dir/rosidl_typesupport_introspection_c/slam_msgs/msg/detail/map_point__type_support.c.o[0m
[2.872s] [ 67%] [32mBuilding C object CMakeFiles/slam_msgs__rosidl_typesupport_introspection_c.dir/rosidl_typesupport_introspection_c/slam_msgs/msg/detail/slam_info__type_support.c.o[0m
[2.906s] [ 67%] Built target slam_msgs__rosidl_typesupport_cpp
[2.914s] [ 68%] [32mBuilding CXX object CMakeFiles/slam_msgs__rosidl_typesupport_fastrtps_c.dir/rosidl_typesupport_fastrtps_c/slam_msgs/msg/detail/map_point__type_support_c.cpp.o[0m
[2.916s] [ 69%] [32mBuilding CXX object CMakeFiles/slam_msgs__rosidl_typesupport_fastrtps_c.dir/rosidl_typesupport_fastrtps_c/slam_msgs/msg/detail/slam_info__type_support_c.cpp.o[0m
[2.925s] [ 70%] [32mBuilding CXX object CMakeFiles/slam_msgs__rosidl_typesupport_fastrtps_c.dir/rosidl_typesupport_fastrtps_c/slam_msgs/srv/detail/get_map__type_support_c.cpp.o[0m
[2.933s] [ 71%] [32mBuilding C object CMakeFiles/slam_msgs__rosidl_typesupport_introspection_c.dir/rosidl_typesupport_introspection_c/slam_msgs/srv/detail/get_map__type_support.c.o[0m
[2.937s] [ 72%] [32mBuilding C object CMakeFiles/slam_msgs__rosidl_typesupport_introspection_c.dir/rosidl_typesupport_introspection_c/slam_msgs/srv/detail/get_landmarks_in_view__type_support.c.o[0m
[2.961s] [ 73%] [32mBuilding CXX object CMakeFiles/slam_msgs__rosidl_typesupport_fastrtps_c.dir/rosidl_typesupport_fastrtps_c/slam_msgs/srv/detail/get_landmarks_in_view__type_support_c.cpp.o[0m
[2.961s] [ 74%] [32mBuilding C object CMakeFiles/slam_msgs__rosidl_typesupport_introspection_c.dir/rosidl_typesupport_introspection_c/slam_msgs/srv/detail/get_all_landmarks_in_map__type_support.c.o[0m
[2.976s] [ 76%] [32mBuilding C object CMakeFiles/slam_msgs__rosidl_typesupport_introspection_c.dir/rosidl_typesupport_introspection_c/slam_msgs/srv/detail/get_global_point_cloud__type_support.c.o[0m
[2.976s] [ 76%] [32mBuilding CXX object CMakeFiles/slam_msgs__rosidl_typesupport_fastrtps_c.dir/rosidl_typesupport_fastrtps_c/slam_msgs/srv/detail/get_all_landmarks_in_map__type_support_c.cpp.o[0m
[2.998s] [ 77%] [32mBuilding CXX object CMakeFiles/slam_msgs__rosidl_typesupport_fastrtps_c.dir/rosidl_typesupport_fastrtps_c/slam_msgs/srv/detail/get_global_point_cloud__type_support_c.cpp.o[0m
[3.016s] [ 78%] [32m[1mLinking C shared library libslam_msgs__rosidl_typesupport_introspection_c.so[0m
[3.057s] [ 78%] Built target slam_msgs__rosidl_typesupport_introspection_c
[3.122s] [ 80%] [32m[1mLinking CXX shared library libslam_msgs__rosidl_typesupport_introspection_cpp.so[0m
[3.186s] [ 80%] Built target slam_msgs__rosidl_typesupport_introspection_cpp
[3.266s] [ 82%] [32m[1mLinking CXX shared library libslam_msgs__rosidl_typesupport_fastrtps_c.so[0m
[3.266s] [ 82%] [32m[1mLinking CXX shared library libslam_msgs__rosidl_typesupport_fastrtps_cpp.so[0m
[3.311s] [ 82%] Built target slam_msgs__rosidl_typesupport_fastrtps_c
[3.312s] [ 82%] Built target slam_msgs__rosidl_typesupport_fastrtps_cpp
[3.330s] [ 82%] Built target slam_msgs
[3.357s] [ 83%] [34m[1mGenerating Python code for ROS interfaces[0m
[4.038s] [ 83%] Built target slam_msgs__py
[4.057s] [ 84%] [32mBuilding C object CMakeFiles/slam_msgs__rosidl_generator_py.dir/rosidl_generator_py/slam_msgs/msg/_map_data_s.c.o[0m
[4.058s] [ 85%] [32mBuilding C object CMakeFiles/slam_msgs__rosidl_generator_py.dir/rosidl_generator_py/slam_msgs/msg/_map_graph_s.c.o[0m
[4.059s] [ 86%] [32mBuilding C object CMakeFiles/slam_msgs__rosidl_generator_py.dir/rosidl_generator_py/slam_msgs/msg/_map_point_s.c.o[0m
[4.059s] [ 88%] [32mBuilding C object CMakeFiles/slam_msgs__rosidl_generator_py.dir/rosidl_generator_py/slam_msgs/msg/_slam_info_s.c.o[0m
[4.060s] [ 88%] [32mBuilding C object CMakeFiles/slam_msgs__rosidl_generator_py.dir/rosidl_generator_py/slam_msgs/msg/_key_frame_s.c.o[0m
[4.060s] [ 89%] [32mBuilding C object CMakeFiles/slam_msgs__rosidl_generator_py.dir/rosidl_generator_py/slam_msgs/srv/_get_landmarks_in_view_s.c.o[0m
[4.062s] [ 90%] [32mBuilding C object CMakeFiles/slam_msgs__rosidl_generator_py.dir/rosidl_generator_py/slam_msgs/srv/_get_all_landmarks_in_map_s.c.o[0m
[4.063s] [ 91%] [32mBuilding C object CMakeFiles/slam_msgs__rosidl_generator_py.dir/rosidl_generator_py/slam_msgs/srv/_get_map_s.c.o[0m
[4.065s] [ 92%] [32mBuilding C object CMakeFiles/slam_msgs__rosidl_generator_py.dir/rosidl_generator_py/slam_msgs/srv/_get_global_point_cloud_s.c.o[0m
[4.180s] [ 93%] [32m[1mLinking C shared library rosidl_generator_py/slam_msgs/libslam_msgs__rosidl_generator_py.so[0m
[4.212s] [ 93%] Built target slam_msgs__rosidl_generator_py
[4.235s] [ 94%] [32mBuilding C object CMakeFiles/slam_msgs__rosidl_typesupport_fastrtps_c__pyext.dir/rosidl_generator_py/slam_msgs/_slam_msgs_s.ep.rosidl_typesupport_fastrtps_c.c.o[0m
[4.235s] [ 95%] [32mBuilding C object CMakeFiles/slam_msgs__rosidl_typesupport_c__pyext.dir/rosidl_generator_py/slam_msgs/_slam_msgs_s.ep.rosidl_typesupport_c.c.o[0m
[4.237s] [ 96%] [32mBuilding C object CMakeFiles/slam_msgs__rosidl_typesupport_introspection_c__pyext.dir/rosidl_generator_py/slam_msgs/_slam_msgs_s.ep.rosidl_typesupport_introspection_c.c.o[0m
[4.309s] [ 97%] [32m[1mLinking C shared library rosidl_generator_py/slam_msgs/slam_msgs_s__rosidl_typesupport_c.cpython-310-x86_64-linux-gnu.so[0m
[4.310s] [ 98%] [32m[1mLinking C shared library rosidl_generator_py/slam_msgs/slam_msgs_s__rosidl_typesupport_fastrtps_c.cpython-310-x86_64-linux-gnu.so[0m
[4.311s] [100%] [32m[1mLinking C shared library rosidl_generator_py/slam_msgs/slam_msgs_s__rosidl_typesupport_introspection_c.cpython-310-x86_64-linux-gnu.so[0m
[4.340s] [100%] Built target slam_msgs__rosidl_typesupport_fastrtps_c__pyext
[4.341s] [100%] Built target slam_msgs__rosidl_typesupport_c__pyext
[4.341s] [100%] Built target slam_msgs__rosidl_typesupport_introspection_c__pyext
[4.349s] Invoked command in '/home/sf/workspace/orb_slam3_second_ws/orbslam/orbslam3_ros2_ws/build/slam_msgs' returned '0': CMAKE_PREFIX_PATH=${CMAKE_PREFIX_PATH}:/opt/ros/humble /usr/bin/cmake --build /home/sf/workspace/orb_slam3_second_ws/orbslam/orbslam3_ros2_ws/build/slam_msgs -- -j24 -l24
[4.358s] Invoking command in '/home/sf/workspace/orb_slam3_second_ws/orbslam/orbslam3_ros2_ws/build/slam_msgs': CMAKE_PREFIX_PATH=${CMAKE_PREFIX_PATH}:/opt/ros/humble /usr/bin/cmake --install /home/sf/workspace/orb_slam3_second_ws/orbslam/orbslam3_ros2_ws/build/slam_msgs
[4.367s] -- Install configuration: ""
[4.367s] -- Installing: /home/sf/workspace/orb_slam3_second_ws/orbslam/orbslam3_ros2_ws/install/slam_msgs/share/ament_index/resource_index/rosidl_interfaces/slam_msgs
[4.367s] -- Installing: /home/sf/workspace/orb_slam3_second_ws/orbslam/orbslam3_ros2_ws/install/slam_msgs/include/slam_msgs/slam_msgs
[4.367s] -- Installing: /home/sf/workspace/orb_slam3_second_ws/orbslam/orbslam3_ros2_ws/install/slam_msgs/include/slam_msgs/slam_msgs/srv
[4.367s] -- Installing: /home/sf/workspace/orb_slam3_second_ws/orbslam/orbslam3_ros2_ws/install/slam_msgs/include/slam_msgs/slam_msgs/srv/get_map.h
[4.368s] -- Installing: /home/sf/workspace/orb_slam3_second_ws/orbslam/orbslam3_ros2_ws/install/slam_msgs/include/slam_msgs/slam_msgs/srv/get_global_point_cloud.h
[4.368s] -- Installing: /home/sf/workspace/orb_slam3_second_ws/orbslam/orbslam3_ros2_ws/install/slam_msgs/include/slam_msgs/slam_msgs/srv/get_landmarks_in_view.h
[4.368s] -- Installing: /home/sf/workspace/orb_slam3_second_ws/orbslam/orbslam3_ros2_ws/install/slam_msgs/include/slam_msgs/slam_msgs/srv/detail
[4.368s] -- Installing: /home/sf/workspace/orb_slam3_second_ws/orbslam/orbslam3_ros2_ws/install/slam_msgs/include/slam_msgs/slam_msgs/srv/detail/get_global_point_cloud__functions.h
[4.368s] -- Installing: /home/sf/workspace/orb_slam3_second_ws/orbslam/orbslam3_ros2_ws/install/slam_msgs/include/slam_msgs/slam_msgs/srv/detail/get_map__struct.h
[4.368s] -- Installing: /home/sf/workspace/orb_slam3_second_ws/orbslam/orbslam3_ros2_ws/install/slam_msgs/include/slam_msgs/slam_msgs/srv/detail/get_landmarks_in_view__functions.h
[4.368s] -- Installing: /home/sf/workspace/orb_slam3_second_ws/orbslam/orbslam3_ros2_ws/install/slam_msgs/include/slam_msgs/slam_msgs/srv/detail/get_all_landmarks_in_map__struct.h
[4.368s] -- Installing: /home/sf/workspace/orb_slam3_second_ws/orbslam/orbslam3_ros2_ws/install/slam_msgs/include/slam_msgs/slam_msgs/srv/detail/get_landmarks_in_view__struct.h
[4.368s] -- Installing: /home/sf/workspace/orb_slam3_second_ws/orbslam/orbslam3_ros2_ws/install/slam_msgs/include/slam_msgs/slam_msgs/srv/detail/get_map__type_support.h
[4.368s] -- Installing: /home/sf/workspace/orb_slam3_second_ws/orbslam/orbslam3_ros2_ws/install/slam_msgs/include/slam_msgs/slam_msgs/srv/detail/get_all_landmarks_in_map__type_support.h
[4.368s] -- Installing: /home/sf/workspace/orb_slam3_second_ws/orbslam/orbslam3_ros2_ws/install/slam_msgs/include/slam_msgs/slam_msgs/srv/detail/get_all_landmarks_in_map__functions.h
[4.368s] -- Installing: /home/sf/workspace/orb_slam3_second_ws/orbslam/orbslam3_ros2_ws/install/slam_msgs/include/slam_msgs/slam_msgs/srv/detail/get_global_point_cloud__type_support.h
[4.368s] -- Installing: /home/sf/workspace/orb_slam3_second_ws/orbslam/orbslam3_ros2_ws/install/slam_msgs/include/slam_msgs/slam_msgs/srv/detail/get_map__functions.h
[4.368s] -- Installing: /home/sf/workspace/orb_slam3_second_ws/orbslam/orbslam3_ros2_ws/install/slam_msgs/include/slam_msgs/slam_msgs/srv/detail/get_global_point_cloud__struct.h
[4.368s] -- Installing: /home/sf/workspace/orb_slam3_second_ws/orbslam/orbslam3_ros2_ws/install/slam_msgs/include/slam_msgs/slam_msgs/srv/detail/get_all_landmarks_in_map__functions.c
[4.368s] -- Installing: /home/sf/workspace/orb_slam3_second_ws/orbslam/orbslam3_ros2_ws/install/slam_msgs/include/slam_msgs/slam_msgs/srv/detail/get_global_point_cloud__functions.c
[4.368s] -- Installing: /home/sf/workspace/orb_slam3_second_ws/orbslam/orbslam3_ros2_ws/install/slam_msgs/include/slam_msgs/slam_msgs/srv/detail/get_landmarks_in_view__type_support.h
[4.369s] -- Installing: /home/sf/workspace/orb_slam3_second_ws/orbslam/orbslam3_ros2_ws/install/slam_msgs/include/slam_msgs/slam_msgs/srv/detail/get_landmarks_in_view__functions.c
[4.369s] -- Installing: /home/sf/workspace/orb_slam3_second_ws/orbslam/orbslam3_ros2_ws/install/slam_msgs/include/slam_msgs/slam_msgs/srv/detail/get_map__functions.c
[4.369s] -- Installing: /home/sf/workspace/orb_slam3_second_ws/orbslam/orbslam3_ros2_ws/install/slam_msgs/include/slam_msgs/slam_msgs/srv/get_all_landmarks_in_map.h
[4.369s] -- Installing: /home/sf/workspace/orb_slam3_second_ws/orbslam/orbslam3_ros2_ws/install/slam_msgs/include/slam_msgs/slam_msgs/msg
[4.369s] -- Installing: /home/sf/workspace/orb_slam3_second_ws/orbslam/orbslam3_ros2_ws/install/slam_msgs/include/slam_msgs/slam_msgs/msg/map_data.h
[4.369s] -- Installing: /home/sf/workspace/orb_slam3_second_ws/orbslam/orbslam3_ros2_ws/install/slam_msgs/include/slam_msgs/slam_msgs/msg/map_graph.h
[4.369s] -- Installing: /home/sf/workspace/orb_slam3_second_ws/orbslam/orbslam3_ros2_ws/install/slam_msgs/include/slam_msgs/slam_msgs/msg/slam_info.h
[4.369s] -- Installing: /home/sf/workspace/orb_slam3_second_ws/orbslam/orbslam3_ros2_ws/install/slam_msgs/include/slam_msgs/slam_msgs/msg/rosidl_generator_c__visibility_control.h
[4.369s] -- Installing: /home/sf/workspace/orb_slam3_second_ws/orbslam/orbslam3_ros2_ws/install/slam_msgs/include/slam_msgs/slam_msgs/msg/detail
[4.369s] -- Installing: /home/sf/workspace/orb_slam3_second_ws/orbslam/orbslam3_ros2_ws/install/slam_msgs/include/slam_msgs/slam_msgs/msg/detail/map_graph__functions.c
[4.369s] -- Installing: /home/sf/workspace/orb_slam3_second_ws/orbslam/orbslam3_ros2_ws/install/slam_msgs/include/slam_msgs/slam_msgs/msg/detail/map_graph__struct.h
[4.369s] -- Installing: /home/sf/workspace/orb_slam3_second_ws/orbslam/orbslam3_ros2_ws/install/slam_msgs/include/slam_msgs/slam_msgs/msg/detail/map_graph__functions.h
[4.369s] -- Installing: /home/sf/workspace/orb_slam3_second_ws/orbslam/orbslam3_ros2_ws/install/slam_msgs/include/slam_msgs/slam_msgs/msg/detail/map_data__functions.h
[4.369s] -- Installing: /home/sf/workspace/orb_slam3_second_ws/orbslam/orbslam3_ros2_ws/install/slam_msgs/include/slam_msgs/slam_msgs/msg/detail/map_data__struct.h
[4.369s] -- Installing: /home/sf/workspace/orb_slam3_second_ws/orbslam/orbslam3_ros2_ws/install/slam_msgs/include/slam_msgs/slam_msgs/msg/detail/slam_info__functions.h
[4.369s] -- Installing: /home/sf/workspace/orb_slam3_second_ws/orbslam/orbslam3_ros2_ws/install/slam_msgs/include/slam_msgs/slam_msgs/msg/detail/slam_info__functions.c
[4.369s] -- Installing: /home/sf/workspace/orb_slam3_second_ws/orbslam/orbslam3_ros2_ws/install/slam_msgs/include/slam_msgs/slam_msgs/msg/detail/map_point__struct.h
[4.369s] -- Installing: /home/sf/workspace/orb_slam3_second_ws/orbslam/orbslam3_ros2_ws/install/slam_msgs/include/slam_msgs/slam_msgs/msg/detail/map_point__type_support.h
[4.370s] -- Installing: /home/sf/workspace/orb_slam3_second_ws/orbslam/orbslam3_ros2_ws/install/slam_msgs/include/slam_msgs/slam_msgs/msg/detail/key_frame__struct.h
[4.370s] -- Installing: /home/sf/workspace/orb_slam3_second_ws/orbslam/orbslam3_ros2_ws/install/slam_msgs/include/slam_msgs/slam_msgs/msg/detail/map_data__functions.c
[4.370s] -- Installing: /home/sf/workspace/orb_slam3_second_ws/orbslam/orbslam3_ros2_ws/install/slam_msgs/include/slam_msgs/slam_msgs/msg/detail/key_frame__type_support.h
[4.370s] -- Installing: /home/sf/workspace/orb_slam3_second_ws/orbslam/orbslam3_ros2_ws/install/slam_msgs/include/slam_msgs/slam_msgs/msg/detail/key_frame__functions.c
[4.370s] -- Installing: /home/sf/workspace/orb_slam3_second_ws/orbslam/orbslam3_ros2_ws/install/slam_msgs/include/slam_msgs/slam_msgs/msg/detail/map_data__type_support.h
[4.370s] -- Installing: /home/sf/workspace/orb_slam3_second_ws/orbslam/orbslam3_ros2_ws/install/slam_msgs/include/slam_msgs/slam_msgs/msg/detail/map_point__functions.h
[4.370s] -- Installing: /home/sf/workspace/orb_slam3_second_ws/orbslam/orbslam3_ros2_ws/install/slam_msgs/include/slam_msgs/slam_msgs/msg/detail/map_graph__type_support.h
[4.370s] -- Installing: /home/sf/workspace/orb_slam3_second_ws/orbslam/orbslam3_ros2_ws/install/slam_msgs/include/slam_msgs/slam_msgs/msg/detail/slam_info__struct.h
[4.370s] -- Installing: /home/sf/workspace/orb_slam3_second_ws/orbslam/orbslam3_ros2_ws/install/slam_msgs/include/slam_msgs/slam_msgs/msg/detail/slam_info__type_support.h
[4.370s] -- Installing: /home/sf/workspace/orb_slam3_second_ws/orbslam/orbslam3_ros2_ws/install/slam_msgs/include/slam_msgs/slam_msgs/msg/detail/map_point__functions.c
[4.370s] -- Installing: /home/sf/workspace/orb_slam3_second_ws/orbslam/orbslam3_ros2_ws/install/slam_msgs/include/slam_msgs/slam_msgs/msg/detail/key_frame__functions.h
[4.370s] -- Installing: /home/sf/workspace/orb_slam3_second_ws/orbslam/orbslam3_ros2_ws/install/slam_msgs/include/slam_msgs/slam_msgs/msg/key_frame.h
[4.370s] -- Installing: /home/sf/workspace/orb_slam3_second_ws/orbslam/orbslam3_ros2_ws/install/slam_msgs/include/slam_msgs/slam_msgs/msg/map_point.h
[4.370s] -- Installing: /home/sf/workspace/orb_slam3_second_ws/orbslam/orbslam3_ros2_ws/install/slam_msgs/share/slam_msgs/environment/library_path.sh
[4.370s] -- Installing: /home/sf/workspace/orb_slam3_second_ws/orbslam/orbslam3_ros2_ws/install/slam_msgs/share/slam_msgs/environment/library_path.dsv
[4.370s] -- Installing: /home/sf/workspace/orb_slam3_second_ws/orbslam/orbslam3_ros2_ws/install/slam_msgs/lib/libslam_msgs__rosidl_generator_c.so
[4.371s] -- Set runtime path of "/home/sf/workspace/orb_slam3_second_ws/orbslam/orbslam3_ros2_ws/install/slam_msgs/lib/libslam_msgs__rosidl_generator_c.so" to ""
[4.371s] -- Up-to-date: /home/sf/workspace/orb_slam3_second_ws/orbslam/orbslam3_ros2_ws/install/slam_msgs/include/slam_msgs/slam_msgs
[4.371s] -- Up-to-date: /home/sf/workspace/orb_slam3_second_ws/orbslam/orbslam3_ros2_ws/install/slam_msgs/include/slam_msgs/slam_msgs/srv
[4.371s] -- Up-to-date: /home/sf/workspace/orb_slam3_second_ws/orbslam/orbslam3_ros2_ws/install/slam_msgs/include/slam_msgs/slam_msgs/srv/detail
[4.371s] -- Installing: /home/sf/workspace/orb_slam3_second_ws/orbslam/orbslam3_ros2_ws/install/slam_msgs/include/slam_msgs/slam_msgs/srv/detail/get_global_point_cloud__rosidl_typesupport_fastrtps_c.h
[4.371s] -- Installing: /home/sf/workspace/orb_slam3_second_ws/orbslam/orbslam3_ros2_ws/install/slam_msgs/include/slam_msgs/slam_msgs/srv/detail/get_all_landmarks_in_map__rosidl_typesupport_fastrtps_c.h
[4.371s] -- Installing: /home/sf/workspace/orb_slam3_second_ws/orbslam/orbslam3_ros2_ws/install/slam_msgs/include/slam_msgs/slam_msgs/srv/detail/get_landmarks_in_view__rosidl_typesupport_fastrtps_c.h
[4.371s] -- Installing: /home/sf/workspace/orb_slam3_second_ws/orbslam/orbslam3_ros2_ws/install/slam_msgs/include/slam_msgs/slam_msgs/srv/detail/get_map__rosidl_typesupport_fastrtps_c.h
[4.371s] -- Up-to-date: /home/sf/workspace/orb_slam3_second_ws/orbslam/orbslam3_ros2_ws/install/slam_msgs/include/slam_msgs/slam_msgs/msg
[4.371s] -- Up-to-date: /home/sf/workspace/orb_slam3_second_ws/orbslam/orbslam3_ros2_ws/install/slam_msgs/include/slam_msgs/slam_msgs/msg/detail
[4.371s] -- Installing: /home/sf/workspace/orb_slam3_second_ws/orbslam/orbslam3_ros2_ws/install/slam_msgs/include/slam_msgs/slam_msgs/msg/detail/key_frame__rosidl_typesupport_fastrtps_c.h
[4.371s] -- Installing: /home/sf/workspace/orb_slam3_second_ws/orbslam/orbslam3_ros2_ws/install/slam_msgs/include/slam_msgs/slam_msgs/msg/detail/map_graph__rosidl_typesupport_fastrtps_c.h
[4.371s] -- Installing: /home/sf/workspace/orb_slam3_second_ws/orbslam/orbslam3_ros2_ws/install/slam_msgs/include/slam_msgs/slam_msgs/msg/detail/slam_info__rosidl_typesupport_fastrtps_c.h
[4.371s] -- Installing: /home/sf/workspace/orb_slam3_second_ws/orbslam/orbslam3_ros2_ws/install/slam_msgs/include/slam_msgs/slam_msgs/msg/detail/map_data__rosidl_typesupport_fastrtps_c.h
[4.371s] -- Installing: /home/sf/workspace/orb_slam3_second_ws/orbslam/orbslam3_ros2_ws/install/slam_msgs/include/slam_msgs/slam_msgs/msg/detail/map_point__rosidl_typesupport_fastrtps_c.h
[4.371s] -- Installing: /home/sf/workspace/orb_slam3_second_ws/orbslam/orbslam3_ros2_ws/install/slam_msgs/include/slam_msgs/slam_msgs/msg/rosidl_typesupport_fastrtps_c__visibility_control.h
[4.371s] -- Installing: /home/sf/workspace/orb_slam3_second_ws/orbslam/orbslam3_ros2_ws/install/slam_msgs/lib/libslam_msgs__rosidl_typesupport_fastrtps_c.so
[4.372s] -- Set runtime path of "/home/sf/workspace/orb_slam3_second_ws/orbslam/orbslam3_ros2_ws/install/slam_msgs/lib/libslam_msgs__rosidl_typesupport_fastrtps_c.so" to ""
[4.372s] -- Up-to-date: /home/sf/workspace/orb_slam3_second_ws/orbslam/orbslam3_ros2_ws/install/slam_msgs/include/slam_msgs/slam_msgs
[4.372s] -- Up-to-date: /home/sf/workspace/orb_slam3_second_ws/orbslam/orbslam3_ros2_ws/install/slam_msgs/include/slam_msgs/slam_msgs/srv
[4.372s] -- Installing: /home/sf/workspace/orb_slam3_second_ws/orbslam/orbslam3_ros2_ws/install/slam_msgs/include/slam_msgs/slam_msgs/srv/get_global_point_cloud.hpp
[4.372s] -- Installing: /home/sf/workspace/orb_slam3_second_ws/orbslam/orbslam3_ros2_ws/install/slam_msgs/include/slam_msgs/slam_msgs/srv/get_map.hpp
[4.372s] -- Installing: /home/sf/workspace/orb_slam3_second_ws/orbslam/orbslam3_ros2_ws/install/slam_msgs/include/slam_msgs/slam_msgs/srv/get_all_landmarks_in_map.hpp
[4.372s] -- Up-to-date: /home/sf/workspace/orb_slam3_second_ws/orbslam/orbslam3_ros2_ws/install/slam_msgs/include/slam_msgs/slam_msgs/srv/detail
[4.372s] -- Installing: /home/sf/workspace/orb_slam3_second_ws/orbslam/orbslam3_ros2_ws/install/slam_msgs/include/slam_msgs/slam_msgs/srv/detail/get_map__type_support.hpp
[4.372s] -- Installing: /home/sf/workspace/orb_slam3_second_ws/orbslam/orbslam3_ros2_ws/install/slam_msgs/include/slam_msgs/slam_msgs/srv/detail/get_global_point_cloud__traits.hpp
[4.372s] -- Installing: /home/sf/workspace/orb_slam3_second_ws/orbslam/orbslam3_ros2_ws/install/slam_msgs/include/slam_msgs/slam_msgs/srv/detail/get_landmarks_in_view__traits.hpp
[4.372s] -- Installing: /home/sf/workspace/orb_slam3_second_ws/orbslam/orbslam3_ros2_ws/install/slam_msgs/include/slam_msgs/slam_msgs/srv/detail/get_all_landmarks_in_map__traits.hpp
[4.372s] -- Installing: /home/sf/workspace/orb_slam3_second_ws/orbslam/orbslam3_ros2_ws/install/slam_msgs/include/slam_msgs/slam_msgs/srv/detail/get_all_landmarks_in_map__builder.hpp
[4.372s] -- Installing: /home/sf/workspace/orb_slam3_second_ws/orbslam/orbslam3_ros2_ws/install/slam_msgs/include/slam_msgs/slam_msgs/srv/detail/get_global_point_cloud__builder.hpp
[4.372s] -- Installing: /home/sf/workspace/orb_slam3_second_ws/orbslam/orbslam3_ros2_ws/install/slam_msgs/include/slam_msgs/slam_msgs/srv/detail/get_map__builder.hpp
[4.372s] -- Installing: /home/sf/workspace/orb_slam3_second_ws/orbslam/orbslam3_ros2_ws/install/slam_msgs/include/slam_msgs/slam_msgs/srv/detail/get_map__struct.hpp
[4.373s] -- Installing: /home/sf/workspace/orb_slam3_second_ws/orbslam/orbslam3_ros2_ws/install/slam_msgs/include/slam_msgs/slam_msgs/srv/detail/get_landmarks_in_view__struct.hpp
[4.373s] -- Installing: /home/sf/workspace/orb_slam3_second_ws/orbslam/orbslam3_ros2_ws/install/slam_msgs/include/slam_msgs/slam_msgs/srv/detail/get_all_landmarks_in_map__type_support.hpp
[4.373s] -- Installing: /home/sf/workspace/orb_slam3_second_ws/orbslam/orbslam3_ros2_ws/install/slam_msgs/include/slam_msgs/slam_msgs/srv/detail/get_map__traits.hpp
[4.373s] -- Installing: /home/sf/workspace/orb_slam3_second_ws/orbslam/orbslam3_ros2_ws/install/slam_msgs/include/slam_msgs/slam_msgs/srv/detail/get_global_point_cloud__type_support.hpp
[4.373s] -- Installing: /home/sf/workspace/orb_slam3_second_ws/orbslam/orbslam3_ros2_ws/install/slam_msgs/include/slam_msgs/slam_msgs/srv/detail/get_landmarks_in_view__builder.hpp
[4.373s] -- Installing: /home/sf/workspace/orb_slam3_second_ws/orbslam/orbslam3_ros2_ws/install/slam_msgs/include/slam_msgs/slam_msgs/srv/detail/get_landmarks_in_view__type_support.hpp
[4.373s] -- Installing: /home/sf/workspace/orb_slam3_second_ws/orbslam/orbslam3_ros2_ws/install/slam_msgs/include/slam_msgs/slam_msgs/srv/detail/get_global_point_cloud__struct.hpp
[4.373s] -- Installing: /home/sf/workspace/orb_slam3_second_ws/orbslam/orbslam3_ros2_ws/install/slam_msgs/include/slam_msgs/slam_msgs/srv/detail/get_all_landmarks_in_map__struct.hpp
[4.373s] -- Installing: /home/sf/workspace/orb_slam3_second_ws/orbslam/orbslam3_ros2_ws/install/slam_msgs/include/slam_msgs/slam_msgs/srv/get_landmarks_in_view.hpp
[4.373s] -- Up-to-date: /home/sf/workspace/orb_slam3_second_ws/orbslam/orbslam3_ros2_ws/install/slam_msgs/include/slam_msgs/slam_msgs/msg
[4.373s] -- Installing: /home/sf/workspace/orb_slam3_second_ws/orbslam/orbslam3_ros2_ws/install/slam_msgs/include/slam_msgs/slam_msgs/msg/map_data.hpp
[4.373s] -- Installing: /home/sf/workspace/orb_slam3_second_ws/orbslam/orbslam3_ros2_ws/install/slam_msgs/include/slam_msgs/slam_msgs/msg/rosidl_generator_cpp__visibility_control.hpp
[4.373s] -- Installing: /home/sf/workspace/orb_slam3_second_ws/orbslam/orbslam3_ros2_ws/install/slam_msgs/include/slam_msgs/slam_msgs/msg/map_point.hpp
[4.373s] -- Up-to-date: /home/sf/workspace/orb_slam3_second_ws/orbslam/orbslam3_ros2_ws/install/slam_msgs/include/slam_msgs/slam_msgs/msg/detail
[4.373s] -- Installing: /home/sf/workspace/orb_slam3_second_ws/orbslam/orbslam3_ros2_ws/install/slam_msgs/include/slam_msgs/slam_msgs/msg/detail/slam_info__struct.hpp
[4.373s] -- Installing: /home/sf/workspace/orb_slam3_second_ws/orbslam/orbslam3_ros2_ws/install/slam_msgs/include/slam_msgs/slam_msgs/msg/detail/key_frame__type_support.hpp
[4.373s] -- Installing: /home/sf/workspace/orb_slam3_second_ws/orbslam/orbslam3_ros2_ws/install/slam_msgs/include/slam_msgs/slam_msgs/msg/detail/map_data__struct.hpp
[4.373s] -- Installing: /home/sf/workspace/orb_slam3_second_ws/orbslam/orbslam3_ros2_ws/install/slam_msgs/include/slam_msgs/slam_msgs/msg/detail/key_frame__builder.hpp
[4.373s] -- Installing: /home/sf/workspace/orb_slam3_second_ws/orbslam/orbslam3_ros2_ws/install/slam_msgs/include/slam_msgs/slam_msgs/msg/detail/map_graph__builder.hpp
[4.373s] -- Installing: /home/sf/workspace/orb_slam3_second_ws/orbslam/orbslam3_ros2_ws/install/slam_msgs/include/slam_msgs/slam_msgs/msg/detail/slam_info__traits.hpp
[4.374s] -- Installing: /home/sf/workspace/orb_slam3_second_ws/orbslam/orbslam3_ros2_ws/install/slam_msgs/include/slam_msgs/slam_msgs/msg/detail/slam_info__type_support.hpp
[4.374s] -- Installing: /home/sf/workspace/orb_slam3_second_ws/orbslam/orbslam3_ros2_ws/install/slam_msgs/include/slam_msgs/slam_msgs/msg/detail/key_frame__struct.hpp
[4.374s] -- Installing: /home/sf/workspace/orb_slam3_second_ws/orbslam/orbslam3_ros2_ws/install/slam_msgs/include/slam_msgs/slam_msgs/msg/detail/slam_info__builder.hpp
[4.374s] -- Installing: /home/sf/workspace/orb_slam3_second_ws/orbslam/orbslam3_ros2_ws/install/slam_msgs/include/slam_msgs/slam_msgs/msg/detail/map_graph__struct.hpp
[4.374s] -- Installing: /home/sf/workspace/orb_slam3_second_ws/orbslam/orbslam3_ros2_ws/install/slam_msgs/include/slam_msgs/slam_msgs/msg/detail/map_graph__type_support.hpp
[4.374s] -- Installing: /home/sf/workspace/orb_slam3_second_ws/orbslam/orbslam3_ros2_ws/install/slam_msgs/include/slam_msgs/slam_msgs/msg/detail/map_data__builder.hpp
[4.374s] -- Installing: /home/sf/workspace/orb_slam3_second_ws/orbslam/orbslam3_ros2_ws/install/slam_msgs/include/slam_msgs/slam_msgs/msg/detail/map_data__type_support.hpp
[4.374s] -- Installing: /home/sf/workspace/orb_slam3_second_ws/orbslam/orbslam3_ros2_ws/install/slam_msgs/include/slam_msgs/slam_msgs/msg/detail/key_frame__traits.hpp
[4.374s] -- Installing: /home/sf/workspace/orb_slam3_second_ws/orbslam/orbslam3_ros2_ws/install/slam_msgs/include/slam_msgs/slam_msgs/msg/detail/map_graph__traits.hpp
[4.374s] -- Installing: /home/sf/workspace/orb_slam3_second_ws/orbslam/orbslam3_ros2_ws/install/slam_msgs/include/slam_msgs/slam_msgs/msg/detail/map_point__builder.hpp
[4.374s] -- Installing: /home/sf/workspace/orb_slam3_second_ws/orbslam/orbslam3_ros2_ws/install/slam_msgs/include/slam_msgs/slam_msgs/msg/detail/map_point__type_support.hpp
[4.374s] -- Installing: /home/sf/workspace/orb_slam3_second_ws/orbslam/orbslam3_ros2_ws/install/slam_msgs/include/slam_msgs/slam_msgs/msg/detail/map_point__traits.hpp
[4.374s] -- Installing: /home/sf/workspace/orb_slam3_second_ws/orbslam/orbslam3_ros2_ws/install/slam_msgs/include/slam_msgs/slam_msgs/msg/detail/map_point__struct.hpp
[4.374s] -- Installing: /home/sf/workspace/orb_slam3_second_ws/orbslam/orbslam3_ros2_ws/install/slam_msgs/include/slam_msgs/slam_msgs/msg/detail/map_data__traits.hpp
[4.374s] -- Installing: /home/sf/workspace/orb_slam3_second_ws/orbslam/orbslam3_ros2_ws/install/slam_msgs/include/slam_msgs/slam_msgs/msg/map_graph.hpp
[4.374s] -- Installing: /home/sf/workspace/orb_slam3_second_ws/orbslam/orbslam3_ros2_ws/install/slam_msgs/include/slam_msgs/slam_msgs/msg/key_frame.hpp
[4.374s] -- Installing: /home/sf/workspace/orb_slam3_second_ws/orbslam/orbslam3_ros2_ws/install/slam_msgs/include/slam_msgs/slam_msgs/msg/slam_info.hpp
[4.374s] -- Up-to-date: /home/sf/workspace/orb_slam3_second_ws/orbslam/orbslam3_ros2_ws/install/slam_msgs/include/slam_msgs/slam_msgs
[4.375s] -- Up-to-date: /home/sf/workspace/orb_slam3_second_ws/orbslam/orbslam3_ros2_ws/install/slam_msgs/include/slam_msgs/slam_msgs/srv
[4.375s] -- Up-to-date: /home/sf/workspace/orb_slam3_second_ws/orbslam/orbslam3_ros2_ws/install/slam_msgs/include/slam_msgs/slam_msgs/srv/detail
[4.375s] -- Installing: /home/sf/workspace/orb_slam3_second_ws/orbslam/orbslam3_ros2_ws/install/slam_msgs/include/slam_msgs/slam_msgs/srv/detail/get_map__rosidl_typesupport_fastrtps_cpp.hpp
[4.375s] -- Installing: /home/sf/workspace/orb_slam3_second_ws/orbslam/orbslam3_ros2_ws/install/slam_msgs/include/slam_msgs/slam_msgs/srv/detail/get_landmarks_in_view__rosidl_typesupport_fastrtps_cpp.hpp
[4.375s] -- Installing: /home/sf/workspace/orb_slam3_second_ws/orbslam/orbslam3_ros2_ws/install/slam_msgs/include/slam_msgs/slam_msgs/srv/detail/get_all_landmarks_in_map__rosidl_typesupport_fastrtps_cpp.hpp
[4.375s] -- Installing: /home/sf/workspace/orb_slam3_second_ws/orbslam/orbslam3_ros2_ws/install/slam_msgs/include/slam_msgs/slam_msgs/srv/detail/get_global_point_cloud__rosidl_typesupport_fastrtps_cpp.hpp
[4.375s] -- Installing: /home/sf/workspace/orb_slam3_second_ws/orbslam/orbslam3_ros2_ws/install/slam_msgs/include/slam_msgs/slam_msgs/srv/detail/dds_fastrtps
[4.375s] -- Up-to-date: /home/sf/workspace/orb_slam3_second_ws/orbslam/orbslam3_ros2_ws/install/slam_msgs/include/slam_msgs/slam_msgs/msg
[4.375s] -- Up-to-date: /home/sf/workspace/orb_slam3_second_ws/orbslam/orbslam3_ros2_ws/install/slam_msgs/include/slam_msgs/slam_msgs/msg/detail
[4.375s] -- Installing: /home/sf/workspace/orb_slam3_second_ws/orbslam/orbslam3_ros2_ws/install/slam_msgs/include/slam_msgs/slam_msgs/msg/detail/map_point__rosidl_typesupport_fastrtps_cpp.hpp
[4.375s] -- Installing: /home/sf/workspace/orb_slam3_second_ws/orbslam/orbslam3_ros2_ws/install/slam_msgs/include/slam_msgs/slam_msgs/msg/detail/map_data__rosidl_typesupport_fastrtps_cpp.hpp
[4.375s] -- Installing: /home/sf/workspace/orb_slam3_second_ws/orbslam/orbslam3_ros2_ws/install/slam_msgs/include/slam_msgs/slam_msgs/msg/detail/key_frame__rosidl_typesupport_fastrtps_cpp.hpp
[4.375s] -- Installing: /home/sf/workspace/orb_slam3_second_ws/orbslam/orbslam3_ros2_ws/install/slam_msgs/include/slam_msgs/slam_msgs/msg/detail/slam_info__rosidl_typesupport_fastrtps_cpp.hpp
[4.375s] -- Installing: /home/sf/workspace/orb_slam3_second_ws/orbslam/orbslam3_ros2_ws/install/slam_msgs/include/slam_msgs/slam_msgs/msg/detail/map_graph__rosidl_typesupport_fastrtps_cpp.hpp
[4.375s] -- Installing: /home/sf/workspace/orb_slam3_second_ws/orbslam/orbslam3_ros2_ws/install/slam_msgs/include/slam_msgs/slam_msgs/msg/detail/dds_fastrtps
[4.375s] -- Installing: /home/sf/workspace/orb_slam3_second_ws/orbslam/orbslam3_ros2_ws/install/slam_msgs/include/slam_msgs/slam_msgs/msg/rosidl_typesupport_fastrtps_cpp__visibility_control.h
[4.375s] -- Installing: /home/sf/workspace/orb_slam3_second_ws/orbslam/orbslam3_ros2_ws/install/slam_msgs/lib/libslam_msgs__rosidl_typesupport_fastrtps_cpp.so
[4.375s] -- Set runtime path of "/home/sf/workspace/orb_slam3_second_ws/orbslam/orbslam3_ros2_ws/install/slam_msgs/lib/libslam_msgs__rosidl_typesupport_fastrtps_cpp.so" to ""
[4.375s] -- Up-to-date: /home/sf/workspace/orb_slam3_second_ws/orbslam/orbslam3_ros2_ws/install/slam_msgs/include/slam_msgs/slam_msgs
[4.375s] -- Up-to-date: /home/sf/workspace/orb_slam3_second_ws/orbslam/orbslam3_ros2_ws/install/slam_msgs/include/slam_msgs/slam_msgs/srv
[4.376s] -- Up-to-date: /home/sf/workspace/orb_slam3_second_ws/orbslam/orbslam3_ros2_ws/install/slam_msgs/include/slam_msgs/slam_msgs/srv/detail
[4.376s] -- Installing: /home/sf/workspace/orb_slam3_second_ws/orbslam/orbslam3_ros2_ws/install/slam_msgs/include/slam_msgs/slam_msgs/srv/detail/get_landmarks_in_view__rosidl_typesupport_introspection_c.h
[4.376s] -- Installing: /home/sf/workspace/orb_slam3_second_ws/orbslam/orbslam3_ros2_ws/install/slam_msgs/include/slam_msgs/slam_msgs/srv/detail/get_global_point_cloud__rosidl_typesupport_introspection_c.h
[4.376s] -- Installing: /home/sf/workspace/orb_slam3_second_ws/orbslam/orbslam3_ros2_ws/install/slam_msgs/include/slam_msgs/slam_msgs/srv/detail/get_map__rosidl_typesupport_introspection_c.h
[4.376s] -- Installing: /home/sf/workspace/orb_slam3_second_ws/orbslam/orbslam3_ros2_ws/install/slam_msgs/include/slam_msgs/slam_msgs/srv/detail/get_landmarks_in_view__type_support.c
[4.376s] -- Installing: /home/sf/workspace/orb_slam3_second_ws/orbslam/orbslam3_ros2_ws/install/slam_msgs/include/slam_msgs/slam_msgs/srv/detail/get_global_point_cloud__type_support.c
[4.376s] -- Installing: /home/sf/workspace/orb_slam3_second_ws/orbslam/orbslam3_ros2_ws/install/slam_msgs/include/slam_msgs/slam_msgs/srv/detail/get_map__type_support.c
[4.376s] -- Installing: /home/sf/workspace/orb_slam3_second_ws/orbslam/orbslam3_ros2_ws/install/slam_msgs/include/slam_msgs/slam_msgs/srv/detail/get_all_landmarks_in_map__rosidl_typesupport_introspection_c.h
[4.376s] -- Installing: /home/sf/workspace/orb_slam3_second_ws/orbslam/orbslam3_ros2_ws/install/slam_msgs/include/slam_msgs/slam_msgs/srv/detail/get_all_landmarks_in_map__type_support.c
[4.376s] -- Up-to-date: /home/sf/workspace/orb_slam3_second_ws/orbslam/orbslam3_ros2_ws/install/slam_msgs/include/slam_msgs/slam_msgs/msg
[4.376s] -- Up-to-date: /home/sf/workspace/orb_slam3_second_ws/orbslam/orbslam3_ros2_ws/install/slam_msgs/include/slam_msgs/slam_msgs/msg/detail
[4.376s] -- Installing: /home/sf/workspace/orb_slam3_second_ws/orbslam/orbslam3_ros2_ws/install/slam_msgs/include/slam_msgs/slam_msgs/msg/detail/map_point__type_support.c
[4.376s] -- Installing: /home/sf/workspace/orb_slam3_second_ws/orbslam/orbslam3_ros2_ws/install/slam_msgs/include/slam_msgs/slam_msgs/msg/detail/key_frame__rosidl_typesupport_introspection_c.h
[4.376s] -- Installing: /home/sf/workspace/orb_slam3_second_ws/orbslam/orbslam3_ros2_ws/install/slam_msgs/include/slam_msgs/slam_msgs/msg/detail/map_graph__type_support.c
[4.376s] -- Installing: /home/sf/workspace/orb_slam3_second_ws/orbslam/orbslam3_ros2_ws/install/slam_msgs/include/slam_msgs/slam_msgs/msg/detail/map_point__rosidl_typesupport_introspection_c.h
[4.376s] -- Installing: /home/sf/workspace/orb_slam3_second_ws/orbslam/orbslam3_ros2_ws/install/slam_msgs/include/slam_msgs/slam_msgs/msg/detail/slam_info__rosidl_typesupport_introspection_c.h
[4.376s] -- Installing: /home/sf/workspace/orb_slam3_second_ws/orbslam/orbslam3_ros2_ws/install/slam_msgs/include/slam_msgs/slam_msgs/msg/detail/slam_info__type_support.c
[4.376s] -- Installing: /home/sf/workspace/orb_slam3_second_ws/orbslam/orbslam3_ros2_ws/install/slam_msgs/include/slam_msgs/slam_msgs/msg/detail/map_data__type_support.c
[4.376s] -- Installing: /home/sf/workspace/orb_slam3_second_ws/orbslam/orbslam3_ros2_ws/install/slam_msgs/include/slam_msgs/slam_msgs/msg/detail/key_frame__type_support.c
[4.376s] -- Installing: /home/sf/workspace/orb_slam3_second_ws/orbslam/orbslam3_ros2_ws/install/slam_msgs/include/slam_msgs/slam_msgs/msg/detail/map_data__rosidl_typesupport_introspection_c.h
[4.376s] -- Installing: /home/sf/workspace/orb_slam3_second_ws/orbslam/orbslam3_ros2_ws/install/slam_msgs/include/slam_msgs/slam_msgs/msg/detail/map_graph__rosidl_typesupport_introspection_c.h
[4.376s] -- Installing: /home/sf/workspace/orb_slam3_second_ws/orbslam/orbslam3_ros2_ws/install/slam_msgs/include/slam_msgs/slam_msgs/msg/rosidl_typesupport_introspection_c__visibility_control.h
[4.377s] -- Installing: /home/sf/workspace/orb_slam3_second_ws/orbslam/orbslam3_ros2_ws/install/slam_msgs/lib/libslam_msgs__rosidl_typesupport_introspection_c.so
[4.377s] -- Set runtime path of "/home/sf/workspace/orb_slam3_second_ws/orbslam/orbslam3_ros2_ws/install/slam_msgs/lib/libslam_msgs__rosidl_typesupport_introspection_c.so" to ""
[4.377s] -- Installing: /home/sf/workspace/orb_slam3_second_ws/orbslam/orbslam3_ros2_ws/install/slam_msgs/lib/libslam_msgs__rosidl_typesupport_c.so
[4.377s] -- Set runtime path of "/home/sf/workspace/orb_slam3_second_ws/orbslam/orbslam3_ros2_ws/install/slam_msgs/lib/libslam_msgs__rosidl_typesupport_c.so" to ""
[4.377s] -- Up-to-date: /home/sf/workspace/orb_slam3_second_ws/orbslam/orbslam3_ros2_ws/install/slam_msgs/include/slam_msgs/slam_msgs
[4.377s] -- Up-to-date: /home/sf/workspace/orb_slam3_second_ws/orbslam/orbslam3_ros2_ws/install/slam_msgs/include/slam_msgs/slam_msgs/srv
[4.377s] -- Up-to-date: /home/sf/workspace/orb_slam3_second_ws/orbslam/orbslam3_ros2_ws/install/slam_msgs/include/slam_msgs/slam_msgs/srv/detail
[4.377s] -- Installing: /home/sf/workspace/orb_slam3_second_ws/orbslam/orbslam3_ros2_ws/install/slam_msgs/include/slam_msgs/slam_msgs/srv/detail/get_map__type_support.cpp
[4.377s] -- Installing: /home/sf/workspace/orb_slam3_second_ws/orbslam/orbslam3_ros2_ws/install/slam_msgs/include/slam_msgs/slam_msgs/srv/detail/get_all_landmarks_in_map__rosidl_typesupport_introspection_cpp.hpp
[4.377s] -- Installing: /home/sf/workspace/orb_slam3_second_ws/orbslam/orbslam3_ros2_ws/install/slam_msgs/include/slam_msgs/slam_msgs/srv/detail/get_landmarks_in_view__type_support.cpp
[4.377s] -- Installing: /home/sf/workspace/orb_slam3_second_ws/orbslam/orbslam3_ros2_ws/install/slam_msgs/include/slam_msgs/slam_msgs/srv/detail/get_global_point_cloud__type_support.cpp
[4.377s] -- Installing: /home/sf/workspace/orb_slam3_second_ws/orbslam/orbslam3_ros2_ws/install/slam_msgs/include/slam_msgs/slam_msgs/srv/detail/get_all_landmarks_in_map__type_support.cpp
[4.377s] -- Installing: /home/sf/workspace/orb_slam3_second_ws/orbslam/orbslam3_ros2_ws/install/slam_msgs/include/slam_msgs/slam_msgs/srv/detail/get_global_point_cloud__rosidl_typesupport_introspection_cpp.hpp
[4.377s] -- Installing: /home/sf/workspace/orb_slam3_second_ws/orbslam/orbslam3_ros2_ws/install/slam_msgs/include/slam_msgs/slam_msgs/srv/detail/get_landmarks_in_view__rosidl_typesupport_introspection_cpp.hpp
[4.378s] -- Installing: /home/sf/workspace/orb_slam3_second_ws/orbslam/orbslam3_ros2_ws/install/slam_msgs/include/slam_msgs/slam_msgs/srv/detail/get_map__rosidl_typesupport_introspection_cpp.hpp
[4.378s] -- Up-to-date: /home/sf/workspace/orb_slam3_second_ws/orbslam/orbslam3_ros2_ws/install/slam_msgs/include/slam_msgs/slam_msgs/msg
[4.378s] -- Up-to-date: /home/sf/workspace/orb_slam3_second_ws/orbslam/orbslam3_ros2_ws/install/slam_msgs/include/slam_msgs/slam_msgs/msg/detail
[4.378s] -- Installing: /home/sf/workspace/orb_slam3_second_ws/orbslam/orbslam3_ros2_ws/install/slam_msgs/include/slam_msgs/slam_msgs/msg/detail/slam_info__type_support.cpp
[4.378s] -- Installing: /home/sf/workspace/orb_slam3_second_ws/orbslam/orbslam3_ros2_ws/install/slam_msgs/include/slam_msgs/slam_msgs/msg/detail/map_point__rosidl_typesupport_introspection_cpp.hpp
[4.378s] -- Installing: /home/sf/workspace/orb_slam3_second_ws/orbslam/orbslam3_ros2_ws/install/slam_msgs/include/slam_msgs/slam_msgs/msg/detail/map_graph__rosidl_typesupport_introspection_cpp.hpp
[4.378s] -- Installing: /home/sf/workspace/orb_slam3_second_ws/orbslam/orbslam3_ros2_ws/install/slam_msgs/include/slam_msgs/slam_msgs/msg/detail/slam_info__rosidl_typesupport_introspection_cpp.hpp
[4.378s] -- Installing: /home/sf/workspace/orb_slam3_second_ws/orbslam/orbslam3_ros2_ws/install/slam_msgs/include/slam_msgs/slam_msgs/msg/detail/key_frame__rosidl_typesupport_introspection_cpp.hpp
[4.378s] -- Installing: /home/sf/workspace/orb_slam3_second_ws/orbslam/orbslam3_ros2_ws/install/slam_msgs/include/slam_msgs/slam_msgs/msg/detail/map_point__type_support.cpp
[4.378s] -- Installing: /home/sf/workspace/orb_slam3_second_ws/orbslam/orbslam3_ros2_ws/install/slam_msgs/include/slam_msgs/slam_msgs/msg/detail/key_frame__type_support.cpp
[4.378s] -- Installing: /home/sf/workspace/orb_slam3_second_ws/orbslam/orbslam3_ros2_ws/install/slam_msgs/include/slam_msgs/slam_msgs/msg/detail/map_data__type_support.cpp
[4.378s] -- Installing: /home/sf/workspace/orb_slam3_second_ws/orbslam/orbslam3_ros2_ws/install/slam_msgs/include/slam_msgs/slam_msgs/msg/detail/map_data__rosidl_typesupport_introspection_cpp.hpp
[4.378s] -- Installing: /home/sf/workspace/orb_slam3_second_ws/orbslam/orbslam3_ros2_ws/install/slam_msgs/include/slam_msgs/slam_msgs/msg/detail/map_graph__type_support.cpp
[4.378s] -- Installing: /home/sf/workspace/orb_slam3_second_ws/orbslam/orbslam3_ros2_ws/install/slam_msgs/lib/libslam_msgs__rosidl_typesupport_introspection_cpp.so
[4.379s] -- Set runtime path of "/home/sf/workspace/orb_slam3_second_ws/orbslam/orbslam3_ros2_ws/install/slam_msgs/lib/libslam_msgs__rosidl_typesupport_introspection_cpp.so" to ""
[4.379s] -- Installing: /home/sf/workspace/orb_slam3_second_ws/orbslam/orbslam3_ros2_ws/install/slam_msgs/lib/libslam_msgs__rosidl_typesupport_cpp.so
[4.379s] -- Set runtime path of "/home/sf/workspace/orb_slam3_second_ws/orbslam/orbslam3_ros2_ws/install/slam_msgs/lib/libslam_msgs__rosidl_typesupport_cpp.so" to ""
[4.379s] -- Installing: /home/sf/workspace/orb_slam3_second_ws/orbslam/orbslam3_ros2_ws/install/slam_msgs/share/slam_msgs/environment/pythonpath.sh
[4.379s] -- Installing: /home/sf/workspace/orb_slam3_second_ws/orbslam/orbslam3_ros2_ws/install/slam_msgs/share/slam_msgs/environment/pythonpath.dsv
[4.379s] -- Installing: /home/sf/workspace/orb_slam3_second_ws/orbslam/orbslam3_ros2_ws/install/slam_msgs/local/lib/python3.10/dist-packages/slam_msgs-1.0.0-py3.10.egg-info
[4.379s] -- Installing: /home/sf/workspace/orb_slam3_second_ws/orbslam/orbslam3_ros2_ws/install/slam_msgs/local/lib/python3.10/dist-packages/slam_msgs-1.0.0-py3.10.egg-info/PKG-INFO
[4.379s] -- Installing: /home/sf/workspace/orb_slam3_second_ws/orbslam/orbslam3_ros2_ws/install/slam_msgs/local/lib/python3.10/dist-packages/slam_msgs-1.0.0-py3.10.egg-info/dependency_links.txt
[4.379s] -- Installing: /home/sf/workspace/orb_slam3_second_ws/orbslam/orbslam3_ros2_ws/install/slam_msgs/local/lib/python3.10/dist-packages/slam_msgs-1.0.0-py3.10.egg-info/SOURCES.txt
[4.380s] -- Installing: /home/sf/workspace/orb_slam3_second_ws/orbslam/orbslam3_ros2_ws/install/slam_msgs/local/lib/python3.10/dist-packages/slam_msgs-1.0.0-py3.10.egg-info/top_level.txt
[4.380s] -- Installing: /home/sf/workspace/orb_slam3_second_ws/orbslam/orbslam3_ros2_ws/install/slam_msgs/local/lib/python3.10/dist-packages/slam_msgs
[4.380s] -- Installing: /home/sf/workspace/orb_slam3_second_ws/orbslam/orbslam3_ros2_ws/install/slam_msgs/local/lib/python3.10/dist-packages/slam_msgs/slam_msgs_s__rosidl_typesupport_fastrtps_c.cpython-310-x86_64-linux-gnu.so
[4.380s] -- Installing: /home/sf/workspace/orb_slam3_second_ws/orbslam/orbslam3_ros2_ws/install/slam_msgs/local/lib/python3.10/dist-packages/slam_msgs/slam_msgs_s__rosidl_typesupport_introspection_c.cpython-310-x86_64-linux-gnu.so
[4.380s] -- Installing: /home/sf/workspace/orb_slam3_second_ws/orbslam/orbslam3_ros2_ws/install/slam_msgs/local/lib/python3.10/dist-packages/slam_msgs/slam_msgs_s__rosidl_typesupport_c.cpython-310-x86_64-linux-gnu.so
[4.380s] -- Installing: /home/sf/workspace/orb_slam3_second_ws/orbslam/orbslam3_ros2_ws/install/slam_msgs/local/lib/python3.10/dist-packages/slam_msgs/libslam_msgs__rosidl_generator_py.so
[4.380s] -- Installing: /home/sf/workspace/orb_slam3_second_ws/orbslam/orbslam3_ros2_ws/install/slam_msgs/local/lib/python3.10/dist-packages/slam_msgs/_slam_msgs_s.ep.rosidl_typesupport_introspection_c.c
[4.380s] -- Installing: /home/sf/workspace/orb_slam3_second_ws/orbslam/orbslam3_ros2_ws/install/slam_msgs/local/lib/python3.10/dist-packages/slam_msgs/srv
[4.380s] -- Installing: /home/sf/workspace/orb_slam3_second_ws/orbslam/orbslam3_ros2_ws/install/slam_msgs/local/lib/python3.10/dist-packages/slam_msgs/srv/_get_all_landmarks_in_map_s.c
[4.380s] -- Installing: /home/sf/workspace/orb_slam3_second_ws/orbslam/orbslam3_ros2_ws/install/slam_msgs/local/lib/python3.10/dist-packages/slam_msgs/srv/_get_all_landmarks_in_map.py
[4.380s] -- Installing: /home/sf/workspace/orb_slam3_second_ws/orbslam/orbslam3_ros2_ws/install/slam_msgs/local/lib/python3.10/dist-packages/slam_msgs/srv/_get_global_point_cloud_s.c
[4.380s] -- Installing: /home/sf/workspace/orb_slam3_second_ws/orbslam/orbslam3_ros2_ws/install/slam_msgs/local/lib/python3.10/dist-packages/slam_msgs/srv/_get_map_s.c
[4.380s] -- Installing: /home/sf/workspace/orb_slam3_second_ws/orbslam/orbslam3_ros2_ws/install/slam_msgs/local/lib/python3.10/dist-packages/slam_msgs/srv/_get_map.py
[4.380s] -- Installing: /home/sf/workspace/orb_slam3_second_ws/orbslam/orbslam3_ros2_ws/install/slam_msgs/local/lib/python3.10/dist-packages/slam_msgs/srv/_get_landmarks_in_view_s.c
[4.381s] -- Installing: /home/sf/workspace/orb_slam3_second_ws/orbslam/orbslam3_ros2_ws/install/slam_msgs/local/lib/python3.10/dist-packages/slam_msgs/srv/__init__.py
[4.381s] -- Installing: /home/sf/workspace/orb_slam3_second_ws/orbslam/orbslam3_ros2_ws/install/slam_msgs/local/lib/python3.10/dist-packages/slam_msgs/srv/_get_global_point_cloud.py
[4.381s] -- Installing: /home/sf/workspace/orb_slam3_second_ws/orbslam/orbslam3_ros2_ws/install/slam_msgs/local/lib/python3.10/dist-packages/slam_msgs/srv/_get_landmarks_in_view.py
[4.381s] -- Installing: /home/sf/workspace/orb_slam3_second_ws/orbslam/orbslam3_ros2_ws/install/slam_msgs/local/lib/python3.10/dist-packages/slam_msgs/msg
[4.381s] -- Installing: /home/sf/workspace/orb_slam3_second_ws/orbslam/orbslam3_ros2_ws/install/slam_msgs/local/lib/python3.10/dist-packages/slam_msgs/msg/_map_data_s.c
[4.381s] -- Installing: /home/sf/workspace/orb_slam3_second_ws/orbslam/orbslam3_ros2_ws/install/slam_msgs/local/lib/python3.10/dist-packages/slam_msgs/msg/_map_graph_s.c
[4.381s] -- Installing: /home/sf/workspace/orb_slam3_second_ws/orbslam/orbslam3_ros2_ws/install/slam_msgs/local/lib/python3.10/dist-packages/slam_msgs/msg/_key_frame_s.c
[4.381s] -- Installing: /home/sf/workspace/orb_slam3_second_ws/orbslam/orbslam3_ros2_ws/install/slam_msgs/local/lib/python3.10/dist-packages/slam_msgs/msg/_map_graph.py
[4.381s] -- Installing: /home/sf/workspace/orb_slam3_second_ws/orbslam/orbslam3_ros2_ws/install/slam_msgs/local/lib/python3.10/dist-packages/slam_msgs/msg/_key_frame.py
[4.381s] -- Installing: /home/sf/workspace/orb_slam3_second_ws/orbslam/orbslam3_ros2_ws/install/slam_msgs/local/lib/python3.10/dist-packages/slam_msgs/msg/_map_point_s.c
[4.381s] -- Installing: /home/sf/workspace/orb_slam3_second_ws/orbslam/orbslam3_ros2_ws/install/slam_msgs/local/lib/python3.10/dist-packages/slam_msgs/msg/__init__.py
[4.381s] -- Installing: /home/sf/workspace/orb_slam3_second_ws/orbslam/orbslam3_ros2_ws/install/slam_msgs/local/lib/python3.10/dist-packages/slam_msgs/msg/_map_point.py
[4.381s] -- Installing: /home/sf/workspace/orb_slam3_second_ws/orbslam/orbslam3_ros2_ws/install/slam_msgs/local/lib/python3.10/dist-packages/slam_msgs/msg/_slam_info.py
[4.381s] -- Installing: /home/sf/workspace/orb_slam3_second_ws/orbslam/orbslam3_ros2_ws/install/slam_msgs/local/lib/python3.10/dist-packages/slam_msgs/msg/_map_data.py
[4.381s] -- Installing: /home/sf/workspace/orb_slam3_second_ws/orbslam/orbslam3_ros2_ws/install/slam_msgs/local/lib/python3.10/dist-packages/slam_msgs/msg/_slam_info_s.c
[4.381s] -- Installing: /home/sf/workspace/orb_slam3_second_ws/orbslam/orbslam3_ros2_ws/install/slam_msgs/local/lib/python3.10/dist-packages/slam_msgs/_slam_msgs_s.ep.rosidl_typesupport_c.c
[4.381s] -- Installing: /home/sf/workspace/orb_slam3_second_ws/orbslam/orbslam3_ros2_ws/install/slam_msgs/local/lib/python3.10/dist-packages/slam_msgs/_slam_msgs_s.ep.rosidl_typesupport_fastrtps_c.c
[4.382s] -- Installing: /home/sf/workspace/orb_slam3_second_ws/orbslam/orbslam3_ros2_ws/install/slam_msgs/local/lib/python3.10/dist-packages/slam_msgs/__init__.py
[4.406s] Listing '/home/sf/workspace/orb_slam3_second_ws/orbslam/orbslam3_ros2_ws/install/slam_msgs/local/lib/python3.10/dist-packages/slam_msgs'...
[4.406s] Compiling '/home/sf/workspace/orb_slam3_second_ws/orbslam/orbslam3_ros2_ws/install/slam_msgs/local/lib/python3.10/dist-packages/slam_msgs/__init__.py'...
[4.406s] Listing '/home/sf/workspace/orb_slam3_second_ws/orbslam/orbslam3_ros2_ws/install/slam_msgs/local/lib/python3.10/dist-packages/slam_msgs/msg'...
[4.406s] Compiling '/home/sf/workspace/orb_slam3_second_ws/orbslam/orbslam3_ros2_ws/install/slam_msgs/local/lib/python3.10/dist-packages/slam_msgs/msg/__init__.py'...
[4.406s] Compiling '/home/sf/workspace/orb_slam3_second_ws/orbslam/orbslam3_ros2_ws/install/slam_msgs/local/lib/python3.10/dist-packages/slam_msgs/msg/_key_frame.py'...
[4.406s] Compiling '/home/sf/workspace/orb_slam3_second_ws/orbslam/orbslam3_ros2_ws/install/slam_msgs/local/lib/python3.10/dist-packages/slam_msgs/msg/_map_data.py'...
[4.406s] Compiling '/home/sf/workspace/orb_slam3_second_ws/orbslam/orbslam3_ros2_ws/install/slam_msgs/local/lib/python3.10/dist-packages/slam_msgs/msg/_map_graph.py'...
[4.406s] Compiling '/home/sf/workspace/orb_slam3_second_ws/orbslam/orbslam3_ros2_ws/install/slam_msgs/local/lib/python3.10/dist-packages/slam_msgs/msg/_map_point.py'...
[4.406s] Compiling '/home/sf/workspace/orb_slam3_second_ws/orbslam/orbslam3_ros2_ws/install/slam_msgs/local/lib/python3.10/dist-packages/slam_msgs/msg/_slam_info.py'...
[4.406s] Listing '/home/sf/workspace/orb_slam3_second_ws/orbslam/orbslam3_ros2_ws/install/slam_msgs/local/lib/python3.10/dist-packages/slam_msgs/srv'...
[4.406s] Compiling '/home/sf/workspace/orb_slam3_second_ws/orbslam/orbslam3_ros2_ws/install/slam_msgs/local/lib/python3.10/dist-packages/slam_msgs/srv/__init__.py'...
[4.406s] Compiling '/home/sf/workspace/orb_slam3_second_ws/orbslam/orbslam3_ros2_ws/install/slam_msgs/local/lib/python3.10/dist-packages/slam_msgs/srv/_get_all_landmarks_in_map.py'...
[4.406s] Compiling '/home/sf/workspace/orb_slam3_second_ws/orbslam/orbslam3_ros2_ws/install/slam_msgs/local/lib/python3.10/dist-packages/slam_msgs/srv/_get_global_point_cloud.py'...
[4.406s] Compiling '/home/sf/workspace/orb_slam3_second_ws/orbslam/orbslam3_ros2_ws/install/slam_msgs/local/lib/python3.10/dist-packages/slam_msgs/srv/_get_landmarks_in_view.py'...
[4.406s] Compiling '/home/sf/workspace/orb_slam3_second_ws/orbslam/orbslam3_ros2_ws/install/slam_msgs/local/lib/python3.10/dist-packages/slam_msgs/srv/_get_map.py'...
[4.408s] -- Installing: /home/sf/workspace/orb_slam3_second_ws/orbslam/orbslam3_ros2_ws/install/slam_msgs/local/lib/python3.10/dist-packages/slam_msgs/slam_msgs_s__rosidl_typesupport_fastrtps_c.cpython-310-x86_64-linux-gnu.so
[4.408s] -- Set runtime path of "/home/sf/workspace/orb_slam3_second_ws/orbslam/orbslam3_ros2_ws/install/slam_msgs/local/lib/python3.10/dist-packages/slam_msgs/slam_msgs_s__rosidl_typesupport_fastrtps_c.cpython-310-x86_64-linux-gnu.so" to ""
[4.408s] -- Installing: /home/sf/workspace/orb_slam3_second_ws/orbslam/orbslam3_ros2_ws/install/slam_msgs/local/lib/python3.10/dist-packages/slam_msgs/slam_msgs_s__rosidl_typesupport_introspection_c.cpython-310-x86_64-linux-gnu.so
[4.409s] -- Set runtime path of "/home/sf/workspace/orb_slam3_second_ws/orbslam/orbslam3_ros2_ws/install/slam_msgs/local/lib/python3.10/dist-packages/slam_msgs/slam_msgs_s__rosidl_typesupport_introspection_c.cpython-310-x86_64-linux-gnu.so" to ""
[4.409s] -- Installing: /home/sf/workspace/orb_slam3_second_ws/orbslam/orbslam3_ros2_ws/install/slam_msgs/local/lib/python3.10/dist-packages/slam_msgs/slam_msgs_s__rosidl_typesupport_c.cpython-310-x86_64-linux-gnu.so
[4.409s] -- Set runtime path of "/home/sf/workspace/orb_slam3_second_ws/orbslam/orbslam3_ros2_ws/install/slam_msgs/local/lib/python3.10/dist-packages/slam_msgs/slam_msgs_s__rosidl_typesupport_c.cpython-310-x86_64-linux-gnu.so" to ""
[4.409s] -- Installing: /home/sf/workspace/orb_slam3_second_ws/orbslam/orbslam3_ros2_ws/install/slam_msgs/lib/libslam_msgs__rosidl_generator_py.so
[4.409s] -- Set runtime path of "/home/sf/workspace/orb_slam3_second_ws/orbslam/orbslam3_ros2_ws/install/slam_msgs/lib/libslam_msgs__rosidl_generator_py.so" to ""
[4.409s] -- Installing: /home/sf/workspace/orb_slam3_second_ws/orbslam/orbslam3_ros2_ws/install/slam_msgs/share/slam_msgs/msg/MapGraph.idl
[4.409s] -- Installing: /home/sf/workspace/orb_slam3_second_ws/orbslam/orbslam3_ros2_ws/install/slam_msgs/share/slam_msgs/msg/MapData.idl
[4.409s] -- Installing: /home/sf/workspace/orb_slam3_second_ws/orbslam/orbslam3_ros2_ws/install/slam_msgs/share/slam_msgs/msg/KeyFrame.idl
[4.409s] -- Installing: /home/sf/workspace/orb_slam3_second_ws/orbslam/orbslam3_ros2_ws/install/slam_msgs/share/slam_msgs/msg/MapPoint.idl
[4.410s] -- Installing: /home/sf/workspace/orb_slam3_second_ws/orbslam/orbslam3_ros2_ws/install/slam_msgs/share/slam_msgs/msg/SlamInfo.idl
[4.410s] -- Installing: /home/sf/workspace/orb_slam3_second_ws/orbslam/orbslam3_ros2_ws/install/slam_msgs/share/slam_msgs/srv/GetMap.idl
[4.410s] -- Installing: /home/sf/workspace/orb_slam3_second_ws/orbslam/orbslam3_ros2_ws/install/slam_msgs/share/slam_msgs/srv/GetLandmarksInView.idl
[4.410s] -- Installing: /home/sf/workspace/orb_slam3_second_ws/orbslam/orbslam3_ros2_ws/install/slam_msgs/share/slam_msgs/srv/GetAllLandmarksInMap.idl
[4.410s] -- Installing: /home/sf/workspace/orb_slam3_second_ws/orbslam/orbslam3_ros2_ws/install/slam_msgs/share/slam_msgs/srv/GetGlobalPointCloud.idl
[4.410s] -- Installing: /home/sf/workspace/orb_slam3_second_ws/orbslam/orbslam3_ros2_ws/install/slam_msgs/share/slam_msgs/msg/MapGraph.msg
[4.410s] -- Installing: /home/sf/workspace/orb_slam3_second_ws/orbslam/orbslam3_ros2_ws/install/slam_msgs/share/slam_msgs/msg/MapData.msg
[4.410s] -- Installing: /home/sf/workspace/orb_slam3_second_ws/orbslam/orbslam3_ros2_ws/install/slam_msgs/share/slam_msgs/msg/KeyFrame.msg
[4.410s] -- Installing: /home/sf/workspace/orb_slam3_second_ws/orbslam/orbslam3_ros2_ws/install/slam_msgs/share/slam_msgs/msg/MapPoint.msg
[4.410s] -- Installing: /home/sf/workspace/orb_slam3_second_ws/orbslam/orbslam3_ros2_ws/install/slam_msgs/share/slam_msgs/msg/SlamInfo.msg
[4.410s] -- Installing: /home/sf/workspace/orb_slam3_second_ws/orbslam/orbslam3_ros2_ws/install/slam_msgs/share/slam_msgs/srv/GetMap.srv
[4.410s] -- Installing: /home/sf/workspace/orb_slam3_second_ws/orbslam/orbslam3_ros2_ws/install/slam_msgs/share/slam_msgs/srv/GetMap_Request.msg
[4.410s] -- Installing: /home/sf/workspace/orb_slam3_second_ws/orbslam/orbslam3_ros2_ws/install/slam_msgs/share/slam_msgs/srv/GetMap_Response.msg
[4.410s] -- Installing: /home/sf/workspace/orb_slam3_second_ws/orbslam/orbslam3_ros2_ws/install/slam_msgs/share/slam_msgs/srv/GetLandmarksInView.srv
[4.410s] -- Installing: /home/sf/workspace/orb_slam3_second_ws/orbslam/orbslam3_ros2_ws/install/slam_msgs/share/slam_msgs/srv/GetLandmarksInView_Request.msg
[4.410s] -- Installing: /home/sf/workspace/orb_slam3_second_ws/orbslam/orbslam3_ros2_ws/install/slam_msgs/share/slam_msgs/srv/GetLandmarksInView_Response.msg
[4.410s] -- Installing: /home/sf/workspace/orb_slam3_second_ws/orbslam/orbslam3_ros2_ws/install/slam_msgs/share/slam_msgs/srv/GetAllLandmarksInMap.srv
[4.410s] -- Installing: /home/sf/workspace/orb_slam3_second_ws/orbslam/orbslam3_ros2_ws/install/slam_msgs/share/slam_msgs/srv/GetAllLandmarksInMap_Request.msg
[4.411s] -- Installing: /home/sf/workspace/orb_slam3_second_ws/orbslam/orbslam3_ros2_ws/install/slam_msgs/share/slam_msgs/srv/GetAllLandmarksInMap_Response.msg
[4.411s] -- Installing: /home/sf/workspace/orb_slam3_second_ws/orbslam/orbslam3_ros2_ws/install/slam_msgs/share/slam_msgs/srv/GetGlobalPointCloud.srv
[4.411s] -- Installing: /home/sf/workspace/orb_slam3_second_ws/orbslam/orbslam3_ros2_ws/install/slam_msgs/share/slam_msgs/srv/GetGlobalPointCloud_Request.msg
[4.411s] -- Installing: /home/sf/workspace/orb_slam3_second_ws/orbslam/orbslam3_ros2_ws/install/slam_msgs/share/slam_msgs/srv/GetGlobalPointCloud_Response.msg
[4.411s] -- Installing: /home/sf/workspace/orb_slam3_second_ws/orbslam/orbslam3_ros2_ws/install/slam_msgs/share/ament_index/resource_index/package_run_dependencies/slam_msgs
[4.411s] -- Installing: /home/sf/workspace/orb_slam3_second_ws/orbslam/orbslam3_ros2_ws/install/slam_msgs/share/ament_index/resource_index/parent_prefix_path/slam_msgs
[4.411s] -- Installing: /home/sf/workspace/orb_slam3_second_ws/orbslam/orbslam3_ros2_ws/install/slam_msgs/share/slam_msgs/environment/ament_prefix_path.sh
[4.411s] -- Installing: /home/sf/workspace/orb_slam3_second_ws/orbslam/orbslam3_ros2_ws/install/slam_msgs/share/slam_msgs/environment/ament_prefix_path.dsv
[4.411s] -- Installing: /home/sf/workspace/orb_slam3_second_ws/orbslam/orbslam3_ros2_ws/install/slam_msgs/share/slam_msgs/environment/path.sh
[4.411s] -- Installing: /home/sf/workspace/orb_slam3_second_ws/orbslam/orbslam3_ros2_ws/install/slam_msgs/share/slam_msgs/environment/path.dsv
[4.411s] -- Installing: /home/sf/workspace/orb_slam3_second_ws/orbslam/orbslam3_ros2_ws/install/slam_msgs/share/slam_msgs/local_setup.bash
[4.411s] -- Installing: /home/sf/workspace/orb_slam3_second_ws/orbslam/orbslam3_ros2_ws/install/slam_msgs/share/slam_msgs/local_setup.sh
[4.411s] -- Installing: /home/sf/workspace/orb_slam3_second_ws/orbslam/orbslam3_ros2_ws/install/slam_msgs/share/slam_msgs/local_setup.zsh
[4.411s] -- Installing: /home/sf/workspace/orb_slam3_second_ws/orbslam/orbslam3_ros2_ws/install/slam_msgs/share/slam_msgs/local_setup.dsv
[4.411s] -- Installing: /home/sf/workspace/orb_slam3_second_ws/orbslam/orbslam3_ros2_ws/install/slam_msgs/share/slam_msgs/package.dsv
[4.412s] -- Installing: /home/sf/workspace/orb_slam3_second_ws/orbslam/orbslam3_ros2_ws/install/slam_msgs/share/ament_index/resource_index/packages/slam_msgs
[4.412s] -- Installing: /home/sf/workspace/orb_slam3_second_ws/orbslam/orbslam3_ros2_ws/install/slam_msgs/share/slam_msgs/cmake/export_slam_msgs__rosidl_generator_cExport.cmake
[4.412s] -- Installing: /home/sf/workspace/orb_slam3_second_ws/orbslam/orbslam3_ros2_ws/install/slam_msgs/share/slam_msgs/cmake/export_slam_msgs__rosidl_generator_cExport-noconfig.cmake
[4.412s] -- Installing: /home/sf/workspace/orb_slam3_second_ws/orbslam/orbslam3_ros2_ws/install/slam_msgs/share/slam_msgs/cmake/export_slam_msgs__rosidl_typesupport_fastrtps_cExport.cmake
[4.412s] -- Installing: /home/sf/workspace/orb_slam3_second_ws/orbslam/orbslam3_ros2_ws/install/slam_msgs/share/slam_msgs/cmake/export_slam_msgs__rosidl_typesupport_fastrtps_cExport-noconfig.cmake
[4.412s] -- Installing: /home/sf/workspace/orb_slam3_second_ws/orbslam/orbslam3_ros2_ws/install/slam_msgs/share/slam_msgs/cmake/export_slam_msgs__rosidl_generator_cppExport.cmake
[4.412s] -- Installing: /home/sf/workspace/orb_slam3_second_ws/orbslam/orbslam3_ros2_ws/install/slam_msgs/share/slam_msgs/cmake/export_slam_msgs__rosidl_typesupport_fastrtps_cppExport.cmake
[4.412s] -- Installing: /home/sf/workspace/orb_slam3_second_ws/orbslam/orbslam3_ros2_ws/install/slam_msgs/share/slam_msgs/cmake/export_slam_msgs__rosidl_typesupport_fastrtps_cppExport-noconfig.cmake
[4.412s] -- Installing: /home/sf/workspace/orb_slam3_second_ws/orbslam/orbslam3_ros2_ws/install/slam_msgs/share/slam_msgs/cmake/slam_msgs__rosidl_typesupport_introspection_cExport.cmake
[4.412s] -- Installing: /home/sf/workspace/orb_slam3_second_ws/orbslam/orbslam3_ros2_ws/install/slam_msgs/share/slam_msgs/cmake/slam_msgs__rosidl_typesupport_introspection_cExport-noconfig.cmake
[4.412s] -- Installing: /home/sf/workspace/orb_slam3_second_ws/orbslam/orbslam3_ros2_ws/install/slam_msgs/share/slam_msgs/cmake/slam_msgs__rosidl_typesupport_cExport.cmake
[4.412s] -- Installing: /home/sf/workspace/orb_slam3_second_ws/orbslam/orbslam3_ros2_ws/install/slam_msgs/share/slam_msgs/cmake/slam_msgs__rosidl_typesupport_cExport-noconfig.cmake
[4.412s] -- Installing: /home/sf/workspace/orb_slam3_second_ws/orbslam/orbslam3_ros2_ws/install/slam_msgs/share/slam_msgs/cmake/slam_msgs__rosidl_typesupport_introspection_cppExport.cmake
[4.412s] -- Installing: /home/sf/workspace/orb_slam3_second_ws/orbslam/orbslam3_ros2_ws/install/slam_msgs/share/slam_msgs/cmake/slam_msgs__rosidl_typesupport_introspection_cppExport-noconfig.cmake
[4.412s] -- Installing: /home/sf/workspace/orb_slam3_second_ws/orbslam/orbslam3_ros2_ws/install/slam_msgs/share/slam_msgs/cmake/slam_msgs__rosidl_typesupport_cppExport.cmake
[4.412s] -- Installing: /home/sf/workspace/orb_slam3_second_ws/orbslam/orbslam3_ros2_ws/install/slam_msgs/share/slam_msgs/cmake/slam_msgs__rosidl_typesupport_cppExport-noconfig.cmake
[4.412s] -- Installing: /home/sf/workspace/orb_slam3_second_ws/orbslam/orbslam3_ros2_ws/install/slam_msgs/share/slam_msgs/cmake/export_slam_msgs__rosidl_generator_pyExport.cmake
[4.412s] -- Installing: /home/sf/workspace/orb_slam3_second_ws/orbslam/orbslam3_ros2_ws/install/slam_msgs/share/slam_msgs/cmake/export_slam_msgs__rosidl_generator_pyExport-noconfig.cmake
[4.412s] -- Installing: /home/sf/workspace/orb_slam3_second_ws/orbslam/orbslam3_ros2_ws/install/slam_msgs/share/slam_msgs/cmake/rosidl_cmake-extras.cmake
[4.413s] -- Installing: /home/sf/workspace/orb_slam3_second_ws/orbslam/orbslam3_ros2_ws/install/slam_msgs/share/slam_msgs/cmake/ament_cmake_export_dependencies-extras.cmake
[4.413s] -- Installing: /home/sf/workspace/orb_slam3_second_ws/orbslam/orbslam3_ros2_ws/install/slam_msgs/share/slam_msgs/cmake/ament_cmake_export_include_directories-extras.cmake
[4.413s] -- Installing: /home/sf/workspace/orb_slam3_second_ws/orbslam/orbslam3_ros2_ws/install/slam_msgs/share/slam_msgs/cmake/ament_cmake_export_libraries-extras.cmake
[4.413s] -- Installing: /home/sf/workspace/orb_slam3_second_ws/orbslam/orbslam3_ros2_ws/install/slam_msgs/share/slam_msgs/cmake/ament_cmake_export_targets-extras.cmake
[4.413s] -- Installing: /home/sf/workspace/orb_slam3_second_ws/orbslam/orbslam3_ros2_ws/install/slam_msgs/share/slam_msgs/cmake/rosidl_cmake_export_typesupport_targets-extras.cmake
[4.413s] -- Installing: /home/sf/workspace/orb_slam3_second_ws/orbslam/orbslam3_ros2_ws/install/slam_msgs/share/slam_msgs/cmake/rosidl_cmake_export_typesupport_libraries-extras.cmake
[4.413s] -- Installing: /home/sf/workspace/orb_slam3_second_ws/orbslam/orbslam3_ros2_ws/install/slam_msgs/share/slam_msgs/cmake/slam_msgsConfig.cmake
[4.413s] -- Installing: /home/sf/workspace/orb_slam3_second_ws/orbslam/orbslam3_ros2_ws/install/slam_msgs/share/slam_msgs/cmake/slam_msgsConfig-version.cmake
[4.413s] -- Installing: /home/sf/workspace/orb_slam3_second_ws/orbslam/orbslam3_ros2_ws/install/slam_msgs/share/slam_msgs/package.xml
[4.414s] Invoked command in '/home/sf/workspace/orb_slam3_second_ws/orbslam/orbslam3_ros2_ws/build/slam_msgs' returned '0': CMAKE_PREFIX_PATH=${CMAKE_PREFIX_PATH}:/opt/ros/humble /usr/bin/cmake --install /home/sf/workspace/orb_slam3_second_ws/orbslam/orbslam3_ros2_ws/build/slam_msgs
